using heldout data set: /scratch/cluster/ianyen/data/multilabel/rcv1_regions.subtest.100
D=47237
K=225
N=20835
d=75.9802
r=6
i=0, a_nnz=1.98536, ever_a_nnz=1.98536, b_nnz=2.20221, uni_search=1.26429, uni_subSolve=0.0544013, uni_maintain_time=0.0333146, bi_search=44.4575, bi_subSolve=0.0240725, bi_maintain_time=0.0298333, admm_maintain=0.0177506, area4=-nan, infea=1526.81, d_obj=-3350.14, p_obj=1.83207e+06., heldout Acc=0.978222, overall time=46.0563
i=1, a_nnz=2.40926, ever_a_nnz=2.42736, b_nnz=3.68313, uni_search=1.50823, uni_subSolve=0.0473052, uni_maintain_time=0.0257668, bi_search=44.0653, bi_subSolve=0.0199871, bi_maintain_time=0.019081, admm_maintain=0.0231147, area4=-nan, infea=1660.47, d_obj=-2203.93, p_obj=1.39453e+06., heldout Acc=0.965778 (1/50), overall time=91.8202
i=2, a_nnz=2.74082, ever_a_nnz=2.78666, b_nnz=5.17, uni_search=1.98239, uni_subSolve=0.0714868, uni_maintain_time=0.0296522, bi_search=44.0346, bi_subSolve=0.0405919, bi_maintain_time=0.0487364, admm_maintain=0.0297295, area4=-nan, infea=1581.25, d_obj=1080.92, p_obj=1.21432e+06., heldout Acc=0.981333, overall time=138.124
i=3, a_nnz=3.00989, ever_a_nnz=3.09167, b_nnz=6.59645, uni_search=2.178, uni_subSolve=0.0805427, uni_maintain_time=0.0321586, bi_search=43.9209, bi_subSolve=0.0493157, bi_maintain_time=0.0573632, admm_maintain=0.0386723, area4=-nan, infea=1345.17, d_obj=3479.46, p_obj=1.24176e+06., heldout Acc=0.972889 (1/50), overall time=184.558
i=4, a_nnz=3.2491, ever_a_nnz=3.36223, b_nnz=7.94682, uni_search=2.29611, uni_subSolve=0.0863048, uni_maintain_time=0.032756, bi_search=43.8565, bi_subSolve=0.0598522, bi_maintain_time=0.0609558, admm_maintain=0.0604715, area4=-nan, infea=1203.28, d_obj=4722.54, p_obj=1.24425e+06., heldout Acc=0.980889 (2/50), overall time=231.134
i=5, a_nnz=3.46139, ever_a_nnz=3.60749, b_nnz=9.18743, uni_search=2.41878, uni_subSolve=0.0919942, uni_maintain_time=0.0333766, bi_search=43.8995, bi_subSolve=0.0689259, bi_maintain_time=0.0653874, admm_maintain=0.052516, area4=-nan, infea=1177.17, d_obj=5209.66, p_obj=1.29455e+06., heldout Acc=0.98 (3/50), overall time=277.861
i=6, a_nnz=3.65222, ever_a_nnz=3.82808, b_nnz=10.2505, uni_search=2.56056, uni_subSolve=0.0984846, uni_maintain_time=0.0343667, bi_search=44.4326, bi_subSolve=0.0776581, bi_maintain_time=0.0799545, admm_maintain=0.060607, area4=-nan, infea=1164.88, d_obj=5482.35, p_obj=1.30151e+06., heldout Acc=0.974667 (4/50), overall time=325.309
i=7, a_nnz=3.83225, ever_a_nnz=4.04104, b_nnz=11.2498, uni_search=3.35737, uni_subSolve=0.154906, uni_maintain_time=0.0510309, bi_search=45.2437, bi_subSolve=0.114234, bi_maintain_time=0.105364, admm_maintain=0.0886103, area4=-nan, infea=1185.01, d_obj=6066.32, p_obj=1.21794e+06., heldout Acc=0.986667, overall time=374.583
i=8, a_nnz=3.98613, ever_a_nnz=4.23585, b_nnz=12.2281, uni_search=3.02837, uni_subSolve=0.121399, uni_maintain_time=0.0388543, bi_search=44.2962, bi_subSolve=0.0987428, bi_maintain_time=0.0802372, admm_maintain=0.0671404, area4=-nan, infea=1171.93, d_obj=6905.19, p_obj=1.26578e+06., heldout Acc=0.980444 (1/50), overall time=422.473
i=9, a_nnz=4.12565, ever_a_nnz=4.41968, b_nnz=13.2854, uni_search=3.70657, uni_subSolve=0.174087, uni_maintain_time=0.0623849, bi_search=45.0001, bi_subSolve=0.12924, bi_maintain_time=0.0990503, admm_maintain=0.10611, area4=-nan, infea=1136.71, d_obj=7912.52, p_obj=1.22685e+06., heldout Acc=0.990222, overall time=471.911
i=10, a_nnz=4.24809, ever_a_nnz=4.59054, b_nnz=14.4257, uni_search=3.36679, uni_subSolve=0.156711, uni_maintain_time=0.0450845, bi_search=44.2671, bi_subSolve=0.144898, bi_maintain_time=0.0957228, admm_maintain=0.0959099, area4=-nan, infea=1074.29, d_obj=8865.38, p_obj=1.23356e+06., heldout Acc=0.976444 (1/50), overall time=520.238
i=11, a_nnz=4.36189, ever_a_nnz=4.75253, b_nnz=15.6757, uni_search=3.68302, uni_subSolve=0.239185, uni_maintain_time=0.0648213, bi_search=45.0404, bi_subSolve=0.111167, bi_maintain_time=0.0652295, admm_maintain=0.136717, area4=-nan, infea=1017.74, d_obj=9841.89, p_obj=1.21122e+06., heldout Acc=0.989333 (2/50), overall time=569.779
i=12, a_nnz=4.47022, ever_a_nnz=4.90521, b_nnz=16.999, uni_search=2.98203, uni_subSolve=0.128024, uni_maintain_time=0.041428, bi_search=44.3429, bi_subSolve=0.0981776, bi_maintain_time=0.0508766, admm_maintain=0.0981709, area4=-nan, infea=966.51, d_obj=10583, p_obj=1.17244e+06., heldout Acc=0.981778 (3/50), overall time=617.662
i=13, a_nnz=4.57447, ever_a_nnz=5.05198, b_nnz=18.3929, uni_search=4.98454, uni_subSolve=0.25266, uni_maintain_time=0.0614682, bi_search=46.2503, bi_subSolve=0.162545, bi_maintain_time=0.100347, admm_maintain=0.148057, area4=-nan, infea=929.403, d_obj=11150.8, p_obj=1.16155e+06., heldout Acc=0.988889 (4/50), overall time=669.778
i=14, a_nnz=4.66561, ever_a_nnz=5.18416, b_nnz=19.7797, uni_search=3.00561, uni_subSolve=0.157946, uni_maintain_time=0.0369852, bi_search=43.9997, bi_subSolve=0.0877963, bi_maintain_time=0.0419053, admm_maintain=0.0788711, area4=-nan, infea=886.668, d_obj=11424.8, p_obj=1.12059e+06., heldout Acc=0.976 (5/50), overall time=717.295
i=15, a_nnz=4.75546, ever_a_nnz=5.30689, b_nnz=21.1403, uni_search=2.9802, uni_subSolve=0.117752, uni_maintain_time=0.0435862, bi_search=44.1188, bi_subSolve=0.106264, bi_maintain_time=0.0523427, admm_maintain=0.0863967, area4=-nan, infea=860.875, d_obj=11501.2, p_obj=1.10592e+06., heldout Acc=0.989778 (6/50), overall time=764.917
i=16, a_nnz=4.84176, ever_a_nnz=5.42376, b_nnz=22.5257, uni_search=2.96369, uni_subSolve=0.115936, uni_maintain_time=0.037196, bi_search=43.9864, bi_subSolve=0.105749, bi_maintain_time=0.049207, admm_maintain=0.0916036, area4=-nan, infea=851.385, d_obj=11579.4, p_obj=1.11004e+06., heldout Acc=0.989778 (7/50), overall time=812.393
i=17, a_nnz=4.91418, ever_a_nnz=5.52637, b_nnz=23.8319, uni_search=3.01123, uni_subSolve=0.119816, uni_maintain_time=0.0375154, bi_search=44.0137, bi_subSolve=0.104574, bi_maintain_time=0.0457346, admm_maintain=0.0944362, area4=-nan, infea=822.59, d_obj=11561.6, p_obj=1.02908e+06., heldout Acc=0.979556 (8/50), overall time=859.947
i=18, a_nnz=4.98407, ever_a_nnz=5.62222, b_nnz=25.1087, uni_search=3.87773, uni_subSolve=0.172428, uni_maintain_time=0.047851, bi_search=47.2605, bi_subSolve=0.224257, bi_maintain_time=0.131024, admm_maintain=0.152932, area4=-nan, infea=804.57, d_obj=11596.2, p_obj=1.06537e+06., heldout Acc=0.979111 (9/50), overall time=912.009
i=19, a_nnz=5.05155, ever_a_nnz=5.70799, b_nnz=26.3166, uni_search=3.10005, uni_subSolve=0.126177, uni_maintain_time=0.0379463, bi_search=44.4338, bi_subSolve=0.134703, bi_maintain_time=0.0604877, admm_maintain=0.12421, area4=-nan, infea=778.787, d_obj=11636.2, p_obj=1.12122e+06., heldout Acc=0.990222 (10/50), overall time=960.2
i=20, a_nnz=5.115, ever_a_nnz=5.78666, b_nnz=27.4624, uni_search=3.34171, uni_subSolve=0.153524, uni_maintain_time=0.0429134, bi_search=44.1798, bi_subSolve=0.138013, bi_maintain_time=0.0590951, admm_maintain=0.117494, area4=-nan, infea=751.083, d_obj=11665.7, p_obj=1.0439e+06., heldout Acc=0.985778 (11/50), overall time=1008.39
i=21, a_nnz=5.17643, ever_a_nnz=5.86211, b_nnz=28.6058, uni_search=3.63296, uni_subSolve=0.196676, uni_maintain_time=0.0464633, bi_search=45.9609, bi_subSolve=0.201281, bi_maintain_time=0.101938, admm_maintain=0.156452, area4=-nan, infea=719.271, d_obj=11764.5, p_obj=1.01004e+06., heldout Acc=0.988 (12/50), overall time=1058.88
i=22, a_nnz=5.22817, ever_a_nnz=5.92714, b_nnz=29.6571, uni_search=3.10636, uni_subSolve=0.123184, uni_maintain_time=0.0374783, bi_search=43.98, bi_subSolve=0.115626, bi_maintain_time=0.0476043, admm_maintain=0.101924, area4=-nan, infea=678.733, d_obj=11777.6, p_obj=996155., heldout Acc=0.986667 (13/50), overall time=1106.52
i=23, a_nnz=5.28126, ever_a_nnz=5.98906, b_nnz=30.6809, uni_search=3.35843, uni_subSolve=0.151211, uni_maintain_time=0.0420649, bi_search=44.1866, bi_subSolve=0.146708, bi_maintain_time=0.0603263, admm_maintain=0.125934, area4=-nan, infea=648.123, d_obj=11805.5, p_obj=984944., heldout Acc=0.992, overall time=1154.75
i=24, a_nnz=5.32681, ever_a_nnz=6.04238, b_nnz=31.6127, uni_search=3.64976, uni_subSolve=0.172162, uni_maintain_time=0.0446097, bi_search=46.3429, bi_subSolve=0.209014, bi_maintain_time=0.102758, admm_maintain=0.124301, area4=-nan, infea=616.526, d_obj=11788.8, p_obj=985390., heldout Acc=0.996, overall time=1205.59
i=25, a_nnz=5.36856, ever_a_nnz=6.09268, b_nnz=32.5153, uni_search=3.93608, uni_subSolve=0.24271, uni_maintain_time=0.0453728, bi_search=44.3696, bi_subSolve=0.167292, bi_maintain_time=0.0700645, admm_maintain=0.146645, area4=-nan, infea=587.194, d_obj=11695.4