using heldout data set: /scratch/cluster/ianyen/data/multilabel/bibtex.test
D=1837
K=159
N=5991
d=68.0461
r=1
i=0, a_nnz=3.34619, ever_a_nnz=3.34619, b_nnz=6.39526, uni_search=0.314744, uni_subSolve=0.0113647, uni_maintain_time=0.0113453, bi_search=6.62057, bi_subSolve=0.00883033, bi_maintain_time=0.00830487, admm_maintain=0.0107817, area4=-nan, infea=13.5811, d_obj=-169.087, overall time=7.02693
i=1, a_nnz=4.06476, ever_a_nnz=4.14689, b_nnz=9.94308, uni_search=0.434016, uni_subSolve=0.0177185, uni_maintain_time=0.0137236, bi_search=6.67369, bi_subSolve=0.0153931, bi_maintain_time=0.0126325, admm_maintain=0.0151668, area4=-nan, infea=33.1049, d_obj=-150.568, p_obj=339477......., heldout Acc=0.930559, overall time=14.2268
i=2, a_nnz=4.71557, ever_a_nnz=4.94709, b_nnz=13.988, uni_search=0.489003, uni_subSolve=0.0193928, uni_maintain_time=0.0142021, bi_search=6.59708, bi_subSolve=0.0180367, bi_maintain_time=0.0129838, admm_maintain=0.0215452, area4=-nan, infea=47.9756, d_obj=-242.924, overall time=21.4208
i=3, a_nnz=5.27074, ever_a_nnz=5.70773, b_nnz=18.4039, uni_search=0.564207, uni_subSolve=0.0236742, uni_maintain_time=0.0160911, bi_search=6.7036, bi_subSolve=0.0320574, bi_maintain_time=0.0254599, admm_maintain=0.0271522, area4=-nan, infea=55.7159, d_obj=-239.999, p_obj=189146......., heldout Acc=0.958646, overall time=28.8435
i=4, a_nnz=5.78317, ever_a_nnz=6.4415, b_nnz=23.1684, uni_search=0.616418, uni_subSolve=0.024791, uni_maintain_time=0.0165567, bi_search=6.559, bi_subSolve=0.0279893, bi_maintain_time=0.0161971, admm_maintain=0.0298807, area4=-nan, infea=57.8793, d_obj=-161.762, overall time=36.1633
i=5, a_nnz=6.27758, ever_a_nnz=7.17843, b_nnz=28.4216, uni_search=0.679739, uni_subSolve=0.0286922, uni_maintain_time=0.0176756, bi_search=6.56125, bi_subSolve=0.034268, bi_maintain_time=0.0191285, admm_maintain=0.0349933, area4=-nan, infea=58.3842, d_obj=-114.504, p_obj=100222......., heldout Acc=0.973981, overall time=43.5771
i=6, a_nnz=6.76081, ever_a_nnz=7.93824, b_nnz=34.3041, uni_search=1.13842, uni_subSolve=0.0749558, uni_maintain_time=0.026127, bi_search=6.82127, bi_subSolve=0.113144, bi_maintain_time=0.111297, admm_maintain=0.0674864, area4=-nan, infea=61.2763, d_obj=-170.051, overall time=51.9968
i=7, a_nnz=7.22233, ever_a_nnz=8.68887, b_nnz=40.5989, uni_search=1.21234, uni_subSolve=0.0802544, uni_maintain_time=0.0275976, bi_search=6.84205, bi_subSolve=0.135207, bi_maintain_time=0.123389, admm_maintain=0.100907, area4=-nan, infea=66.6251, d_obj=-124.933, p_obj=63212.7......., heldout Acc=0.977686, overall time=60.6087
i=8, a_nnz=7.62127, ever_a_nnz=9.38758, b_nnz=46.9205, uni_search=1.13312, uni_subSolve=0.0893338, uni_maintain_time=0.025937, bi_search=6.6701, bi_subSolve=0.104282, bi_maintain_time=0.0630995, admm_maintain=0.0683701, area4=-nan, infea=71.6011, d_obj=-100.305, overall time=68.8261
i=9, a_nnz=7.95877, ever_a_nnz=10.0252, b_nnz=53.082, uni_search=1.02841, uni_subSolve=0.0637286, uni_maintain_time=0.0263523, bi_search=6.69655, bi_subSolve=0.134287, bi_maintain_time=0.085113, admm_maintain=0.0742775, area4=-nan, infea=77.0028, d_obj=-31.1682, p_obj=47384.9......., heldout Acc=0.980443, overall time=77.0028
i=10, a_nnz=8.2906, ever_a_nnz=10.6321, b_nnz=59.2502, uni_search=0.991536, uni_subSolve=0.0547864, uni_maintain_time=0.0194801, bi_search=6.60151, bi_subSolve=0.111272, bi_maintain_time=0.0730845, admm_maintain=0.0767356, area4=-nan, infea=79.7708, d_obj=30.0856, overall time=85.0017
i=11, a_nnz=8.60374, ever_a_nnz=11.2203, b_nnz=65.4951, uni_search=0.996811, uni_subSolve=0.0518677, uni_maintain_time=0.0192354, bi_search=6.58341, bi_subSolve=0.0721879, bi_maintain_time=0.0321624, admm_maintain=0.0634007, area4=-nan, infea=80.4173, d_obj=119.619, p_obj=33871.7......., heldout Acc=0.983286, overall time=92.879
i=12, a_nnz=8.92055, ever_a_nnz=11.8084, b_nnz=71.9892, uni_search=2.00316, uni_subSolve=0.180901, uni_maintain_time=0.0393141, bi_search=6.99286, bi_subSolve=0.320321, bi_maintain_time=0.197163, admm_maintain=0.207493, area4=-nan, infea=80.5456, d_obj=231.532, overall time=103.015
i=13, a_nnz=9.18661, ever_a_nnz=12.3447, b_nnz=78.2275, uni_search=2.11081, uni_subSolve=0.189227, uni_maintain_time=0.039025, bi_search=7.0091, bi_subSolve=0.342314, bi_maintain_time=0.208865, admm_maintain=0.221447, area4=-nan, infea=79.2647, d_obj=345.329