using heldout data set: /scratch/cluster/ianyen/data/multilabel/bibtex.test
D=1837
K=159
N=5991
d=68.0461
r=1
i=0, a_nnz=3.3971, ever_a_nnz=3.3971, b_nnz=6.54548, uni_search=0.158232, uni_subSolve=0.0156114, uni_maintain_time=0.010186, bi_search=0.0061906, bi_subSolve=0.00834259, bi_maintain_time=0.00566865, admm_maintain=0.0107264, area4=1.00734, infea=10.2547, d_obj=-209.648, overall time=0.247066
i=1, a_nnz=4.25321, ever_a_nnz=4.34468, b_nnz=10.6582, uni_search=0.203142, uni_subSolve=0.0218944, uni_maintain_time=0.0118256, bi_search=0.0113015, bi_subSolve=0.013515, bi_maintain_time=0.00881265, admm_maintain=0.0148406, area4=1.00968, infea=24.1139, d_obj=-372.11, overall time=0.548485
i=2, a_nnz=4.96845, ever_a_nnz=5.25271, b_nnz=15.3876, uni_search=0.240315, uni_subSolve=0.0276494, uni_maintain_time=0.0134239, bi_search=0.0140468, bi_subSolve=0.018899, bi_maintain_time=0.0115994, admm_maintain=0.0202235, area4=1.0207, infea=36.1701, d_obj=-416.254, overall time=0.915483
i=3, a_nnz=5.57536, ever_a_nnz=6.11784, b_nnz=20.6333, uni_search=0.272656, uni_subSolve=0.0331482, uni_maintain_time=0.014974, bi_search=0.016848, bi_subSolve=0.0245834, bi_maintain_time=0.0137178, admm_maintain=0.0251072, area4=1.02771, infea=43.4226, d_obj=-394.064, overall time=1.34223
i=4, a_nnz=6.10883, ever_a_nnz=6.95243, b_nnz=26.342, uni_search=0.30314, uni_subSolve=0.0385629, uni_maintain_time=0.0163302, bi_search=0.0196953, bi_subSolve=0.0311494, bi_maintain_time=0.0172636, admm_maintain=0.0316692, area4=1.03038, infea=47.2601, d_obj=-337.306, overall time=1.83043
i=5, a_nnz=6.60374, ever_a_nnz=7.76081, b_nnz=32.4679, uni_search=0.331928, uni_subSolve=0.0444166, uni_maintain_time=0.0173358, bi_search=0.0231698, bi_subSolve=0.0381199, bi_maintain_time=0.0213809, admm_maintain=0.036955, area4=1.03238, infea=48.2544, d_obj=-276.138, overall time=2.37921
i=6, a_nnz=7.03438, ever_a_nnz=8.52796, b_nnz=38.8521, uni_search=0.361144, uni_subSolve=0.0499193, uni_maintain_time=0.0183978, bi_search=0.0266829, bi_subSolve=0.0453171, bi_maintain_time=0.025132, admm_maintain=0.0433097, area4=1.03505, infea=50.0272, d_obj=-229.768, overall time=2.99014
i=7, a_nnz=7.44233, ever_a_nnz=9.27408, b_nnz=45.5482, uni_search=0.371107, uni_subSolve=0.0503074, uni_maintain_time=0.0189035, bi_search=0.0233015, bi_subSolve=0.043277, bi_maintain_time=0.0223606, admm_maintain=0.0396763, area4=1.04841, infea=53.9044, d_obj=-190.3, overall time=3.59616
i=8, a_nnz=7.80704, ever_a_nnz=9.97196, b_nnz=52.2799, uni_search=0.350073, uni_subSolve=0.0419694, uni_maintain_time=0.018639, bi_search=0.0258193, bi_subSolve=0.0489963, bi_maintain_time=0.0242342, admm_maintain=0.0444704, area4=1.05141, infea=58.9244, d_obj=-159.121, overall time=4.19136
i=9, a_nnz=8.12669, ever_a_nnz=10.6178, b_nnz=58.8993, uni_search=0.370972, uni_subSolve=0.0463587, uni_maintain_time=0.019214, bi_search=0.0284527, bi_subSolve=0.0545623, bi_maintain_time=0.0264092, admm_maintain=0.0505822, area4=1.06343, infea=63.7456, d_obj=-108.426, p_obj=40573.9......., heldout Acc=0.980271, overall time=4.83298
i=10, a_nnz=8.443, ever_a_nnz=11.233, b_nnz=65.5443, uni_search=0.432383, uni_subSolve=0.064648, uni_maintain_time=0.0200199, bi_search=0.031278, bi_subSolve=0.0682931, bi_maintain_time=0.0300571, admm_maintain=0.0630773, area4=1.07712, infea=67.8443, d_obj=-32.7546, overall time=5.59872
i=11, a_nnz=8.71641, ever_a_nnz=11.8052, b_nnz=71.9356, uni_search=0.45357, uni_subSolve=0.0692825, uni_maintain_time=0.0202176, bi_search=0.0349048, bi_subSolve=0.0757539, bi_maintain_time=0.0327162, admm_maintain=0.0674267, area4=1.08513, infea=69.8661, d_obj=64.4785, overall time=6.41301
i=12, a_nnz=8.95911, ever_a_nnz=12.3395, b_nnz=78.1607, uni_search=0.47082, uni_subSolve=0.0740484, uni_maintain_time=0.0202812, bi_search=0.0382073, bi_subSolve=0.0814636, bi_maintain_time=0.0341198, admm_maintain=0.0723217, area4=1.09715, infea=69.2561, d_obj=169.416, overall time=7.26888
i=13, a_nnz=9.17476, ever_a_nnz=12.8398, b_nnz=84.3731, uni_search=0.481204, uni_subSolve=0.0760002, uni_maintain_time=0.0205564, bi_search=0.0319057, bi_subSolve=0.0719249, bi_maintain_time=0.0302178, admm_maintain=0.0632539, area4=1.1125, infea=68.5952, d_obj=277.568, overall time=8.09975
i=14, a_nnz=9.36688, ever_a_nnz=13.306, b_nnz=90.4418, uni_search=0.4354, uni_subSolve=0.0613355, uni_maintain_time=0.0191887, bi_search=0.0342247, bi_subSolve=0.0765058, bi_maintain_time=0.0315583, admm_maintain=0.06753, area4=1.10916, infea=66.9411, d_obj=365.696, overall time=8.88452
i=15, a_nnz=9.5565, ever_a_nnz=13.7366, b_nnz=96.3216, uni_search=0.448784, uni_subSolve=0.0647623, uni_maintain_time=0.0195527, bi_search=0.0359991, bi_subSolve=0.0805907, bi_maintain_time=0.0320402, admm_maintain=0.0713319, area4=1.10015, infea=67.383, d_obj=451.081, overall time=9.69986
i=16, a_nnz=9.72008, ever_a_nnz=14.1374, b_nnz=101.971, uni_search=0.460627, uni_subSolve=0.068396, uni_maintain_time=0.0195475, bi_search=0.0380991, bi_subSolve=0.0849826, bi_maintain_time=0.0333844, admm_maintain=0.0749452, area4=1.10382, infea=66.1171, d_obj=490.517, overall time=10.5453
i=17, a_nnz=9.87665, ever_a_nnz=14.5216, b_nnz=107.521, uni_search=0.471814, uni_subSolve=0.0715186, uni_maintain_time=0.0195827, bi_search=0.0401542, bi_subSolve=0.0892412, bi_maintain_time=0.0340926, admm_maintain=0.0786754, area4=1.11484, infea=65.7236, d_obj=503.828, overall time=11.4195
i=18, a_nnz=10.0082, ever_a_nnz=14.8863, b_nnz=112.99, uni_search=0.481888, uni_subSolve=0.0747174, uni_maintain_time=0.0198209, bi_search=0.0419797, bi_subSolve=0.0933887, bi_maintain_time=0.03539, admm_maintain=0.0823935, area4=1.10249, infea=67.3945, d_obj=514.384, overall time=12.3205
i=19, a_nnz=10.1319, ever_a_nnz=15.2212, b_nnz=118.182, uni_search=0.492396, uni_subSolve=0.0779273, uni_maintain_time=0.0196779, bi_search=0.0439141, bi_subSolve=0.0969741, bi_maintain_time=0.036418, admm_maintain=0.0859266, area4=1.10683, infea=67.3839, d_obj=507.467, p_obj=18858.3......., heldout Acc=0.983286, overall time=13.2481
i=20, a_nnz=10.2524, ever_a_nnz=15.5395, b_nnz=123.287, uni_search=0.573932, uni_subSolve=0.103162, uni_maintain_time=0.0218025, bi_search=0.0562025, bi_subSolve=0.121154, bi_maintain_time=0.044717, admm_maintain=0.107995, area4=1.11217, infea=70.1769, d_obj=501.881, overall time=14.3706
i=21, a_nnz=10.3582, ever_a_nnz=15.8398, b_nnz=128.288, uni_search=0.583338, uni_subSolve=0.106545, uni_maintain_time=0.0222986, bi_search=0.0582969, bi_subSolve=0.125304, bi_maintain_time=0.0460382, admm_maintain=0.111027, area4=1.10549, infea=70.6892, d_obj=486.869, overall time=15.52
i=22, a_nnz=10.4659, ever_a_nnz=16.1197, b_nnz=133.143, uni_search=0.592838, uni_subSolve=0.109778, uni_maintain_time=0.0222217, bi_search=0.0606376, bi_subSolve=0.129811, bi_maintain_time=0.0473973, admm_maintain=0.114826, area4=1.13654, infea=70.8908, d_obj=478.267, overall time=16.6976
i=23, a_nnz=10.5675, ever_a_nnz=16.3948, b_nnz=137.989, uni_search=0.602256, uni_subSolve=0.11251, uni_maintain_time=0.0222507, bi_search=0.0628986, bi_subSolve=0.133903, bi_maintain_time=0.0483525, admm_maintain=0.11987, area4=1.12986, infea=72.1361, d_obj=473.814, overall time=17.9033
i=24, a_nnz=10.6438, ever_a_nnz=16.646, b_nnz=142.585, uni_search=0.611687, uni_subSolve=0.115552, uni_maintain_time=0.0221607, bi_search=0.0652544, bi_subSolve=0.138234, bi_maintain_time=0.0493861, admm_maintain=0.122998, area4=1.12385, infea=73.227, d_obj=484.654, overall time=19.1353
i=25, a_nnz=10.7223, ever_a_nnz=16.8818, b_nnz=147.018, uni_search=0.619899, uni_subSolve=0.118332, uni_maintain_time=0.022125, bi_search=0.0671213, bi_subSolve=0.142783, bi_maintain_time=0.0511727, admm_maintain=0.126197, area4=1.12886, infea=71.7856, d_obj=473.276, overall time=20.3925
i=26, a_nnz=10.8065, ever_a_nnz=17.1062, b_nnz=151.331, uni_search=0.626915, uni_subSolve=0.120583, uni_maintain_time=0.0221474, bi_search=0.0690255, bi_subSolve=0.146339, bi_maintain_time=0.0520979, admm_maintain=0.129904, area4=1.1302, infea=71.0279, d_obj=468.788, overall time=21.672
i=27, a_nnz=10.8641, ever_a_nnz=17.3091, b_nnz=155.284, uni_search=0.633868, uni_subSolve=0.123045, uni_maintain_time=0.0215443, bi_search=0.0709489, bi_subSolve=0.150128, bi_maintain_time=0.0532976, admm_maintain=0.132828, area4=1.15123, infea=69.9741, d_obj=470.311, overall time=22.9727
i=28, a_nnz=10.915, ever_a_nnz=17.5083, b_nnz=159.228, uni_search=0.641257, uni_subSolve=0.125761, uni_maintain_time=0.0220306, bi_search=0.0727598, bi_subSolve=0.153512, bi_maintain_time=0.0542871, admm_maintain=0.136158, area4=1.15056, infea=69.1052, d_obj=468.743, overall time=24.2967
i=29, a_nnz=10.9503, ever_a_nnz=17.6879, b_nnz=162.838, uni_search=0.648266, uni_subSolve=0.12768, uni_maintain_time=0.0216928, bi_search=0.0746011, bi_subSolve=0.156888, bi_maintain_time=0.0553456, admm_maintain=0.13873, area4=1.14822, infea=69.8064, d_obj=463.906, p_obj=10913.2......., heldout Acc=0.984751, overall time=25.6403
i=30, a_nnz=10.9821, ever_a_nnz=17.8601, b_nnz=166.346, uni_search=0.570818, uni_subSolve=0.105786, uni_maintain_time=0.0196216, bi_search=0.0618691, bi_subSolve=0.1339, bi_maintain_time=0.0474188, admm_maintain=0.118689, area4=1.16859, infea=67.9556, d_obj=455.523, overall time=26.7989
i=31, a_nnz=11.0135, ever_a_nnz=18.0189, b_nnz=169.654, uni_search=0.574593, uni_subSolve=0.107228, uni_maintain_time=0.0196474, bi_search=0.062138, bi_subSolve=0.135578, bi_maintain_time=0.0479938, admm_maintain=0.121623, area4=1.1756, infea=68.0554, d_obj=446.325, overall time=27.9702
i=32, a_nnz=11.021, ever_a_nnz=18.1683, b_nnz=172.801, uni_search=0.579185, uni_subSolve=0.108176, uni_maintain_time=0.0193918, bi_search=0.0615808, bi_subSolve=0.136511, bi_maintain_time=0.0486944, admm_maintain=0.122079, area4=1.1973, infea=70.0974, d_obj=445.788, overall time=29.15
i=33, a_nnz=11.0452, ever_a_nnz=18.311, b_nnz=175.771, uni_search=0.584651, uni_subSolve=0.111844, uni_maintain_time=0.0194244, bi_search=0.0625921, bi_subSolve=0.138502, bi_maintain_time=0.0495218, admm_maintain=0.123679, area4=1.18628, infea=68.3971, d_obj=431.638, overall time=30.3459
i=34, a_nnz=11.0546, ever_a_nnz=18.4412, b_nnz=178.553, uni_search=0.588548, uni_subSolve=0.112682, uni_maintain_time=0.0190669, bi_search=0.0645822, bi_subSolve=0.141167, bi_maintain_time=0.0501339, admm_maintain=0.125754, area4=1.18862, infea=68.4292, d_obj=426.193, overall time=31.5552
i=35, a_nnz=11.0648, ever_a_nnz=18.5749, b_nnz=181.434, uni_search=0.590743, uni_subSolve=0.112529, uni_maintain_time=0.0193665, bi_search=0.0648752, bi_subSolve=0.142731, bi_maintain_time=0.0510422, admm_maintain=0.127892, area4=1.2023, infea=69.4896, d_obj=422.71, overall time=32.7732
i=36, a_nnz=11.0616, ever_a_nnz=18.6862, b_nnz=183.863, uni_search=0.596557, uni_subSolve=0.115964, uni_maintain_time=0.0191394, bi_search=0.0659861, bi_subSolve=0.144494, bi_maintain_time=0.0516623, admm_maintain=0.131606, area4=1.19463, infea=67.7249, d_obj=413.497, overall time=34.0115
i=37, a_nnz=11.0723, ever_a_nnz=18.8004, b_nnz=186.398, uni_search=0.599403, uni_subSolve=0.116671, uni_maintain_time=0.0190275, bi_search=0.0668392, bi_subSolve=0.146112, bi_maintain_time=0.0513832, admm_maintain=0.131123, area4=1.19563, infea=68.4888, d_obj=410.238, overall time=35.2541
i=38, a_nnz=11.0756, ever_a_nnz=18.9039, b_nnz=188.709, uni_search=0.600234, uni_subSolve=0.116598, uni_maintain_time=0.0188443, bi_search=0.0693879, bi_subSolve=0.149212, bi_maintain_time=0.0522064, admm_maintain=0.15697, area4=1.19563, infea=67.637, d_obj=405.177, overall time=36.547
i=39, a_nnz=11.0848, ever_a_nnz=19.0062, b_nnz=191.014, uni_search=0.643783, uni_subSolve=0.134143, uni_maintain_time=0.0202959, bi_search=0.0785682, bi_subSolve=0.167381, bi_maintain_time=0.0589918, admm_maintain=0.149518, area4=1.20497, infea=67.8583, d_obj=398.494, p_obj=9134.44......., heldout Acc=0.984147 (1/50), overall time=37.9258
i=40, a_nnz=11.093, ever_a_nnz=19.1132, b_nnz=193.43, uni_search=0.605473, uni_subSolve=0.118606, uni_maintain_time=0.0207406, bi_search=0.068283, bi_subSolve=0.150515, bi_maintain_time=0.052829, admm_maintain=0.135661, area4=1.22066, infea=67.3351, d_obj=390.905, overall time=39.1924
i=41, a_nnz=11.0754, ever_a_nnz=19.2018, b_nnz=195.497, uni_search=0.608103, uni_subSolve=0.11945, uni_maintain_time=0.0187212, bi_search=0.0690484, bi_subSolve=0.151859, bi_maintain_time=0.0535505, admm_maintain=0.136169, area4=1.1973, infea=66.972, d_obj=382.262, overall time=40.4647
i=42, a_nnz=11.0663, ever_a_nnz=19.2891, b_nnz=197.49, uni_search=0.610533, uni_subSolve=0.120516, uni_maintain_time=0.018531, bi_search=0.0699578, bi_subSolve=0.15354, bi_maintain_time=0.0540832, admm_maintain=0.137706, area4=1.19129, infea=66.4833, d_obj=373.012, overall time=41.7462
i=43, a_nnz=11.0783, ever_a_nnz=19.3747, b_nnz=199.474, uni_search=0.613012, uni_subSolve=0.121338, uni_maintain_time=0.0185273, bi_search=0.0707508, bi_subSolve=0.154845, bi_maintain_time=0.0543391, admm_maintain=0.139206, area4=1.19362, infea=65.0364, d_obj=345.686, overall time=43.0361
i=44, a_nnz=11.0719, ever_a_nnz=19.4555, b_nnz=201.423, uni_search=0.615878, uni_subSolve=0.122735, uni_maintain_time=0.0184771, bi_search=0.0715575, bi_subSolve=0.156239, bi_maintain_time=0.0546196, admm_maintain=0.140575, area4=1.22901, infea=64.8551, d_obj=326.042, overall time=44.3351
i=45, a_nnz=11.0703, ever_a_nnz=19.533, b_nnz=203.303, uni_search=0.618647, uni_subSolve=0.123534, uni_maintain_time=0.018637, bi_search=0.0722662, bi_subSolve=0.157496, bi_maintain_time=0.0551097, admm_maintain=0.142764, area4=1.19262, infea=62.94, d_obj=302.566, overall time=45.6436
i=46, a_nnz=11.0721, ever_a_nnz=19.6134, b_nnz=205.254, uni_search=0.619163, uni_subSolve=0.124559, uni_maintain_time=0.0186889, bi_search=0.073203, bi_subSolve=0.159144, bi_maintain_time=0.0553189, admm_maintain=0.143284, area4=1.19563, infea=62.8801, d_obj=278.388, overall time=46.9583
i=47, a_nnz=11.0876, ever_a_nnz=19.6882, b_nnz=207.118, uni_search=0.623153, uni_subSolve=0.125383, uni_maintain_time=0.0183086, bi_search=0.0739667, bi_subSolve=0.160415, bi_maintain_time=0.056083, admm_maintain=0.144578, area4=1.19496, infea=62.3675, d_obj=248.634, overall time=48.2825
i=48, a_nnz=11.0965, ever_a_nnz=19.7653, b_nnz=209.053, uni_search=0.624563, uni_subSolve=0.126215, uni_maintain_time=0.0185664, bi_search=0.0746333, bi_subSolve=0.161674, bi_maintain_time=0.0565988, admm_maintain=0.146146, area4=1.21332, infea=63.2106, d_obj=229.003, overall time=49.6144
i=49, a_nnz=11.093, ever_a_nnz=19.8316, b_nnz=210.75, uni_search=0.626849, uni_subSolve=0.127551, uni_maintain_time=0.0184047, bi_search=0.0829598, bi_subSolve=0.171668, bi_maintain_time=0.0600866, admm_maintain=0.157654, area4=1.20598, infea=63.6468, d_obj=213.026, p_obj=7656.17......., heldout Acc=0.985095, overall time=50.9922
i=50, a_nnz=11.091, ever_a_nnz=19.9015, b_nnz=212.574, uni_search=0.62848, uni_subSolve=0.127905, uni_maintain_time=0.0182349, bi_search=0.0755369, bi_subSolve=0.164277, bi_maintain_time=0.0573468, admm_maintain=0.149324, area4=1.21165, infea=62.5402, d_obj=197.153, overall time=52.3382
i=51, a_nnz=11.094, ever_a_nnz=19.97, b_nnz=214.342, uni_search=0.629979, uni_subSolve=0.129067, uni_maintain_time=0.0184394, bi_search=0.0761261, bi_subSolve=0.165221, bi_maintain_time=0.0576353, admm_maintain=0.149868, area4=1.223, infea=61.9158, d_obj=183.765, overall time=53.691
i=52, a_nnz=11.0783, ever_a_nnz=20.0315, b_nnz=215.953, uni_search=0.631796, uni_subSolve=0.129721, uni_maintain_time=0.0180882, bi_search=0.0768193, bi_subSolve=0.166234, bi_maintain_time=0.0577968, admm_maintain=0.150768, area4=1.21532, infea=61.1296, d_obj=169.853, overall time=55.0777
i=53, a_nnz=11.0783, ever_a_nnz=20.0906, b_nnz=217.458, uni_search=0.661215, uni_subSolve=0.138522, uni_maintain_time=0.0187948, bi_search=0.0776762, bi_subSolve=0.167551, bi_maintain_time=0.0614108, admm_maintain=0.15314, area4=1.21132, infea=60.6653, d_obj=159.176, overall time=56.4838
i=54, a_nnz=11.0713, ever_a_nnz=20.1489, b_nnz=218.966, uni_search=0.635355, uni_subSolve=0.13116, uni_maintain_time=0.0184067, bi_search=0.0783443, bi_subSolve=0.168772, bi_maintain_time=0.058659, admm_maintain=0.152815, area4=1.2654, infea=60.3356, d_obj=146.594, overall time=57.8558
i=55, a_nnz=11.0763, ever_a_nnz=20.203, b_nnz=220.391, uni_search=0.636359, uni_subSolve=0.131898, uni_maintain_time=0.0179522, bi_search=0.0788665, bi_subSolve=0.169768, bi_maintain_time=0.0586327, admm_maintain=0.153864, area4=1.23235, infea=60.2219, d_obj=132.207, overall time=59.2327
i=56, a_nnz=11.0911, ever_a_nnz=20.2576, b_nnz=221.774, uni_search=0.638084, uni_subSolve=0.132718, uni_maintain_time=0.0182501, bi_search=0.0794906, bi_subSolve=0.171189, bi_maintain_time=0.0599487, admm_maintain=0.154965, area4=1.25171, infea=60.2809, d_obj=119.934, overall time=60.6175
i=57, a_nnz=11.0714, ever_a_nnz=20.3098, b_nnz=223.133, uni_search=0.640492, uni_subSolve=0.13331, uni_maintain_time=0.0179413, bi_search=0.0801088, bi_subSolve=0.172014, bi_maintain_time=0.0602396, admm_maintain=0.156004, area4=1.23736, infea=59.7389, d_obj=98.0042, overall time=62.0088
i=58, a_nnz=11.0703, ever_a_nnz=20.3634, b_nnz=224.506, uni_search=0.642432, uni_subSolve=0.133995, uni_maintain_time=0.0178892, bi_search=0.0808328, bi_subSolve=0.173358, bi_maintain_time=0.0603601, admm_maintain=0.156722, area4=1.26039, infea=60.0309, d_obj=81.3062, overall time=63.4065
i=59, a_nnz=11.0619, ever_a_nnz=20.4118, b_nnz=225.79, uni_search=0.64338, uni_subSolve=0.134683, uni_maintain_time=0.0178987, bi_search=0.0816002, bi_subSolve=0.174333, bi_maintain_time=0.0600965, admm_maintain=0.157569, area4=1.26239, infea=59.242, d_obj=73.5025, p_obj=6514.49......., heldout Acc=0.984923 (1/50), overall time=64.8088
i=60, a_nnz=11.0588, ever_a_nnz=20.4599, b_nnz=227.05, uni_search=0.695473, uni_subSolve=0.163515, uni_maintain_time=0.0217969, bi_search=0.1043, bi_subSolve=0.196878, bi_maintain_time=0.0711335, admm_maintain=0.19412, area4=1.26173, infea=57.3903, d_obj=52.7127, overall time=66.4177
i=61, a_nnz=11.0609, ever_a_nnz=20.5064, b_nnz=228.283, uni_search=0.697126, uni_subSolve=0.164678, uni_maintain_time=0.0216496, bi_search=0.104618, bi_subSolve=0.197467, bi_maintain_time=0.0714406, admm_maintain=0.19234, area4=1.27808, infea=55.8107, d_obj=29.0552, overall time=68.011
i=62, a_nnz=11.0663, ever_a_nnz=20.5515, b_nnz=229.487, uni_search=0.653923, uni_subSolve=0.140861, uni_maintain_time=0.0178115, bi_search=0.0833959, bi_subSolve=0.176691, bi_maintain_time=0.0639383, admm_maintain=0.162493, area4=1.26106, infea=56.3791, d_obj=4.61634, overall time=69.4455
i=63, a_nnz=11.0631, ever_a_nnz=20.5992, b_nnz=230.737, uni_search=0.649684, uni_subSolve=0.137721, uni_maintain_time=0.0177843, bi_search=0.0836283, bi_subSolve=0.177052, bi_maintain_time=0.0601378, admm_maintain=0.161377, area4=1.27641, infea=57.4936, d_obj=-16.9492, overall time=70.8685
i=64, a_nnz=11.0668, ever_a_nnz=20.6485, b_nnz=232.005, uni_search=0.650748, uni_subSolve=0.138219, uni_maintain_time=0.0178277, bi_search=0.0843616, bi_subSolve=0.17857, bi_maintain_time=0.0608343, admm_maintain=0.162289, area4=1.29878, infea=54.5278, d_obj=-39.0026, overall time=72.2975
i=65, a_nnz=11.0613, ever_a_nnz=20.6885, b_nnz=233.061, uni_search=0.653635, uni_subSolve=0.138803, uni_maintain_time=0.0177474, bi_search=0.0849466, bi_subSolve=0.179551, bi_maintain_time=0.0615912, admm_maintain=0.16294, area4=1.31247, infea=55.4809, d_obj=-57.2107, overall time=73.7337
i=66, a_nnz=11.0659, ever_a_nnz=20.7278, b_nnz=234.155, uni_search=0.654731, uni_subSolve=0.139376, uni_maintain_time=0.0176912, bi_search=0.0855361, bi_subSolve=0.180132, bi_maintain_time=0.0617194, admm_maintain=0.164125, area4=1.3088, infea=56.7876, d_obj=-60.5639, overall time=75.1746
i=67, a_nnz=11.0487, ever_a_nnz=20.7733, b_nnz=235.378, uni_search=0.656321, uni_subSolve=0.14011, uni_maintain_time=0.0178164, bi_search=0.0859868, bi_subSolve=0.180894, bi_maintain_time=0.061263, admm_maintain=0.16484, area4=1.28276, infea=55.7105, d_obj=-79.8011, overall time=76.6199
i=68, a_nnz=11.0526, ever_a_nnz=20.8149, b_nnz=236.543, uni_search=0.656355, uni_subSolve=0.140539, uni_maintain_time=0.0179047, bi_search=0.0866086, bi_subSolve=0.181743, bi_maintain_time=0.0612991, admm_maintain=0.165772, area4=1.31013, infea=56.6758, d_obj=-85.8879, overall time=78.0688
i=69, a_nnz=11.0476, ever_a_nnz=20.8591, b_nnz=237.782, uni_search=0.656171, uni_subSolve=0.14082, uni_maintain_time=0.0178357, bi_search=0.0868691, bi_subSolve=0.182144, bi_maintain_time=0.0617759, admm_maintain=0.166526, area4=1.30045, infea=55.387, d_obj=-95.8628, p_obj=6471.32......., heldout Acc=0.984406 (2/50), overall time=79.5206
i=70, a_nnz=11.0509, ever_a_nnz=20.9004, b_nnz=238.905, uni_search=0.871058, uni_subSolve=0.234963, uni_maintain_time=0.0226806, bi_search=0.120564, bi_subSolve=0.215136, bi_maintain_time=0.0692882, admm_maintain=0.215591, area4=1.31347, infea=54.7174, d_obj=-98.5282, overall time=81.4695
i=71, a_nnz=11.0414, ever_a_nnz=20.9416, b_nnz=240.068, uni_search=0.7578, uni_subSolve=0.195199, uni_maintain_time=0.0211161, bi_search=0.147809, bi_subSolve=0.232696, bi_maintain_time=0.0748981, admm_maintain=0.279468, area4=1.32015, infea=53.717, d_obj=-103.988, overall time=83.4156
i=72, a_nnz=11.0436, ever_a_nnz=20.9815, b_nnz=241.199, uni_search=0.840535, uni_subSolve=0.231827, uni_maintain_time=0.0248534, bi_search=0.169135, bi_subSolve=0.261376, bi_maintain_time=0.0843534, admm_maintain=0.220907, area4=1.33317, infea=54.4632, d_obj=-109.197, overall time=85.4464
i=73, a_nnz=11.0269, ever_a_nnz=21.0172, b_nnz=242.188, uni_search=0.806162, uni_subSolve=0.21673, uni_maintain_time=0.0227249, bi_search=0.173621, bi_subSolve=0.258879, bi_maintain_time=0.0839917, admm_maintain=0.275312, area4=1.32282, infea=54.421, d_obj=-118.159, overall time=87.5117
i=74, a_nnz=11.0204, ever_a_nnz=21.0534, b_nnz=243.23, uni_search=0.720395, uni_subSolve=0.173425, uni_maintain_time=0.0198498, bi_search=0.110966, bi_subSolve=0.212425, bi_maintain_time=0.0711433, admm_maintain=0.201871, area4=1.37056, infea=53.5862, d_obj=-125.151, overall time=89.1966
i=75, a_nnz=11.009, ever_a_nnz=21.0876, b_nnz=244.193, uni_search=0.816582, uni_subSolve=0.208327, uni_maintain_time=0.0216729, bi_search=0.134888, bi_subSolve=0.248207, bi_maintain_time=0.0799452, admm_maintain=0.250787, area4=1.39927, infea=54.5053, d_obj=-127.506, overall time=91.1543
i=76, a_nnz=10.9932, ever_a_nnz=21.1193, b_nnz=245.087, uni_search=0.762723, uni_subSolve=0.19743, uni_maintain_time=0.0205884, bi_search=0.15449, bi_subSolve=0.240722, bi_maintain_time=0.0763261, admm_maintain=0.255183, area4=1.45368, infea=53.2542, d_obj=-134.342, overall time=93.0925
i=77, a_nnz=10.989, ever_a_nnz=21.1514, b_nnz=246.039, uni_search=0.82558, uni_subSolve=0.229272, uni_maintain_time=0.0237321, bi_search=0.183671, bi_subSolve=0.268214, bi_maintain_time=0.0879091, admm_maintain=0.287395, area4=1.51577, infea=51.5074, d_obj=-141.109, overall time=95.2214
i=78, a_nnz=10.9763, ever_a_nnz=21.1851, b_nnz=246.961, uni_search=0.82111, uni_subSolve=0.216513, uni_maintain_time=0.0229146, bi_search=0.154244, bi_subSolve=0.243216, bi_maintain_time=0.08398, admm_maintain=0.254309, area4=1.53313, infea=51.8024, d_obj=-156.349, overall time=97.2297
i=79, a_nnz=10.9783, ever_a_nnz=21.2163, b_nnz=247.842, uni_search=0.752905, uni_subSolve=0.194072, uni_maintain_time=0.0209097, bi_search=0.120715, bi_subSolve=0.217992, bi_maintain_time=0.0701453, admm_maintain=0.214294, area4=1.55817, infea=51.667, d_obj=-168.088, p_obj=6111.38......., heldout Acc=0.985009 (3/50), overall time=98.9996
i=80, a_nnz=10.9781, ever_a_nnz=21.248, b_nnz=248.731, uni_search=0.728403, uni_subSolve=0.179778, uni_maintain_time=0.0200884, bi_search=0.156427, bi_subSolve=0.246155, bi_maintain_time=0.0842301, admm_maintain=0.289838, area4=1.63862, infea=51.777, d_obj=-188.749, overall time=100.951
i=81, a_nnz=10.968, ever_a_nnz=21.2808, b_nnz=249.677, uni_search=0.961736, uni_subSolve=0.286814, uni_maintain_time=0.0262608, bi_search=0.257595, bi_subSolve=0.399258, bi_maintain_time=0.10706, admm_maintain=0.31384, area4=1.667, infea=52.5382, d_obj=-202.504, overall time=103.516
i=82, a_nnz=10.9648, ever_a_nnz=21.3143, b_nnz=250.643, uni_search=0.70331, uni_subSolve=0.167573, uni_maintain_time=0.018613, bi_search=0.104568, bi_subSolve=0.205234, bi_maintain_time=0.0680905, admm_maintain=0.194726, area4=1.71507, infea=52.1501, d_obj=-209.709, overall time=105.141
i=83, a_nnz=10.9541, ever_a_nnz=21.3423, b_nnz=251.485, uni_search=0.698618, uni_subSolve=0.164423, uni_maintain_time=0.0185851, bi_search=0.105049, bi_subSolve=0.205136, bi_maintain_time=0.0683725, admm_maintain=0.19511, area4=1.78351, infea=51.8266, d_obj=-214.283, overall time=106.764
i=84, a_nnz=10.9496, ever_a_nnz=21.3742, b_nnz=252.464, uni_search=0.733968, uni_subSolve=0.183999, uni_maintain_time=0.0196955, bi_search=0.160337, bi_subSolve=0.251712, bi_maintain_time=0.0824727, admm_maintain=0.294385, area4=1.80387, infea=52.4878, d_obj=-211.661, overall time=108.727
i=85, a_nnz=10.9449, ever_a_nnz=21.4023, b_nnz=253.315, uni_search=0.921846, uni_subSolve=0.254046, uni_maintain_time=0.0238572, bi_search=0.168065, bi_subSolve=0.253969, bi_maintain_time=0.085497, admm_maintain=0.285636, area4=1.89902, infea=50.9416, d_obj=-219.559, overall time=110.958
i=86, a_nnz=10.9396, ever_a_nnz=21.4333, b_nnz=254.253, uni_search=0.75094, uni_subSolve=0.192782, uni_maintain_time=0.0202278, bi_search=0.119864, bi_subSolve=0.221199, bi_maintain_time=0.0706695, admm_maintain=0.210722, area4=1.98114, infea=51.1415, d_obj=-218.434, overall time=112.709
i=87, a_nnz=10.9341, ever_a_nnz=21.4655, b_nnz=255.262, uni_search=0.725114, uni_subSolve=0.176677, uni_maintain_time=0.0191024, bi_search=0.135748, bi_subSolve=0.241585, bi_maintain_time=0.0755844, admm_maintain=0.290689, area4=1.98247, infea=52.3609, d_obj=-221.093, overall time=114.619
i=88, a_nnz=10.9281, ever_a_nnz=21.4951, b_nnz=256.175, uni_search=0.763043, uni_subSolve=0.189668, uni_maintain_time=0.0197019, bi_search=0.104772, bi_subSolve=0.206127, bi_maintain_time=0.0684363, admm_maintain=0.195356, area4=2.02921, infea=52.3631, d_obj=-222.339, overall time=116.33
i=89, a_nnz=10.9174, ever_a_nnz=21.5209, b_nnz=257.007, uni_search=0.699422, uni_subSolve=0.164634, uni_maintain_time=0.0182264, bi_search=0.120701, bi_subSolve=0.217945, bi_maintain_time=0.0709414, admm_maintain=0.22792, area4=2.05158, infea=48.1835, d_obj=-230.315, p_obj=6425.65......., heldout Acc=0.985181, overall time=118.042
i=90, a_nnz=10.9147, ever_a_nnz=21.5452, b_nnz=257.8, uni_search=0.727313, uni_subSolve=0.182417, uni_maintain_time=0.019478, bi_search=0.111399, bi_subSolve=0.212415, bi_maintain_time=0.0710432, admm_maintain=0.197164, area4=2.14472, infea=47.6813, d_obj=-232.238, overall time=119.728
i=91, a_nnz=10.9114, ever_a_nnz=21.571, b_nnz=258.566, uni_search=0.701205, uni_subSolve=0.166347, uni_maintain_time=0.0183603, bi_search=0.107663, bi_subSolve=0.20918, bi_maintain_time=0.0700791, admm_maintain=0.215071, area4=2.1968, infea=48.1703, d_obj=-236.366, overall time=121.415
i=92, a_nnz=10.9105, ever_a_nnz=21.5987, b_nnz=259.455, uni_search=0.775238, uni_subSolve=0.19255, uni_maintain_time=0.0204852, bi_search=0.106, bi_subSolve=0.207244, bi_maintain_time=0.0690385, admm_maintain=0.205902, area4=2.2412, infea=47.8384, d_obj=-250.563, overall time=123.173
i=93, a_nnz=10.8952, ever_a_nnz=21.6244, b_nnz=260.301, uni_search=0.708801, uni_subSolve=0.171702, uni_maintain_time=0.0187422, bi_search=0.119312, bi_subSolve=0.218138, bi_maintain_time=0.0713469, admm_maintain=0.209321, area4=2.34836, infea=49.5977, d_obj=-257.608, overall time=124.876
i=94, a_nnz=10.8982, ever_a_nnz=21.6486, b_nnz=261.06, uni_search=0.73494, uni_subSolve=0.184668, uni_maintain_time=0.0195893, bi_search=0.10915, bi_subSolve=0.211567, bi_maintain_time=0.0708872, admm_maintain=0.210087, area4=2.38608, infea=49.189, d_obj=-280.447, overall time=126.599
i=95, a_nnz=10.9077, ever_a_nnz=21.6753, b_nnz=261.933, uni_search=0.725834, uni_subSolve=0.175874, uni_maintain_time=0.0190723, bi_search=0.106449, bi_subSolve=0.208753, bi_maintain_time=0.0691309, admm_maintain=0.207869, area4=2.43248, infea=48.1883, d_obj=-294.67, overall time=128.287
i=96, a_nnz=10.9014, ever_a_nnz=21.7004, b_nnz=262.781, uni_search=0.706792, uni_subSolve=0.1702, uni_maintain_time=0.0187987, bi_search=0.107655, bi_subSolve=0.210166, bi_maintain_time=0.069246, admm_maintain=0.206611, area4=2.4879, infea=46.3919, d_obj=-310.893, overall time=129.947
i=97, a_nnz=10.8972, ever_a_nnz=21.7239, b_nnz=263.564, uni_search=0.768065, uni_subSolve=0.204666, uni_maintain_time=0.0217006, bi_search=0.110619, bi_subSolve=0.218056, bi_maintain_time=0.0708862, admm_maintain=0.235753, area4=2.52295, infea=46.4931, d_obj=-322.156, overall time=131.785
i=98, a_nnz=10.8988, ever_a_nnz=21.7458, b_nnz=264.304, uni_search=0.713011, uni_subSolve=0.171392, uni_maintain_time=0.0181522, bi_search=0.102626, bi_subSolve=0.206107, bi_maintain_time=0.0682372, admm_maintain=0.195303, area4=2.55099, infea=50.0511, d_obj=-331.687, overall time=133.441
i=99, a_nnz=10.8945, ever_a_nnz=21.7695, b_nnz=265.116, uni_search=0.695156, uni_subSolve=0.163085, uni_maintain_time=0.0178209, bi_search=0.103489, bi_subSolve=0.206805, bi_maintain_time=0.0677994, admm_maintain=0.196454, area4=2.60441, infea=47.6393, d_obj=-337.497, p_obj=5285.67......., heldout Acc=0.983889 (1/50), overall time=135.055
i=100, a_nnz=10.8863, ever_a_nnz=21.7912, b_nnz=265.873, uni_search=0.698849, uni_subSolve=0.166044, uni_maintain_time=0.0179816, bi_search=0.103166, bi_subSolve=0.206931, bi_maintain_time=0.0683162, admm_maintain=0.198461, area4=2.68085, infea=49.1341, d_obj=-341.551, overall time=136.69
i=101, a_nnz=10.8902, ever_a_nnz=21.8169, b_nnz=266.726, uni_search=0.699541, uni_subSolve=0.167418, uni_maintain_time=0.0180486, bi_search=0.109081, bi_subSolve=0.211573, bi_maintain_time=0.0691129, admm_maintain=0.208852, area4=2.77266, infea=48.4189, d_obj=-339.7, overall time=138.35
i=102, a_nnz=10.8938, ever_a_nnz=21.8439, b_nnz=267.646, uni_search=0.708043, uni_subSolve=0.171857, uni_maintain_time=0.018319, bi_search=0.104282, bi_subSolve=0.208487, bi_maintain_time=0.0690514, admm_maintain=0.195839, area4=2.83709, infea=48.9226, d_obj=-334.608, overall time=139.989
i=103, a_nnz=10.889, ever_a_nnz=21.865, b_nnz=268.385, uni_search=0.699895, uni_subSolve=0.16518, uni_maintain_time=0.0179467, bi_search=0.105072, bi_subSolve=0.209878, bi_maintain_time=0.0686013, admm_maintain=0.196068, area4=2.85478, infea=50.5579, d_obj=-322.579, overall time=141.615
i=104, a_nnz=10.8853, ever_a_nnz=21.8873, b_nnz=269.109, uni_search=0.697147, uni_subSolve=0.165722, uni_maintain_time=0.017887, bi_search=0.103717, bi_subSolve=0.208423, bi_maintain_time=0.0696207, admm_maintain=0.197609, area4=2.91821, infea=49.1182, d_obj=-326.564, overall time=143.24
i=105, a_nnz=10.8726, ever_a_nnz=21.9085, b_nnz=269.842, uni_search=0.70193, uni_subSolve=0.1663, uni_maintain_time=0.0179892, bi_search=0.105197, bi_subSolve=0.209985, bi_maintain_time=0.0695261, admm_maintain=0.198243, area4=2.99833, infea=45.6236, d_obj=-323.826, overall time=144.877
i=106, a_nnz=10.8676, ever_a_nnz=21.9292, b_nnz=270.585, uni_search=0.699146, uni_subSolve=0.16641, uni_maintain_time=0.0177957, bi_search=0.107643, bi_subSolve=0.211757, bi_maintain_time=0.0695105, admm_maintain=0.203601, area4=3.04974, infea=46.9803, d_obj=-321.131, overall time=146.526
i=107, a_nnz=10.8695, ever_a_nnz=21.9516, b_nnz=271.381, uni_search=0.72004, uni_subSolve=0.177592, uni_maintain_time=0.018377, bi_search=0.111615, bi_subSolve=0.21555, bi_maintain_time=0.0704837, admm_maintain=0.214335, area4=3.03839, infea=47.4717, d_obj=-315.55, overall time=148.223
i=108, a_nnz=10.8583, ever_a_nnz=21.9698, b_nnz=272.041, uni_search=0.701038, uni_subSolve=0.165384, uni_maintain_time=0.0178337, bi_search=0.104875, bi_subSolve=0.210193, bi_maintain_time=0.069718, admm_maintain=0.199702, area4=3.06677, infea=45.6011, d_obj=-323.227, overall time=149.858
i=109, a_nnz=10.86, ever_a_nnz=21.9932, b_nnz=272.898, uni_search=0.713731, uni_subSolve=0.170678, uni_maintain_time=0.0183619, bi_search=0.105384, bi_subSolve=0.211445, bi_maintain_time=0.0705389, admm_maintain=0.2001, area4=3.13821, infea=46.0396, d_obj=-318.622, p_obj=6400.61......., heldout Acc=0.984147 (2/50), overall time=151.515
i=110, a_nnz=10.861, ever_a_nnz=22.0149, b_nnz=273.73, uni_search=0.697636, uni_subSolve=0.164661, uni_maintain_time=0.0175069, bi_search=0.111561, bi_subSolve=0.213324, bi_maintain_time=0.0680047, admm_maintain=0.206473, area4=3.14956, infea=44.7203, d_obj=-315.02, overall time=153.167
i=111, a_nnz=10.867, ever_a_nnz=22.0362, b_nnz=274.434, uni_search=0.692319, uni_subSolve=0.161419, uni_maintain_time=0.0173886, bi_search=0.102269, bi_subSolve=0.206686, bi_maintain_time=0.0672955, admm_maintain=0.193585, area4=3.18361, infea=45.6528, d_obj=-310.659, overall time=154.769
i=112, a_nnz=10.8623, ever_a_nnz=22.0586, b_nnz=275.253, uni_search=0.691401, uni_subSolve=0.160849, uni_maintain_time=0.0174427, bi_search=0.102452, bi_subSolve=0.207007, bi_maintain_time=0.0674544, admm_maintain=0.194497, area4=3.20664, infea=45.104, d_obj=-309.817, overall time=156.371
i=113, a_nnz=10.8751, ever_a_nnz=22.0788, b_nnz=275.992, uni_search=0.691342, uni_subSolve=0.161212, uni_maintain_time=0.0172934, bi_search=0.102667, bi_subSolve=0.207344, bi_maintain_time=0.067925, admm_maintain=0.1946, area4=3.25405, infea=49.795, d_obj=-295.925, overall time=157.976
i=114, a_nnz=10.8783, ever_a_nnz=22.1005, b_nnz=276.709, uni_search=0.692047, uni_subSolve=0.161571, uni_maintain_time=0.0173125, bi_search=0.104567, bi_subSolve=0.209208, bi_maintain_time=0.0681842, admm_maintain=0.20043, area4=3.27274, infea=46.546, d_obj=-301.855, overall time=159.597
i=115, a_nnz=10.875, ever_a_nnz=22.1198, b_nnz=277.433, uni_search=0.701044, uni_subSolve=0.166184, uni_maintain_time=0.0175571, bi_search=0.113421, bi_subSolve=0.216002, bi_maintain_time=0.0692918, admm_maintain=0.20823, area4=3.24069, infea=44.8671, d_obj=-308.461, overall time=161.263
i=116, a_nnz=10.8792, ever_a_nnz=22.1402, b_nnz=278.127, uni_search=0.695461, uni_subSolve=0.163349, uni_maintain_time=0.0174635, bi_search=0.103515, bi_subSolve=0.208973, bi_maintain_time=0.0678234, admm_maintain=0.196052, area4=3.29411, infea=44.8212, d_obj=-309.814, overall time=162.879
i=117, a_nnz=10.869, ever_a_nnz=22.1562, b_nnz=278.753, uni_search=0.694078, uni_subSolve=0.162277, uni_maintain_time=0.0174993, bi_search=0.10401, bi_subSolve=0.209814, bi_maintain_time=0.0674828, admm_maintain=0.196837, area4=3.30446, infea=45.126, d_obj=-317.238, overall time=164.494
i=118, a_nnz=10.8688, ever_a_nnz=22.1764, b_nnz=279.482, uni_search=0.698226, uni_subSolve=0.162492, uni_maintain_time=0.0174506, bi_search=0.1042, bi_subSolve=0.210319, bi_maintain_time=0.0673779, admm_maintain=0.197112, area4=3.30379, infea=43.6495, d_obj=-317.57, overall time=166.115
i=119, a_nnz=10.8678, ever_a_nnz=22.1951, b_nnz=280.118, uni_search=0.696091, uni_subSolve=0.163354, uni_maintain_time=0.0173335, bi_search=0.107831, bi_subSolve=0.213153, bi_maintain_time=0.0687843, admm_maintain=0.203004, area4=3.2694, infea=43.5615, d_obj=-322.292, p_obj=5806.97......., heldout Acc=0.984147 (3/50), overall time=167.754
i=120, a_nnz=10.8681, ever_a_nnz=22.214, b_nnz=280.826, uni_search=0.882742, uni_subSolve=0.229567, uni_maintain_time=0.0222965, bi_search=0.114488, bi_subSolve=0.228241, bi_maintain_time=0.0754428, admm_maintain=0.203686, area4=3.30012, infea=43.0425, d_obj=-321.703, overall time=169.679
i=121, a_nnz=10.8658, ever_a_nnz=22.2325, b_nnz=281.539, uni_search=0.710884, uni_subSolve=0.170777, uni_maintain_time=0.0176649, bi_search=0.108365, bi_subSolve=0.217433, bi_maintain_time=0.0711085, admm_maintain=0.203844, area4=3.35053, infea=42.9432, d_obj=-329.168, overall time=171.349
i=122, a_nnz=10.8548, ever_a_nnz=22.2512, b_nnz=282.27, uni_search=0.712806, uni_subSolve=0.171395, uni_maintain_time=0.0180287, bi_search=0.107995, bi_subSolve=0.218359, bi_maintain_time=0.0714968, admm_maintain=0.204589, area4=3.34719, infea=44.6295, d_obj=-323.757, overall time=173.023
i=123, a_nnz=10.856, ever_a_nnz=22.2711, b_nnz=283.011, uni_search=0.710104, uni_subSolve=0.171329, uni_maintain_time=0.0177055, bi_search=0.108451, bi_subSolve=0.218556, bi_maintain_time=0.0730495, admm_maintain=0.204906, area4=3.36789, infea=45.2644, d_obj=-322.552, overall time=174.697
i=124, a_nnz=10.8558, ever_a_nnz=22.2901, b_nnz=283.734, uni_search=0.76496, uni_subSolve=0.191221, uni_maintain_time=0.0194524, bi_search=0.154516, bi_subSolve=0.296507, bi_maintain_time=0.0973577, admm_maintain=0.27974, area4=3.41863, infea=47.0621, d_obj=-324.07, overall time=176.717
i=125, a_nnz=10.8491, ever_a_nnz=22.3065, b_nnz=284.399, uni_search=0.711355, uni_subSolve=0.172151, uni_maintain_time=0.0177565, bi_search=0.109046, bi_subSolve=0.219576, bi_maintain_time=0.0720893, admm_maintain=0.206093, area4=3.43632, infea=44.3215, d_obj=-322.101, overall time=178.396
i=126, a_nnz=10.8523, ever_a_nnz=22.3238, b_nnz=285.064, uni_search=0.711409, uni_subSolve=0.172254, uni_maintain_time=0.0177773, bi_search=0.105644, bi_subSolve=0.214026, bi_maintain_time=0.0693877, admm_maintain=0.200191, area4=3.48573, infea=43.0638, d_obj=-320.128, overall time=180.053
i=127, a_nnz=10.8551, ever_a_nnz=22.344, b_nnz=285.762, uni_search=0.699347, uni_subSolve=0.165366, uni_maintain_time=0.017439, bi_search=0.105658, bi_subSolve=0.213291, bi_maintain_time=0.0693519, admm_maintain=0.200684, area4=3.4884, infea=44.7127, d_obj=-311.985, overall time=181.69
i=128, a_nnz=10.8433, ever_a_nnz=22.3615, b_nnz=286.493, uni_search=0.703849, uni_subSolve=0.167688, uni_maintain_time=0.0174358, bi_search=0.1122, bi_subSolve=0.218403, bi_maintain_time=0.0697418, admm_maintain=0.216697, area4=3.47204, infea=43.6911, d_obj=-310.782, overall time=183.378
i=129, a_nnz=10.8376, ever_a_nnz=22.3791, b_nnz=287.127, uni_search=0.703424, uni_subSolve=0.168577, uni_maintain_time=0.0171692, bi_search=0.105963, bi_subSolve=0.214148, bi_maintain_time=0.0688209, admm_maintain=0.201359, area4=3.50509, infea=43.9526, d_obj=-314.302, p_obj=5791.97......., heldout Acc=0.983631 (4/50), overall time=185.024
i=130, a_nnz=10.8316, ever_a_nnz=22.3931, b_nnz=287.709, uni_search=0.730071, uni_subSolve=0.174905, uni_maintain_time=0.0177936, bi_search=0.111637, bi_subSolve=0.225724, bi_maintain_time=0.0735708, admm_maintain=0.223078, area4=3.56017, infea=43.3626, d_obj=-319.53, overall time=186.762
i=131, a_nnz=10.8306, ever_a_nnz=22.4098, b_nnz=288.357, uni_search=0.729356, uni_subSolve=0.180963, uni_maintain_time=0.018042, bi_search=0.112045, bi_subSolve=0.225847, bi_maintain_time=0.0747305, admm_maintain=0.212112, area4=3.60891, infea=45.7231, d_obj=-320.889, overall time=188.49
i=132, a_nnz=10.8339, ever_a_nnz=22.4248, b_nnz=288.979, uni_search=0.717236, uni_subSolve=0.175205, uni_maintain_time=0.0179325, bi_search=0.112726, bi_subSolve=0.226887, bi_maintain_time=0.0746573, admm_maintain=0.212258, area4=3.56919, infea=44.1646, d_obj=-335.104, overall time=190.202
i=133, a_nnz=10.8359, ever_a_nnz=22.4407, b_nnz=289.588, uni_search=0.729882, uni_subSolve=0.175493, uni_maintain_time=0.0178696, bi_search=0.115914, bi_subSolve=0.230279, bi_maintain_time=0.0751473, admm_maintain=0.218769, area4=3.56251, infea=45.1676, d_obj=-335.028, overall time=191.954
i=134, a_nnz=10.8306, ever_a_nnz=22.4574, b_nnz=290.191, uni_search=0.727257, uni_subSolve=0.180609, uni_maintain_time=0.0179465, bi_search=0.112835, bi_subSolve=0.227309, bi_maintain_time=0.0743488, admm_maintain=0.218842, area4=3.56351, infea=43.7125, d_obj=-340.597, overall time=193.69
i=135, a_nnz=10.8329, ever_a_nnz=22.472, b_nnz=290.769, uni_search=0.732598, uni_subSolve=0.17663, uni_maintain_time=0.0177454, bi_search=0.113185, bi_subSolve=0.228235, bi_maintain_time=0.0739772, admm_maintain=0.213573, area4=3.57853, infea=42.9211, d_obj=-342.625, overall time=195.423
i=136, a_nnz=10.8209, ever_a_nnz=22.4866, b_nnz=291.342, uni_search=0.735335, uni_subSolve=0.178885, uni_maintain_time=0.0177636, bi_search=0.12359, bi_subSolve=0.237049, bi_maintain_time=0.0762355, admm_maintain=0.222405, area4=3.57052, infea=45.7682, d_obj=-345.956, overall time=197.191
i=137, a_nnz=10.8152, ever_a_nnz=22.5023, b_nnz=292.032, uni_search=0.719388, uni_subSolve=0.177012, uni_maintain_time=0.0177695, bi_search=0.113488, bi_subSolve=0.228975, bi_maintain_time=0.0753242, admm_maintain=0.21439, area4=3.58922, infea=43.4725, d_obj=-351.256, overall time=198.915
i=138, a_nnz=10.8112, ever_a_nnz=22.5168, b_nnz=292.559, uni_search=0.724774, uni_subSolve=0.178548, uni_maintain_time=0.0176675, bi_search=0.114034, bi_subSolve=0.229156, bi_maintain_time=0.0750138, admm_maintain=0.221233, area4=3.62494, infea=44.4864, d_obj=-348.166, overall time=200.659
i=139, a_nnz=10.796, ever_a_nnz=22.5301, b_nnz=293.121, uni_search=0.730912, uni_subSolve=0.182379, uni_maintain_time=0.0175974, bi_search=0.113979, bi_subSolve=0.223918, bi_maintain_time=0.0728136, admm_maintain=0.212035, area4=3.67101, infea=42.3488, d_obj=-352.134, p_obj=5438.01......., heldout Acc=0.984406 (5/50), overall time=202.387
i=140, a_nnz=10.8007, ever_a_nnz=22.5431, b_nnz=293.633, uni_search=0.727627, uni_subSolve=0.177938, uni_maintain_time=0.0177374, bi_search=0.114647, bi_subSolve=0.230436, bi_maintain_time=0.0746336, admm_maintain=0.2161, area4=3.68369, infea=40.9947, d_obj=-357.298, overall time=204.137
i=141, a_nnz=10.8039, ever_a_nnz=22.5608, b_nnz=294.359, uni_search=0.722516, uni_subSolve=0.177346, uni_maintain_time=0.0180075, bi_search=0.113983, bi_subSolve=0.229859, bi_maintain_time=0.0765591, admm_maintain=0.215255, area4=3.67401, infea=41.6386, d_obj=-353.186, overall time=205.869
i=142, a_nnz=10.792, ever_a_nnz=22.5755, b_nnz=294.985, uni_search=0.731463, uni_subSolve=0.180725, uni_maintain_time=0.0179682, bi_search=0.118203, bi_subSolve=0.22999, bi_maintain_time=0.0753413, admm_maintain=0.222721, area4=3.65532, infea=43.6139, d_obj=-339.351, overall time=207.63
i=143, a_nnz=10.787, ever_a_nnz=22.5936, b_nnz=295.701, uni_search=0.730704, uni_subSolve=0.182028, uni_maintain_time=0.0181223, bi_search=0.114695, bi_subSolve=0.230626, bi_maintain_time=0.0754679, admm_maintain=0.216838, area4=3.70906, infea=43.2209, d_obj=-330.69, overall time=209.377
i=144, a_nnz=10.7758, ever_a_nnz=22.6086, b_nnz=296.339, uni_search=0.724024, uni_subSolve=0.178264, uni_maintain_time=0.0179954, bi_search=0.114899, bi_subSolve=0.231179, bi_maintain_time=0.0762692, admm_maintain=0.216682, area4=3.70573, infea=45.4383, d_obj=-319.753, overall time=211.116
i=145, a_nnz=10.7775, ever_a_nnz=22.6219, b_nnz=296.854, uni_search=0.72267, uni_subSolve=0.178212, uni_maintain_time=0.0176623, bi_search=0.120277, bi_subSolve=0.236426, bi_maintain_time=0.0780768, admm_maintain=0.218395, area4=3.73143, infea=43.1156, d_obj=-321.567, overall time=212.867
i=146, a_nnz=10.7792, ever_a_nnz=22.6368, b_nnz=297.469, uni_search=0.727339, uni_subSolve=0.18019, uni_maintain_time=0.0176894, bi_search=0.123652, bi_subSolve=0.239605, bi_maintain_time=0.0780414, admm_maintain=0.233037, area4=3.72976, infea=40.5363, d_obj=-322.617, overall time=214.647
i=147, a_nnz=10.7812, ever_a_nnz=22.652, b_nnz=298.055, uni_search=0.725597, uni_subSolve=0.179267, uni_maintain_time=0.0179007, bi_search=0.115781, bi_subSolve=0.232624, bi_maintain_time=0.0764229, admm_maintain=0.236098, area4=3.87264, infea=40.6963, d_obj=-327.366, overall time=216.411
i=148, a_nnz=10.7767, ever_a_nnz=22.6663, b_nnz=298.667, uni_search=0.726002, uni_subSolve=0.177182, uni_maintain_time=0.0175443, bi_search=0.109777, bi_subSolve=0.221547, bi_maintain_time=0.0713822, admm_maintain=0.209184, area4=3.88766, infea=41.3781, d_obj=-329.114, overall time=218.117
i=149, a_nnz=10.776, ever_a_nnz=22.6832, b_nnz=299.418, uni_search=0.710757, uni_subSolve=0.171212, uni_maintain_time=0.0174626, bi_search=0.11352, bi_subSolve=0.225134, bi_maintain_time=0.07184, admm_maintain=0.215818, area4=3.87631, infea=41.553, d_obj=-333.017, p_obj=4797.85......., heldout Acc=0.985181 (6/50), overall time=219.822
i=150, a_nnz=10.7787, ever_a_nnz=22.6977, b_nnz=300.029, uni_search=0.7068, uni_subSolve=0.17143, uni_maintain_time=0.0172118, bi_search=0.109669, bi_subSolve=0.222355, bi_maintain_time=0.0726611, admm_maintain=0.209086, area4=3.96779, infea=40.6293, d_obj=-336.166, overall time=221.504
i=151, a_nnz=10.777, ever_a_nnz=22.7137, b_nnz=300.663, uni_search=0.706838, uni_subSolve=0.17142, uni_maintain_time=0.0173394, bi_search=0.110064, bi_subSolve=0.222632, bi_maintain_time=0.072567, admm_maintain=0.209635, area4=3.90235, infea=41.9346, d_obj=-332.04, overall time=223.188
i=152, a_nnz=10.7782, ever_a_nnz=22.7281, b_nnz=301.239, uni_search=0.708285, uni_subSolve=0.172055, uni_maintain_time=0.017033, bi_search=0.109586, bi_subSolve=0.222467, bi_maintain_time=0.0726278, admm_maintain=0.20977, area4=3.9531, infea=43.9099, d_obj=-328.735, overall time=224.874
i=153, a_nnz=10.7712, ever_a_nnz=22.7439, b_nnz=301.925, uni_search=0.709728, uni_subSolve=0.172332, uni_maintain_time=0.0172836, bi_search=0.110441, bi_subSolve=0.223443, bi_maintain_time=0.0732044, admm_maintain=0.210233, area4=3.94976, infea=43.4557, d_obj=-328.811, overall time=226.564
i=154, a_nnz=10.7693, ever_a_nnz=22.7558, b_nnz=302.421, uni_search=0.707901, uni_subSolve=0.172581, uni_maintain_time=0.0171966, bi_search=0.110153, bi_subSolve=0.223868, bi_maintain_time=0.0727623, admm_maintain=0.21084, area4=4.00985, infea=42.8451, d_obj=-326.589, overall time=228.255
i=155, a_nnz=10.7723, ever_a_nnz=22.7698, b_nnz=303.023, uni_search=0.715328, uni_subSolve=0.175567, uni_maintain_time=0.0173973, bi_search=0.112739, bi_subSolve=0.225166, bi_maintain_time=0.0735339, admm_maintain=0.21098, area4=3.92439, infea=40.6591, d_obj=-326.787, overall time=229.96
i=156, a_nnz=10.7682, ever_a_nnz=22.785, b_nnz=303.685, uni_search=0.710891, uni_subSolve=0.17302, uni_maintain_time=0.0176843, bi_search=0.120583, bi_subSolve=0.234405, bi_maintain_time=0.0768585, admm_maintain=0.211686, area4=3.92172, infea=41.1457, d_obj=-320.263, overall time=231.68
i=157, a_nnz=10.7683, ever_a_nnz=22.7974, b_nnz=304.176, uni_search=0.709692, uni_subSolve=0.173156, uni_maintain_time=0.0173389, bi_search=0.111087, bi_subSolve=0.225106, bi_maintain_time=0.0716121, admm_maintain=0.212068, area4=4.0005, infea=41.148, d_obj=-319.352, overall time=233.375
i=158, a_nnz=10.7646, ever_a_nnz=22.8099, b_nnz=304.774, uni_search=0.709332, uni_subSolve=0.173755, uni_maintain_time=0.0173268, bi_search=0.111011, bi_subSolve=0.224908, bi_maintain_time=0.0733281, admm_maintain=0.212051, area4=3.91938, infea=43.829, d_obj=-303.478, overall time=235.072
i=159, a_nnz=10.7733, ever_a_nnz=22.8241, b_nnz=305.336, uni_search=0.711231, uni_subSolve=0.173897, uni_maintain_time=0.0171623, bi_search=0.111449, bi_subSolve=0.225463, bi_maintain_time=0.0733476, admm_maintain=0.212801, area4=3.98281, infea=45.3677, d_obj=-298.512, p_obj=5751.71......., heldout Acc=0.984406 (7/50), overall time=236.773
i=160, a_nnz=10.7833, ever_a_nnz=22.8366, b_nnz=305.953, uni_search=0.711482, uni_subSolve=0.173909, uni_maintain_time=0.0173329, bi_search=0.111225, bi_subSolve=0.225549, bi_maintain_time=0.0739924, admm_maintain=0.213067, area4=4.0449, infea=43.0486, d_obj=-299.614, overall time=238.476
i=161, a_nnz=10.7785, ever_a_nnz=22.8503, b_nnz=306.59, uni_search=0.711426, uni_subSolve=0.174489, uni_maintain_time=0.0173168, bi_search=0.111485, bi_subSolve=0.226079, bi_maintain_time=0.0739648, admm_maintain=0.213638, area4=3.94809, infea=43.628, d_obj=-288.546, overall time=240.18
i=162, a_nnz=10.7725, ever_a_nnz=22.8621, b_nnz=307.2, uni_search=0.718314, uni_subSolve=0.174403, uni_maintain_time=0.0175022, bi_search=0.111642, bi_subSolve=0.22662, bi_maintain_time=0.0746588, admm_maintain=0.21419, area4=3.94876, infea=43.7268, d_obj=-281.145, overall time=241.894
i=163, a_nnz=10.7713, ever_a_nnz=22.8738, b_nnz=307.68, uni_search=0.713292, uni_subSolve=0.174834, uni_maintain_time=0.0170914, bi_search=0.111917, bi_subSolve=0.226715, bi_maintain_time=0.0744195, admm_maintain=0.21399, area4=4.01419, infea=42.0534, d_obj=-280.17, overall time=243.603
i=164, a_nnz=10.7672, ever_a_nnz=22.8852, b_nnz=308.14, uni_search=0.712546, uni_subSolve=0.174785, uni_maintain_time=0.0169703, bi_search=0.112048, bi_subSolve=0.226936, bi_maintain_time=0.077642, admm_maintain=0.215864, area4=3.97212, infea=39.9764, d_obj=-292.845, overall time=245.317
i=165, a_nnz=10.7613, ever_a_nnz=22.8968, b_nnz=308.712, uni_search=0.715639, uni_subSolve=0.175476, uni_maintain_time=0.017236, bi_search=0.112114, bi_subSolve=0.227446, bi_maintain_time=0.074907, admm_maintain=0.214942, area4=3.99382, infea=40.1149, d_obj=-306.586, overall time=247.033
i=166, a_nnz=10.7682, ever_a_nnz=22.9079, b_nnz=309.207, uni_search=0.713224, uni_subSolve=0.175535, uni_maintain_time=0.0171792, bi_search=0.112731, bi_subSolve=0.228195, bi_maintain_time=0.0751246, admm_maintain=0.215086, area4=4.02954, infea=40.9418, d_obj=-307.458, overall time=248.748
i=167, a_nnz=10.7723, ever_a_nnz=22.9185, b_nnz=309.754, uni_search=0.71399, uni_subSolve=0.175802, uni_maintain_time=0.0171134, bi_search=0.112785, bi_subSolve=0.228494, bi_maintain_time=0.0749825, admm_maintain=0.215699, area4=4.07628, infea=41.5896, d_obj=-315.71, overall time=250.465
i=168, a_nnz=10.7673, ever_a_nnz=22.9314, b_nnz=310.331, uni_search=0.71823, uni_subSolve=0.176365, uni_maintain_time=0.0174521, bi_search=0.11296, bi_subSolve=0.228847, bi_maintain_time=0.0747173, admm_maintain=0.216102, area4=4.10966, infea=43.0748, d_obj=-309.667, overall time=252.188
i=169, a_nnz=10.7778, ever_a_nnz=22.9417, b_nnz=310.862, uni_search=0.717731, uni_subSolve=0.176456, uni_maintain_time=0.0173176, bi_search=0.113049, bi_subSolve=0.22869, bi_maintain_time=0.0748934, admm_maintain=0.216221, area4=4.11467, infea=43.4114, d_obj=-318.654, p_obj=6140.97......., heldout Acc=0.983458 (8/50), overall time=253.911
i=170, a_nnz=10.775, ever_a_nnz=22.9533, b_nnz=311.375, uni_search=0.715109, uni_subSolve=0.176683, uni_maintain_time=0.0171807, bi_search=0.1136, bi_subSolve=0.229386, bi_maintain_time=0.0768722, admm_maintain=0.217258, area4=4.18077, infea=42.8427, d_obj=-322.247, overall time=255.636
i=171, a_nnz=10.7633, ever_a_nnz=22.9664, b_nnz=311.94, uni_search=0.715274, uni_subSolve=0.177104, uni_maintain_time=0.0173352, bi_search=0.113603, bi_subSolve=0.229725, bi_maintain_time=0.0763524, admm_maintain=0.217254, area4=4.1968, infea=41.5252, d_obj=-320.601, overall time=257.362
i=172, a_nnz=10.7641, ever_a_nnz=22.9775, b_nnz=312.435, uni_search=0.714169, uni_subSolve=0.177299, uni_maintain_time=0.0171575, bi_search=0.113694, bi_subSolve=0.22978, bi_maintain_time=0.0756175, admm_maintain=0.217139, area4=4.19713, infea=41.3282, d_obj=-320.285, overall time=259.086
i=173, a_nnz=10.7666, ever_a_nnz=22.9898, b_nnz=312.997, uni_search=0.715507, uni_subSolve=0.177282, uni_maintain_time=0.0171413, bi_search=0.11377, bi_subSolve=0.230347, bi_maintain_time=0.0770298, admm_maintain=0.217343, area4=4.26289, infea=45.0119, d_obj=-309.36, overall time=260.814
i=174, a_nnz=10.7725, ever_a_nnz=22.9988, b_nnz=313.485, uni_search=0.716833, uni_subSolve=0.177767, uni_maintain_time=0.0171743, bi_search=0.113924, bi_subSolve=0.230523, bi_maintain_time=0.0764054, admm_maintain=0.218231, area4=4.34268, infea=45.2359, d_obj=-310.344, overall time=262.546
i=175, a_nnz=10.7586, ever_a_nnz=23.0107, b_nnz=314.008, uni_search=0.719681, uni_subSolve=0.178015, uni_maintain_time=0.0173218, bi_search=0.114483, bi_subSolve=0.230774, bi_maintain_time=0.0764718, admm_maintain=0.218103, area4=4.36438, infea=43.2361, d_obj=-312.707, overall time=264.281
i=176, a_nnz=10.7568, ever_a_nnz=23.0217, b_nnz=314.544, uni_search=0.716472, uni_subSolve=0.178114, uni_maintain_time=0.0175577, bi_search=0.114722, bi_subSolve=0.231621, bi_maintain_time=0.0768136, admm_maintain=0.218511, area4=4.4208, infea=41.4363, d_obj=-308.15, overall time=266.016
i=177, a_nnz=10.7615, ever_a_nnz=23.0337, b_nnz=315.147, uni_search=0.717036, uni_subSolve=0.178411, uni_maintain_time=0.0174592, bi_search=0.11479, bi_subSolve=0.231518, bi_maintain_time=0.076505, admm_maintain=0.219134, area4=4.39576, infea=41.5028, d_obj=-304.282, overall time=267.752
i=178, a_nnz=10.7615, ever_a_nnz=23.0456, b_nnz=315.663, uni_search=0.716261, uni_subSolve=0.178824, uni_maintain_time=0.0172731, bi_search=0.114836, bi_subSolve=0.231932, bi_maintain_time=0.0777596, admm_maintain=0.219374, area4=4.3567, infea=40.4036, d_obj=-309.17, overall time=269.489
i=179, a_nnz=10.7458, ever_a_nnz=23.0564, b_nnz=316.105, uni_search=0.718333, uni_subSolve=0.178759, uni_maintain_time=0.0170308, bi_search=0.114857, bi_subSolve=0.232016, bi_maintain_time=0.0774601, admm_maintain=0.219402, area4=4.32465, infea=41.91, d_obj=-321.265, p_obj=5611.18......., heldout Acc=0.984061 (9/50), overall time=271.229
i=180, a_nnz=10.7575, ever_a_nnz=23.0668, b_nnz=316.561, uni_search=0.71678, uni_subSolve=0.179269, uni_maintain_time=0.0174768, bi_search=0.114465, bi_subSolve=0.232269, bi_maintain_time=0.0769301, admm_maintain=0.220568, area4=4.51694, infea=38.2661, d_obj=-322.317, overall time=272.968
i=181, a_nnz=10.7553, ever_a_nnz=23.078, b_nnz=317.072, uni_search=0.717684, uni_subSolve=0.179057, uni_maintain_time=0.0171699, bi_search=0.114951, bi_subSolve=0.232411, bi_maintain_time=0.0778665, admm_maintain=0.220166, area4=4.72292, infea=36.9508, d_obj=-334.603, overall time=274.709
i=182, a_nnz=10.7525, ever_a_nnz=23.0921, b_nnz=317.63, uni_search=0.718039, uni_subSolve=0.179445, uni_maintain_time=0.0170848, bi_search=0.115099, bi_subSolve=0.232846, bi_maintain_time=0.0774304, admm_maintain=0.220773, area4=4.53998, infea=39.2534, d_obj=-342.306, overall time=276.452
i=183, a_nnz=10.7404, ever_a_nnz=23.1042, b_nnz=318.154, uni_search=0.717489, uni_subSolve=0.179445, uni_maintain_time=0.0171628, bi_search=0.115182, bi_subSolve=0.233097, bi_maintain_time=0.0770338, admm_maintain=0.220987, area4=4.91287, infea=41.7066, d_obj=-351.344, overall time=278.195
i=184, a_nnz=10.7446, ever_a_nnz=23.1138, b_nnz=318.567, uni_search=0.719091, uni_subSolve=0.180179, uni_maintain_time=0.016924, bi_search=0.115317, bi_subSolve=0.233333, bi_maintain_time=0.080769, admm_maintain=0.22273, area4=4.75997, infea=40.2578, d_obj=-381.311, overall time=279.946
i=185, a_nnz=10.7403, ever_a_nnz=23.1264, b_nnz=319.091, uni_search=0.723315, uni_subSolve=0.179749, uni_maintain_time=0.0172399, bi_search=0.11667, bi_subSolve=0.235274, bi_maintain_time=0.0780139, admm_maintain=0.221817, area4=4.7533, infea=41.8392, d_obj=-388.752, overall time=281.701
i=186, a_nnz=10.7408, ever_a_nnz=23.1385, b_nnz=319.634, uni_search=0.721294, uni_subSolve=0.180643, uni_maintain_time=0.017177, bi_search=0.11629, bi_subSolve=0.234222, bi_maintain_time=0.0773224, admm_maintain=0.221824, area4=6.94892, infea=40.0763, d_obj=-394.175, overall time=283.453
i=187, a_nnz=10.7316, ever_a_nnz=23.1511, b_nnz=320.207, uni_search=0.722479, uni_subSolve=0.180762, uni_maintain_time=0.0172545, bi_search=0.116567, bi_subSolve=0.234474, bi_maintain_time=0.0778582, admm_maintain=0.22231, area4=8.70589, infea=39.8198, d_obj=-393.253, overall time=285.209
i=188, a_nnz=10.7258, ever_a_nnz=23.1621, b_nnz=320.674, uni_search=0.721037, uni_subSolve=0.18081, uni_maintain_time=0.016924, bi_search=0.116777, bi_subSolve=0.234784, bi_maintain_time=0.0783968, admm_maintain=0.222463, area4=8.78768, infea=39.1526, d_obj=-389.811, overall time=286.963
i=189, a_nnz=10.7246, ever_a_nnz=23.1703, b_nnz=321.024, uni_search=0.72143, uni_subSolve=0.180977, uni_maintain_time=0.0169479, bi_search=0.116561, bi_subSolve=0.234812, bi_maintain_time=0.0780407, admm_maintain=0.222586, area4=8.78935, infea=36.7772, d_obj=-393.853, p_obj=5483.13......., heldout Acc=0.983803 (10/50), overall time=288.719
i=190, a_nnz=10.7263, ever_a_nnz=23.1809, b_nnz=321.55, uni_search=0.739945, uni_subSolve=0.190332, uni_maintain_time=0.0178159, bi_search=0.123876, bi_subSolve=0.248249, bi_maintain_time=0.0833207, admm_maintain=0.233782, area4=8.80771, infea=37.1551, d_obj=-381.467, overall time=290.549
i=191, a_nnz=10.7246, ever_a_nnz=23.1925, b_nnz=322.038, uni_search=0.74192, uni_subSolve=0.19079, uni_maintain_time=0.0175791, bi_search=0.123703, bi_subSolve=0.248239, bi_maintain_time=0.0828128, admm_maintain=0.234269, area4=8.85011, infea=37.499, d_obj=-385.565, overall time=292.381
i=192, a_nnz=10.7144, ever_a_nnz=23.2025, b_nnz=322.431, uni_search=0.739937, uni_subSolve=0.190214, uni_maintain_time=0.0175005, bi_search=0.124566, bi_subSolve=0.248609, bi_maintain_time=0.0842083, admm_maintain=0.238866, area4=8.76298, infea=38.7126, d_obj=-389.961, overall time=294.218
i=193, a_nnz=10.7139, ever_a_nnz=23.2122, b_nnz=322.822, uni_search=0.750331, uni_subSolve=0.194876, uni_maintain_time=0.0178983, bi_search=0.124044, bi_subSolve=0.24822, bi_maintain_time=0.0851534, admm_maintain=0.234555, area4=8.80838, infea=35.1654, d_obj=-398.758, overall time=296.068
i=194, a_nnz=10.7179, ever_a_nnz=23.2223, b_nnz=323.27, uni_search=0.740357, uni_subSolve=0.190841, uni_maintain_time=0.0175993, bi_search=0.12452, bi_subSolve=0.249115, bi_maintain_time=0.0843364, admm_maintain=0.234819, area4=8.83075, infea=35.6464, d_obj=-408.963, overall time=297.903
i=195, a_nnz=10.7171, ever_a_nnz=23.2318, b_nnz=323.716, uni_search=0.742403, uni_subSolve=0.190858, uni_maintain_time=0.0175567, bi_search=0.124509, bi_subSolve=0.249202, bi_maintain_time=0.0844474, admm_maintain=0.234938, area4=8.85879, infea=35.2054, d_obj=-412.029, overall time=299.741
i=196, a_nnz=10.7152, ever_a_nnz=23.242, b_nnz=324.162, uni_search=0.73985, uni_subSolve=0.190889, uni_maintain_time=0.0175342, bi_search=0.124664, bi_subSolve=0.249217, bi_maintain_time=0.0848788, admm_maintain=0.235935, area4=8.92789, infea=37.1075, d_obj=-422.067, overall time=301.577
i=197, a_nnz=10.7104, ever_a_nnz=23.2502, b_nnz=324.543, uni_search=0.739759, uni_subSolve=0.191086, uni_maintain_time=0.0173668, bi_search=0.123985, bi_subSolve=0.248888, bi_maintain_time=0.0832555, admm_maintain=0.235494, area4=9.01168, infea=35.5559, d_obj=-430.861, overall time=303.411
i=198, a_nnz=10.7142, ever_a_nnz=23.2579, b_nnz=324.873, uni_search=0.745637, uni_subSolve=0.191142, uni_maintain_time=0.0174087, bi_search=0.12433, bi_subSolve=0.249277, bi_maintain_time=0.0841319, admm_maintain=0.235318, area4=9.1125, infea=36.6751, d_obj=-435.071, overall time=305.252
i=199, a_nnz=10.7139, ever_a_nnz=23.2649, b_nnz=325.156, uni_search=0.741138, uni_subSolve=0.191553, uni_maintain_time=0.0175557, bi_search=0.124166, bi_subSolve=0.249621, bi_maintain_time=0.0852136, admm_maintain=0.235765, area4=9.03071, infea=33.405, d_obj=-453.186, p_obj=5757.93......., heldout Acc=0.98432 (11/50), overall time=307.091
i=200, a_nnz=10.7044, ever_a_nnz=23.2727, b_nnz=325.435, uni_search=0.723044, uni_subSolve=0.183027, uni_maintain_time=0.0169015, bi_search=0.118122, bi_subSolve=0.238322, bi_maintain_time=0.0774017, admm_maintain=0.226226, area4=9.14889, infea=32.5655, d_obj=-460.813, overall time=308.86
i=201, a_nnz=10.7076, ever_a_nnz=23.2834, b_nnz=325.817, uni_search=0.722312, uni_subSolve=0.183193, uni_maintain_time=0.0168788, bi_search=0.118464, bi_subSolve=0.23798, bi_maintain_time=0.0821355, admm_maintain=0.227267, area4=8.85345, infea=32.6382, d_obj=-472.065, overall time=310.635
i=202, a_nnz=10.7056, ever_a_nnz=23.2923, b_nnz=326.123, uni_search=0.722717, uni_subSolve=0.183366, uni_maintain_time=0.0168117, bi_search=0.119509, bi_subSolve=0.239108, bi_maintain_time=0.0792909, admm_maintain=0.22612, area4=10.9259, infea=33.4793, d_obj=-475.998, overall time=312.409
i=203, a_nnz=10.7054, ever_a_nnz=23.3031, b_nnz=326.524, uni_search=0.723681, uni_subSolve=0.183724, uni_maintain_time=0.0168326, bi_search=0.118941, bi_subSolve=0.238322, bi_maintain_time=0.0794093, admm_maintain=0.226602, area4=10.7783, infea=34.4381, d_obj=-487.154, overall time=314.183
i=204, a_nnz=10.7174, ever_a_nnz=23.3115, b_nnz=326.865, uni_search=0.724357, uni_subSolve=0.183852, uni_maintain_time=0.0170237, bi_search=0.119153, bi_subSolve=0.238913, bi_maintain_time=0.0792735, admm_maintain=0.226692, area4=10.8985, infea=32.3322, d_obj=-496.717, overall time=315.959
i=205, a_nnz=10.7154, ever_a_nnz=23.3205, b_nnz=327.166, uni_search=0.725819, uni_subSolve=0.183848, uni_maintain_time=0.0168737, bi_search=0.119418, bi_subSolve=0.239337, bi_maintain_time=0.0796366, admm_maintain=0.226898, area4=10.9165, infea=35.7247, d_obj=-505.334, overall time=317.738
i=206, a_nnz=10.7022, ever_a_nnz=23.3278, b_nnz=327.471, uni_search=0.725351, uni_subSolve=0.183992, uni_maintain_time=0.0166349, bi_search=0.118946, bi_subSolve=0.238677, bi_maintain_time=0.0788899, admm_maintain=0.226897, area4=10.8191, infea=31.8596, d_obj=-517.614, overall time=319.515
i=207, a_nnz=10.7004, ever_a_nnz=23.3382, b_nnz=327.862, uni_search=0.727389, uni_subSolve=0.184146, uni_maintain_time=0.016858, bi_search=0.119582, bi_subSolve=0.239484, bi_maintain_time=0.0784659, admm_maintain=0.227324, area4=10.7166, infea=33.894, d_obj=-512.428, overall time=321.296
i=208, a_nnz=10.6894, ever_a_nnz=23.347, b_nnz=328.217, uni_search=0.727414, uni_subSolve=0.184335, uni_maintain_time=0.0167137, bi_search=0.119363, bi_subSolve=0.238939, bi_maintain_time=0.0790469, admm_maintain=0.227473, area4=10.7429, infea=35.552, d_obj=-522.981, overall time=323.077
i=209, a_nnz=10.6815, ever_a_nnz=23.3564, b_nnz=328.566, uni_search=0.725753, uni_subSolve=0.184586, uni_maintain_time=0.0170123, bi_search=0.11934, bi_subSolve=0.239547, bi_maintain_time=0.0797387, admm_maintain=0.227587, area4=10.9149, infea=31.2577, d_obj=-525.118, p_obj=5930.69......., heldout Acc=0.984147 (12/50), overall time=324.859
i=210, a_nnz=10.68, ever_a_nnz=23.364, b_nnz=328.895, uni_search=0.756879, uni_subSolve=0.201775, uni_maintain_time=0.017035, bi_search=0.141729, bi_subSolve=0.25394, bi_maintain_time=0.0822078, admm_maintain=0.25972, area4=11.025, infea=30.607, d_obj=-529.941, overall time=326.789
i=211, a_nnz=10.6705, ever_a_nnz=23.3714, b_nnz=329.27, uni_search=0.750868, uni_subSolve=0.201681, uni_maintain_time=0.0170557, bi_search=0.140247, bi_subSolve=0.253837, bi_maintain_time=0.0812925, admm_maintain=0.257109, area4=10.9519, infea=31.9033, d_obj=-528.857, overall time=328.707
i=212, a_nnz=10.6742, ever_a_nnz=23.3801, b_nnz=329.679, uni_search=0.75063, uni_subSolve=0.202149, uni_maintain_time=0.0169924, bi_search=0.140573, bi_subSolve=0.253846, bi_maintain_time=0.0820623, admm_maintain=0.257308, area4=11.191, infea=32.4033, d_obj=-531.027, overall time=330.627
i=213, a_nnz=10.6555, ever_a_nnz=23.3876, b_nnz=330.007, uni_search=0.75279, uni_subSolve=0.202504, uni_maintain_time=0.0171009, bi_search=0.140756, bi_subSolve=0.253674, bi_maintain_time=0.0860719, admm_maintain=0.259663, area4=11.1616, infea=35.075, d_obj=-517.102, overall time=332.556
i=214, a_nnz=10.655, ever_a_nnz=23.3954, b_nnz=330.329, uni_search=0.752463, uni_subSolve=0.202129, uni_maintain_time=0.0170469, bi_search=0.140721, bi_subSolve=0.254179, bi_maintain_time=0.0823711, admm_maintain=0.257778, area4=11.1766, infea=31.8928, d_obj=-520.798, overall time=334.479
i=215, a_nnz=10.6538, ever_a_nnz=23.4048, b_nnz=330.641, uni_search=0.753845, uni_subSolve=0.202523, uni_maintain_time=0.0171474, bi_search=0.140906, bi_subSolve=0.255492, bi_maintain_time=0.0837254, admm_maintain=0.258221, area4=11.3298, infea=31.7872, d_obj=-522.548, overall time=336.408
i=216, a_nnz=10.6433, ever_a_nnz=23.4121, b_nnz=330.958, uni_search=0.751345, uni_subSolve=0.202842, uni_maintain_time=0.0170472, bi_search=0.137582, bi_subSolve=0.252542, bi_maintain_time=0.0820051, admm_maintain=0.253487, area4=11.4076, infea=31.9978, d_obj=-532.366, overall time=338.323
i=217, a_nnz=10.6368, ever_a_nnz=23.4203, b_nnz=331.281, uni_search=0.753427, uni_subSolve=0.203261, uni_maintain_time=0.017165, bi_search=0.142885, bi_subSolve=0.255492, bi_maintain_time=0.0828569, admm_maintain=0.260447, area4=11.3862, infea=30.0228, d_obj=-534.97, overall time=340.257
i=218, a_nnz=10.6361, ever_a_nnz=23.429, b_nnz=331.603, uni_search=0.754951, uni_subSolve=0.203352, uni_maintain_time=0.0170719, bi_search=0.143148, bi_subSolve=0.255403, bi_maintain_time=0.0825027, admm_maintain=0.260654, area4=11.5174, infea=31.7045, d_obj=-544.909, overall time=342.296
i=219, a_nnz=10.6421, ever_a_nnz=23.4355, b_nnz=331.88, uni_search=0.915908, uni_subSolve=0.314571, uni_maintain_time=0.0309835, bi_search=0.208954, bi_subSolve=0.329754, bi_maintain_time=0.137519, admm_maintain=0.36067, area4=11.4654, infea=30.5318, d_obj=-552.411, p_obj=5144.25......., heldout Acc=0.984406 (13/50), overall time=344.894
i=220, a_nnz=10.6319, ever_a_nnz=23.4425, b_nnz=332.174, uni_search=1.26156, uni_subSolve=0.373212, uni_maintain_time=0.0288493, bi_search=0.143927, bi_subSolve=0.259895, bi_maintain_time=0.0833472, admm_maintain=0.260357, area4=13.3085, infea=29.6247, d_obj=-554.104, overall time=347.522
i=221, a_nnz=10.6338, ever_a_nnz=23.4503, b_nnz=332.437, uni_search=0.752104, uni_subSolve=0.203008, uni_maintain_time=0.0166891, bi_search=0.141804, bi_subSolve=0.256003, bi_maintain_time=0.0825426, admm_maintain=0.259144, area4=13.4203, infea=28.4888, d_obj=-569.236, overall time=349.451
i=222, a_nnz=10.6294, ever_a_nnz=23.4575, b_nnz=332.648, uni_search=0.756575, uni_subSolve=0.203211, uni_maintain_time=0.0166, bi_search=0.141728, bi_subSolve=0.256097, bi_maintain_time=0.0828661, admm_maintain=0.259366, area4=13.427, infea=27.7751, d_obj=-587.52, overall time=351.386
i=223, a_nnz=10.6268, ever_a_nnz=23.4667, b_nnz=332.982, uni_search=0.753561, uni_subSolve=0.203494, uni_maintain_time=0.0168479, bi_search=0.142204, bi_subSolve=0.255965, bi_maintain_time=0.0832262, admm_maintain=0.259459, area4=13.4894, infea=27.5095, d_obj=-589.297, overall time=353.319
i=224, a_nnz=10.6261, ever_a_nnz=23.4749, b_nnz=333.345, uni_search=0.754745, uni_subSolve=0.203302, uni_maintain_time=0.0169293, bi_search=0.142412, bi_subSolve=0.255931, bi_maintain_time=0.0828113, admm_maintain=0.26021, area4=13.2811, infea=30.6471, d_obj=-597.418, overall time=355.253
i=225, a_nnz=10.6251, ever_a_nnz=23.4826, b_nnz=333.68, uni_search=0.868015, uni_subSolve=0.276727, uni_maintain_time=0.0262837, bi_search=0.213463, bi_subSolve=0.335908, bi_maintain_time=0.138091, admm_maintain=0.385341, area4=13.3786, infea=27.668, d_obj=-610.181, overall time=357.821
i=226, a_nnz=10.6244, ever_a_nnz=23.4896, b_nnz=333.95, uni_search=0.916941, uni_subSolve=0.316654, uni_maintain_time=0.0305243, bi_search=0.213759, bi_subSolve=0.336652, bi_maintain_time=0.140063, admm_maintain=0.385719, area4=13.6179, infea=29.9274, d_obj=-611.507, overall time=360.485
i=227, a_nnz=10.6113, ever_a_nnz=23.4984, b_nnz=334.301, uni_search=0.918082, uni_subSolve=0.317057, uni_maintain_time=0.0308041, bi_search=0.206954, bi_subSolve=0.326929, bi_maintain_time=0.132027, admm_maintain=0.363018, area4=13.7201, infea=28.8485, d_obj=-608.862, overall time=363.079
i=228, a_nnz=10.6101, ever_a_nnz=23.5054, b_nnz=334.613, uni_search=0.893852, uni_subSolve=0.296389, uni_maintain_time=0.0283624, bi_search=0.201936, bi_subSolve=0.320941, bi_maintain_time=0.128098, admm_maintain=0.362607, area4=13.6957, infea=28.5993, d_obj=-608.998, overall time=365.611
i=229, a_nnz=10.6052, ever_a_nnz=23.5131, b_nnz=334.851, uni_search=0.894641, uni_subSolve=0.295758, uni_maintain_time=0.0279855, bi_search=0.202265, bi_subSolve=0.321412, bi_maintain_time=0.127407, admm_maintain=0.362528, area4=13.412, infea=29.0586, d_obj=-603.283, p_obj=5941.21......., heldout Acc=0.98432 (14/50), overall time=368.215
i=230, a_nnz=10.5981, ever_a_nnz=23.5199, b_nnz=335.118, uni_search=0.759727, uni_subSolve=0.206479, uni_maintain_time=0.016794, bi_search=0.145256, bi_subSolve=0.258711, bi_maintain_time=0.0840874, admm_maintain=0.265161, area4=13.5482, infea=26.0236, d_obj=-612.908, overall time=370.174
i=231, a_nnz=10.5962, ever_a_nnz=23.5271, b_nnz=335.371, uni_search=0.75685, uni_subSolve=0.205343, uni_maintain_time=0.0167797, bi_search=0.143469, bi_subSolve=0.258348, bi_maintain_time=0.0840552, admm_maintain=0.263772, area4=13.8085, infea=26.8066, d_obj=-619.679, overall time=372.123
i=232, a_nnz=10.5994, ever_a_nnz=23.534, b_nnz=335.622, uni_search=0.758235, uni_subSolve=0.205486, uni_maintain_time=0.017022, bi_search=0.143265, bi_subSolve=0.258579, bi_maintain_time=0.0846194, admm_maintain=0.263104, area4=13.4827, infea=27.3177, d_obj=-622.423, overall time=374.073
i=233, a_nnz=10.6059, ever_a_nnz=23.54, b_nnz=335.866, uni_search=0.754744, uni_subSolve=0.205733, uni_maintain_time=0.0169038, bi_search=0.143644, bi_subSolve=0.25856, bi_maintain_time=0.0833427, admm_maintain=0.263139, area4=13.6864, infea=26.0243, d_obj=-632.967, overall time=376.02
i=234, a_nnz=10.6042, ever_a_nnz=23.5467, b_nnz=336.079, uni_search=0.756223, uni_subSolve=0.205597, uni_maintain_time=0.0166703, bi_search=0.144078, bi_subSolve=0.259006, bi_maintain_time=0.0873693, admm_maintain=0.264992, area4=15.675, infea=25.4539, d_obj=-656.504, overall time=377.975
i=235, a_nnz=10.6101, ever_a_nnz=23.5542, b_nnz=336.351, uni_search=0.757149, uni_subSolve=0.205707, uni_maintain_time=0.0170583, bi_search=0.143893, bi_subSolve=0.2587, bi_maintain_time=0.0824898, admm_maintain=0.26342, area4=15.5916, infea=24.8588, d_obj=-655.758, overall time=379.925
i=236, a_nnz=10.6118, ever_a_nnz=23.5592, b_nnz=336.554, uni_search=0.754676, uni_subSolve=0.205055, uni_maintain_time=0.0166134, bi_search=0.201409, bi_subSolve=0.323526, bi_maintain_time=0.129891, admm_maintain=0.389014, area4=15.4604, infea=25.1122, d_obj=-656.543, overall time=382.271
i=237, a_nnz=10.6184, ever_a_nnz=23.5653, b_nnz=336.782, uni_search=0.920795, uni_subSolve=0.318659, uni_maintain_time=0.0302603, bi_search=0.215265, bi_subSolve=0.338284, bi_maintain_time=0.140228, admm_maintain=0.387995, area4=15.8029, infea=27.1833, d_obj=-657.423, overall time=384.948
i=238, a_nnz=10.6153, ever_a_nnz=23.5722, b_nnz=336.999, uni_search=0.925567, uni_subSolve=0.31877, uni_maintain_time=0.0302172, bi_search=0.215448, bi_subSolve=0.337902, bi_maintain_time=0.139727, admm_maintain=0.388707, area4=15.9194, infea=27.8468, d_obj=-662.971, overall time=387.528
i=239, a_nnz=10.6133, ever_a_nnz=23.5809, b_nnz=337.317, uni_search=0.755625, uni_subSolve=0.20516, uni_maintain_time=0.0167837, bi_search=0.143191, bi_subSolve=0.257741, bi_maintain_time=0.0872198, admm_maintain=0.264642, area4=15.9294, infea=26.0734, d_obj=-666.625