using heldout data set: /scratch/cluster/ianyen/data/multilabel/bibtex.test
D=1837
K=159
N=5991
d=68.0461
r=1
i=0, a_nnz=3.38141, ever_a_nnz=3.38141, b_nnz=6.46553, uni_search=0.37357, uni_subSolve=0.0169091, uni_maintain_time=0.0122754, bi_search=7.002, bi_subSolve=0.0167944, bi_maintain_time=0.0225819, admm_maintain=0.00708006, area4=-nan, infea=23.2178, d_obj=-198.33, overall time=7.50313
i=1, a_nnz=4.28159, ever_a_nnz=4.28626, b_nnz=10.3587, uni_search=0.485548, uni_subSolve=0.0237319, uni_maintain_time=0.0144547, bi_search=7.01099, bi_subSolve=0.0265266, bi_maintain_time=0.0320555, admm_maintain=0.0118037, area4=-nan, infea=37.0414, d_obj=-377.105, p_obj=244421......., heldout Acc=0.935556, overall time=15.1271
i=2, a_nnz=5.00568, ever_a_nnz=5.02888, b_nnz=14.2415, uni_search=0.676678, uni_subSolve=0.0339138, uni_maintain_time=0.0146981, bi_search=7.07255, bi_subSolve=0.031118, bi_maintain_time=0.0423666, admm_maintain=0.0156579, area4=-nan, infea=57.1706, d_obj=-343.637, overall time=23.0371
i=3, a_nnz=5.68953, ever_a_nnz=5.7326, b_nnz=18.3362, uni_search=0.762628, uni_subSolve=0.0410233, uni_maintain_time=0.0167822, bi_search=7.06233, bi_subSolve=0.0386967, bi_maintain_time=0.0449476, admm_maintain=0.0205465, area4=-nan, infea=76.0393, d_obj=-524.1, p_obj=68744.9......., heldout Acc=0.973206, overall time=31.0641
i=4, a_nnz=6.30496, ever_a_nnz=6.37907, b_nnz=22.4859, uni_search=0.600627, uni_subSolve=0.0229404, uni_maintain_time=0.0160291, bi_search=6.84665, bi_subSolve=0.0221719, bi_maintain_time=0.0143465, admm_maintain=0.0155778, area4=-nan, infea=83.8327, d_obj=-694.156, overall time=38.6219
i=5, a_nnz=6.86897, ever_a_nnz=6.96929, b_nnz=26.6346, uni_search=0.61658, uni_subSolve=0.0222046, uni_maintain_time=0.0149491, bi_search=6.80399, bi_subSolve=0.0229347, bi_maintain_time=0.0159756, admm_maintain=0.0167345, area4=-nan, infea=93.2284, d_obj=-834.049, p_obj=35303.9......., heldout Acc=0.980529, overall time=46.1562
i=6, a_nnz=7.36922, ever_a_nnz=7.4919, b_nnz=30.5906, uni_search=0.903576, uni_subSolve=0.0692008, uni_maintain_time=0.0237647, bi_search=7.04362, bi_subSolve=0.093109, bi_maintain_time=0.0700092, admm_maintain=0.058133, area4=-nan, infea=96.7725, d_obj=-938.26, overall time=54.4846
i=7, a_nnz=7.78918, ever_a_nnz=7.9304, b_nnz=34.192, uni_search=1.02197, uni_subSolve=0.0864075, uni_maintain_time=0.0254196, bi_search=7.03309, bi_subSolve=0.0972455, bi_maintain_time=0.0650204, admm_maintain=0.0375875, area4=-nan, infea=102.611, d_obj=-1001.41, p_obj=22956.9......., heldout Acc=0.983717, overall time=62.8945
i=8, a_nnz=8.17226, ever_a_nnz=8.32916, b_nnz=37.6682, uni_search=0.869634, uni_subSolve=0.0549183, uni_maintain_time=0.0243097, bi_search=7.02893, bi_subSolve=0.115457, bi_maintain_time=0.083701, admm_maintain=0.0741971, area4=-nan, infea=109.641, d_obj=-1031.41, overall time=71.2294
i=9, a_nnz=8.51477, ever_a_nnz=8.68436, b_nnz=40.9087, uni_search=1.29212, uni_subSolve=0.133714, uni_maintain_time=0.0278215, bi_search=7.06255, bi_subSolve=0.137565, bi_maintain_time=0.0988488, admm_maintain=0.0406313, area4=-nan, infea=116.05, d_obj=-1122.74, p_obj=16880.8......., heldout Acc=0.984578, overall time=80.0684
i=10, a_nnz=8.83008, ever_a_nnz=9.01619, b_nnz=44.0976, uni_search=0.81644, uni_subSolve=0.043445, uni_maintain_time=0.0172049, bi_search=6.86109, bi_subSolve=0.0687942, bi_maintain_time=0.0460319, admm_maintain=0.037797, area4=-nan, infea=112.753, d_obj=-1175.63, overall time=88.0021
i=11, a_nnz=9.10766, ever_a_nnz=9.3128, b_nnz=47.0931, uni_search=0.971275, uni_subSolve=0.0677641, uni_maintain_time=0.0195407, bi_search=6.84661, bi_subSolve=0.0653593, bi_maintain_time=0.0375715, admm_maintain=0.0399723, area4=-nan, infea=122.791, d_obj=-1232.27, p_obj=14884.2......., heldout Acc=0.986732, overall time=96.094
i=12, a_nnz=9.37256, ever_a_nnz=9.58438, b_nnz=49.9421, uni_search=0.885541, uni_subSolve=0.0500002, uni_maintain_time=0.0212316, bi_search=6.82978, bi_subSolve=0.043382, bi_maintain_time=0.0212887, admm_maintain=0.0328796, area4=-nan, infea=118.821, d_obj=-1322.61, overall time=104.015
i=13, a_nnz=9.58972, ever_a_nnz=9.81923, b_nnz=52.5191, uni_search=0.852704, uni_subSolve=0.041628, uni_maintain_time=0.0171557, bi_search=6.83122, bi_subSolve=0.0449807, bi_maintain_time=0.021782, admm_maintain=0.0345981, area4=-nan, infea=118.668, d_obj=-1348.84, p_obj=11104.6......., heldout Acc=0.985871 (1/50), overall time=111.896
i=14, a_nnz=9.80604, ever_a_nnz=10.0432, b_nnz=55.0634, uni_search=0.869093, uni_subSolve=0.0420036, uni_maintain_time=0.0173355, bi_search=6.83966, bi_subSolve=0.0468441, bi_maintain_time=0.0229407, admm_maintain=0.0351864, area4=-nan, infea=116.645, d_obj=-1405.04, overall time=119.807
i=15, a_nnz=10.0125, ever_a_nnz=10.2577, b_nnz=57.5321, uni_search=0.886536, uni_subSolve=0.0446496, uni_maintain_time=0.0176507, bi_search=6.84229, bi_subSolve=0.0497463, bi_maintain_time=0.0235994, admm_maintain=0.0418286, area4=-nan, infea=119.24, d_obj=-1465.23, p_obj=10679.9......., heldout Acc=0.985612 (2/50), overall time=127.757
i=16, a_nnz=10.2043, ever_a_nnz=10.4542, b_nnz=59.8802, uni_search=0.985442, uni_subSolve=0.0618695, uni_maintain_time=0.0227913, bi_search=6.93765, bi_subSolve=0.0979831, bi_maintain_time=0.0515234, admm_maintain=0.0606928, area4=-nan, infea=113.759, d_obj=-1545.25, overall time=136.043
i=17, a_nnz=10.3809, ever_a_nnz=10.6308, b_nnz=62.0579, uni_search=1.12974, uni_subSolve=0.0961669, uni_maintain_time=0.0252621, bi_search=6.96613, bi_subSolve=0.114064, bi_maintain_time=0.0712575, admm_maintain=0.0502578, area4=-nan, infea=113.184, d_obj=-1572.49, p_obj=9256.59......., heldout Acc=0.985354 (3/50), overall time=144.56
i=18, a_nnz=10.5365, ever_a_nnz=10.7924, b_nnz=64.1224, uni_search=1.04228, uni_subSolve=0.073594, uni_maintain_time=0.0203071, bi_search=6.8968, bi_subSolve=0.108266, bi_maintain_time=0.0481447, admm_maintain=0.0544026, area4=-nan, infea=113.545, d_obj=-1600.11, overall time=152.861
i=19, a_nnz=10.6965, ever_a_nnz=10.9546, b_nnz=66.2091, uni_search=1.17914, uni_subSolve=0.115327, uni_maintain_time=0.0250099, bi_search=7.33887, bi_subSolve=0.205732, bi_maintain_time=0.158073, admm_maintain=0.12528, area4=-nan, infea=107.28, d_obj=-1657.91, p_obj=7936.33......., heldout Acc=0.985612 (4/50), overall time=162.139
i=20, a_nnz=10.8409, ever_a_nnz=11.0996, b_nnz=68.1569, uni_search=1.68463, uni_subSolve=0.151841, uni_maintain_time=0.0361136, bi_search=7.26637, bi_subSolve=0.177047, bi_maintain_time=0.136344, admm_maintain=0.0949286, area4=-nan, infea=101.763, d_obj=-1678.52, overall time=171.78
i=21, a_nnz=10.9826, ever_a_nnz=11.2427, b_nnz=70.0938, uni_search=1.70415, uni_subSolve=0.145101, uni_maintain_time=0.0357736, bi_search=7.26295, bi_subSolve=0.173401, bi_maintain_time=0.137376, admm_maintain=0.100803, area4=-nan, infea=101.817, d_obj=-1705.74