using heldout data set: /scratch/cluster/ianyen/data/multilabel/bibtex.test
D=1837
K=159
N=5991
d=68.0461
r=1
i=0, a_nnz=3.33634, ever_a_nnz=3.33634, b_nnz=6.05859, uni_search=0.312331, uni_subSolve=0.0112851, uni_maintain_time=0.0109729, bi_search=6.56274, bi_subSolve=0.00768807, bi_maintain_time=0.00710077, admm_maintain=0.00501434, area4=-nan, infea=60.4745, d_obj=-25.4534, overall time=6.95576
i=1, a_nnz=4.13036, ever_a_nnz=4.13554, b_nnz=9.30846, uni_search=0.413558, uni_subSolve=0.0155187, uni_maintain_time=0.0145884, bi_search=6.62056, bi_subSolve=0.0122544, bi_maintain_time=0.0103416, admm_maintain=0.00920477, area4=-nan, infea=125.543, d_obj=53.4211, p_obj=326415......., heldout Acc=0.90635, overall time=14.0668
i=2, a_nnz=4.94442, ever_a_nnz=4.95677, b_nnz=13.1265, uni_search=0.493919, uni_subSolve=0.020413, uni_maintain_time=0.0150303, bi_search=6.58662, bi_subSolve=0.0158875, bi_maintain_time=0.0109694, admm_maintain=0.0118819, area4=-nan, infea=176.661, d_obj=-59.5798, overall time=21.2383
i=3, a_nnz=5.70289, ever_a_nnz=5.72859, b_nnz=17.2751, uni_search=0.562736, uni_subSolve=0.0242438, uni_maintain_time=0.0168027, bi_search=6.58375, bi_subSolve=0.0204442, bi_maintain_time=0.0125337, admm_maintain=0.0153281, area4=-nan, infea=177.337, d_obj=-196.329, p_obj=66328.4......., heldout Acc=0.979754, overall time=28.4998
i=4, a_nnz=6.36655, ever_a_nnz=6.40477, b_nnz=21.4326, uni_search=0.604363, uni_subSolve=0.0245997, uni_maintain_time=0.0167852, bi_search=6.48327, bi_subSolve=0.0228981, bi_maintain_time=0.0128449, admm_maintain=0.0170481, area4=-nan, infea=201.748, d_obj=-269.064, overall time=35.7064
i=5, a_nnz=6.94275, ever_a_nnz=6.99282, b_nnz=25.4617, uni_search=0.65961, uni_subSolve=0.0288354, uni_maintain_time=0.0177, bi_search=6.48954, bi_subSolve=0.0270476, bi_maintain_time=0.0143891, admm_maintain=0.0201784, area4=-nan, infea=221.494, d_obj=-298.198, p_obj=33412.4......., heldout Acc=0.98544, overall time=42.99
i=6, a_nnz=7.43115, ever_a_nnz=7.49942, b_nnz=29.254, uni_search=0.840522, uni_subSolve=0.0506982, uni_maintain_time=0.0184094, bi_search=6.61955, bi_subSolve=0.0587543, bi_maintain_time=0.0389025, admm_maintain=0.0231825, area4=-nan, infea=233.805, d_obj=-338.392, overall time=50.6686
i=7, a_nnz=7.8678, ever_a_nnz=7.95043, b_nnz=32.9266, uni_search=0.747141, uni_subSolve=0.0383835, uni_maintain_time=0.0167756, bi_search=6.63408, bi_subSolve=0.0691521, bi_maintain_time=0.0477424, admm_maintain=0.0337047, area4=-nan, infea=238.564, d_obj=-391.647, p_obj=21729......., heldout Acc=0.985095 (1/50), overall time=58.296
i=8, a_nnz=8.24253, ever_a_nnz=8.33867, b_nnz=36.3046, uni_search=1.16974, uni_subSolve=0.0886405, uni_maintain_time=0.0268062, bi_search=6.73777, bi_subSolve=0.0951127, bi_maintain_time=0.07218, admm_maintain=0.0483119, area4=-nan, infea=246.741, d_obj=-438.896, overall time=66.5901
i=9, a_nnz=8.57937, ever_a_nnz=8.68603, b_nnz=39.4804, uni_search=1.21297, uni_subSolve=0.0917573, uni_maintain_time=0.027437, bi_search=6.74297, bi_subSolve=0.101407, bi_maintain_time=0.0753452, admm_maintain=0.0540782, area4=-nan, infea=252.078, d_obj=-464.901, p_obj=14558.1......., heldout Acc=0.985784, overall time=74.9587
i=10, a_nnz=8.87698, ever_a_nnz=8.99149, b_nnz=42.4437, uni_search=0.885532, uni_subSolve=0.0523003, uni_maintain_time=0.0232797, bi_search=6.68305, bi_subSolve=0.0692751, bi_maintain_time=0.037287, admm_maintain=0.0368405, area4=-nan, infea=254.872, d_obj=-521.423, overall time=82.7879
i=11, a_nnz=9.13837, ever_a_nnz=9.26657, b_nnz=45.239, uni_search=1.03712, uni_subSolve=0.0814118, uni_maintain_time=0.0249837, bi_search=6.70302, bi_subSolve=0.0710406, bi_maintain_time=0.0379377, admm_maintain=0.0412436, area4=-nan, infea=262.219, d_obj=-542.411, p_obj=12769.6......., heldout Acc=0.985268 (1/50), overall time=90.8296
i=12, a_nnz=9.38057, ever_a_nnz=9.51377, b_nnz=47.8596, uni_search=0.904612, uni_subSolve=0.0546267, uni_maintain_time=0.021293, bi_search=6.60948, bi_subSolve=0.0754986, bi_maintain_time=0.0432296, admm_maintain=0.0387949, area4=-nan, infea=261.302, d_obj=-575.68, overall time=98.6186
i=13, a_nnz=9.60224, ever_a_nnz=9.74228, b_nnz=50.3662, uni_search=0.9491, uni_subSolve=0.0623119, uni_maintain_time=0.021904, bi_search=6.60881, bi_subSolve=0.0764165, bi_maintain_time=0.04278, admm_maintain=0.0398267, area4=-nan, infea=255.612, d_obj=-617.411, p_obj=9010.26......., heldout Acc=0.98656, overall time=106.466
i=14, a_nnz=9.7967, ever_a_nnz=9.94141, b_nnz=52.6216, uni_search=0.911763, uni_subSolve=0.0517102, uni_maintain_time=0.0214713, bi_search=6.52121, bi_subSolve=0.0491681, bi_maintain_time=0.02225, admm_maintain=0.0388036, area4=-nan, infea=254.887, d_obj=-654.348, overall time=114.125
i=15, a_nnz=9.97914, ever_a_nnz=10.1257, b_nnz=54.7722, uni_search=0.925148, uni_subSolve=0.0529962, uni_maintain_time=0.0218112, bi_search=6.52352, bi_subSolve=0.0517186, bi_maintain_time=0.0232272, admm_maintain=0.0422184, area4=-nan, infea=256.708, d_obj=-683.707, p_obj=8897.89......., heldout Acc=0.987766, overall time=121.81
i=16, a_nnz=10.1482, ever_a_nnz=10.2998, b_nnz=56.8531, uni_search=0.917875, uni_subSolve=0.0513013, uni_maintain_time=0.0182839, bi_search=6.57945, bi_subSolve=0.0519153, bi_maintain_time=0.0244544, admm_maintain=0.0370013, area4=-nan, infea=256.571, d_obj=-714.212, overall time=129.53
i=17, a_nnz=10.3083, ever_a_nnz=10.46, b_nnz=58.8199, uni_search=0.929797, uni_subSolve=0.0527104, uni_maintain_time=0.0183567, bi_search=6.61801, bi_subSolve=0.0815806, bi_maintain_time=0.0526551, admm_maintain=0.0468218, area4=-nan, infea=252.505, d_obj=-749.863, p_obj=8771.72......., heldout Acc=0.986904 (1/50), overall time=137.378
i=18, a_nnz=10.4445, ever_a_nnz=10.5991, b_nnz=60.5867, uni_search=1.34014, uni_subSolve=0.122596, uni_maintain_time=0.0290898, bi_search=6.67059, bi_subSolve=0.149433, bi_maintain_time=0.0971826, admm_maintain=0.053014, area4=-nan, infea=242.531, d_obj=-789.086, overall time=145.917
i=19, a_nnz=10.573, ever_a_nnz=10.7273, b_nnz=62.2579, uni_search=1.20772, uni_subSolve=0.113036, uni_maintain_time=0.0250561, bi_search=6.58969, bi_subSolve=0.150671, bi_maintain_time=0.0777856, admm_maintain=0.0703868, area4=-nan, infea=235.852, d_obj=-821.719, p_obj=6758.74......., heldout Acc=0.986215 (2/50), overall time=154.252
i=20, a_nnz=10.6915, ever_a_nnz=10.8508, b_nnz=63.9035, uni_search=1.03256, uni_subSolve=0.0736502, uni_maintain_time=0.0234208, bi_search=6.56264, bi_subSolve=0.102759, bi_maintain_time=0.0489568, admm_maintain=0.0573632, area4=-nan, infea=237.105, d_obj=-846.377, overall time=162.221
i=21, a_nnz=10.8055, ever_a_nnz=10.9666, b_nnz=65.5083, uni_search=1.0623, uni_subSolve=0.0808682, uni_maintain_time=0.0239736, bi_search=6.56079, bi_subSolve=0.101396, bi_maintain_time=0.0472387, admm_maintain=0.0495596, area4=-nan, infea=234.413, d_obj=-878.139, p_obj=6621.43......., heldout Acc=0.986388 (3/50), overall time=170.201
i=22, a_nnz=10.9049, ever_a_nnz=11.0696, b_nnz=66.9589, uni_search=1.45367, uni_subSolve=0.136419, uni_maintain_time=0.0308604, bi_search=6.72284, bi_subSolve=0.162909, bi_maintain_time=0.100854, admm_maintain=0.0859776, area4=-nan, infea=235.18, d_obj=-897.069, overall time=178.978
i=23, a_nnz=10.9998, ever_a_nnz=11.1662, b_nnz=68.3649, uni_search=1.16477, uni_subSolve=0.106419, uni_maintain_time=0.025337, bi_search=6.6082, bi_subSolve=0.165, bi_maintain_time=0.0854577, admm_maintain=0.0570077, area4=-nan, infea=232.518, d_obj=-923.188, p_obj=5481.07......., heldout Acc=0.986646 (4/50), overall time=187.277
i=24, a_nnz=11.0955, ever_a_nnz=11.2636, b_nnz=69.7596, uni_search=1.10093, uni_subSolve=0.0887199, uni_maintain_time=0.0249075, bi_search=6.5676, bi_subSolve=0.114137, bi_maintain_time=0.0523203, admm_maintain=0.0685177, area4=-nan, infea=232.621, d_obj=-943.434, overall time=195.354
i=25, a_nnz=11.1794, ever_a_nnz=11.3492, b_nnz=71.0526, uni_search=1.09493, uni_subSolve=0.0864854, uni_maintain_time=0.0246994, bi_search=6.57668, bi_subSolve=0.123139, bi_maintain_time=0.0582714, admm_maintain=0.0581393, area4=-nan, infea=227.386, d_obj=-956.242, p_obj=5871.73......., heldout Acc=0.987163 (5/50), overall time=203.444
i=26, a_nnz=11.2664, ever_a_nnz=11.437, b_nnz=72.4029, uni_search=1.17114, uni_subSolve=0.105277, uni_maintain_time=0.0267031, bi_search=6.59661, bi_subSolve=0.149017, bi_maintain_time=0.0726526, admm_maintain=0.0594109, area4=-nan, infea=223.091, d_obj=-976.912, overall time=211.688
i=27, a_nnz=11.3465, ever_a_nnz=11.5193, b_nnz=73.6553, uni_search=1.19191, uni_subSolve=0.1095, uni_maintain_time=0.0266223, bi_search=6.63664, bi_subSolve=0.184793, bi_maintain_time=0.0945602, admm_maintain=0.10808, area4=-nan, infea=222.067, d_obj=-999.828, p_obj=5132.81......., heldout Acc=0.98656 (6/50), overall time=220.113
i=28, a_nnz=11.4178, ever_a_nnz=11.5902, b_nnz=74.8085, uni_search=1.45046, uni_subSolve=0.143168, uni_maintain_time=0.0315366, bi_search=6.80584, bi_subSolve=0.212043, bi_maintain_time=0.1266, admm_maintain=0.10615, area4=-nan, infea=218.171, d_obj=-1026.41, overall time=229.097
i=29, a_nnz=11.4904, ever_a_nnz=11.6618, b_nnz=75.9424, uni_search=1.55925, uni_subSolve=0.159374, uni_maintain_time=0.0305594, bi_search=6.76183, bi_subSolve=0.201049, bi_maintain_time=0.118456, admm_maintain=0.104694, area4=-nan, infea=210.826, d_obj=-1056.48, p_obj=5399.56......., heldout Acc=0.986129 (7/50), overall time=238.143
i=30, a_nnz=11.5555, ever_a_nnz=11.7279, b_nnz=77.0195, uni_search=1.42823, uni_subSolve=0.169284, uni_maintain_time=0.0325663, bi_search=6.67761, bi_subSolve=0.244448, bi_maintain_time=0.127043, admm_maintain=0.141559, area4=-nan, infea=212.478, d_obj=-1061.97, overall time=247.079
i=31, a_nnz=11.6201, ever_a_nnz=11.7955, b_nnz=78.0823, uni_search=1.367, uni_subSolve=0.144473, uni_maintain_time=0.0350603, bi_search=6.69309, bi_subSolve=0.184074, bi_maintain_time=0.0972462, admm_maintain=0.0719609, area4=-nan, infea=204.095, d_obj=-1096.32, p_obj=6071.37......., heldout Acc=0.986904 (8/50), overall time=255.84
i=32, a_nnz=11.6763, ever_a_nnz=11.8539, b_nnz=79.0758, uni_search=1.36075, uni_subSolve=0.166521, uni_maintain_time=0.027356, bi_search=6.59083, bi_subSolve=0.134531, bi_maintain_time=0.0635558, admm_maintain=0.0899309, area4=-nan, infea=198.422, d_obj=-1111.05, overall time=264.337
i=33, a_nnz=11.7446, ever_a_nnz=11.9229, b_nnz=80.2407, uni_search=1.1178, uni_subSolve=0.0872461, uni_maintain_time=0.0245554, bi_search=6.57641, bi_subSolve=0.126891, bi_maintain_time=0.0584487, admm_maintain=0.0645474, area4=-nan, infea=207.217, d_obj=-1128.12