using heldout data set: /scratch/cluster/ianyen/data/ChineseOCR/data.fea.test, early_terminate=100
D=86
K=3039
N=172318
nSeq=11954
split_up_rate=3, admm_step_size=1, C=1, eta=1
i=0, infea=0.0256585, nnz_a=1.9846, nnz_b=2, uni_search=23.415, uni_subSolve=0.238564, uni_maintain=0.0973127, bi_search=3.58265, bi_subSolve=0.160064, bi_maintain=0.845124, admm_maintain=0.270662, area1=0.983594, area23=1.00317, area4=1.00035, dual_obj=-2574.26, overall time=44.4631
i=1, infea=0.0427681, nnz_a=2.90873, nnz_b=2.99835, uni_search=23.8432, uni_subSolve=0.345756, uni_maintain=0.143288, bi_search=4.12296, bi_subSolve=0.155223, bi_maintain=0.883222, admm_maintain=0.354962, area1=3.97234, area23=1.02237, area4=1.00047, dual_obj=-4962.88, overall time=78.6012
i=2, infea=0.0586283, nnz_a=3.75466, nnz_b=3.99371, uni_search=23.5403, uni_subSolve=0.417349, uni_maintain=0.211023, bi_search=6.6638, bi_subSolve=0.295852, bi_maintain=1.67142, admm_maintain=0.416183, area1=8.67532, area23=1.0202, area4=1.00036, dual_obj=-7262.7, overall time=116.052
i=3, infea=0.0716363, nnz_a=4.54394, nnz_b=4.98125, uni_search=23.6972, uni_subSolve=0.485725, uni_maintain=0.293753, bi_search=5.34765, bi_subSolve=0.24622, bi_maintain=1.3448, admm_maintain=0.448664, area1=14.7373, area23=1.01955, area4=1.00034, dual_obj=-9485.57, overall time=152.152
i=4, infea=0.0827475, nnz_a=5.28277, nnz_b=5.941, uni_search=23.8229, uni_subSolve=0.565393, uni_maintain=0.391285, bi_search=4.21741, bi_subSolve=0.221651, bi_maintain=1.1665, admm_maintain=0.489152, area1=22.362, area23=1.0187, area4=1.00022, dual_obj=-11633.4, overall time=187.047
i=5, infea=0.092392, nnz_a=5.97629, nnz_b=6.84825, uni_search=22.5363, uni_subSolve=0.544768, uni_maintain=0.412138, bi_search=6.24104, bi_subSolve=0.344983, bi_maintain=1.81493, admm_maintain=0.542042, area1=31.6489, area23=1.01798, area4=1.00019, dual_obj=-13711.1, overall time=223.552
i=6, infea=0.101273, nnz_a=6.62674, nnz_b=7.69633, uni_search=22.5456, uni_subSolve=0.604971, uni_maintain=0.472735, bi_search=4.54379, bi_subSolve=0.273626, bi_maintain=1.35247, admm_maintain=0.594613, area1=42.5115, area23=1.01765, area4=1.00026, dual_obj=-15727, overall time=257.911
i=7, infea=0.109528, nnz_a=7.23466, nnz_b=8.50587, uni_search=23.0589, uni_subSolve=0.683089, uni_maintain=0.554875, bi_search=4.73322, bi_subSolve=0.301361, bi_maintain=1.44975, admm_maintain=0.574697, area1=54.874, area23=1.0182, area4=1.00016, dual_obj=-17685.1, overall time=293.185
i=8, infea=0.117369, nnz_a=7.80469, nnz_b=9.28936, uni_search=22.4132, uni_subSolve=0.676401, uni_maintain=0.564347, bi_search=7.10271, bi_subSolve=0.413431, bi_maintain=2.10257, admm_maintain=1.01585, area1=68.7353, area23=1.01897, area4=1.0001, dual_obj=-19598.5, overall time=331.68
i=9, infea=0.124932, nnz_a=8.33373, nnz_b=10.0515, uni_search=22.8625, uni_subSolve=0.778842, uni_maintain=0.629596, bi_search=6.47618, bi_subSolve=0.388507, bi_maintain=1.9118, admm_maintain=0.858393, area1=84.0308, area23=1.02026, area4=1.00006, dual_obj=-21474.3, p_obj=196223, heldout Acc=0.252278, overall time=369.706
i=10, infea=0.132289, nnz_a=8.82703, nnz_b=10.7897, uni_search=24.8761, uni_subSolve=1.08587, uni_maintain=0.77931, bi_search=8.30995, bi_subSolve=0.572335, bi_maintain=2.76353, admm_maintain=0.912947, area1=100.779, area23=1.02219, area4=1.00015, dual_obj=-23325.6, overall time=413.691
i=11, infea=0.139319, nnz_a=9.29361, nnz_b=11.502, uni_search=24.7968, uni_subSolve=1.1183, uni_maintain=0.824794, bi_search=8.98739, bi_subSolve=0.623496, bi_maintain=2.99738, admm_maintain=0.953757, area1=118.921, area23=1.02406, area4=1.00015, dual_obj=-25150.9, overall time=458.748
i=12, infea=0.146143, nnz_a=9.73003, nnz_b=12.1873, uni_search=24.6696, uni_subSolve=1.15596, uni_maintain=0.852608, bi_search=9.39678, bi_subSolve=0.650738, bi_maintain=3.09142, admm_maintain=1.04129, area1=138.443, area23=1.02649, area4=1.00014, dual_obj=-26967.1, overall time=504.369
i=13, infea=0.152729, nnz_a=10.1391, nnz_b=12.8407, uni_search=24.7352, uni_subSolve=1.17582, uni_maintain=0.894556, bi_search=9.97114, bi_subSolve=0.685007, bi_maintain=3.23259, admm_maintain=1.35608, area1=159.39, area23=1.02918, area4=1.00024, dual_obj=-28770.1, overall time=551.337
i=14, infea=0.159041, nnz_a=10.5238, nnz_b=13.4626, uni_search=25.8408, uni_subSolve=1.39446, uni_maintain=1.08781, bi_search=14.4461, bi_subSolve=0.886741, bi_maintain=4.3231, admm_maintain=1.34125, area1=181.683, area23=1.03229, area4=1.00026, dual_obj=-30559.1, overall time=605.842
i=15, infea=0.165112, nnz_a=10.8888, nnz_b=14.0471, uni_search=25.8919, uni_subSolve=1.43199, uni_maintain=1.12683, bi_search=15.942, bi_subSolve=0.963805, bi_maintain=4.67544, admm_maintain=1.4024, area1=205.208, area23=1.03552, area4=1.00026, dual_obj=-32336.9, overall time=662.462
i=16, infea=0.170904, nnz_a=11.2407, nnz_b=14.5975, uni_search=25.7749, uni_subSolve=1.45108, uni_maintain=1.16768, bi_search=16.7888, bi_subSolve=1.00058, bi_maintain=4.82198, admm_maintain=1.46485, area1=230.058, area23=1.03918, area4=1.00037, dual_obj=-34094.6, overall time=720.225
i=17, infea=0.176488, nnz_a=11.575, nnz_b=15.114, uni_search=25.7331, uni_subSolve=1.48008, uni_maintain=1.19204, bi_search=17.9265, bi_subSolve=1.04853, bi_maintain=5.03253, admm_maintain=1.50377, area1=256.152, area23=1.04288, area4=1.00055, dual_obj=-35839.8, overall time=779.39
i=18, infea=0.181869, nnz_a=11.8967, nnz_b=15.6013, uni_search=25.4703, uni_subSolve=1.45353, uni_maintain=1.18385, bi_search=11.1086, bi_subSolve=0.677725, bi_maintain=3.03925, admm_maintain=1.19036, area1=283.515, area23=1.0468, area4=1.00099, dual_obj=-37562.8, overall time=828.261
i=19, infea=0.186996, nnz_a=12.203, nnz_b=16.062, uni_search=24.923, uni_subSolve=1.26161, uni_maintain=1.0701, bi_search=11.3687, bi_subSolve=0.712145, bi_maintain=3.16194, admm_maintain=1.10622, area1=312.123, area23=1.05092, area4=1.00115, dual_obj=-39269.7, p_obj=238613, heldout Acc=0.297267, overall time=876.545
i=20, infea=0.192003, nnz_a=12.498, nnz_b=16.4986, uni_search=24.6328, uni_subSolve=1.25591, uni_maintain=1.0811, bi_search=13.2962, bi_subSolve=0.825954, bi_maintain=3.61382, admm_maintain=1.00201, area1=341.933, area23=1.0548, area4=1.00147, dual_obj=-40955.6, overall time=926.845
i=21, infea=0.19687, nnz_a=12.7796, nnz_b=16.9167, uni_search=24.4626, uni_subSolve=1.26313, uni_maintain=1.11272, bi_search=12.5943, bi_subSolve=0.73913, bi_maintain=3.27649, admm_maintain=1.13501, area1=372.923, area23=1.05918, area4=1.00177, dual_obj=-42622.9, overall time=976.126
i=22, infea=0.201583, nnz_a=13.0461, nnz_b=17.3267, uni_search=24.3225, uni_subSolve=1.26537, uni_maintain=1.11474, bi_search=13.3541, bi_subSolve=0.804479, bi_maintain=3.49279, admm_maintain=1.16651, area1=405.12, area23=1.0636, area4=1.00207, dual_obj=-44271.2, overall time=1026.32
i=23, infea=0.206156, nnz_a=13.306, nnz_b=17.7229, uni_search=24.732, uni_subSolve=1.32649, uni_maintain=1.16111, bi_search=14.1185, bi_subSolve=0.812869, bi_maintain=3.55201, admm_maintain=1.08676, area1=438.462, area23=1.06809, area4=1.00238, dual_obj=-45894.4, overall time=1077.67
i=24, infea=0.210617, nnz_a=13.5591, nnz_b=18.1109, uni_search=24.8434, uni_subSolve=1.36989, uni_maintain=1.19975, bi_search=13.7425, bi_subSolve=0.772947, bi_maintain=3.35108, admm_maintain=1.39767, area1=473.035, area23=1.07277, area4=1.00358, dual_obj=-47498.4, overall time=1129.09
i=25, infea=0.214968, nnz_a=13.8016, nnz_b=18.4899, uni_search=24.8677, uni_subSolve=1.3918, uni_maintain=1.26623, bi_search=14.8629, bi_subSolve=0.852347, bi_maintain=3.65136, admm_maintain=1.32764, area1=508.695, area23=1.07776, area4=1.00407, dual_obj=-49082.8, overall time=1182.15
i=26, infea=0.219215, nnz_a=14.0344, nnz_b=18.8626, uni_search=24.2824, uni_subSolve=1.33632, uni_maintain=1.19454, bi_search=15.2874, bi_subSolve=0.829518, bi_maintain=3.5654, admm_maintain=1.34302, area1=545.388, area23=1.08304, area4=1.00474, dual_obj=-50648.1, overall time=1234.62
i=27, infea=0.223406, nnz_a=14.2559, nnz_b=19.2252, uni_search=24.6376, uni_subSolve=1.39737, uni_maintain=1.2311, bi_search=15.3883, bi_subSolve=0.836773, bi_maintain=3.5651, admm_maintain=1.39126, area1=583.066, area23=1.08825, area4=1.00636, dual_obj=-52191.5, overall time=1287.72
i=28, infea=0.227496, nnz_a=14.4697, nnz_b=19.5804, uni_search=24.2111, uni_subSolve=1.36271, uni_maintain=1.22541, bi_search=17.7731, bi_subSolve=0.957041, bi_maintain=4.1432, admm_maintain=1.44136, area1=621.675, area23=1.09356, area4=1.00747, dual_obj=-53722.6, overall time=1343.44
i=29, infea=0.231489, nnz_a=14.6777, nnz_b=19.9252, uni_search=24.2176, uni_subSolve=1.39254, uni_maintain=1.25662, bi_search=16.0542, bi_subSolve=0.835589, bi_maintain=3.54133, admm_maintain=1.42573, area1=661.346, area23=1.09926, area4=1.00913, dual_obj=-55234.2, p_obj=175044, heldout Acc=0.394077, overall time=1396.79
i=30, infea=0.235313, nnz_a=14.8755, nnz_b=20.2638, uni_search=24.2559, uni_subSolve=1.40792, uni_maintain=1.26592, bi_search=16.7555, bi_subSolve=0.870586, bi_maintain=3.64705, admm_maintain=1.38, area1=701.9, area23=1.10484, area4=1.01065, dual_obj=-56731.4, overall time=1450.99
i=31, infea=0.238956, nnz_a=15.0681, nnz_b=20.5926, uni_search=24.4656, uni_subSolve=1.43741, uni_maintain=1.28799, bi_search=18.7389, bi_subSolve=0.946322, bi_maintain=3.98717, admm_maintain=1.21992, area1=743.395, area23=1.1106, area4=1.01134, dual_obj=-58212, overall time=1507.66
i=32, infea=0.242521, nnz_a=15.2551, nnz_b=20.9079, uni_search=24.463, uni_subSolve=1.45434, uni_maintain=1.30773, bi_search=18.3938, bi_subSolve=0.90272, bi_maintain=3.78913, admm_maintain=1.38372, area1=785.795, area23=1.11635, area4=1.01283, dual_obj=-59677.2, overall time=1564.01
i=33, infea=0.245965, nnz_a=15.4295, nnz_b=21.2198, uni_search=24.1865, uni_subSolve=1.43972, uni_maintain=1.31237, bi_search=21.0035, bi_subSolve=1.03627, bi_maintain=4.37242, admm_maintain=1.14616, area1=829.038, area23=1.12255, area4=1.01499, dual_obj=-61126.7, overall time=1623.1
i=34, infea=0.249367, nnz_a=15.6056, nnz_b=21.5243, uni_search=24.1572, uni_subSolve=1.45058, uni_maintain=1.31738, bi_search=19.3072, bi_subSolve=0.918467, bi_maintain=3.81513, admm_maintain=1.50551, area1=873.151, area23=1.12919, area4=1.01608, dual_obj=-62556.6, overall time=1680.2
i=35, infea=0.252622, nnz_a=15.7699, nnz_b=21.817, uni_search=24.4041, uni_subSolve=1.49437, uni_maintain=1.35451, bi_search=21.2709, bi_subSolve=1.00105, bi_maintain=4.16285, admm_maintain=1.26512, area1=917.991, area23=1.13503, area4=1.01832, dual_obj=-63975.4, overall time=1739.75
i=36, infea=0.255747, nnz_a=15.9374, nnz_b=22.1068, uni_search=24.4906, uni_subSolve=1.5182, uni_maintain=1.36847, bi_search=20.5723, bi_subSolve=0.947509, bi_maintain=3.9126, admm_maintain=1.49896, area1=963.729, area23=1.14145, area4=1.0211, dual_obj=-65375.8, overall time=1798.73
i=37, infea=0.258803, nnz_a=16.0976, nnz_b=22.3827, uni_search=24.1241, uni_subSolve=1.48576, uni_maintain=1.36292, bi_search=23.2676, bi_subSolve=1.05253, bi_maintain=4.39273, admm_maintain=1.25136, area1=1009.98, area23=1.14822, area4=1.02277, dual_obj=-66761, overall time=1860.28
i=38, infea=0.261769, nnz_a=16.2477, nnz_b=22.6547, uni_search=24.2269, uni_subSolve=1.51691, uni_maintain=1.38279, bi_search=21.9064, bi_subSolve=0.989531, bi_maintain=4.05103, admm_maintain=1.47075, area1=1057.02, area23=1.15479, area4=1.02433, dual_obj=-68132.1, overall time=1920.49
i=39, infea=0.26456, nnz_a=16.4004, nnz_b=22.9177, uni_search=24.4241, uni_subSolve=1.54954, uni_maintain=1.41366, bi_search=23.212, bi_subSolve=1.00828, bi_maintain=4.15109, admm_maintain=1.55104, area1=1104.79, area23=1.16113, area4=1.02684, dual_obj=-69481.1, p_obj=195905, heldout Acc=0.4459, overall time=1982.5
i=40, infea=0.26725, nnz_a=16.5441, nnz_b=23.1745, uni_search=24.2198, uni_subSolve=1.52979, uni_maintain=1.40077, bi_search=23.3721, bi_subSolve=1.01892, bi_maintain=4.15696, admm_maintain=1.49377, area1=1153.13, area23=1.16766, area4=1.02795, dual_obj=-70822.5, overall time=2044.34
i=41, infea=0.269918, nnz_a=16.6855, nnz_b=23.4258, uni_search=24.5095, uni_subSolve=1.57325, uni_maintain=1.43164, bi_search=24.1301, bi_subSolve=1.02133, bi_maintain=4.17061, admm_maintain=1.37655, area1=1202.12, area23=1.17448, area4=1.03324, dual_obj=-72149.5, overall time=2107.25
i=42, infea=0.272391, nnz_a=16.8216, nnz_b=23.669, uni_search=24.416, uni_subSolve=1.57655, uni_maintain=1.4381, bi_search=25.645, bi_subSolve=1.0842, bi_maintain=4.41817, admm_maintain=1.27823, area1=1251.66, area23=1.18129, area4=1.03564, dual_obj=-73454.8, overall time=2171.73
i=43, infea=0.274869, nnz_a=16.9511, nnz_b=23.906, uni_search=24.3423, uni_subSolve=1.58014, uni_maintain=1.43692, bi_search=25.4901, bi_subSolve=1.04419, bi_maintain=4.25589, admm_maintain=1.56738, area1=1301.85, area23=1.18854, area4=1.03652, dual_obj=-74750.7, overall time=2236.14
i=44, infea=0.277267, nnz_a=17.0817, nnz_b=24.1344, uni_search=24.0761, uni_subSolve=1.56604, uni_maintain=1.44454, bi_search=27.0726, bi_subSolve=1.09539, bi_maintain=4.48142, admm_maintain=1.56932, area1=1352.46, area23=1.19552, area4=1.03917, dual_obj=-76037.7, overall time=2302.17
i=45, infea=0.279587, nnz_a=17.2076, nnz_b=24.3618, uni_search=24.161, uni_subSolve=1.57457, uni_maintain=1.45938, bi_search=29.0794, bi_subSolve=1.17394, bi_maintain=4.79929, admm_maintain=1.3472, area1=1403.69, area23=1.2018, area4=1.04089, dual_obj=-77309.2, overall time=2370.41
i=46, infea=0.281826, nnz_a=17.3339, nnz_b=24.5846, uni_search=24.1441, uni_subSolve=1.58412, uni_maintain=1.45799, bi_search=27.0034, bi_subSolve=1.05877, bi_maintain=4.26985, admm_maintain=1.61089, area1=1455.54, area23=1.20925, area4=1.045, dual_obj=-78563.6, overall time=2436.22
i=47, infea=0.283937, nnz_a=17.4531, nnz_b=24.7954, uni_search=24.0825, uni_subSolve=1.57546, uni_maintain=1.42246, bi_search=26.4422, bi_subSolve=1.04483, bi_maintain=4.17404, admm_maintain=1.58613, area1=1507.69, area23=1.21587, area4=1.04682, dual_obj=-79805.9, overall time=2501.1
i=48, infea=0.286009, nnz_a=17.5703, nnz_b=25.0065, uni_search=23.9939, uni_subSolve=1.5818, uni_maintain=1.43914, bi_search=27.457, bi_subSolve=1.06065, bi_maintain=4.23833, admm_maintain=1.31076, area1=1560.37, area23=1.22284, area4=1.05353, dual_obj=-81042.8, overall time=2566.77
i=49, infea=0.287935, nnz_a=17.685, nnz_b=25.2107, uni_search=24.0562, uni_subSolve=1.5937, uni_maintain=1.44912, bi_search=24.8952, bi_subSolve=0.957908, bi_maintain=3.77184, admm_maintain=1.26967, area1=1613.53, area23=1.22909, area4=1.05754, dual_obj=-82257.6, p_obj=178716, heldout Acc=0.460706, overall time=2629.26
i=50, infea=0.289805, nnz_a=17.7935, nnz_b=25.4131, uni_search=22.6446, uni_subSolve=1.34973, uni_maintain=1.37056, bi_search=22.896, bi_subSolve=0.85606, bi_maintain=3.34053, admm_maintain=1.19768, area1=1667.07, area23=1.23603, area4=1.06166, dual_obj=-83463.3, overall time=2687.08
i=51, infea=0.291579, nnz_a=17.9004, nnz_b=25.6038, uni_search=22.3295, uni_subSolve=1.30434, uni_maintain=1.3189, bi_search=23.5271, bi_subSolve=0.857308, bi_maintain=3.34436, admm_maintain=0.912163, area1=1720.88, area23=1.24302, area4=1.06564, dual_obj=-84658.1, overall time=2744.61
i=52, infea=0.293313, nnz_a=18.0032, nnz_b=25.793, uni_search=22.2697, uni_subSolve=1.3264, uni_maintain=1.34188, bi_search=23.8197, bi_subSolve=0.854247, bi_maintain=3.32827, admm_maintain=1.2347, area1=1775.25, area23=1.25032, area4=1.07275, dual_obj=-85838.4, overall time=2802.99
i=53, infea=0.294975, nnz_a=18.1036, nnz_b=25.9782, uni_search=21.9583, uni_subSolve=1.28277, uni_maintain=1.28112, bi_search=24.4166, bi_subSolve=0.867267, bi_maintain=3.36475, admm_maintain=1.20692, area1=1829.81, area23=1.25665, area4=1.07588, dual_obj=-87006.7, overall time=2861.4
i=54, infea=0.296632, nnz_a=18.2008, nnz_b=26.1576, uni_search=22.038, uni_subSolve=1.29972, uni_maintain=1.30353, bi_search=25.1082, bi_subSolve=0.874861, bi_maintain=3.39925, admm_maintain=1.1957, area1=1884.73, area23=1.26303, area4=1.08158, dual_obj=-88165.4, overall time=2920.75
i=55, infea=0.298095, nnz_a=18.297, nnz_b=26.3303, uni_search=21.9633, uni_subSolve=1.30068, uni_maintain=1.29006, bi_search=26.1237, bi_subSolve=0.891467, bi_maintain=3.47466, admm_maintain=1.22739, area1=1940.13, area23=1.26968, area4=1.08639, dual_obj=-89305.1, overall time=2981.01
i=56, infea=0.299551, nnz_a=18.392, nnz_b=26.5, uni_search=22.1338, uni_subSolve=1.31387, uni_maintain=1.31852, bi_search=26.4351, bi_subSolve=0.890811, bi_maintain=3.46901, admm_maintain=1.39188, area1=1995.45, area23=1.27609, area4=1.09266, dual_obj=-90441.1, overall time=3042.24
i=57, infea=0.300933, nnz_a=18.4828, nnz_b=26.6655, uni_search=21.8421, uni_subSolve=1.29308, uni_maintain=1.28343, bi_search=26.4577, bi_subSolve=0.891218, bi_maintain=3.4405, admm_maintain=1.27684, area1=2051.14, area23=1.28263, area4=1.09627, dual_obj=-91559.5, overall time=3102.83
i=58, infea=0.30221, nnz_a=18.5672, nnz_b=26.8303, uni_search=21.9906, uni_subSolve=1.32604, uni_maintain=1.33051, bi_search=27.1423, bi_subSolve=0.891906, bi_maintain=3.43272, admm_maintain=1.27542, area1=2107.16, area23=1.28911, area4=1.10052, dual_obj=-92666.6, overall time=3164.28
i=59, infea=0.303425, nnz_a=18.6519, nnz_b=26.9869, uni_search=23.2108, uni_subSolve=1.61253, uni_maintain=1.45592, bi_search=32.375, bi_subSolve=0.950181, bi_maintain=3.76834, admm_maintain=1.28228, area1=2163.45, area23=1.2958, area4=1.11244, dual_obj=-93753.8, p_obj=192085, heldout Acc=0.494305, overall time=3233.12
i=60, infea=0.304618, nnz_a=18.7344, nnz_b=27.1402, uni_search=23.1086, uni_subSolve=1.60164, uni_maintain=1.46373, bi_search=34.9196, bi_subSolve=1.00213, bi_maintain=4.00821, admm_maintain=1.01044, area1=2219.86, area23=1.30184, area4=1.11538, dual_obj=-94827, overall time=3304.36
i=61, infea=0.305708, nnz_a=18.8129, nnz_b=27.2854, uni_search=24.3597, uni_subSolve=1.86986, uni_maintain=1.65591, bi_search=43.0669, bi_subSolve=1.42186, bi_maintain=5.83211, admm_maintain=1.64451, area1=2276.49, area23=1.30813, area4=1.11939, dual_obj=-95889, overall time=3389.29
i=62, infea=0.306828, nnz_a=18.8899, nnz_b=27.43, uni_search=24.6266, uni_subSolve=1.92193, uni_maintain=1.70488, bi_search=43.68, bi_subSolve=1.42937, bi_maintain=5.85467, admm_maintain=1.87627, area1=2333.25, area23=1.31413, area4=1.12763, dual_obj=-96942.6, overall time=3475.57
i=63, infea=0.307819, nnz_a=18.9668, nnz_b=27.5697, uni_search=24.5515, uni_subSolve=1.92243, uni_maintain=1.70756, bi_search=44.9729, bi_subSolve=1.44593, bi_maintain=5.92238, admm_maintain=1.83292, area1=2389.97, area23=1.32071, area4=1.13296, dual_obj=-97974.7, overall time=3563.05
i=64, infea=0.308757, nnz_a=19.0414, nnz_b=27.7019, uni_search=24.6073, uni_subSolve=1.92586, uni_maintain=1.69729, bi_search=45.715, bi_subSolve=1.45219, bi_maintain=5.94544, admm_maintain=1.76553, area1=2447.3, area23=1.32697, area4=1.14221, dual_obj=-98987.8, overall time=3651.19
i=65, infea=0.309618, nnz_a=19.1119, nnz_b=27.834, uni_search=24.6922, uni_subSolve=1.94122, uni_maintain=1.70598, bi_search=46.2087, bi_subSolve=1.46167, bi_maintain=5.92081, admm_maintain=1.30824, area1=2504.63, area23=1.33274, area4=1.15036, dual_obj=-99992.2, overall time=3739.28
i=66, infea=0.310355, nnz_a=19.1821, nnz_b=27.9649, uni_search=24.7087, uni_subSolve=1.97202, uni_maintain=1.75648, bi_search=37.2895, bi_subSolve=1.13622, bi_maintain=4.51585, admm_maintain=1.00284, area1=2561.87, area23=1.33882, area4=1.15477, dual_obj=-100975, overall time=3816.05
i=67, infea=0.3111, nnz_a=19.2462, nnz_b=28.0899, uni_search=22.1672, uni_subSolve=1.38086, uni_maintain=1.36028, bi_search=32.8463, bi_subSolve=0.966769, bi_maintain=3.71812, admm_maintain=0.993656, area1=2619.28, area23=1.34449, area4=1.16415, dual_obj=-101954, overall time=3883.43
i=68, infea=0.311762, nnz_a=19.3137, nnz_b=28.2114, uni_search=22.1177, uni_subSolve=1.37524, uni_maintain=1.35383, bi_search=33.0897, bi_subSolve=0.960207, bi_maintain=3.70271, admm_maintain=1.3027, area1=2676.7, area23=1.35053, area4=1.17541, dual_obj=-102910, overall time=3951.4
i=69, infea=0.312379, nnz_a=19.3717, nnz_b=28.3254, uni_search=22.1607, uni_subSolve=1.38465, uni_maintain=1.36512, bi_search=33.6224, bi_subSolve=0.962934, bi_maintain=3.70315, admm_maintain=1.29643, area1=2734.08, area23=1.35676, area4=1.18201, dual_obj=-103851, p_obj=196078, heldout Acc=0.518223, overall time=4019.97
i=70, infea=0.312918, nnz_a=19.4294, nnz_b=28.4406, uni_search=22.5147, uni_subSolve=1.45997, uni_maintain=1.45471, bi_search=48.7487, bi_subSolve=1.47174, bi_maintain=5.94239, admm_maintain=1.64845, area1=2791.74, area23=1.36244, area4=1.18656, dual_obj=-104769, overall time=4108
i=71, infea=0.31334, nnz_a=19.4865, nnz_b=28.5456, uni_search=25.5729, uni_subSolve=2.23305, uni_maintain=2.05014, bi_search=83.8247, bi_subSolve=1.96274, bi_maintain=8.51316, admm_maintain=2.55492, area1=2849.27, area23=1.36818, area4=1.19753, dual_obj=-105671, overall time=4240.8
i=72, infea=0.313761, nnz_a=19.5389, nnz_b=28.6439, uni_search=26.149, uni_subSolve=2.41004, uni_maintain=2.26198, bi_search=85.5858, bi_subSolve=1.98739, bi_maintain=8.60576, admm_maintain=2.41398, area1=2906.67, area23=1.37377, area4=1.20623, dual_obj=-106556, overall time=4376.32
i=73, infea=0.314082, nnz_a=19.5887, nnz_b=28.7405, uni_search=26.1787, uni_subSolve=2.38765, uni_maintain=2.2667, bi_search=66.7855, bi_subSolve=1.61182, bi_maintain=6.76322, admm_maintain=1.44453, area1=2964.38, area23=1.37988, area4=1.21302, dual_obj=-107426, overall time=4489.04
i=74, infea=0.314355, nnz_a=19.6381, nnz_b=28.837, uni_search=24.0647, uni_subSolve=1.82778, uni_maintain=1.69662, bi_search=65.0619, bi_subSolve=1.5436, bi_maintain=6.45868, admm_maintain=2.46826, area1=3022.15, area23=1.38528, area4=1.2312, dual_obj=-108265, overall time=4597.55
i=75, infea=0.314464, nnz_a=19.6828, nnz_b=28.9289, uni_search=25.2329, uni_subSolve=2.19849, uni_maintain=2.01583, bi_search=81.6302, bi_subSolve=1.87014, bi_maintain=8.02316, admm_maintain=2.2678, area1=3079.67, area23=1.39081, area4=1.2423, dual_obj=-109093, overall time=4726.55
i=76, infea=0.314556, nnz_a=19.7295, nnz_b=29.0168, uni_search=25.358, uni_subSolve=2.22631, uni_maintain=2.04035, bi_search=76.1151, bi_subSolve=1.77563, bi_maintain=7.48457, admm_maintain=1.80403, area1=3137.31, area23=1.39663, area4=1.25043, dual_obj=-109890, overall time=4848.89
i=77, infea=0.314615, nnz_a=19.7706, nnz_b=29.0991, uni_search=23.6786, uni_subSolve=1.71798, uni_maintain=1.7158, bi_search=48.7873, bi_subSolve=1.2577, bi_maintain=4.96501, admm_maintain=1.64951, area1=3194.65, area23=1.40215, area4=1.25679, dual_obj=-110680, overall time=4937.35
i=78, infea=0.314622, nnz_a=19.812, nnz_b=29.1789, uni_search=23.8527, uni_subSolve=1.71198, uni_maintain=1.56169, bi_search=45.944, bi_subSolve=1.26642, bi_maintain=4.91364, admm_maintain=1.77248, area1=3252.19, area23=1.40771, area4=1.26219, dual_obj=-111433, overall time=5023.01
i=79, infea=0.31455, nnz_a=19.8515, nnz_b=29.2527, uni_search=23.0605, uni_subSolve=1.63586, uni_maintain=1.471, bi_search=48.3902, bi_subSolve=1.27623, bi_maintain=4.95336, admm_maintain=1.53044, area1=3309.56, area23=1.41317, area4=1.27471, dual_obj=-112169, p_obj=198157, heldout Acc=0.514237 (1/100), overall time=5109.77
i=80, infea=0.314461, nnz_a=19.886, nnz_b=29.3241, uni_search=24.963, uni_subSolve=2.14232, uni_maintain=1.98008, bi_search=45.1443, bi_subSolve=1.04816, bi_maintain=4.07456, admm_maintain=2.04571, area1=3366.72, area23=1.41863, area4=1.27545, dual_obj=-112882, overall time=5195.62
i=81, infea=0.314254, nnz_a=19.9233, nnz_b=29.3882, uni_search=20.7002, uni_subSolve=1.25569, uni_maintain=1.11957, bi_search=30.6329, bi_subSolve=0.875434, bi_maintain=3.1165, admm_maintain=0.802842, area1=3423.79, area23=1.42384, area4=1.29595, dual_obj=-113572, overall time=5257.71
i=82, infea=0.313927, nnz_a=19.9562, nnz_b=29.452, uni_search=21.3535, uni_subSolve=1.3538, uni_maintain=1.22589, bi_search=39.9323, bi_subSolve=1.00274, bi_maintain=3.76382, admm_maintain=1.74461, area1=3480.87, area23=1.42917, area4=1.30546, dual_obj=-114235, overall time=5332.16
i=83, infea=0.313656, nnz_a=19.9879, nnz_b=29.5118, uni_search=22.77, uni_subSolve=1.59628, uni_maintain=1.38183, bi_search=43.5956, bi_subSolve=1.16593, bi_maintain=4.38527, admm_maintain=1.29112, area1=3538.03, area23=1.43487, area4=1.3242, dual_obj=-114875, overall time=5412.91
i=84, infea=0.313272, nnz_a=20.0137, nnz_b=29.5655, uni_search=22.5772, uni_subSolve=1.56594, uni_maintain=1.37198, bi_search=44.5673, bi_subSolve=1.15506, bi_maintain=4.37368, admm_maintain=1.46948, area1=3594.89, area23=1.43996, area4=1.33581, dual_obj=-115489, overall time=5494.36
i=85, infea=0.312758, nnz_a=20.0425, nnz_b=29.6159, uni_search=22.4391, uni_subSolve=1.55302, uni_maintain=1.36055, bi_search=47.3757, bi_subSolve=1.22662, bi_maintain=4.66351, admm_maintain=1.01132, area1=3651.96, area23=1.44499, area4=1.33721, dual_obj=-116079, overall time=5578.27
i=86, infea=0.312141, nnz_a=20.0663, nnz_b=29.6678, uni_search=22.3761, uni_subSolve=1.54793, uni_maintain=1.33724, bi_search=48.424, bi_subSolve=1.21789, bi_maintain=4.66162, admm_maintain=1.74841, area1=3708.77, area23=1.4501, area4=1.35089, dual_obj=-116645, overall time=5664.16
i=87, infea=0.311509, nnz_a=20.0889, nnz_b=29.7129, uni_search=22.7701, uni_subSolve=1.60811, uni_maintain=1.39224, bi_search=44.473, bi_subSolve=1.14489, bi_maintain=4.26564, admm_maintain=1.78593, area1=3765.52, area23=1.45535, area4=1.37808, dual_obj=-117185, overall time=5745.95
i=88, infea=0.310755, nnz_a=20.1103, nnz_b=29.7526, uni_search=22.6956, uni_subSolve=1.59467, uni_maintain=1.37714, bi_search=43.6021, bi_subSolve=1.1184, bi_maintain=4.15024, admm_maintain=0.929599, area1=3821.74, area23=1.46037, area4=1.38353, dual_obj=-117705, overall time=5825.59
i=89, infea=0.310003, nnz_a=20.1331, nnz_b=29.7929, uni_search=21.9795, uni_subSolve=1.50269, uni_maintain=1.2983, bi_search=46.2362, bi_subSolve=1.17481, bi_maintain=4.38797, admm_maintain=1.14398, area1=3878.26, area23=1.46556, area4=1.40628, dual_obj=-118193, p_obj=183023, heldout Acc=0.542711, overall time=5907.66
i=90, infea=0.309186, nnz_a=20.1524, nnz_b=29.8269, uni_search=22.2755, uni_subSolve=1.54649, uni_maintain=1.31863, bi_search=56.184, bi_subSolve=1.30996, bi_maintain=5.07579, admm_maintain=1.74787, area1=3934.49, area23=1.47056, area4=1.4167, dual_obj=-118663, overall time=6001.66
i=91, infea=0.308312, nnz_a=20.1665, nnz_b=29.8522, uni_search=23.8509, uni_subSolve=1.76189, uni_maintain=1.61993, bi_search=64.7034, bi_subSolve=1.44828, bi_maintain=5.73072, admm_maintain=2.53809, area1=3990.67, area23=1.47547, area4=1.44322, dual_obj=-119108, overall time=6108.65
i=92, infea=0.307376, nnz_a=20.1806, nnz_b=29.879, uni_search=25.2702, uni_subSolve=2.25973, uni_maintain=2.07109, bi_search=104.492, bi_subSolve=1.99006, bi_maintain=8.44913, admm_maintain=2.51582, area1=4046.66, area23=1.48, area4=1.45051, dual_obj=-119524, overall time=6261.75
i=93, infea=0.306381, nnz_a=20.195, nnz_b=29.9016, uni_search=25.5626, uni_subSolve=2.31958, uni_maintain=2.15523, bi_search=61.0397, bi_subSolve=1.38701, bi_maintain=5.38987, admm_maintain=1.85909, area1=4102.59, area23=1.48489, area4=1.46264, dual_obj=-119922, overall time=6366.48
i=94, infea=0.305425, nnz_a=20.2104, nnz_b=29.9207, uni_search=23.9117, uni_subSolve=1.7862, uni_maintain=1.63487, bi_search=62.6444, bi_subSolve=1.38285, bi_maintain=5.39865, admm_maintain=1.8148, area1=4158.49, area23=1.48986, area4=1.49262, dual_obj=-120298, overall time=6469.86
i=95, infea=0.304337, nnz_a=20.2228, nnz_b=29.9414, uni_search=24.4208, uni_subSolve=1.85001, uni_maintain=1.6967, bi_search=63.2509, bi_subSolve=1.38579, bi_maintain=5.3803, admm_maintain=1.87807, area1=4214.32, area23=1.49453, area4=1.51601, dual_obj=-120654, overall time=6574.6
i=96, infea=0.303231, nnz_a=20.232, nnz_b=29.9548, uni_search=24.1202, uni_subSolve=1.80001, uni_maintain=1.62103, bi_search=60.6803, bi_subSolve=1.21973, bi_maintain=4.74995, admm_maintain=1.26941, area1=4270.27, area23=1.4992, area4=1.53142, dual_obj=-120990, overall time=6674.6
i=97, infea=0.302014, nnz_a=20.2445, nnz_b=29.9739, uni_search=24.2322, uni_subSolve=1.91949, uni_maintain=1.78108, bi_search=65.3375, bi_subSolve=1.2125, bi_maintain=4.81685, admm_maintain=1.96464, area1=4325.65, area23=1.50392, area4=1.56712, dual_obj=-121295, overall time=6780.56
i=98, infea=0.300839, nnz_a=20.2549, nnz_b=29.9876, uni_search=23.8198, uni_subSolve=1.82198, uni_maintain=1.70396, bi_search=61.0878, bi_subSolve=1.14124, bi_maintain=4.45724, admm_maintain=1.4477, area1=4381.14, area23=1.50858, area4=1.57422, dual_obj=-121594, overall time=6880.49
i=99, infea=0.299606, nnz_a=20.2619, nnz_b=29.9968, uni_search=24.1913, uni_subSolve=1.93205, uni_maintain=1.77351, bi_search=61.1593, bi_subSolve=1.14032, bi_maintain=4.44816, admm_maintain=2.04789, area1=4436.48, area23=1.51316, area4=1.60847, dual_obj=-121879, p_obj=208875, heldout Acc=0.534169 (1/100), overall time=6981.89
i=100, infea=0.298334, nnz_a=20.2692, nnz_b=30.0064, uni_search=22.6453, uni_subSolve=1.61986, uni_maintain=1.45808, bi_search=59.1734, bi_subSolve=1.12008, bi_maintain=4.32431, admm_maintain=1.47618, area1=4491.7, area23=1.51747, area4=1.64356, dual_obj=-122135, overall time=7078.04
i=101, infea=0.297065, nnz_a=20.2781, nnz_b=30.0107, uni_search=22.7705, uni_subSolve=1.64645, uni_maintain=1.47501, bi_search=55.3544, bi_subSolve=1.06961, bi_maintain=4.06224, admm_maintain=1.85274, area1=4546.83, area23=1.52196, area4=1.64284, dual_obj=-122369, overall time=7170.63
i=102, infea=0.295741, nnz_a=20.2829, nnz_b=30.0109, uni_search=23.1771, uni_subSolve=1.72466, uni_maintain=1.56475, bi_search=64.5976, bi_subSolve=1.1703, bi_maintain=4.6119, admm_maintain=1.34166, area1=4601.67, area23=1.52656, area4=1.66517, dual_obj=-122594, overall time=7273.16
i=103, infea=0.294383, nnz_a=20.2829, nnz_b=30.0178, uni_search=22.9913, uni_subSolve=1.6716, uni_maintain=1.5361, bi_search=61.2591, bi_subSolve=1.13132, bi_maintain=4.36873, admm_maintain=1.22376, area1=4656.57, area23=1.53069, area4=1.7261, dual_obj=-122807, overall time=7371.5
i=104, infea=0.293048, nnz_a=20.288, nnz_b=30.0203, uni_search=23.4657, uni_subSolve=1.79727, uni_maintain=1.62932, bi_search=64.9411, bi_subSolve=1.16314, bi_maintain=4.55307, admm_maintain=1.59235, area1=4711.32, area23=1.53513, area4=1.77065, dual_obj=-122999, overall time=7475.15
i=105, infea=0.291615, nnz_a=20.2896, nnz_b=30.0186, uni_search=23.0978, uni_subSolve=1.7028, uni_maintain=1.53636, bi_search=63.2277, bi_subSolve=1.1351, bi_maintain=4.42122, admm_maintain=1.37408, area1=4766.04, area23=1.53923, area4=1.77939, dual_obj=-123177, overall time=7575.95
i=106, infea=0.290158, nnz_a=20.2965, nnz_b=30.0184, uni_search=22.8503, uni_subSolve=1.67886, uni_maintain=1.5064, bi_search=63.9582, bi_subSolve=1.14, bi_maintain=4.41053, admm_maintain=1.46437, area1=4820.8, area23=1.54323, area4=1.78853, dual_obj=-123336, overall time=7677.27
i=107, infea=0.288676, nnz_a=20.2965, nnz_b=30.0157, uni_search=22.9779, uni_subSolve=1.69172, uni_maintain=1.52274, bi_search=63.5302, bi_subSolve=1.12223, bi_maintain=4.32128, admm_maintain=1.45637, area1=4875.37, area23=1.54745, area4=1.86411, dual_obj=-123491, overall time=7778.18
i=108, infea=0.287191, nnz_a=20.2975, nnz_b=30.0091, uni_search=22.9368, uni_subSolve=1.67486, uni_maintain=1.49669, bi_search=60.1749, bi_subSolve=1.07775, bi_maintain=4.09412, admm_maintain=1.67895, area1=4929.89, area23=1.55149, area4=1.8889, dual_obj=-123630, overall time=7875.76
i=109, infea=0.285678, nnz_a=20.2961, nnz_b=30.0002, uni_search=23.235, uni_subSolve=1.74012, uni_maintain=1.58952, bi_search=63.6639, bi_subSolve=1.12282, bi_maintain=4.30686, admm_maintain=1.95813, area1=4984.1, area23=1.5555, area4=1.93562, dual_obj=-123754, p_obj=192745, heldout Acc=0.547836, overall time=7977.94
i=110, infea=0.2842, nnz_a=20.2893, nnz_b=29.9927, uni_search=22.8848, uni_subSolve=1.68497, uni_maintain=1.50729, bi_search=69.5293, bi_subSolve=1.18532, bi_maintain=4.61798, admm_maintain=1.74532, area1=5038.29, area23=1.55915, area4=1.97148, dual_obj=-123872, overall time=8085.45
i=111, infea=0.282673, nnz_a=20.2859, nnz_b=29.9794, uni_search=22.9591, uni_subSolve=1.67251, uni_maintain=1.52445, bi_search=66.5695, bi_subSolve=1.14162, bi_maintain=4.40203, admm_maintain=1.39402, area1=5092.36, area23=1.5633, area4=2.02286, dual_obj=-123977, overall time=8189.43
i=112, infea=0.281184, nnz_a=20.2816, nnz_b=29.972, uni_search=22.8021, uni_subSolve=1.67075, uni_maintain=1.48244, bi_search=66.0586, bi_subSolve=1.12537, bi_maintain=4.31795, admm_maintain=1.44473, area1=5146.27, area23=1.56716, area4=2.04, dual_obj=-124077, overall time=8292.61
i=113, infea=0.279651, nnz_a=20.2751, nnz_b=29.9577, uni_search=23.1163, uni_subSolve=1.72547, uni_maintain=1.54802, bi_search=67.4822, bi_subSolve=1.13461, bi_maintain=4.37235, admm_maintain=1.76602, area1=5200.41, area23=1.57112, area4=2.09127, dual_obj=-124160, overall time=8398.2
i=114, infea=0.278153, nnz_a=20.2691, nnz_b=29.9472, uni_search=22.9271, uni_subSolve=1.69952, uni_maintain=1.52439, bi_search=67.0295, bi_subSolve=1.12417, bi_maintain=4.30851, admm_maintain=1.36151, area1=5254.27, area23=1.57465, area4=2.14314, dual_obj=-124240, overall time=8502.46
i=115, infea=0.276637, nnz_a=20.2613, nnz_b=29.937, uni_search=23.2108, uni_subSolve=1.74615, uni_maintain=1.55784, bi_search=64.4701, bi_subSolve=1.08436, bi_maintain=4.12392, admm_maintain=1.36837, area1=5308.21, area23=1.57856, area4=2.22254, dual_obj=-124309, overall time=8604.33
i=116, infea=0.275062, nnz_a=20.2512, nnz_b=29.9241, uni_search=22.6224, uni_subSolve=1.62166, uni_maintain=1.46064, bi_search=69.9597, bi_subSolve=1.14557, bi_maintain=4.40902, admm_maintain=1.44268, area1=5361.79, area23=1.58224, area4=2.27244, dual_obj=-124374, overall time=8711.33
i=117, infea=0.273533, nnz_a=20.2383, nnz_b=29.9089, uni_search=22.9994, uni_subSolve=1.70233, uni_maintain=1.53144, bi_search=67.8918, bi_subSolve=1.12482, bi_maintain=4.28138, admm_maintain=2.17855, area1=5415.53, area23=1.58594, area4=2.34, dual_obj=-124418, overall time=8817.44
i=118, infea=0.271973, nnz_a=20.2317, nnz_b=29.8889, uni_search=22.6854, uni_subSolve=1.61854, uni_maintain=1.46697, bi_search=72.9189, bi_subSolve=1.17356, bi_maintain=4.53757, admm_maintain=1.36379, area1=5469.29, area23=1.58961, area4=2.41795, dual_obj=-124465, overall time=8927.49
i=119, infea=0.270409, nnz_a=20.221, nnz_b=29.871, uni_search=23.1404, uni_subSolve=1.73558, uni_maintain=1.53886, bi_search=72.4665, bi_subSolve=1.15202, bi_maintain=4.44256, admm_maintain=1.39748, area1=5522.97, area23=1.59312, area4=2.46398, dual_obj=-124507, p_obj=178366, heldout Acc=0.547836 (1/100), overall time=9037.7
i=120, infea=0.268856, nnz_a=20.2135, nnz_b=29.8509, uni_search=22.9552, uni_subSolve=1.68166, uni_maintain=1.50293, bi_search=71.7615, bi_subSolve=1.14221, bi_maintain=4.38612, admm_maintain=1.26733, area1=5576.83, area23=1.59662, area4=2.51152, dual_obj=-124542, overall time=9146.55
i=121, infea=0.267271, nnz_a=20.2002, nnz_b=29.8353, uni_search=22.3582, uni_subSolve=1.56159, uni_maintain=1.37612, bi_search=57.3411, bi_subSolve=1.13116, bi_maintain=4.08091, admm_maintain=2.0448, area1=5630.32, area23=1.60011, area4=2.56266, dual_obj=-124564, overall time=9241.03
i=122, infea=0.265723, nnz_a=20.1893, nnz_b=29.8173, uni_search=25.698, uni_subSolve=2.36606, uni_maintain=2.19753, bi_search=134.255, bi_subSolve=2.00301, bi_maintain=8.29128, admm_maintain=2.43705, area1=5683.69, area23=1.60358, area4=2.65684, dual_obj=-124597, overall time=9424.7
i=123, infea=0.264179, nnz_a=20.176, nnz_b=29.7945, uni_search=25.3607, uni_subSolve=2.29344, uni_maintain=2.1203, bi_search=138.518, bi_subSolve=2.04132, bi_maintain=8.46363, admm_maintain=1.90549, area1=5737.3, area23=1.60666, area4=2.78884, dual_obj=-124613, overall time=9611.68
i=124, infea=0.262608, nnz_a=20.1632, nnz_b=29.7733, uni_search=25.3803, uni_subSolve=2.29165, uni_maintain=2.12589, bi_search=139.973, bi_subSolve=2.0426, bi_maintain=8.46742, admm_maintain=2.40951, area1=5790.7, area23=1.61029, area4=2.87805, dual_obj=-124624, overall time=9800.86
i=125, infea=0.261055, nnz_a=20.1469, nnz_b=29.7558, uni_search=24.9356, uni_subSolve=2.1942, uni_maintain=2.00084, bi_search=77.9229, bi_subSolve=1.19095, bi_maintain=4.59236, admm_maintain=1.47089, area1=5844.17, area23=1.61372, area4=2.97658, dual_obj=-124642, overall time=9920.02
i=126, infea=0.259513, nnz_a=20.1359, nnz_b=29.7275, uni_search=23.7314, uni_subSolve=1.82191, uni_maintain=1.69013, bi_search=74.4354, bi_subSolve=1.14118, bi_maintain=4.36358, admm_maintain=1.47857, area1=5897.32, area23=1.61673, area4=3.06388, dual_obj=-124646, overall time=10033.3
i=127, infea=0.257934, nnz_a=20.1217, nnz_b=29.7016, uni_search=23.7247, uni_subSolve=1.8185, uni_maintain=1.69397, bi_search=79.8903, bi_subSolve=1.19296, bi_maintain=4.61104, admm_maintain=1.39837, area1=5950.64, area23=1.61992, area4=3.21194, dual_obj=-124658, overall time=10152.2
i=128, infea=0.25639, nnz_a=20.1022, nnz_b=29.6782, uni_search=23.6341, uni_subSolve=1.81127, uni_maintain=1.65732, bi_search=136.851, bi_subSolve=1.96842, bi_maintain=8.06838, admm_maintain=2.4198, area1=6004.24, area23=1.62326, area4=3.37346, dual_obj=-124650, overall time=10334.7
i=129, infea=0.254849, nnz_a=20.0815, nnz_b=29.6508, uni_search=25.6512, uni_subSolve=2.35308, uni_maintain=2.18011, bi_search=85.8714, bi_subSolve=1.27035, bi_maintain=4.95298, admm_maintain=1.09187, area1=6057.54, area23=1.62663, area4=3.5065, dual_obj=-124653, p_obj=178099, heldout Acc=0.547836 (2/100), overall time=10463
i=130, infea=0.2533, nnz_a=20.0618, nnz_b=29.625, uni_search=22.6592, uni_subSolve=1.61242, uni_maintain=1.44304, bi_search=77.7257, bi_subSolve=1.14356, bi_maintain=4.38425, admm_maintain=1.0313, area1=6110.56, area23=1.62964, area4=3.61454, dual_obj=-124644, overall time=10577.2
i=131, infea=0.251757, nnz_a=20.044, nnz_b=29.5974, uni_search=23.1552, uni_subSolve=1.71222, uni_maintain=1.5357, bi_search=75.1642, bi_subSolve=1.1084, bi_maintain=4.21723, admm_maintain=1.36248, area1=6163.65, area23=1.63302, area4=3.73497, dual_obj=-124633, overall time=10689.7
i=132, infea=0.25025, nnz_a=20.0301, nnz_b=29.5738, uni_search=23.0441, uni_subSolve=1.67661, uni_maintain=1.52282, bi_search=72.8606, bi_subSolve=1.07771, bi_maintain=4.06639, admm_maintain=1.85123, area1=6216.93, area23=1.63588, area4=3.96265, dual_obj=-124627, overall time=10800.3
i=133, infea=0.248715, nnz_a=20.0122, nnz_b=29.5457, uni_search=22.802, uni_subSolve=1.63517, uni_maintain=1.47668, bi_search=77.4073, bi_subSolve=1.13148, bi_maintain=4.31391, admm_maintain=1.33935, area1=6270.2, area23=1.63903, area4=4.09692, dual_obj=-124611, overall time=10914.7
i=134, infea=0.247201, nnz_a=19.9926, nnz_b=29.5134, uni_search=23.1704, uni_subSolve=1.7171, uni_maintain=1.53233, bi_search=77.616, bi_subSolve=1.11467, bi_maintain=4.25481, admm_maintain=2.40894, area1=6323.45, area23=1.64201, area4=4.32323, dual_obj=-124593, overall time=11031.3
i=135, infea=0.24569, nnz_a=19.9725, nnz_b=29.4839, uni_search=22.2994, uni_subSolve=1.54952, uni_maintain=1.37752, bi_search=79.8858, bi_subSolve=1.1313, bi_maintain=4.33472, admm_maintain=2.24153, area1=6376.66, area23=1.64502, area4=4.51855, dual_obj=-124579, overall time=11148.7
i=136, infea=0.244161, nnz_a=19.9483, nnz_b=29.4508, uni_search=22.5665, uni_subSolve=1.58824, uni_maintain=1.42138, bi_search=81.3018, bi_subSolve=1.14876, bi_maintain=4.40366, admm_maintain=1.37676, area1=6430.22, area23=1.64777, area4=4.69395, dual_obj=-124561, overall time=11266.8
i=137, infea=0.242609, nnz_a=19.9245, nnz_b=29.4168, uni_search=23.0674, uni_subSolve=1.6718, uni_maintain=1.50585, bi_search=83.1186, bi_subSolve=1.15627, bi_maintain=4.44404, admm_maintain=1.37718, area1=6483.37, area23=1.65048, area4=4.8954, dual_obj=-124542, overall time=11387.5
i=138, infea=0.241112, nnz_a=19.8988, nnz_b=29.383, uni_search=22.8318, uni_subSolve=1.63155, uni_maintain=1.48356, bi_search=80.2802, bi_subSolve=1.1181, bi_maintain=4.26795, admm_maintain=1.86381, area1=6536.82, area23=1.65333, area4=5.09833, dual_obj=-124530, overall time=11505.6
i=139, infea=0.239619, nnz_a=19.878, nnz_b=29.353, uni_search=22.8759, uni_subSolve=1.647, uni_maintain=1.4891, bi_search=77.9807, bi_subSolve=1.08754, bi_maintain=4.11616, admm_maintain=1.36456, area1=6589.91, area23=1.65623, area4=5.43558, dual_obj=-124510, p_obj=172836, heldout Acc=0.547836 (3/100), overall time=11620.4
i=140, infea=0.238126, nnz_a=19.8568, nnz_b=29.3213, uni_search=22.4914, uni_subSolve=1.54777, uni_maintain=1.41248, bi_search=84.1772, bi_subSolve=1.15058, bi_maintain=4.42186, admm_maintain=1.37815, area1=6643.38, area23=1.6589, area4=5.6744, dual_obj=-124488, overall time=11741.3
i=141, infea=0.23662, nnz_a=19.8306, nnz_b=29.2855, uni_search=23.2329, uni_subSolve=1.72738, uni_maintain=1.54845, bi_search=81.5432, bi_subSolve=1.11914, bi_maintain=4.25543, admm_maintain=1.36058, area1=6696.92, area23=1.66154, area4=5.97524, dual_obj=-124464, overall time=11860.4
i=142, infea=0.235128, nnz_a=19.8044, nnz_b=29.2527, uni_search=22.923, uni_subSolve=1.65388, uni_maintain=1.48891, bi_search=85.8004, bi_subSolve=1.15477, bi_maintain=4.43662, admm_maintain=1.8326, area1=6750.19, area23=1.66394, area4=6.15546, dual_obj=-124429, overall time=11984.2
i=143, infea=0.233609, nnz_a=19.7786, nnz_b=29.2174, uni_search=22.9173, uni_subSolve=1.63751, uni_maintain=1.49254, bi_search=82.0374, bi_subSolve=1.10747, bi_maintain=4.22013, admm_maintain=2.05845, area1=6803.59, area23=1.66684, area4=6.50715, dual_obj=-124404, overall time=12104.3
i=144, infea=0.232179, nnz_a=19.7522, nnz_b=29.1813, uni_search=22.6599, uni_subSolve=1.58597, uni_maintain=1.40376, bi_search=83.1719, bi_subSolve=1.11481, bi_maintain=4.2499, admm_maintain=1.38203, area1=6857.2, area23=1.66949, area4=6.83976, dual_obj=-124381, overall time=12224.3
i=145, infea=0.230727, nnz_a=19.7341, nnz_b=29.1443, uni_search=22.9883, uni_subSolve=1.65746, uni_maintain=1.48986, bi_search=90.6566, bi_subSolve=1.29804, bi_maintain=4.94494, admm_maintain=1.6199, area1=6910.51, area23=1.67211, area4=7.18761, dual_obj=-124350, overall time=12353.5
i=146, infea=0.229285, nnz_a=19.7135, nnz_b=29.1065, uni_search=23.81, uni_subSolve=1.73466, uni_maintain=1.58038, bi_search=96.7796, bi_subSolve=1.40755, bi_maintain=5.38677, admm_maintain=1.92472, area1=6964.51, area23=1.67453, area4=7.6265, dual_obj=-124318, overall time=12491.1
i=147, infea=0.227788, nnz_a=19.6871, nnz_b=29.0662, uni_search=24.198, uni_subSolve=1.77282, uni_maintain=1.62253, bi_search=97.2878, bi_subSolve=1.41524, bi_maintain=5.37706, admm_maintain=1.82423, area1=7018.29, area23=1.677, area4=7.98523, dual_obj=-124287, overall time=12629.8
i=148, infea=0.226359, nnz_a=19.6575, nnz_b=29.0204, uni_search=23.8654, uni_subSolve=1.72995, uni_maintain=1.57555, bi_search=97.7609, bi_subSolve=1.40199, bi_maintain=5.35085, admm_maintain=1.88599, area1=7072.29, area23=1.6793, area4=8.33863, dual_obj=-124251, overall time=12768.4
i=149, infea=0.224926, nnz_a=19.63, nnz_b=28.9813, uni_search=24.3771, uni_subSolve=1.79959, uni_maintain=1.63312, bi_search=97.6779, bi_subSolve=1.39053, bi_maintain=5.30116, admm_maintain=1.43134, area1=7125.81, area23=1.68169, area4=8.74047, dual_obj=-124227, p_obj=178613, heldout Acc=0.540433 (4/100), overall time=12906.9
i=150, infea=0.223469, nnz_a=19.6066, nnz_b=28.9471, uni_search=23.846, uni_subSolve=1.73361, uni_maintain=1.59307, bi_search=98.7155, bi_subSolve=1.39877, bi_maintain=5.33429, admm_maintain=1.7886, area1=7179.59, area23=1.6841, area4=9.16128, dual_obj=-124190, overall time=13046.3
i=151, infea=0.222078, nnz_a=19.5808, nnz_b=28.9106, uni_search=24.2814, uni_subSolve=1.78569, uni_maintain=1.61928, bi_search=99.1386, bi_subSolve=1.39583, bi_maintain=5.32051, admm_maintain=1.92734, area1=7233.43, area23=1.68649, area4=9.59116, dual_obj=-124163, overall time=13186.8
i=152, infea=0.220729, nnz_a=19.5567, nnz_b=28.874, uni_search=23.6743, uni_subSolve=1.70566, uni_maintain=1.54815, bi_search=99.5687, bi_subSolve=1.39621, bi_maintain=5.31013, admm_maintain=1.92427, area1=7287.45, area23=1.68866, area4=10.0939, dual_obj=-124135, overall time=13326.9
i=153, infea=0.219362, nnz_a=19.5332, nnz_b=28.8335, uni_search=24.322, uni_subSolve=1.78823, uni_maintain=1.62193, bi_search=99.9099, bi_subSolve=1.38926, bi_maintain=5.2843, admm_maintain=1.79331, area1=7341.43, area23=1.69089, area4=10.538, dual_obj=-124102, overall time=13468.1
i=154, infea=0.217997, nnz_a=19.507, nnz_b=28.7941, uni_search=23.9896, uni_subSolve=1.754, uni_maintain=1.56927, bi_search=99.9178, bi_subSolve=1.38197, bi_maintain=5.2571, admm_maintain=1.90906, area1=7395.03, area23=1.69301, area4=11.0137, dual_obj=-124067, overall time=13608.9
i=155, infea=0.216625, nnz_a=19.4795, nnz_b=28.7522, uni_search=24.4631, uni_subSolve=1.79744, uni_maintain=1.6648, bi_search=100.699, bi_subSolve=1.38418, bi_maintain=5.26587, admm_maintain=1.79429, area1=7449.01, area23=1.69513, area4=11.3956, dual_obj=-124036, overall time=13751
i=156, infea=0.215221, nnz_a=19.4526, nnz_b=28.7118, uni_search=23.8411, uni_subSolve=1.7223, uni_maintain=1.56608, bi_search=101.163, bi_subSolve=1.38302, bi_maintain=5.25785, admm_maintain=1.79219, area1=7503.31, area23=1.69743, area4=11.8546, dual_obj=-123999, overall time=13892.7
i=157, infea=0.213894, nnz_a=19.4243, nnz_b=28.6721, uni_search=24.4688, uni_subSolve=1.79749, uni_maintain=1.63781, bi_search=102.018, bi_subSolve=1.38514, bi_maintain=5.26838, admm_maintain=1.90713, area1=7557.22, area23=1.6997, area4=12.3959, dual_obj=-123974, overall time=14036.2
i=158, infea=0.212526, nnz_a=19.3996, nnz_b=28.6298, uni_search=23.979, uni_subSolve=1.7283, uni_maintain=1.57124, bi_search=102.133, bi_subSolve=1.38025, bi_maintain=5.24102, admm_maintain=1.89626, area1=7611.11, area23=1.70183, area4=12.885, dual_obj=-123940, overall time=14179.1
i=159, infea=0.211199, nnz_a=19.3719, nnz_b=28.5875, uni_search=24.3215, uni_subSolve=1.78186, uni_maintain=1.61355, bi_search=104.4, bi_subSolve=1.3931, bi_maintain=5.30022, admm_maintain=1.76621, area1=7664.87, area23=1.70378, area4=13.4069, dual_obj=-123911, p_obj=168911, heldout Acc=0.5541, overall time=14324.7
i=160, infea=0.209826, nnz_a=19.3456, nnz_b=28.5475, uni_search=23.9581, uni_subSolve=1.72094, uni_maintain=1.54239, bi_search=105.732, bi_subSolve=1.40017, bi_maintain=5.33365, admm_maintain=1.99974, area1=7719.26, area23=1.70575, area4=13.8528, dual_obj=-123884, overall time=14471.4
i=161, infea=0.208508, nnz_a=19.3209, nnz_b=28.5066, uni_search=23.6668, uni_subSolve=1.73543, uni_maintain=1.58964, bi_search=105.823, bi_subSolve=1.3921, bi_maintain=5.30211, admm_maintain=2.13183, area1=7773.79, area23=1.70755, area4=14.2211, dual_obj=-123855, overall time=14618.4
i=162, infea=0.207204, nnz_a=19.2923, nnz_b=28.4678, uni_search=25.372, uni_subSolve=2.21768, uni_maintain=2.03742, bi_search=150.647, bi_subSolve=1.79366, bi_maintain=7.14679, admm_maintain=1.81312, area1=7828.19, area23=1.70955, area4=14.7052, dual_obj=-123823, overall time=14815.7
i=163, infea=0.205931, nnz_a=19.2654, nnz_b=28.4252, uni_search=24.7437, uni_subSolve=2.08546, uni_maintain=1.87303, bi_search=130.228, bi_subSolve=1.61166, bi_maintain=6.31572, admm_maintain=1.84463, area1=7882.73, area23=1.71122, area4=15.1507, dual_obj=-123792, overall time=14990.5
i=164, infea=0.204657, nnz_a=19.2382, nnz_b=28.3857, uni_search=24.8537, uni_subSolve=2.10388, uni_maintain=1.89806, bi_search=116.623, bi_subSolve=1.47736, bi_maintain=5.78262, admm_maintain=1.41089, area1=7937.36, area23=1.71298, area4=15.6178, dual_obj=-123759, overall time=15150.4
i=165, infea=0.203379, nnz_a=19.2127, nnz_b=28.3435, uni_search=24.2656, uni_subSolve=1.95938, uni_maintain=1.71714, bi_search=111.317, bi_subSolve=1.42666, bi_maintain=5.50611, admm_maintain=1.40477, area1=7991.9, area23=1.71479, area4=16.1332, dual_obj=-123726, overall time=15303.4
i=166, infea=0.20207, nnz_a=19.1895, nnz_b=28.3014, uni_search=23.8513, uni_subSolve=1.87247, uni_maintain=1.61193, bi_search=110.102, bi_subSolve=1.4115, bi_maintain=5.4354, admm_maintain=1.3734, area1=8046.82, area23=1.71666, area4=16.6083, dual_obj=-123702, overall time=15454.4
i=167, infea=0.200735, nnz_a=19.1635, nnz_b=28.2611, uni_search=23.9063, uni_subSolve=1.90039, uni_maintain=1.6526, bi_search=111.299, bi_subSolve=1.41751, bi_maintain=5.43969, admm_maintain=2.15323, area1=8101.85, area23=1.71854, area4=17.1363, dual_obj=-123672, overall time=15607.8
i=168, infea=0.199433, nnz_a=19.1426, nnz_b=28.2192, uni_search=23.7956, uni_subSolve=1.87457, uni_maintain=1.61679, bi_search=113.012, bi_subSolve=1.42612, bi_maintain=5.48116, admm_maintain=1.39007, area1=8156.78, area23=1.72033, area4=17.6188, dual_obj=-123639, overall time=15761.9
i=169, infea=0.198151, nnz_a=19.1143, nnz_b=28.1823, uni_search=24.0061, uni_subSolve=1.91452, uni_maintain=1.66671, bi_search=111.929, bi_subSolve=1.40771, bi_maintain=5.42141, admm_maintain=1.69508, area1=8212.03, area23=1.72195, area4=18.1544, dual_obj=-123611, p_obj=168607, heldout Acc=0.553531 (1/100), overall time=15915.6
i=170, infea=0.196834, nnz_a=19.0886, nnz_b=28.1435, uni_search=23.9247, uni_subSolve=1.88263, uni_maintain=1.62778, bi_search=95.2754, bi_subSolve=1.25375, bi_maintain=4.70509, admm_maintain=1.12682, area1=8267.39, area23=1.72373, area4=18.6229, dual_obj=-123585, overall time=16050.5
i=171, infea=0.19558, nnz_a=19.0647, nnz_b=28.1078, uni_search=23.8941, uni_subSolve=1.82339, uni_maintain=1.6134, bi_search=97.4036, bi_subSolve=1.23844, bi_maintain=4.67326, admm_maintain=1.69345, area1=8322.79, area23=1.72524, area4=19.0617, dual_obj=-123550, overall time=16187.8
i=172, infea=0.19432, nnz_a=19.0416, nnz_b=28.0685, uni_search=24.1437, uni_subSolve=1.79953, uni_maintain=1.54423, bi_search=117.134, bi_subSolve=1.46295, bi_maintain=5.59524, admm_maintain=2.33266, area1=8378.67, area23=1.72683, area4=19.6479, dual_obj=-123522, overall time=16347.3
i=173, infea=0.193077, nnz_a=19.0182, nnz_b=28.0297, uni_search=25.7681, uni_subSolve=2.25341, uni_maintain=2.07072, bi_search=187.923, bi_subSolve=2.01173, bi_maintain=8.11405, admm_maintain=2.4688, area1=8433.85, area23=1.72833, area4=20.1484, dual_obj=-123491, overall time=16584.8
i=174, infea=0.191864, nnz_a=18.9878, nnz_b=27.9908, uni_search=25.5146, uni_subSolve=2.2174, uni_maintain=2.03528, bi_search=186.345, bi_subSolve=1.99182, bi_maintain=8.01283, admm_maintain=2.47896, area1=8489.54, area23=1.7298, area4=20.671, dual_obj=-123460, overall time=16820.3
i=175, infea=0.190645, nnz_a=18.9627, nnz_b=27.9529, uni_search=25.4091, uni_subSolve=2.1846, uni_maintain=2.01308, bi_search=188.942, bi_subSolve=2.00343, bi_maintain=8.06299, admm_maintain=2.48002, area1=8545.2, area23=1.73118, area4=21.2029, dual_obj=-123431, overall time=17058.4
i=176, infea=0.189403, nnz_a=18.9417, nnz_b=27.9129, uni_search=25.4493, uni_subSolve=2.1849, uni_maintain=1.99875, bi_search=190.154, bi_subSolve=2.03213, bi_maintain=8.06106, admm_maintain=2.32328, area1=8601.48, area23=1.73276, area4=21.7127, dual_obj=-123407, overall time=17297.6
i=177, infea=0.188196, nnz_a=18.9189, nnz_b=27.8788, uni_search=25.6622, uni_subSolve=2.20123, uni_maintain=2.03389, bi_search=191.184, bi_subSolve=2.00401, bi_maintain=8.04468, admm_maintain=2.38727, area1=8657.58, area23=1.73397, area4=22.3005, dual_obj=-123376, overall time=17538.1
i=178, infea=0.186991, nnz_a=18.8965, nnz_b=27.8407, uni_search=25.7282, uni_subSolve=2.24202, uni_maintain=2.07318, bi_search=194.363, bi_subSolve=2.02202, bi_maintain=8.12295, admm_maintain=2.33944, area1=8713.56, area23=1.7355, area4=22.8704, dual_obj=-123351, overall time=17782.1
i=179, infea=0.185798, nnz_a=18.869, nnz_b=27.8021, uni_search=25.6097, uni_subSolve=2.21991, uni_maintain=2.05096, bi_search=194.264, bi_subSolve=2.00819, bi_maintain=8.07595, admm_maintain=2.39544, area1=8769.69, area23=1.73674, area4=23.4131, dual_obj=-123326, p_obj=167034, heldout Acc=0.560934, overall time=18025.8
i=180, infea=0.184623, nnz_a=18.8498, nnz_b=27.769, uni_search=25.6685, uni_subSolve=2.21775, uni_maintain=2.04474, bi_search=182.014, bi_subSolve=1.90926, bi_maintain=7.60734, admm_maintain=2.18888, area1=8825.85, area23=1.73808, area4=24.0809, dual_obj=-123296, overall time=18256.3
i=181, infea=0.183451, nnz_a=18.8273, nnz_b=27.7348, uni_search=25.6326, uni_subSolve=2.20331, uni_maintain=2.05528, bi_search=185.626, bi_subSolve=1.92707, bi_maintain=7.68974, admm_maintain=2.3116, area1=8881.96, area23=1.73946, area4=24.6806, dual_obj=-123274, overall time=18490.7
i=182, infea=0.182336, nnz_a=18.8037, nnz_b=27.6976, uni_search=25.4311, uni_subSolve=2.17699, uni_maintain=1.99459, bi_search=183.203, bi_subSolve=1.90295, bi_maintain=7.5766, admm_maintain=2.12798, area1=8938.26, area23=1.74084, area4=25.3366, dual_obj=-123251, overall time=18721.9
i=183, infea=0.181181, nnz_a=18.7799, nnz_b=27.6643, uni_search=25.3646, uni_subSolve=2.14871, uni_maintain=1.98209, bi_search=179.393, bi_subSolve=1.86537, bi_maintain=7.40136, admm_maintain=2.30059, area1=8994.53, area23=1.74208, area4=25.9601, dual_obj=-123230, overall time=18949.1
i=184, infea=0.180051, nnz_a=18.7585, nnz_b=27.6228, uni_search=23.0832, uni_subSolve=1.60828, uni_maintain=1.4559, bi_search=93.2816, bi_subSolve=1.00216, bi_maintain=3.76435, admm_maintain=1.2349, area1=9051.13, area23=1.74316, area4=26.4371, dual_obj=-123205, overall time=19078.9
i=185, infea=0.178942, nnz_a=18.738, nnz_b=27.5837, uni_search=22.6585, uni_subSolve=1.53814, uni_maintain=1.38613, bi_search=100.847, bi_subSolve=1.05881, bi_maintain=4.02267, admm_maintain=1.24797, area1=9108.13, area23=1.74463, area4=27.1194, dual_obj=-123178, overall time=19215.9
i=186, infea=0.177827, nnz_a=18.7147, nnz_b=27.5508, uni_search=22.6394, uni_subSolve=1.52577, uni_maintain=1.38339, bi_search=97.3425, bi_subSolve=1.02028, bi_maintain=3.85284, admm_maintain=1.84667, area1=9164.35, area23=1.74587, area4=27.6406, dual_obj=-123155, overall time=19350.1
i=187, infea=0.176704, nnz_a=18.6915, nnz_b=27.5186, uni_search=23.3096, uni_subSolve=1.66275, uni_maintain=1.49857, bi_search=86.2746, bi_subSolve=0.98075, bi_maintain=3.57413, admm_maintain=1.31292, area1=9220.8, area23=1.74713, area4=28.2278, dual_obj=-123129, overall time=19473.3
i=188, infea=0.175614, nnz_a=18.6702, nnz_b=27.4842, uni_search=24.0466, uni_subSolve=1.68109, uni_maintain=1.63339, bi_search=101.032, bi_subSolve=1.24425, bi_maintain=4.45001, admm_maintain=1.34176, area1=9277.79, area23=1.74821, area4=28.7692, dual_obj=-123103, overall time=19613.5
i=189, infea=0.174528, nnz_a=18.6502, nnz_b=27.4526, uni_search=23.7919, uni_subSolve=1.71304, uni_maintain=1.47265, bi_search=111.563, bi_subSolve=1.36634, bi_maintain=4.68381, admm_maintain=1.7598, area1=9334.83, area23=1.74932, area4=29.3122, dual_obj=-123080, p_obj=222585, heldout Acc=0.547836 (1/100), overall time=19764.8
i=190, infea=0.173387, nnz_a=18.6312, nnz_b=27.4219, uni_search=22.8806, uni_subSolve=1.54554, uni_maintain=1.38903, bi_search=108.872, bi_subSolve=1.10231, bi_maintain=3.93277, admm_maintain=1.31974, area1=9391.42, area23=1.7507, area4=29.8247, dual_obj=-123058, overall time=19910.1
i=191, infea=0.1723, nnz_a=18.6087, nnz_b=27.393, uni_search=23.0981, uni_subSolve=1.5943, uni_maintain=1.42164, bi_search=108.322, bi_subSolve=1.09645, bi_maintain=3.89367, admm_maintain=1.31721, area1=9448.96, area23=1.75163, area4=30.3772, dual_obj=-123041, overall time=20055.2
i=192, infea=0.1712, nnz_a=18.589, nnz_b=27.3652, uni_search=23.0493, uni_subSolve=1.58541, uni_maintain=1.42794, bi_search=110.591, bi_subSolve=1.10488, bi_maintain=3.93608, admm_maintain=1.41862, area1=9506.17, area23=1.75278, area4=30.9323, dual_obj=-123014, overall time=20202.7
i=193, infea=0.1701, nnz_a=18.5692, nnz_b=27.338, uni_search=22.8157, uni_subSolve=1.52612, uni_maintain=1.3705, bi_search=106.226, bi_subSolve=1.04697, bi_maintain=3.72662, admm_maintain=1.34977, area1=9563.54, area23=1.75402, area4=31.5709, dual_obj=-122998, overall time=20345
i=194, infea=0.169047, nnz_a=18.5499, nnz_b=27.3096, uni_search=24.3178, uni_subSolve=1.86095, uni_maintain=1.68109, bi_search=122.265, bi_subSolve=1.4627, bi_maintain=5.20842, admm_maintain=1.64305, area1=9620.48, area23=1.75533, area4=32.0535, dual_obj=-122974, overall time=20508.7
i=195, infea=0.167972, nnz_a=18.5331, nnz_b=27.2801, uni_search=24.8937, uni_subSolve=1.96666, uni_maintain=1.77677, bi_search=122.528, bi_subSolve=1.45802, bi_maintain=5.20864, admm_maintain=1.73024, area1=9677.95, area23=1.75623, area4=32.5532, dual_obj=-122955, overall time=20673.6
i=196, infea=0.166935, nnz_a=18.5116, nnz_b=27.2507, uni_search=24.7144, uni_subSolve=1.93761, uni_maintain=1.75016, bi_search=123.786, bi_subSolve=1.46365, bi_maintain=5.26135, admm_maintain=1.69579, area1=9735.55, area23=1.75738, area4=33.1736, dual_obj=-122940, overall time=20839.5
i=197, infea=0.165925, nnz_a=18.4904, nnz_b=27.2238, uni_search=24.7804, uni_subSolve=1.94536, uni_maintain=1.75728, bi_search=123.009, bi_subSolve=1.44951, bi_maintain=5.16551, admm_maintain=1.76475, area1=9792.99, area23=1.75839, area4=33.7045, dual_obj=-122915, overall time=21004.7
i=198, infea=0.164872, nnz_a=18.4713, nnz_b=27.2001, uni_search=24.8727, uni_subSolve=1.93505, uni_maintain=1.75051, bi_search=125.057, bi_subSolve=1.45763, bi_maintain=5.22215, admm_maintain=1.70034, area1=9851.12, area23=1.7591, area4=34.2336, dual_obj=-122900, overall time=21172.1
i=199, infea=0.16384, nnz_a=18.4526, nnz_b=27.1742, uni_search=24.7082, uni_subSolve=1.93747, uni_maintain=1.75941, bi_search=124.011, bi_subSolve=1.44282, bi_maintain=5.15664, admm_maintain=1.68201, area1=9909.04, area23=1.7603, area4=34.8797, dual_obj=-122877, p_obj=166061, heldout Acc=0.546697 (2/100), overall time=21338.1
i=200, infea=0.162847, nnz_a=18.4306, nnz_b=27.1485, uni_search=24.8774, uni_subSolve=1.95964, uni_maintain=1.76278, bi_search=125.388, bi_subSolve=1.45111, bi_maintain=5.2022, admm_maintain=1.76653, area1=9967.31, area23=1.76113, area4=35.4956, dual_obj=-122858, overall time=21505.8
i=201, infea=0.161809, nnz_a=18.4169, nnz_b=27.1257, uni_search=24.7162, uni_subSolve=1.92047, uni_maintain=1.7374, bi_search=118.265, bi_subSolve=1.35567, bi_maintain=4.79302, admm_maintain=1.29557, area1=10025.5, area23=1.76199, area4=36.0732, dual_obj=-122836, overall time=21665.1
i=202, infea=0.160827, nnz_a=18.3986, nnz_b=27.1001, uni_search=24.3872, uni_subSolve=1.63045, uni_maintain=1.78144, bi_search=88.4967, bi_subSolve=0.948053, bi_maintain=3.23178, admm_maintain=1.18747, area1=10083.7, area23=1.7629, area4=36.6559, dual_obj=-122817, overall time=21791.1
i=203, infea=0.159811, nnz_a=18.3785, nnz_b=27.0756, uni_search=22.3828, uni_subSolve=1.34622, uni_maintain=1.34987, bi_search=85.2554, bi_subSolve=0.913842, bi_maintain=3.09793, admm_maintain=1.22606, area1=10142, area23=1.76402, area4=37.2537, dual_obj=-122807, overall time=21910.8
i=204, infea=0.158793, nnz_a=18.3586, nnz_b=27.0526, uni_search=22.4974, uni_subSolve=1.41516, uni_maintain=1.32576, bi_search=88.564, bi_subSolve=1.05388, bi_maintain=3.44955, admm_maintain=0.786995, area1=10200.4, area23=1.76483, area4=37.881, dual_obj=-122788, overall time=22034
i=205, infea=0.157833, nnz_a=18.3374, nnz_b=27.0309, uni_search=21.0975, uni_subSolve=1.21615, uni_maintain=1.07198, bi_search=74.5994, bi_subSolve=0.84345, bi_maintain=2.8032, admm_maintain=0.781301, area1=10259, area23=1.76594, area4=38.6323, dual_obj=-122772, overall time=22140
i=206, infea=0.156868, nnz_a=18.3224, nnz_b=27.004, uni_search=21.01, uni_subSolve=1.21193, uni_maintain=1.07579, bi_search=72.3019, bi_subSolve=0.82745, bi_maintain=2.73444, admm_maintain=0.882864, area1=10317.7, area23=1.76677, area4=39.341, dual_obj=-122754, overall time=22243.7
i=207, infea=0.155892, nnz_a=18.2999, nnz_b=26.9835, uni_search=20.6772, uni_subSolve=1.11882, uni_maintain=1.03643, bi_search=110.701, bi_subSolve=1.17509, bi_maintain=4.30913, admm_maintain=1.8259, area1=10376, area23=1.76761, area4=40.0321, dual_obj=-122732, overall time=22389.3
i=208, infea=0.154943, nnz_a=18.2798, nnz_b=26.958, uni_search=25.6785, uni_subSolve=1.97192, uni_maintain=1.8033, bi_search=136.196, bi_subSolve=1.36147, bi_maintain=5.31253, admm_maintain=1.73905, area1=10434.9, area23=1.76845, area4=40.8024, dual_obj=-122718, overall time=22569
i=209, infea=0.153982, nnz_a=18.2653, nnz_b=26.9375, uni_search=25.3998, uni_subSolve=1.94027, uni_maintain=1.7612, bi_search=107.239, bi_subSolve=0.961622, bi_maintain=3.65961, admm_maintain=1.4042, area1=10493.5, area23=1.76938, area4=41.5264, dual_obj=-122703, p_obj=199513, heldout Acc=0.55467 (3/100), overall time=22716
i=210, infea=0.153053, nnz_a=18.251, nnz_b=26.9176, uni_search=23.0165, uni_subSolve=1.51971, uni_maintain=1.31536, bi_search=115.262, bi_subSolve=0.952774, bi_maintain=3.73073, admm_maintain=1.83686, area1=10552.3, area23=1.77014, area4=42.2375, dual_obj=-122684, overall time=22868.2
i=211, infea=0.15215, nnz_a=18.2326, nnz_b=26.8969, uni_search=23.9543, uni_subSolve=1.6745, uni_maintain=1.51378, bi_search=126.108, bi_subSolve=1.1361, bi_maintain=4.51874, admm_maintain=1.36734, area1=10611.6, area23=1.77097, area4=42.9745, dual_obj=-122673, overall time=23033.3
i=212, infea=0.151242, nnz_a=18.2174, nnz_b=26.876, uni_search=23.0518, uni_subSolve=1.51736, uni_maintain=1.319, bi_search=102.04, bi_subSolve=0.880531, bi_maintain=3.37898, admm_maintain=1.40422, area1=10671.2, area23=1.77164, area4=43.7234, dual_obj=-122653, overall time=23171.1
i=213, infea=0.150328, nnz_a=18.2005, nnz_b=26.855, uni_search=22.769, uni_subSolve=1.42416, uni_maintain=1.29398, bi_search=120.8, bi_subSolve=0.967762, bi_maintain=3.81407, admm_maintain=2.04296, area1=10730.5, area23=1.77224, area4=44.5541, dual_obj=-122643, overall time=23328.8
i=214, infea=0.149451, nnz_a=18.1872, nnz_b=26.8342, uni_search=23.6125, uni_subSolve=1.59753, uni_maintain=1.46085, bi_search=119.762, bi_subSolve=0.956393, bi_maintain=3.75868, admm_maintain=1.71799, area1=10790, area23=1.77308, area4=45.4365, dual_obj=-122625, overall time=23486.4
i=215, infea=0.148531, nnz_a=18.1713, nnz_b=26.8155, uni_search=23.7536, uni_subSolve=1.61863, uni_maintain=1.48738, bi_search=120.279, bi_subSolve=0.954127, bi_maintain=3.74749, admm_maintain=1.46703, area1=10849.7, area23=1.77367, area4=46.1735, dual_obj=-122609, overall time=23644.3
i=216, infea=0.147634, nnz_a=18.1566, nnz_b=26.7957, uni_search=23.7861, uni_subSolve=1.56302, uni_maintain=1.56833, bi_search=91.7739, bi_subSolve=0.822599, bi_maintain=3.08928, admm_maintain=1.25603, area1=10909.9, area23=1.77443, area4=47.0296, dual_obj=-122596, overall time=23772.7
i=217, infea=0.146765, nnz_a=18.1413, nnz_b=26.7778, uni_search=23.289, uni_subSolve=1.43892, uni_maintain=1.47727, bi_search=91.183, bi_subSolve=0.816153, bi_maintain=3.06053, admm_maintain=1.23758, area1=10969.6, area23=1.77509, area4=47.8465, dual_obj=-122582, overall time=23899.5
i=218, infea=0.145888, nnz_a=18.1254, nnz_b=26.7579, uni_search=23.2968, uni_subSolve=1.44537, uni_maintain=1.48455, bi_search=91.8945, bi_subSolve=0.8171, bi_maintain=3.0616, admm_maintain=1.23891, area1=11029.8, area23=1.77552, area4=48.5642, dual_obj=-122567, overall time=24027.2
i=219, infea=0.145022, nnz_a=18.103, nnz_b=26.7355, uni_search=23.3779, uni_subSolve=1.45947, uni_maintain=1.50665, bi_search=92.3614, bi_subSolve=0.817201, bi_maintain=3.06683, admm_maintain=1.24431, area1=11089.5, area23=1.77594, area4=49.2866, dual_obj=-122553, p_obj=184165, heldout Acc=0.552392 (4/100), overall time=24155.4
i=220, infea=0.144159, nnz_a=18.0859, nnz_b=26.7143, uni_search=23.4955, uni_subSolve=1.45842, uni_maintain=1.52271, bi_search=94.7299, bi_subSolve=0.829219, bi_maintain=3.11276, admm_maintain=1.25898, area1=11150, area23=1.77657, area4=49.9871, dual_obj=-122537, overall time=24286.3
i=221, infea=0.143318, nnz_a=18.068, nnz_b=26.694, uni_search=23.826, uni_subSolve=1.64582, uni_maintain=1.48727, bi_search=133.792, bi_subSolve=1.23485, bi_maintain=4.90488, admm_maintain=1.67021, area1=11210.1, area23=1.77708, area4=50.7376, dual_obj=-122522, overall time=24460
i=222, infea=0.142445, nnz_a=18.0521, nnz_b=26.6787, uni_search=24.2743, uni_subSolve=1.71886, uni_maintain=1.48347, bi_search=133.917, bi_subSolve=1.22963, bi_maintain=4.89599, admm_maintain=1.57679, area1=11270.2, area23=1.77759, area4=51.4211, dual_obj=-122508, overall time=24634.3
i=223, infea=0.141578, nnz_a=18.0373, nnz_b=26.6621, uni_search=23.9376, uni_subSolve=1.69723, uni_maintain=1.45576, bi_search=134.329, bi_subSolve=1.22882, bi_maintain=4.88352, admm_maintain=1.58419, area1=11330.9, area23=1.77801, area4=52.1804, dual_obj=-122495, overall time=24808.5
i=224, infea=0.140736, nnz_a=18.023, nnz_b=26.6428, uni_search=23.9117, uni_subSolve=1.69477, uni_maintain=1.464, bi_search=134.835, bi_subSolve=1.22503, bi_maintain=4.87367, admm_maintain=1.6033, area1=11391.3, area23=1.77848, area4=52.8344, dual_obj=-122485, overall time=24983.2
i=225, infea=0.139901, nnz_a=18.007, nnz_b=26.6221, uni_search=23.8669, uni_subSolve=1.68649, uni_maintain=1.45227, bi_search=135.09, bi_subSolve=1.22284, bi_maintain=4.87269, admm_maintain=1.45875, area1=11452.5, area23=1.779, area4=53.5736, dual_obj=-122471, overall time=25158
i=226, infea=0.139082, nnz_a=17.992, nnz_b=26.602, uni_search=24.1075, uni_subSolve=1.73804, uni_maintain=1.48451, bi_search=137.428, bi_subSolve=1.23514, bi_maintain=4.91684, admm_maintain=1.5948, area1=11512.7, area23=1.77941, area4=54.3004, dual_obj=-122453, overall time=25335.7
i=227, infea=0.138256, nnz_a=17.977, nnz_b=26.5852, uni_search=24.2259, uni_subSolve=1.73105, uni_maintain=1.48017, bi_search=136.663, bi_subSolve=1.22207, bi_maintain=4.87008, admm_maintain=1.6008, area1=11573.2, area23=1.77992, area4=55.0257, dual_obj=-122445, overall time=25512.7
i=228, infea=0.137465, nnz_a=17.9623, nnz_b=26.5681, uni_search=24.3724, uni_subSolve=1.6407, uni_maintain=1.47391, bi_search=134.782, bi_subSolve=1.13762, bi_maintain=4.42322, admm_maintain=1.6663, area1=11634.2, area23=1.78021, area4=55.7897, dual_obj=-122429, overall time=25687.3
i=229, infea=0.13667, nnz_a=17.9486, nnz_b=26.5499, uni_search=24.099, uni_subSolve=1.60144, uni_maintain=1.36357, bi_search=128.661, bi_subSolve=1.0336, bi_maintain=3.98505, admm_maintain=1.70079, area1=11695, area23=1.78067, area4=56.4081, dual_obj=-122417, p_obj=187419, heldout Acc=0.548975 (5/100), overall time=25854.6
i=230, infea=0.135867, nnz_a=17.9374, nnz_b=26.5326, uni_search=22.9254, uni_subSolve=1.478, uni_maintain=1.28578, bi_search=126.348, bi_subSolve=0.999105, bi_maintain=3.99117, admm_maintain=2.14421, area1=11755.9, area23=1.78084, area4=57.0386, dual_obj=-122407, overall time=26018.8
i=231, infea=0.135081, nnz_a=17.9236, nnz_b=26.5117, uni_search=25.532, uni_subSolve=1.91961, uni_maintain=1.78189, bi_search=209.901, bi_subSolve=1.63437, bi_maintain=6.61603, admm_maintain=2.23146, area1=11817.1, area23=1.78134, area4=57.7431, dual_obj=-122398, overall time=26275.5
i=232, infea=0.13432, nnz_a=17.9096, nnz_b=26.4957, uni_search=27.4001, uni_subSolve=2.048, uni_maintain=1.76323, bi_search=199.457, bi_subSolve=1.60911, bi_maintain=6.50871, admm_maintain=2.20972, area1=11878.2, area23=1.78148, area4=58.4719, dual_obj=-122385, overall time=26524
i=233, infea=0.133564, nnz_a=17.8941, nnz_b=26.4822, uni_search=27.2376, uni_subSolve=2.08591, uni_maintain=1.79337, bi_search=190.377, bi_subSolve=1.55355, bi_maintain=6.28449, admm_maintain=2.06935, area1=11939.3, area23=1.78182, area4=59.0576, dual_obj=-122373, overall time=26762.6
i=234, infea=0.132804, nnz_a=17.8823, nnz_b=26.4697, uni_search=25.4655, uni_subSolve=1.78149, uni_maintain=1.52926, bi_search=180.296, bi_subSolve=1.43354, bi_maintain=5.74617, admm_maintain=2.10359, area1=12000.7, area23=1.7822, area4=59.8463, dual_obj=-122363, overall time=26987.5
i=235, infea=0.132054, nnz_a=17.8687, nnz_b=26.4553, uni_search=26.5943, uni_subSolve=1.91982, uni_maintain=1.63876, bi_search=189.761, bi_subSolve=1.54218, bi_maintain=6.20267, admm_maintain=2.11461, area1=12062.3, area23=1.78256, area4=60.4701, dual_obj=-122352, overall time=27224.3
i=236, infea=0.131313, nnz_a=17.8572, nnz_b=26.4437, uni_search=26.373, uni_subSolve=1.92382, uni_maintain=1.65334, bi_search=190.186, bi_subSolve=1.5412, bi_maintain=6.1932, admm_maintain=2.04493, area1=12123.8, area23=1.78262, area4=61.0652, dual_obj=-122344, overall time=27461.2
i=237, infea=0.130557, nnz_a=17.8443, nnz_b=26.4335, uni_search=26.5194, uni_subSolve=1.91935, uni_maintain=1.63803, bi_search=175.354, bi_subSolve=1.37848, bi_maintain=5.52103, admm_maintain=1.92333, area1=12185.9, area23=1.78289, area4=61.8438, dual_obj=-122326, overall time=27681.9
i=238, infea=0.129819, nnz_a=17.8324, nnz_b=26.4211, uni_search=26.2991, uni_subSolve=1.91605, uni_maintain=1.63768, bi_search=194.552, bi_subSolve=1.55513, bi_maintain=6.24631, admm_maintain=2.15027, area1=12247.6, area23=1.78314, area4=62.4443, dual_obj=-122315, overall time=27923.4
i=239, infea=0.129083, nnz_a=17.8223, nnz_b=26.4083, uni_search=26.5689, uni_subSolve=1.91091, uni_maintain=1.63358, bi_search=193.11, bi_subSolve=1.54244, bi_maintain=6.18139, admm_maintain=2.0556, area1=12309.3, area23=1.7833, area4=63.1847, dual_obj=-122309, p_obj=161764, heldout Acc=0.560934 (6/100), overall time=28163.5
i=240, infea=0.128364, nnz_a=17.8146, nnz_b=26.3951, uni_search=26.4611, uni_subSolve=1.90528, uni_maintain=1.62606, bi_search=194.537, bi_subSolve=1.55491, bi_maintain=6.18787, admm_maintain=2.15067, area1=12371.4, area23=1.78343, area4=63.858, dual_obj=-122296, overall time=28405.1
i=241, infea=0.127642, nnz_a=17.8013, nnz_b=26.3867, uni_search=26.5601, uni_subSolve=1.90979, uni_maintain=1.6354, bi_search=198.96, bi_subSolve=1.56751, bi_maintain=6.29445, admm_maintain=1.92118, area1=12433.3, area23=1.78353, area4=64.5495, dual_obj=-122282, overall time=28651.1
i=242, infea=0.126914, nnz_a=17.7867, nnz_b=26.3741, uni_search=26.4715, uni_subSolve=1.91822, uni_maintain=1.64231, bi_search=186.17, bi_subSolve=1.48391, bi_maintain=5.93084, admm_maintain=1.55034, area1=12495.6, area23=1.78384, area4=65.2034, dual_obj=-122275, overall time=28882.8
i=243, infea=0.126194, nnz_a=17.7748, nnz_b=26.3625, uni_search=23.9856, uni_subSolve=1.64219, uni_maintain=1.45566, bi_search=196.685, bi_subSolve=1.54322, bi_maintain=6.16711, admm_maintain=2.12896, area1=12557.6, area23=1.78407, area4=65.912, dual_obj=-122265, overall time=29123.2
i=244, infea=0.125477, nnz_a=17.7652, nnz_b=26.3561, uni_search=26.6425, uni_subSolve=1.91494, uni_maintain=1.63051, bi_search=201.192, bi_subSolve=1.56229, bi_maintain=6.23895, admm_maintain=2.05773, area1=12619.7, area23=1.7842, area4=66.604, dual_obj=-122259, overall time=29371.7
i=245, infea=0.124745, nnz_a=17.7499, nnz_b=26.3476, uni_search=26.6114, uni_subSolve=1.90472, uni_maintain=1.61293, bi_search=183.804, bi_subSolve=1.45713, bi_maintain=5.78259, admm_maintain=1.71182, area1=12681.9, area23=1.78426, area4=67.4655, dual_obj=-122252, overall time=29601.1
i=246, infea=0.124056, nnz_a=17.741, nnz_b=26.3389, uni_search=23.6872, uni_subSolve=1.5445, uni_maintain=1.31689, bi_search=142.016, bi_subSolve=1.14128, bi_maintain=4.39644, admm_maintain=1.69179, area1=12743.9, area23=1.78445, area4=68.2972, dual_obj=-122241, overall time=29781.9
i=247, infea=0.123363, nnz_a=17.7288, nnz_b=26.3306, uni_search=24.1658, uni_subSolve=1.60505, uni_maintain=1.34682, bi_search=144.556, bi_subSolve=1.14776, bi_maintain=4.42773, admm_maintain=1.80498, area1=12806.3, area23=1.7846, area4=69.1858, dual_obj=-122230, overall time=29966.1
i=248, infea=0.122678, nnz_a=17.7189, nnz_b=26.3223, uni_search=23.6538, uni_subSolve=1.52376, uni_maintain=1.30091, bi_search=146.403, bi_subSolve=1.1463, bi_maintain=4.42511, admm_maintain=1.74164, area1=12868.7, area23=1.78465, area4=69.9634, dual_obj=-122218, overall time=30151.3
i=249, infea=0.122009, nnz_a=17.7097, nnz_b=26.3141, uni_search=23.8957, uni_subSolve=1.54754, uni_maintain=1.31828, bi_search=142.973, bi_subSolve=1.12738, bi_maintain=4.33141, admm_maintain=1.74514, area1=12931.4, area23=1.78474, area4=70.755, dual_obj=-122211, p_obj=180202, heldout Acc=0.550683 (7/100), overall time=30333.2
i=250, infea=0.121348, nnz_a=17.7008, nnz_b=26.3086, uni_search=23.7265, uni_subSolve=1.52389, uni_maintain=1.30476, bi_search=148.676, bi_subSolve=1.17245, bi_maintain=4.55113, admm_maintain=1.6799, area1=12994, area23=1.78474, area4=71.7271, dual_obj=-122197, overall time=30521
i=251, infea=0.120685, nnz_a=17.693, nnz_b=26.302, uni_search=23.9157, uni_subSolve=1.66854, uni_maintain=1.42642, bi_search=153.022, bi_subSolve=1.23037, bi_maintain=4.85553, admm_maintain=1.69017, area1=13057.1, area23=1.78474, area4=72.6075, dual_obj=-122187, overall time=30714.1
i=252, infea=0.120039, nnz_a=17.6848, nnz_b=26.297, uni_search=23.8521, uni_subSolve=1.66443, uni_maintain=1.42598, bi_search=152.019, bi_subSolve=1.21825, bi_maintain=4.80262, admm_maintain=1.74166, area1=13119.7, area23=1.78491, area4=73.5751, dual_obj=-122178, overall time=30906.1
i=253, infea=0.119385, nnz_a=17.6695, nnz_b=26.2924, uni_search=23.9096, uni_subSolve=1.6597, uni_maintain=1.42002, bi_search=154.434, bi_subSolve=1.23084, bi_maintain=4.85927, admm_maintain=1.70036, area1=13182.3, area23=1.78484, area4=74.3781, dual_obj=-122169, overall time=31100.7
i=254, infea=0.118737, nnz_a=17.6619, nnz_b=26.2864, uni_search=23.9749, uni_subSolve=1.66213, uni_maintain=1.41759, bi_search=127.331, bi_subSolve=1.05328, bi_maintain=4.038, admm_maintain=0.941455, area1=13245.4, area23=1.78487, area4=75.3159, dual_obj=-122154, overall time=31265.9
i=255, infea=0.118097, nnz_a=17.6529, nnz_b=26.2769, uni_search=22.5363, uni_subSolve=1.45161, uni_maintain=1.1902, bi_search=114.108, bi_subSolve=0.971064, bi_maintain=3.66186, admm_maintain=1.39011, area1=13308.6, area23=1.78493, area4=76.2316, dual_obj=-122150, overall time=31415.9
i=256, infea=0.117484, nnz_a=17.6411, nnz_b=26.272, uni_search=22.6484, uni_subSolve=1.48403, uni_maintain=1.19357, bi_search=111.25, bi_subSolve=0.925868, bi_maintain=3.46754, admm_maintain=1.20432, area1=13371.6, area23=1.78488, area4=77.1398, dual_obj=-122143, overall time=31562.5
i=257, infea=0.11684, nnz_a=17.6321, nnz_b=26.2651, uni_search=21.8374, uni_subSolve=1.21635, uni_maintain=1.13929, bi_search=99.7891, bi_subSolve=0.764556, bi_maintain=2.80823, admm_maintain=1.07429, area1=13434.8, area23=1.78499, area4=78.1038, dual_obj=-122134, overall time=31695.1
i=258, infea=0.116232, nnz_a=17.6232, nnz_b=26.2557, uni_search=21.9538, uni_subSolve=1.22469, uni_maintain=1.17487, bi_search=101.039, bi_subSolve=0.769831, bi_maintain=2.83215, admm_maintain=1.17322, area1=13498, area23=1.78496, area4=79.132, dual_obj=-122124, overall time=31829.2
i=259, infea=0.115614, nnz_a=17.6128, nnz_b=26.2526, uni_search=24.3567, uni_subSolve=1.56126, uni_maintain=1.46143, bi_search=228.266, bi_subSolve=1.64257, bi_maintain=6.49913, admm_maintain=2.30523, area1=13561.2, area23=1.78494, area4=80.4499, dual_obj=-122125, p_obj=157960, heldout Acc=0.549544 (8/100), overall time=32102.8
i=260, infea=0.114986, nnz_a=17.6018, nnz_b=26.2492, uni_search=27.7774, uni_subSolve=2.04763, uni_maintain=1.86046, bi_search=206.698, bi_subSolve=1.47205, bi_maintain=5.8281, admm_maintain=2.39979, area1=13624.4, area23=1.78488, area4=81.4849, dual_obj=-122115, overall time=32358.2
i=261, infea=0.114384, nnz_a=17.5932, nnz_b=26.2437, uni_search=27.4392, uni_subSolve=2.0691, uni_maintain=1.88233, bi_search=231.187, bi_subSolve=1.65256, bi_maintain=6.52325, admm_maintain=2.27542, area1=13687.3, area23=1.78488, area4=82.7695, dual_obj=-122101, overall time=32639.2
i=262, infea=0.113773, nnz_a=17.5876, nnz_b=26.245, uni_search=27.5615, uni_subSolve=2.03921, uni_maintain=1.83784, bi_search=230.547, bi_subSolve=1.64279, bi_maintain=6.46789, admm_maintain=2.22394, area1=13750.9, area23=1.78486, area4=84.0455, dual_obj=-122092, overall time=32919.5
i=263, infea=0.113173, nnz_a=17.5798, nnz_b=26.2435, uni_search=27.7699, uni_subSolve=2.03715, uni_maintain=1.84947, bi_search=207.69, bi_subSolve=1.46605, bi_maintain=5.77633, admm_maintain=2.39255, area1=13814.2, area23=1.78484, area4=85.5113, dual_obj=-122089, overall time=33175.7
i=264, infea=0.112588, nnz_a=17.5705, nnz_b=26.2455, uni_search=27.4074, uni_subSolve=2.04792, uni_maintain=1.85222, bi_search=231.397, bi_subSolve=1.64058, bi_maintain=6.45847, admm_maintain=2.25164, area1=13877.5, area23=1.78479, area4=86.9157, dual_obj=-122078, overall time=33456.7
i=265, infea=0.112005, nnz_a=17.5634, nnz_b=26.2411, uni_search=27.6992, uni_subSolve=2.04342, uni_maintain=1.83952, bi_search=230.306, bi_subSolve=1.62736, bi_maintain=6.39094, admm_maintain=2.28984, area1=13941.2, area23=1.78464, area4=88.4042, dual_obj=-122070, overall time=33736.4
i=266, infea=0.111442, nnz_a=17.5496, nnz_b=26.2373, uni_search=27.6931, uni_subSolve=2.02648, uni_maintain=1.84088, bi_search=179.715, bi_subSolve=1.25973, bi_maintain=4.84075, admm_maintain=1.4375, area1=14005.1, area23=1.78448, area4=89.5988, dual_obj=-122066, overall time=33961.7
i=267, infea=0.110853, nnz_a=17.5422, nnz_b=26.2366, uni_search=23.5923, uni_subSolve=1.66127, uni_maintain=1.41856, bi_search=174.536, bi_subSolve=1.21239, bi_maintain=4.63587, admm_maintain=1.52022, area1=14068.5, area23=1.78429, area4=91.0656, dual_obj=-122050, overall time=34176.1
i=268, infea=0.110265, nnz_a=17.5365, nnz_b=26.2305, uni_search=24.2988, uni_subSolve=1.787, uni_maintain=1.54517, bi_search=176.672, bi_subSolve=1.21857, bi_maintain=4.66012, admm_maintain=1.63523, area1=14132.7, area23=1.78426, area4=92.4098, dual_obj=-122043, overall time=34393.8
i=269, infea=0.109694, nnz_a=17.5294, nnz_b=26.2293, uni_search=24.1534, uni_subSolve=1.75648, uni_maintain=1.50447, bi_search=179.062, bi_subSolve=1.22879, bi_maintain=4.70328, admm_maintain=1.53607, area1=14196.2, area23=1.78426, area4=93.6805, dual_obj=-122040, p_obj=195451, heldout Acc=0.556948 (9/100), overall time=34613.7
i=270, infea=0.109125, nnz_a=17.5163, nnz_b=26.2242, uni_search=24.1817, uni_subSolve=1.76492, uni_maintain=1.51745, bi_search=179.986, bi_subSolve=1.22934, bi_maintain=4.70055, admm_maintain=1.59869, area1=14259.8, area23=1.78396, area4=95.1411, dual_obj=-122031, overall time=34834.6
i=271, infea=0.108567, nnz_a=17.5055, nnz_b=26.2217, uni_search=23.1829, uni_subSolve=1.40568, uni_maintain=1.40407, bi_search=108.561, bi_subSolve=0.78855, bi_maintain=2.9064, admm_maintain=1.24263, area1=14323.9, area23=1.78396, area4=96.4965, dual_obj=-122021, overall time=34978.5
i=272, infea=0.108017, nnz_a=17.4956, nnz_b=26.2134, uni_search=23.2297, uni_subSolve=1.40478, uni_maintain=1.40143, bi_search=108.929, bi_subSolve=0.788222, bi_maintain=2.90663, admm_maintain=1.24469, area1=14387.8, area23=1.78363, area4=97.6484, dual_obj=-122019, overall time=35122.7
i=273, infea=0.10749, nnz_a=17.4873, nnz_b=26.2076, uni_search=23.1699, uni_subSolve=1.37159, uni_maintain=1.40545, bi_search=109.041, bi_subSolve=0.787847, bi_maintain=2.89916, admm_maintain=1.23292, area1=14452.4, area23=1.78344, area4=98.8243, dual_obj=-122011, overall time=35267
i=274, infea=0.106931, nnz_a=17.479, nnz_b=26.2029, uni_search=23.1995, uni_subSolve=1.37219, uni_maintain=1.40308, bi_search=108.857, bi_subSolve=0.78521, bi_maintain=2.88785, admm_maintain=1.25822, area1=14515.8, area23=1.78327, area4=99.9687, dual_obj=-122005, overall time=35411.1
i=275, infea=0.106381, nnz_a=17.4694, nnz_b=26.1997, uni_search=23.2623, uni_subSolve=1.37277, uni_maintain=1.4082, bi_search=112.227, bi_subSolve=0.80491, bi_maintain=2.9701, admm_maintain=1.24349, area1=14580.4, area23=1.78307, area4=100.977, dual_obj=-121997, overall time=35558.7
i=276, infea=0.10583, nnz_a=17.4638, nnz_b=26.1918, uni_search=23.0428, uni_subSolve=1.35711, uni_maintain=1.38354, bi_search=119.665, bi_subSolve=0.859935, bi_maintain=3.16425, admm_maintain=1.18292, area1=14644.5, area23=1.7829, area4=102.167, dual_obj=-121994, overall time=35713.9
i=277, infea=0.105292, nnz_a=17.4547, nnz_b=26.1894, uni_search=22.1692, uni_subSolve=1.2324, uni_maintain=1.21331, bi_search=121.437, bi_subSolve=0.86793, bi_maintain=3.23928, admm_maintain=1.75457, area1=14708.5, area23=1.78276, area4=103.251, dual_obj=-121984, overall time=35870.3
i=278, infea=0.104744, nnz_a=17.4462, nnz_b=26.1812, uni_search=23.9686, uni_subSolve=1.6013, uni_maintain=1.46608, bi_search=119.572, bi_subSolve=0.854513, bi_maintain=3.14594, admm_maintain=1.28436, area1=14772.9, area23=1.78259, area4=104.244, dual_obj=-121976, overall time=36026.9
i=279, infea=0.104223, nnz_a=17.441, nnz_b=26.1767, uni_search=24.3541, uni_subSolve=1.54577, uni_maintain=1.67493, bi_search=108.902, bi_subSolve=0.768128, bi_maintain=2.79703, admm_maintain=1.26794, area1=14837.1, area23=1.78232, area4=105.453, dual_obj=-121969, p_obj=169965, heldout Acc=0.551822 (10/100), overall time=36172.7
i=280, infea=0.103708, nnz_a=17.4333, nnz_b=26.1767, uni_search=23.4, uni_subSolve=1.5146, uni_maintain=1.3781, bi_search=124.822, bi_subSolve=0.873722, bi_maintain=3.25241, admm_maintain=1.31295, area1=14901.6, area23=1.78217, area4=106.544, dual_obj=-121963, overall time=36334
i=281, infea=0.103195, nnz_a=17.4265, nnz_b=26.1739, uni_search=24.5216, uni_subSolve=1.57603, uni_maintain=1.72156, bi_search=117.268, bi_subSolve=0.811965, bi_maintain=2.98672, admm_maintain=1.08685, area1=14965.9, area23=1.78186, area4=107.516, dual_obj=-121959, overall time=36488.4
