using heldout data set: /scratch/cluster/ianyen/data/ChineseOCR/data.fea.test, early_terminate=100
D=86
K=3039
N=172318
nSeq=11954
split_up_rate=3, admm_step_size=1, C=1, eta=10
i=0, infea=0.0122062, nnz_a=1.99385, nnz_b=2, uni_search=30.386, uni_subSolve=0.410362, uni_maintain=0.108442, bi_search=6.98142, bi_subSolve=0.405627, bi_maintain=1.54747, admm_maintain=0.438706, area1=0.993627, area23=1.00122, area4=1.00004, dual_obj=-1521.98, overall time=59.5451
i=1, infea=0.0173438, nnz_a=2.96511, nnz_b=2.99999, uni_search=27.13, uni_subSolve=0.442877, uni_maintain=0.172641, bi_search=5.66934, bi_subSolve=0.207905, bi_maintain=0.937365, admm_maintain=0.330922, area1=3.94733, area23=1.01966, area4=1.00002, dual_obj=-2636.12, overall time=99.4134
i=2, infea=0.0205082, nnz_a=3.91014, nnz_b=3.9998, uni_search=27.0093, uni_subSolve=0.566588, uni_maintain=0.268991, bi_search=6.58645, bi_subSolve=0.311757, bi_maintain=1.35626, admm_maintain=0.644703, area1=8.44552, area23=1.0186, area4=1.00001, dual_obj=-3490.39, overall time=141.096
i=3, infea=0.0218536, nnz_a=4.78922, nnz_b=4.99838, uni_search=25.9763, uni_subSolve=0.635414, uni_maintain=0.334842, bi_search=6.22843, bi_subSolve=0.303772, bi_maintain=1.37586, admm_maintain=0.595115, area1=13.9754, area23=1.0215, area4=1, dual_obj=-4153.66, overall time=181.574
i=4, infea=0.02282, nnz_a=5.55862, nnz_b=5.99116, uni_search=25.7204, uni_subSolve=0.714275, uni_maintain=0.457869, bi_search=6.33221, bi_subSolve=0.347876, bi_maintain=1.58034, admm_maintain=0.662838, area1=20.9939, area23=1.02192, area4=1.00005, dual_obj=-4708.94, overall time=222.389
i=5, infea=0.0240131, nnz_a=6.19111, nnz_b=6.96717, uni_search=25.7307, uni_subSolve=0.79643, uni_maintain=0.565622, bi_search=6.74742, bi_subSolve=0.396752, bi_maintain=1.7994, admm_maintain=0.716677, area1=29.2351, area23=1.02315, area4=1, dual_obj=-5238.36, overall time=264.175
i=6, infea=0.0252316, nnz_a=6.7097, nnz_b=7.91935, uni_search=25.4474, uni_subSolve=0.838185, uni_maintain=0.629775, bi_search=7.16515, bi_subSolve=0.444927, bi_maintain=2.01261, admm_maintain=0.763997, area1=38.6807, area23=1.02597, area4=1.00004, dual_obj=-5783.18, overall time=306.489
i=7, infea=0.026375, nnz_a=7.15007, nnz_b=8.84167, uni_search=25.7995, uni_subSolve=0.911584, uni_maintain=0.700095, bi_search=7.52429, bi_subSolve=0.473547, bi_maintain=2.13484, admm_maintain=0.844931, area1=49.4269, area23=1.03057, area4=1.00005, dual_obj=-6351.89, overall time=349.933
i=8, infea=0.0274906, nnz_a=7.53509, nnz_b=9.72876, uni_search=25.8707, uni_subSolve=0.971233, uni_maintain=0.746364, bi_search=7.9194, bi_subSolve=0.516125, bi_maintain=2.36361, admm_maintain=0.874815, area1=61.4641, area23=1.03639, area4=1.00006, dual_obj=-6929.24, overall time=394.248
i=9, infea=0.0285712, nnz_a=7.88197, nnz_b=10.5753, uni_search=25.6399, uni_subSolve=0.996204, uni_maintain=0.761139, bi_search=8.27742, bi_subSolve=0.565735, bi_maintain=2.5251, admm_maintain=0.963912, area1=74.6457, area23=1.04293, area4=1.00011, dual_obj=-7502.34, p_obj=199366, heldout Acc=0.373576, overall time=439.076
i=10, infea=0.0295472, nnz_a=8.19481, nnz_b=11.3814, uni_search=25.6579, uni_subSolve=1.04385, uni_maintain=0.810367, bi_search=8.44099, bi_subSolve=0.569593, bi_maintain=2.61238, admm_maintain=0.961296, area1=88.8759, area23=1.05057, area4=1.0002, dual_obj=-8060.14, overall time=484.239
i=11, infea=0.030437, nnz_a=8.47583, nnz_b=12.1444, uni_search=25.5971, uni_subSolve=1.0612, uni_maintain=0.827306, bi_search=8.74815, bi_subSolve=0.596485, bi_maintain=2.73348, admm_maintain=0.981014, area1=104.11, area23=1.05735, area4=1.00044, dual_obj=-8597.82, overall time=529.863
i=12, infea=0.0312732, nnz_a=8.73166, nnz_b=12.8704, uni_search=25.68, uni_subSolve=1.09477, uni_maintain=0.866549, bi_search=9.54463, bi_subSolve=0.648809, bi_maintain=2.98858, admm_maintain=1.02642, area1=120.33, area23=1.06462, area4=1.00056, dual_obj=-9119.42, overall time=576.865
i=13, infea=0.0320665, nnz_a=8.97162, nnz_b=13.562, uni_search=25.6477, uni_subSolve=1.09948, uni_maintain=0.881161, bi_search=9.92208, bi_subSolve=0.681384, bi_maintain=3.11277, admm_maintain=1.04654, area1=137.593, area23=1.07193, area4=1.00121, dual_obj=-9627.42, overall time=624.41
i=14, infea=0.0328025, nnz_a=9.19987, nnz_b=14.2226, uni_search=25.4609, uni_subSolve=1.10617, uni_maintain=0.883259, bi_search=10.311, bi_subSolve=0.707298, bi_maintain=3.2459, admm_maintain=1.04528, area1=155.892, area23=1.07872, area4=1.00216, dual_obj=-10124.5, overall time=672.231
i=15, infea=0.0335228, nnz_a=9.41444, nnz_b=14.8539, uni_search=25.466, uni_subSolve=1.11362, uni_maintain=0.91109, bi_search=10.704, bi_subSolve=0.730133, bi_maintain=3.33315, admm_maintain=1.06264, area1=175.275, area23=1.08621, area4=1.00344, dual_obj=-10612.8, overall time=720.6
i=16, infea=0.0341984, nnz_a=9.61935, nnz_b=15.4572, uni_search=25.4444, uni_subSolve=1.12953, uni_maintain=0.923857, bi_search=11.5201, bi_subSolve=0.775024, bi_maintain=3.54366, admm_maintain=1.37735, area1=195.747, area23=1.09344, area4=1.00478, dual_obj=-11094, overall time=770.424
i=17, infea=0.0348323, nnz_a=9.81535, nnz_b=16.0362, uni_search=27.1653, uni_subSolve=1.28009, uni_maintain=0.928438, bi_search=11.9168, bi_subSolve=0.701887, bi_maintain=3.10479, admm_maintain=1.02911, area1=217.266, area23=1.10112, area4=1.00645, dual_obj=-11567.4, overall time=821.242
i=18, infea=0.0354295, nnz_a=10.0057, nnz_b=16.5883, uni_search=24.7608, uni_subSolve=1.12698, uni_maintain=0.869736, bi_search=16.4712, bi_subSolve=1.03293, bi_maintain=4.43087, admm_maintain=1.42922, area1=239.821, area23=1.10859, area4=1.00772, dual_obj=-12031.7, overall time=876.436
i=19, infea=0.0359892, nnz_a=10.187, nnz_b=17.1175, uni_search=27.5456, uni_subSolve=1.35085, uni_maintain=0.97544, bi_search=18.3229, bi_subSolve=1.10674, bi_maintain=4.79331, admm_maintain=1.46514, area1=263.353, area23=1.11629, area4=1.00929, dual_obj=-12487.9, p_obj=190480, heldout Acc=0.439636, overall time=937.339
i=20, infea=0.0365212, nnz_a=10.3626, nnz_b=17.6217, uni_search=27.0322, uni_subSolve=1.35329, uni_maintain=1.00068, bi_search=14.1256, bi_subSolve=0.87641, bi_maintain=3.6785, admm_maintain=1.26497, area1=287.824, area23=1.12411, area4=1.01185, dual_obj=-12937.8, overall time=991.688
i=21, infea=0.037011, nnz_a=10.5327, nnz_b=18.1046, uni_search=25.6519, uni_subSolve=1.23645, uni_maintain=1.00584, bi_search=13.9662, bi_subSolve=0.865811, bi_maintain=3.59294, admm_maintain=1.28574, area1=313.394, area23=1.13182, area4=1.01437, dual_obj=-13381.2, overall time=1044.2
i=22, infea=0.0375009, nnz_a=10.6939, nnz_b=18.5664, uni_search=25.6744, uni_subSolve=1.27009, uni_maintain=1.02359, bi_search=14.6197, bi_subSolve=0.885598, bi_maintain=3.64837, admm_maintain=1.55244, area1=339.915, area23=1.13922, area4=1.01705, dual_obj=-13818.2, overall time=1097.78
i=23, infea=0.0379576, nnz_a=10.8558, nnz_b=19.006, uni_search=25.8037, uni_subSolve=1.27647, uni_maintain=1.04176, bi_search=15.0119, bi_subSolve=0.924706, bi_maintain=3.78059, admm_maintain=1.2957, area1=367.554, area23=1.14701, area4=1.02062, dual_obj=-14251.5, overall time=1151.84
i=24, infea=0.0383727, nnz_a=11.005, nnz_b=19.427, uni_search=25.7404, uni_subSolve=1.30019, uni_maintain=1.05324, bi_search=15.4019, bi_subSolve=0.920245, bi_maintain=3.79297, admm_maintain=1.30318, area1=396.042, area23=1.1543, area4=1.02481, dual_obj=-14678.9, overall time=1206.26
i=25, infea=0.0387757, nnz_a=11.1512, nnz_b=19.8303, uni_search=25.9564, uni_subSolve=1.36264, uni_maintain=1.07538, bi_search=13.1877, bi_subSolve=0.808055, bi_maintain=3.35423, admm_maintain=1.12418, area1=425.625, area23=1.1614, area4=1.02896, dual_obj=-15101.8, overall time=1257.97
i=26, infea=0.0391597, nnz_a=11.2928, nnz_b=20.2163, uni_search=24.8567, uni_subSolve=1.15191, uni_maintain=1.17769, bi_search=13.0153, bi_subSolve=0.782535, bi_maintain=3.2329, admm_maintain=1.1586, area1=456.169, area23=1.16876, area4=1.03336, dual_obj=-15521.8, overall time=1308.08
i=27, infea=0.0395091, nnz_a=11.4291, nnz_b=20.5928, uni_search=25.2335, uni_subSolve=1.26054, uni_maintain=1.17916, bi_search=16.945, bi_subSolve=1.01294, bi_maintain=4.2625, admm_maintain=1.32442, area1=487.716, area23=1.17635, area4=1.03738, dual_obj=-15934.7, overall time=1364.21
i=28, infea=0.0398271, nnz_a=11.559, nnz_b=20.952, uni_search=25.5506, uni_subSolve=1.37349, uni_maintain=1.18848, bi_search=14.3753, bi_subSolve=0.832796, bi_maintain=3.4703, admm_maintain=1.15784, area1=520.259, area23=1.18388, area4=1.03975, dual_obj=-16342, overall time=1417.01
i=29, infea=0.0401273, nnz_a=11.6802, nnz_b=21.2929, uni_search=25.0074, uni_subSolve=1.19071, uni_maintain=1.23127, bi_search=14.5666, bi_subSolve=0.828671, bi_maintain=3.43509, admm_maintain=1.16814, area1=553.893, area23=1.1909, area4=1.04659, dual_obj=-16745.6, p_obj=174251, heldout Acc=0.468679, overall time=1469.15
i=30, infea=0.0404222, nnz_a=11.7971, nnz_b=21.6221, uni_search=24.6575, uni_subSolve=1.16921, uni_maintain=1.20551, bi_search=15.563, bi_subSolve=0.87526, bi_maintain=3.64495, admm_maintain=1.20726, area1=588.23, area23=1.19756, area4=1.05108, dual_obj=-17143.2, overall time=1522.13
i=31, infea=0.040695, nnz_a=11.9119, nnz_b=21.9368, uni_search=24.8953, uni_subSolve=1.19815, uni_maintain=1.24212, bi_search=15.6843, bi_subSolve=0.861797, bi_maintain=3.57862, admm_maintain=1.21949, area1=623.659, area23=1.20424, area4=1.05827, dual_obj=-17536.5, overall time=1575.5
i=32, infea=0.0409442, nnz_a=12.02, nnz_b=22.2437, uni_search=24.6226, uni_subSolve=1.18349, uni_maintain=1.22293, bi_search=17.1825, bi_subSolve=0.935269, bi_maintain=3.90495, admm_maintain=1.38492, area1=659.989, area23=1.21115, area4=1.06862, dual_obj=-17926.8, overall time=1630.71
i=33, infea=0.0411901, nnz_a=12.1246, nnz_b=22.5378, uni_search=25.588, uni_subSolve=1.46224, uni_maintain=1.22558, bi_search=20.5504, bi_subSolve=1.10367, bi_maintain=4.66441, admm_maintain=1.34353, area1=697.306, area23=1.21784, area4=1.07345, dual_obj=-18312.9, overall time=1691.67
i=34, infea=0.0414125, nnz_a=12.2226, nnz_b=22.8187, uni_search=24.8582, uni_subSolve=1.22327, uni_maintain=1.2814, bi_search=19.9892, bi_subSolve=1.05341, bi_maintain=4.22436, admm_maintain=1.40977, area1=735.564, area23=1.22436, area4=1.07916, dual_obj=-18694.8, overall time=1750.5
i=35, infea=0.0416255, nnz_a=12.3174, nnz_b=23.0893, uni_search=25.6806, uni_subSolve=1.45227, uni_maintain=1.18976, bi_search=21.4892, bi_subSolve=1.06944, bi_maintain=4.39707, admm_maintain=1.37392, area1=774.637, area23=1.23113, area4=1.08844, dual_obj=-19073.6, overall time=1812.05
i=36, infea=0.0418237, nnz_a=12.4092, nnz_b=23.3533, uni_search=25.6984, uni_subSolve=1.40093, uni_maintain=1.22478, bi_search=22.6438, bi_subSolve=1.15712, bi_maintain=4.88508, admm_maintain=1.35076, area1=814.6, area23=1.23724, area4=1.0975, dual_obj=-19448.4, overall time=1875.49
i=37, infea=0.0420039, nnz_a=12.4944, nnz_b=23.6074, uni_search=26.0405, uni_subSolve=1.46277, uni_maintain=1.30165, bi_search=23.0681, bi_subSolve=1.15714, bi_maintain=4.89163, admm_maintain=1.45494, area1=855.661, area23=1.24312, area4=1.10406, dual_obj=-19821.4, overall time=1939.99
i=38, infea=0.0421892, nnz_a=12.5769, nnz_b=23.8512, uni_search=26.0961, uni_subSolve=1.46009, uni_maintain=1.31964, bi_search=23.7653, bi_subSolve=1.17077, bi_maintain=4.95009, admm_maintain=1.48622, area1=897.67, area23=1.24939, area4=1.11505, dual_obj=-20191.7, overall time=2005.37
i=39, infea=0.0423465, nnz_a=12.6579, nnz_b=24.0867, uni_search=25.9767, uni_subSolve=1.463, uni_maintain=1.31364, bi_search=24.8082, bi_subSolve=1.21196, bi_maintain=5.08973, admm_maintain=1.11316, area1=940.498, area23=1.25517, area4=1.1272, dual_obj=-20558, p_obj=177786, heldout Acc=0.496014, overall time=2071.41
i=40, infea=0.0424981, nnz_a=12.736, nnz_b=24.3103, uni_search=26.1566, uni_subSolve=1.49692, uni_maintain=1.33849, bi_search=23.8806, bi_subSolve=1.11552, bi_maintain=4.77442, admm_maintain=0.973336, area1=984.107, area23=1.26087, area4=1.14281, dual_obj=-20921.9, overall time=2136.1
i=41, infea=0.0426439, nnz_a=12.8084, nnz_b=24.5288, uni_search=27.6009, uni_subSolve=1.75391, uni_maintain=1.44906, bi_search=45.0752, bi_subSolve=1.68223, bi_maintain=7.6525, admm_maintain=2.06655, area1=1028.77, area23=1.26614, area4=1.14857, dual_obj=-21282.8, overall time=2228.91
i=42, infea=0.0427657, nnz_a=12.8807, nnz_b=24.7369, uni_search=26.9747, uni_subSolve=1.67617, uni_maintain=1.34437, bi_search=35.5126, bi_subSolve=1.52216, bi_maintain=6.53583, admm_maintain=1.83732, area1=1074.27, area23=1.27159, area4=1.16345, dual_obj=-21639.6, overall time=2309.82
i=43, infea=0.0428763, nnz_a=12.948, nnz_b=24.9389, uni_search=27.4194, uni_subSolve=1.60146, uni_maintain=1.29097, bi_search=39.2185, bi_subSolve=1.57487, bi_maintain=6.8221, admm_maintain=1.84147, area1=1120.87, area23=1.27693, area4=1.17745, dual_obj=-21994.8, overall time=2395.17
i=44, infea=0.0429886, nnz_a=13.0157, nnz_b=25.1319, uni_search=27.5201, uni_subSolve=1.61514, uni_maintain=1.30475, bi_search=37.9302, bi_subSolve=1.55268, bi_maintain=6.70046, admm_maintain=1.68264, area1=1168.18, area23=1.28116, area4=1.1993, dual_obj=-22347, overall time=2479.06
i=45, infea=0.0430842, nnz_a=13.0732, nnz_b=25.3212, uni_search=27.3053, uni_subSolve=1.63078, uni_maintain=1.33193, bi_search=36.8187, bi_subSolve=1.49955, bi_maintain=6.4277, admm_maintain=1.49984, area1=1216.47, area23=1.28615, area4=1.21222, dual_obj=-22697.6, overall time=2561.01
i=46, infea=0.0431735, nnz_a=13.1335, nnz_b=25.5026, uni_search=26.2863, uni_subSolve=1.54412, uni_maintain=1.41752, bi_search=30.4377, bi_subSolve=1.28759, bi_maintain=5.50111, admm_maintain=1.55726, area1=1265.43, area23=1.29074, area4=1.23871, dual_obj=-23046.2, overall time=2634.24
i=47, infea=0.0432388, nnz_a=13.1903, nnz_b=25.6749, uni_search=26.2243, uni_subSolve=1.55473, uni_maintain=1.42492, bi_search=31.5154, bi_subSolve=1.30509, bi_maintain=5.58986, admm_maintain=1.52677, area1=1315.37, area23=1.29518, area4=1.25203, dual_obj=-23391, overall time=2708.63
i=48, infea=0.0433157, nnz_a=13.2457, nnz_b=25.8419, uni_search=26.2234, uni_subSolve=1.55163, uni_maintain=1.43313, bi_search=32.8188, bi_subSolve=1.3236, bi_maintain=5.66245, admm_maintain=1.50346, area1=1366.38, area23=1.29952, area4=1.27378, dual_obj=-23735, overall time=2784.37
i=49, infea=0.0433745, nnz_a=13.2977, nnz_b=26.0064, uni_search=26.0917, uni_subSolve=1.50924, uni_maintain=1.43792, bi_search=22.0882, bi_subSolve=0.855334, bi_maintain=3.40651, admm_maintain=1.10806, area1=1418.25, area23=1.30372, area4=1.30191, dual_obj=-24076.5, p_obj=140072, heldout Acc=0.504556, overall time=2845.95
i=50, infea=0.0434322, nnz_a=13.3457, nnz_b=26.1607, uni_search=25.329, uni_subSolve=1.46166, uni_maintain=1.31033, bi_search=44.1841, bi_subSolve=1.62086, bi_maintain=7.02274, admm_maintain=1.89976, area1=1470.9, area23=1.30769, area4=1.32207, dual_obj=-24416.4, overall time=2934.23
i=51, infea=0.0434696, nnz_a=13.401, nnz_b=26.3107, uni_search=27.294, uni_subSolve=1.63421, uni_maintain=1.34983, bi_search=44.8909, bi_subSolve=1.62845, bi_maintain=7.05756, admm_maintain=1.90507, area1=1524.21, area23=1.31211, area4=1.35069, dual_obj=-24752.7, overall time=3025.66
i=52, infea=0.0435057, nnz_a=13.4468, nnz_b=26.4572, uni_search=27.2509, uni_subSolve=1.63916, uni_maintain=1.34463, bi_search=46.0929, bi_subSolve=1.64155, bi_maintain=7.13065, admm_maintain=1.89229, area1=1578.57, area23=1.31559, area4=1.37627, dual_obj=-25089.7, overall time=3118.26
i=53, infea=0.0435388, nnz_a=13.4933, nnz_b=26.5905, uni_search=27.2005, uni_subSolve=1.6358, uni_maintain=1.35418, bi_search=47.6409, bi_subSolve=1.67164, bi_maintain=7.2426, admm_maintain=1.92139, area1=1633.91, area23=1.31988, area4=1.41201, dual_obj=-25423.7, overall time=3212.65
i=54, infea=0.0435624, nnz_a=13.5357, nnz_b=26.7245, uni_search=27.4377, uni_subSolve=1.65649, uni_maintain=1.36545, bi_search=52.0279, bi_subSolve=1.7104, bi_maintain=7.49185, admm_maintain=1.94364, area1=1690.13, area23=1.32308, area4=1.4396, dual_obj=-25754.1, overall time=3312.09
i=55, infea=0.043591, nnz_a=13.5756, nnz_b=26.8549, uni_search=27.2864, uni_subSolve=1.68226, uni_maintain=1.38884, bi_search=51.6205, bi_subSolve=1.70865, bi_maintain=7.46471, admm_maintain=1.90866, area1=1747.18, area23=1.32665, area4=1.49446, dual_obj=-26084.7, overall time=3410.86
i=56, infea=0.0436098, nnz_a=13.6146, nnz_b=26.9783, uni_search=27.3584, uni_subSolve=1.67044, uni_maintain=1.38523, bi_search=50.2573, bi_subSolve=1.67132, bi_maintain=7.2728, admm_maintain=1.89978, area1=1804.83, area23=1.33013, area4=1.53347, dual_obj=-26414.9, overall time=3508.07
i=57, infea=0.0436101, nnz_a=13.6538, nnz_b=27.0977, uni_search=27.2394, uni_subSolve=1.69516, uni_maintain=1.41448, bi_search=44.3562, bi_subSolve=1.44512, bi_maintain=6.37593, admm_maintain=2.24761, area1=1863.61, area23=1.33327, area4=1.57947, dual_obj=-26741.5, overall time=3598.93
i=58, infea=0.0435985, nnz_a=13.6875, nnz_b=27.2108, uni_search=26.0156, uni_subSolve=1.61812, uni_maintain=1.38083, bi_search=44.8158, bi_subSolve=1.4546, bi_maintain=6.26974, admm_maintain=1.78157, area1=1923.44, area23=1.33642, area4=1.6299, dual_obj=-27067.2, overall time=3687.9
i=59, infea=0.0435785, nnz_a=13.7228, nnz_b=27.3237, uni_search=29.3972, uni_subSolve=1.89879, uni_maintain=1.64583, bi_search=45.948, bi_subSolve=1.45081, bi_maintain=6.29143, admm_maintain=2.27209, area1=1984.05, area23=1.33937, area4=1.67342, dual_obj=-27391.1, p_obj=166925, heldout Acc=0.52221, overall time=3782.59
i=60, infea=0.0435543, nnz_a=13.7569, nnz_b=27.4335, uni_search=26.6097, uni_subSolve=1.89179, uni_maintain=1.64229, bi_search=44.9863, bi_subSolve=1.35526, bi_maintain=5.83318, admm_maintain=1.02615, area1=2045.11, area23=1.34194, area4=1.7658, dual_obj=-27713.2, overall time=3870.79
i=61, infea=0.0435487, nnz_a=13.7877, nnz_b=27.5385, uni_search=25.7613, uni_subSolve=1.73615, uni_maintain=1.53629, bi_search=64.6623, bi_subSolve=1.73298, bi_maintain=7.80343, admm_maintain=1.61264, area1=2107.25, area23=1.34474, area4=1.83455, dual_obj=-28033.8, overall time=3980.94
i=62, infea=0.0435291, nnz_a=13.8211, nnz_b=27.6382, uni_search=25.8355, uni_subSolve=1.61975, uni_maintain=1.41464, bi_search=42.4423, bi_subSolve=1.31257, bi_maintain=5.44345, admm_maintain=1.62486, area1=2170.29, area23=1.3475, area4=1.94022, dual_obj=-28353.8, overall time=4065.73
i=63, infea=0.0434949, nnz_a=13.8517, nnz_b=27.7331, uni_search=25.7669, uni_subSolve=1.59434, uni_maintain=1.40913, bi_search=44.077, bi_subSolve=1.32604, bi_maintain=5.52494, admm_maintain=1.62032, area1=2233.89, area23=1.34972, area4=2.03024, dual_obj=-28673.5, overall time=4152.19
i=64, infea=0.043475, nnz_a=13.8833, nnz_b=27.8255, uni_search=25.8612, uni_subSolve=1.59636, uni_maintain=1.41128, bi_search=46.0594, bi_subSolve=1.31965, bi_maintain=5.55083, admm_maintain=1.66959, area1=2298.37, area23=1.35259, area4=2.1494, dual_obj=-28991.5, overall time=4240.77
i=65, infea=0.0434273, nnz_a=13.9043, nnz_b=27.9143, uni_search=25.7023, uni_subSolve=1.55721, uni_maintain=1.41302, bi_search=44.8114, bi_subSolve=1.33252, bi_maintain=5.52054, admm_maintain=1.62732, area1=2364.02, area23=1.35474, area4=2.2816, dual_obj=-29306.8, overall time=4327.85
i=66, infea=0.0433883, nnz_a=13.9339, nnz_b=27.9958, uni_search=25.9446, uni_subSolve=1.63398, uni_maintain=1.42755, bi_search=46.4742, bi_subSolve=1.34026, bi_maintain=5.58003, admm_maintain=1.66132, area1=2430.65, area23=1.35737, area4=2.47124, dual_obj=-29620.3, overall time=4417.04
i=67, infea=0.0433414, nnz_a=13.9554, nnz_b=28.0788, uni_search=25.8963, uni_subSolve=1.63214, uni_maintain=1.42846, bi_search=47.2108, bi_subSolve=1.34233, bi_maintain=5.58407, admm_maintain=1.62942, area1=2498.2, area23=1.3594, area4=2.73891, dual_obj=-29933.5, overall time=4506.89
i=68, infea=0.0433179, nnz_a=13.9803, nnz_b=28.1587, uni_search=25.8255, uni_subSolve=1.63538, uni_maintain=1.43135, bi_search=48.7877, bi_subSolve=1.33917, bi_maintain=5.58451, admm_maintain=1.62283, area1=2566.45, area23=1.36197, area4=3.03246, dual_obj=-30245.4, overall time=4598.25
i=69, infea=0.0432609, nnz_a=14.0032, nnz_b=28.234, uni_search=25.5993, uni_subSolve=1.54964, uni_maintain=1.42034, bi_search=49.2939, bi_subSolve=1.36191, bi_maintain=5.67327, admm_maintain=1.6023, area1=2636, area23=1.36397, area4=3.47006, dual_obj=-30558.5, p_obj=174737, heldout Acc=0.535308, overall time=4689.92
i=70, infea=0.0432103, nnz_a=14.0247, nnz_b=28.3097, uni_search=25.8561, uni_subSolve=1.55011, uni_maintain=1.47214, bi_search=48.011, bi_subSolve=1.41173, bi_maintain=6.1524, admm_maintain=1.65082, area1=2706.33, area23=1.36575, area4=4.00565, dual_obj=-30867.9, overall time=4781.32
i=71, infea=0.0431412, nnz_a=14.0442, nnz_b=28.3837, uni_search=25.7457, uni_subSolve=1.54144, uni_maintain=1.46246, bi_search=48.8183, bi_subSolve=1.41351, bi_maintain=6.16296, admm_maintain=1.57716, area1=2777.37, area23=1.36791, area4=4.6604, dual_obj=-31177.4, overall time=4873.32
i=72, infea=0.0430732, nnz_a=14.0607, nnz_b=28.4525, uni_search=25.8162, uni_subSolve=1.55952, uni_maintain=1.4857, bi_search=49.5366, bi_subSolve=1.41236, bi_maintain=6.17061, admm_maintain=1.65753, area1=2849.43, area23=1.3697, area4=5.24961, dual_obj=-31484.2, overall time=4966.22
i=73, infea=0.0430167, nnz_a=14.0821, nnz_b=28.5184, uni_search=25.7448, uni_subSolve=1.53822, uni_maintain=1.45783, bi_search=50.4464, bi_subSolve=1.41722, bi_maintain=6.18961, admm_maintain=1.64615, area1=2922.19, area23=1.37171, area4=6.04708, dual_obj=-31791.8, overall time=5059.9
i=74, infea=0.0429534, nnz_a=14.1, nnz_b=28.5809, uni_search=25.6852, uni_subSolve=1.541, uni_maintain=1.4631, bi_search=51.4016, bi_subSolve=1.42121, bi_maintain=6.2107, admm_maintain=1.6441, area1=2995.74, area23=1.37352, area4=6.86178, dual_obj=-32096.8, overall time=5154.53
i=75, infea=0.0428942, nnz_a=14.1182, nnz_b=28.6386, uni_search=25.738, uni_subSolve=1.54882, uni_maintain=1.47446, bi_search=52.5125, bi_subSolve=1.42832, bi_maintain=6.24859, admm_maintain=1.6653, area1=3070.15, area23=1.375, area4=7.70303, dual_obj=-32401, overall time=5250.4
i=76, infea=0.0428195, nnz_a=14.1373, nnz_b=28.6971, uni_search=25.7277, uni_subSolve=1.55065, uni_maintain=1.47998, bi_search=53.6627, bi_subSolve=1.42999, bi_maintain=6.28372, admm_maintain=1.6424, area1=3145.82, area23=1.37666, area4=8.59064, dual_obj=-32703.4, overall time=5347.49
i=77, infea=0.0427513, nnz_a=14.1558, nnz_b=28.7547, uni_search=25.8098, uni_subSolve=1.55886, uni_maintain=1.49249, bi_search=53.7937, bi_subSolve=1.41887, bi_maintain=6.20325, admm_maintain=1.5924, area1=3222.32, area23=1.37794, area4=9.74399, dual_obj=-33006.9, overall time=5444.63
i=78, infea=0.0426759, nnz_a=14.1675, nnz_b=28.8098, uni_search=25.771, uni_subSolve=1.55195, uni_maintain=1.47877, bi_search=55.7708, bi_subSolve=1.44457, bi_maintain=6.32936, admm_maintain=1.63245, area1=3299.73, area23=1.37936, area4=11.0778, dual_obj=-33307.4, overall time=5543.89
i=79, infea=0.0426028, nnz_a=14.1804, nnz_b=28.8648, uni_search=25.7857, uni_subSolve=1.54394, uni_maintain=1.46713, bi_search=56.6047, bi_subSolve=1.44413, bi_maintain=6.33274, admm_maintain=1.65839, area1=3377.86, area23=1.38067, area4=12.2323, dual_obj=-33609.3, p_obj=162944, heldout Acc=0.530182 (1/100), overall time=5644.01
i=80, infea=0.0425433, nnz_a=14.1965, nnz_b=28.9178, uni_search=25.7723, uni_subSolve=1.55959, uni_maintain=1.49125, bi_search=57.6218, bi_subSolve=1.4486, bi_maintain=6.34986, admm_maintain=1.65192, area1=3457, area23=1.3819, area4=13.4581, dual_obj=-33909.9, overall time=5745.23
i=81, infea=0.0424647, nnz_a=14.2106, nnz_b=28.9682, uni_search=25.8018, uni_subSolve=1.56821, uni_maintain=1.5075, bi_search=58.8605, bi_subSolve=1.4563, bi_maintain=6.38427, admm_maintain=1.65725, area1=3536.87, area23=1.38311, area4=14.3174, dual_obj=-34208.9, overall time=5847.81
i=82, infea=0.0423737, nnz_a=14.2242, nnz_b=29.0183, uni_search=25.9499, uni_subSolve=1.5775, uni_maintain=1.49027, bi_search=59.9502, bi_subSolve=1.46237, bi_maintain=6.40502, admm_maintain=1.66109, area1=3617.71, area23=1.38437, area4=15.3065, dual_obj=-34505.9, overall time=5951.62
i=83, infea=0.0422839, nnz_a=14.2361, nnz_b=29.0679, uni_search=25.7909, uni_subSolve=1.57181, uni_maintain=1.50968, bi_search=61.0911, bi_subSolve=1.46323, bi_maintain=6.42526, admm_maintain=1.66859, area1=3699.41, area23=1.38554, area4=16.1295, dual_obj=-34805.9, overall time=6056.47
i=84, infea=0.0422088, nnz_a=14.2481, nnz_b=29.1118, uni_search=25.8653, uni_subSolve=1.57098, uni_maintain=1.50449, bi_search=61.5956, bi_subSolve=1.46241, bi_maintain=6.37395, admm_maintain=1.69927, area1=3781.59, area23=1.38682, area4=17.1146, dual_obj=-35103.4, overall time=6161.89
i=85, infea=0.0421377, nnz_a=14.2589, nnz_b=29.1529, uni_search=25.8277, uni_subSolve=1.57112, uni_maintain=1.5135, bi_search=63.3847, bi_subSolve=1.47172, bi_maintain=6.47153, admm_maintain=1.67854, area1=3864.71, area23=1.38777, area4=17.9485, dual_obj=-35398.2, overall time=6269.15
i=86, infea=0.0420442, nnz_a=14.2735, nnz_b=29.1925, uni_search=25.8009, uni_subSolve=1.56871, uni_maintain=1.50567, bi_search=64.3014, bi_subSolve=1.47127, bi_maintain=6.47271, admm_maintain=1.67493, area1=3948.58, area23=1.38856, area4=18.7988, dual_obj=-35692.4, overall time=6377.29
i=87, infea=0.0419725, nnz_a=14.2859, nnz_b=29.2315, uni_search=25.7472, uni_subSolve=1.56515, uni_maintain=1.49926, bi_search=64.9209, bi_subSolve=1.4677, bi_maintain=6.4463, admm_maintain=1.65513, area1=4033.42, area23=1.3897, area4=19.6633, dual_obj=-35987.8, overall time=6485.9
i=88, infea=0.041888, nnz_a=14.295, nnz_b=29.2715, uni_search=25.7117, uni_subSolve=1.55159, uni_maintain=1.48059, bi_search=66.362, bi_subSolve=1.4758, bi_maintain=6.49128, admm_maintain=1.68569, area1=4118.57, area23=1.39042, area4=20.7611, dual_obj=-36280.7, overall time=6595.99
i=89, infea=0.0418077, nnz_a=14.305, nnz_b=29.3048, uni_search=25.8498, uni_subSolve=1.58043, uni_maintain=1.52299, bi_search=67.3377, bi_subSolve=1.47321, bi_maintain=6.4961, admm_maintain=1.6684, area1=4204.78, area23=1.39131, area4=21.7555, dual_obj=-36572.8, p_obj=189838, heldout Acc=0.552961, overall time=6707.27
i=90, infea=0.0417241, nnz_a=14.3173, nnz_b=29.3379, uni_search=25.7169, uni_subSolve=1.55948, uni_maintain=1.49396, bi_search=68.2276, bi_subSolve=1.4763, bi_maintain=6.49053, admm_maintain=1.64814, area1=4291.91, area23=1.39222, area4=22.4526, dual_obj=-36864.9, overall time=6819.23
i=91, infea=0.0416371, nnz_a=14.3271, nnz_b=29.3669, uni_search=25.8513, uni_subSolve=1.58363, uni_maintain=1.51829, bi_search=69.7438, bi_subSolve=1.48686, bi_maintain=6.54499, admm_maintain=1.69369, area1=4379.65, area23=1.39325, area4=23.4045, dual_obj=-37157.7, overall time=6933
i=92, infea=0.0415498, nnz_a=14.3358, nnz_b=29.4011, uni_search=25.8318, uni_subSolve=1.57835, uni_maintain=1.51933, bi_search=70.8375, bi_subSolve=1.48421, bi_maintain=6.55639, admm_maintain=1.71436, area1=4468.22, area23=1.39399, area4=24.3415, dual_obj=-37446.7, overall time=7047.85
i=93, infea=0.0414683, nnz_a=14.3431, nnz_b=29.4387, uni_search=25.7996, uni_subSolve=1.57847, uni_maintain=1.52285, bi_search=72.3749, bi_subSolve=1.494, bi_maintain=6.60894, admm_maintain=1.67943, area1=4557.96, area23=1.39487, area4=25.229, dual_obj=-37739.9, overall time=7164.29
i=94, infea=0.0413795, nnz_a=14.355, nnz_b=29.48, uni_search=25.704, uni_subSolve=1.5683, uni_maintain=1.49789, bi_search=73.0598, bi_subSolve=1.49176, bi_maintain=6.58129, admm_maintain=1.68396, area1=4648.19, area23=1.39565, area4=26.1305, dual_obj=-38028.3, overall time=7281.24
i=95, infea=0.0413058, nnz_a=14.3652, nnz_b=29.5234, uni_search=25.8599, uni_subSolve=1.58564, uni_maintain=1.52763, bi_search=74.2749, bi_subSolve=1.49394, bi_maintain=6.60082, admm_maintain=1.68835, area1=4739.69, area23=1.39678, area4=27.5136, dual_obj=-38314.8, overall time=7399.66
i=96, infea=0.041216, nnz_a=14.3744, nnz_b=29.5674, uni_search=25.8862, uni_subSolve=1.58144, uni_maintain=1.52483, bi_search=74.8676, bi_subSolve=1.48994, bi_maintain=6.56793, admm_maintain=1.67653, area1=4831.64, area23=1.39717, area4=28.2885, dual_obj=-38604.9, overall time=7518.62
i=97, infea=0.0411258, nnz_a=14.3806, nnz_b=29.608, uni_search=25.7843, uni_subSolve=1.58236, uni_maintain=1.52362, bi_search=76.7535, bi_subSolve=1.503, bi_maintain=6.64061, admm_maintain=1.63307, area1=4924.37, area23=1.39772, area4=29.3367, dual_obj=-38891.6, overall time=7639.39
i=98, infea=0.0410357, nnz_a=14.3833, nnz_b=29.65, uni_search=25.8083, uni_subSolve=1.58814, uni_maintain=1.5374, bi_search=77.3403, bi_subSolve=1.49919, bi_maintain=6.61572, admm_maintain=1.69152, area1=5017.77, area23=1.3982, area4=30.6367, dual_obj=-39178.1, overall time=7760.85
i=99, infea=0.0409445, nnz_a=14.3935, nnz_b=29.6857, uni_search=25.6777, uni_subSolve=1.55918, uni_maintain=1.49564, bi_search=78.5759, bi_subSolve=1.50366, bi_maintain=6.64391, admm_maintain=1.69009, area1=5112, area23=1.39896, area4=31.6658, dual_obj=-39465.8, p_obj=143159, heldout Acc=0.533599 (1/100), overall time=7883.4
i=100, infea=0.0408444, nnz_a=14.3992, nnz_b=29.7175, uni_search=25.7066, uni_subSolve=1.56888, uni_maintain=1.5087, bi_search=79.6475, bi_subSolve=1.50495, bi_maintain=6.65151, admm_maintain=1.6734, area1=5206.93, area23=1.39928, area4=32.4489, dual_obj=-39749.9, overall time=8007.04
i=101, infea=0.0407543, nnz_a=14.4053, nnz_b=29.7498, uni_search=25.7564, uni_subSolve=1.58095, uni_maintain=1.52752, bi_search=80.6809, bi_subSolve=1.50499, bi_maintain=6.65126, admm_maintain=1.66628, area1=5302.8, area23=1.39976, area4=33.4787, dual_obj=-40033.2, overall time=8131.8
i=102, infea=0.0406695, nnz_a=14.4109, nnz_b=29.7807, uni_search=25.6314, uni_subSolve=1.55771, uni_maintain=1.48834, bi_search=81.6534, bi_subSolve=1.50387, bi_maintain=6.65289, admm_maintain=1.68085, area1=5399.45, area23=1.40045, area4=34.7488, dual_obj=-40317.1, overall time=8257.34
i=103, infea=0.0405807, nnz_a=14.4189, nnz_b=29.8143, uni_search=25.6781, uni_subSolve=1.56807, uni_maintain=1.5076, bi_search=84.021, bi_subSolve=1.527, bi_maintain=6.75622, admm_maintain=1.70547, area1=5496.79, area23=1.40118, area4=35.8662, dual_obj=-40603.3, overall time=8385.51
i=104, infea=0.040494, nnz_a=14.4231, nnz_b=29.8451, uni_search=25.8289, uni_subSolve=1.58605, uni_maintain=1.52997, bi_search=84.8326, bi_subSolve=1.52648, bi_maintain=6.7365, admm_maintain=1.70756, area1=5594.81, area23=1.40146, area4=36.9137, dual_obj=-40885.6, overall time=8514.72
i=105, infea=0.0404192, nnz_a=14.4272, nnz_b=29.8784, uni_search=25.7129, uni_subSolve=1.57283, uni_maintain=1.50853, bi_search=157.628, bi_subSolve=2.11207, bi_maintain=9.79821, admm_maintain=2.42327, area1=5693.87, area23=1.40161, area4=37.9867, dual_obj=-41168.4, overall time=8721.8
i=106, infea=0.0403392, nnz_a=14.4315, nnz_b=29.9133, uni_search=26.3706, uni_subSolve=1.94597, uni_maintain=1.75866, bi_search=163.261, bi_subSolve=2.14739, bi_maintain=9.94034, admm_maintain=2.42226, area1=5793.73, area23=1.40189, area4=38.904, dual_obj=-41448.1, overall time=8936.14
i=107, infea=0.0402637, nnz_a=14.4375, nnz_b=29.9427, uni_search=26.4364, uni_subSolve=1.96039, uni_maintain=1.7706, bi_search=165.308, bi_subSolve=2.14423, bi_maintain=9.9403, admm_maintain=2.40388, area1=5894.06, area23=1.40215, area4=39.8217, dual_obj=-41731.8, overall time=9152.61
i=108, infea=0.0401846, nnz_a=14.4453, nnz_b=29.9714, uni_search=26.3792, uni_subSolve=1.95303, uni_maintain=1.76855, bi_search=164.869, bi_subSolve=2.12271, bi_maintain=9.80891, admm_maintain=2.42701, area1=5994.79, area23=1.4024, area4=40.692, dual_obj=-42013.6, overall time=9368.46
i=109, infea=0.0401103, nnz_a=14.4468, nnz_b=29.9959, uni_search=26.4689, uni_subSolve=1.96342, uni_maintain=1.77252, bi_search=169.629, bi_subSolve=2.15549, bi_maintain=9.96978, admm_maintain=2.4278, area1=6096.23, area23=1.40258, area4=41.6499, dual_obj=-42293.5, p_obj=181218, heldout Acc=0.535877 (2/100), overall time=9589.43
i=110, infea=0.0400321, nnz_a=14.4515, nnz_b=30.0188, uni_search=26.2894, uni_subSolve=1.94211, uni_maintain=1.75906, bi_search=171.362, bi_subSolve=2.15552, bi_maintain=9.94646, admm_maintain=2.44538, area1=6199.09, area23=1.40256, area4=42.8527, dual_obj=-42573.3, overall time=9811.92
i=111, infea=0.0399355, nnz_a=14.4598, nnz_b=30.042, uni_search=26.3716, uni_subSolve=1.95842, uni_maintain=1.77522, bi_search=172.984, bi_subSolve=2.15065, bi_maintain=9.9374, admm_maintain=2.46386, area1=6302.32, area23=1.40256, area4=43.4785, dual_obj=-42850.6, overall time=10036.2
i=112, infea=0.0398519, nnz_a=14.4615, nnz_b=30.0582, uni_search=26.6006, uni_subSolve=1.98306, uni_maintain=1.79338, bi_search=175.557, bi_subSolve=2.15573, bi_maintain=9.97057, admm_maintain=2.4127, area1=6405.92, area23=1.40285, area4=44.4808, dual_obj=-43129.9, overall time=10263.3
i=113, infea=0.039781, nnz_a=14.4651, nnz_b=30.0771, uni_search=26.2881, uni_subSolve=1.9483, uni_maintain=1.75838, bi_search=178.539, bi_subSolve=2.17037, bi_maintain=10.0234, admm_maintain=2.47286, area1=6510.49, area23=1.40288, area4=45.7705, dual_obj=-43406.3, overall time=10493.1
i=114, infea=0.0396807, nnz_a=14.4695, nnz_b=30.0979, uni_search=26.4134, uni_subSolve=1.95956, uni_maintain=1.76446, bi_search=181.039, bi_subSolve=2.17774, bi_maintain=10.0523, admm_maintain=2.48388, area1=6616.08, area23=1.40282, area4=46.9775, dual_obj=-43683.4, overall time=10725.6
i=115, infea=0.0396026, nnz_a=14.4702, nnz_b=30.1176, uni_search=26.4001, uni_subSolve=1.95289, uni_maintain=1.77056, bi_search=180.078, bi_subSolve=2.14831, bi_maintain=9.89622, admm_maintain=2.40303, area1=6721.98, area23=1.40296, area4=48.9535, dual_obj=-43960.4, overall time=10956.8
i=116, infea=0.0395177, nnz_a=14.4725, nnz_b=30.1375, uni_search=25.8586, uni_subSolve=1.81598, uni_maintain=1.66829, bi_search=90.6186, bi_subSolve=1.38816, bi_maintain=6.03517, admm_maintain=1.47338, area1=6828.75, area23=1.40297, area4=51.0079, dual_obj=-44235.3, overall time=11091
i=117, infea=0.0394544, nnz_a=14.4788, nnz_b=30.1574, uni_search=25.8439, uni_subSolve=1.64199, uni_maintain=1.65239, bi_search=100.332, bi_subSolve=1.51474, bi_maintain=6.60991, admm_maintain=1.4914, area1=6935.71, area23=1.40326, area4=53.866, dual_obj=-44513.3, overall time=11235.5
i=118, infea=0.0393781, nnz_a=14.4837, nnz_b=30.1764, uni_search=25.9825, uni_subSolve=1.56513, uni_maintain=1.79306, bi_search=95.5033, bi_subSolve=1.425, bi_maintain=6.20664, admm_maintain=1.4744, area1=7043.72, area23=1.40314, area4=55.8463, dual_obj=-44788.1, overall time=11374.8
i=119, infea=0.0393011, nnz_a=14.487, nnz_b=30.1934, uni_search=26.0303, uni_subSolve=1.55646, uni_maintain=1.80183, bi_search=96.1176, bi_subSolve=1.42418, bi_maintain=6.21095, admm_maintain=1.4855, area1=7152.31, area23=1.40324, area4=58.0792, dual_obj=-45061.1, p_obj=172654, heldout Acc=0.546697 (3/100), overall time=11514.7
i=120, infea=0.0391997, nnz_a=14.493, nnz_b=30.2138, uni_search=25.4436, uni_subSolve=1.58029, uni_maintain=1.59088, bi_search=103.942, bi_subSolve=1.52233, bi_maintain=6.62531, admm_maintain=1.43933, area1=7261.54, area23=1.40319, area4=60.4488, dual_obj=-45336, overall time=11662
i=121, infea=0.0391221, nnz_a=14.4908, nnz_b=30.2329, uni_search=24.3716, uni_subSolve=1.35212, uni_maintain=1.45797, bi_search=97.9102, bi_subSolve=1.42016, bi_maintain=6.1807, admm_maintain=1.52853, area1=7371.77, area23=1.40322, area4=62.0424, dual_obj=-45607.6, overall time=11801.6
i=122, infea=0.0390283, nnz_a=14.4921, nnz_b=30.2524, uni_search=26.047, uni_subSolve=1.56774, uni_maintain=1.82325, bi_search=99.8299, bi_subSolve=1.43597, bi_maintain=6.24964, admm_maintain=1.59408, area1=7482.25, area23=1.40323, area4=64.4466, dual_obj=-45882.9, overall time=11945.8
i=123, infea=0.0389669, nnz_a=14.4977, nnz_b=30.2697, uni_search=26.0726, uni_subSolve=1.5627, uni_maintain=1.81011, bi_search=101.142, bi_subSolve=1.43951, bi_maintain=6.26471, admm_maintain=1.64791, area1=7593.25, area23=1.40329, area4=66.6217, dual_obj=-46154.6, overall time=12091
i=124, infea=0.0388901, nnz_a=14.5015, nnz_b=30.2894, uni_search=25.4876, uni_subSolve=1.63917, uni_maintain=1.51165, bi_search=103.584, bi_subSolve=1.45823, bi_maintain=6.33197, admm_maintain=1.48022, area1=7705.12, area23=1.4034, area4=68.4747, dual_obj=-46426.5, overall time=12237.8
i=125, infea=0.0387984, nnz_a=14.5044, nnz_b=30.3108, uni_search=25.9848, uni_subSolve=1.56142, uni_maintain=1.78882, bi_search=132.358, bi_subSolve=1.69604, bi_maintain=7.37679, admm_maintain=1.89571, area1=7817.6, area23=1.4032, area4=70.2731, dual_obj=-46697.4, overall time=12416.5
i=126, infea=0.0387237, nnz_a=14.5063, nnz_b=30.3332, uni_search=26.4056, uni_subSolve=1.96065, uni_maintain=1.77479, bi_search=112.782, bi_subSolve=1.60194, bi_maintain=6.96079, admm_maintain=1.68849, area1=7930.74, area23=1.40303, area4=72.0979, dual_obj=-46967.6, overall time=12575.2
i=127, infea=0.0386437, nnz_a=14.5132, nnz_b=30.3502, uni_search=25.7611, uni_subSolve=1.59795, uni_maintain=1.49154, bi_search=117.507, bi_subSolve=1.5314, bi_maintain=6.81067, admm_maintain=1.56518, area1=8044.81, area23=1.40287, area4=73.7698, dual_obj=-47237.5, overall time=12736.9
i=128, infea=0.0385634, nnz_a=14.5134, nnz_b=30.3764, uni_search=24.507, uni_subSolve=1.48503, uni_maintain=1.26771, bi_search=109.062, bi_subSolve=1.52022, bi_maintain=6.45901, admm_maintain=1.58168, area1=8159.05, area23=1.4027, area4=75.2497, dual_obj=-47509.6, overall time=12887.9
i=129, infea=0.0384778, nnz_a=14.5179, nnz_b=30.3977, uni_search=25.4914, uni_subSolve=1.54934, uni_maintain=1.40116, bi_search=131.369, bi_subSolve=1.68078, bi_maintain=7.35324, admm_maintain=1.52784, area1=8273.88, area23=1.40256, area4=76.8526, dual_obj=-47779.2, p_obj=175236, heldout Acc=0.5541, overall time=13064
i=130, infea=0.0383821, nnz_a=14.5178, nnz_b=30.4143, uni_search=23.4446, uni_subSolve=1.23927, uni_maintain=1.29247, bi_search=102.269, bi_subSolve=1.36964, bi_maintain=5.91744, admm_maintain=1.39397, area1=8389.51, area23=1.40252, area4=78.3915, dual_obj=-48048.5, overall time=13205.6
i=131, infea=0.0383106, nnz_a=14.5189, nnz_b=30.4303, uni_search=23.4814, uni_subSolve=1.25013, uni_maintain=1.30562, bi_search=113.668, bi_subSolve=1.52131, bi_maintain=6.56177, admm_maintain=1.53782, area1=8505.84, area23=1.40284, area4=80.1766, dual_obj=-48314.3, overall time=13359.9
i=132, infea=0.038242, nnz_a=14.5243, nnz_b=30.4507, uni_search=23.4068, uni_subSolve=1.23023, uni_maintain=1.28476, bi_search=104.61, bi_subSolve=1.37683, bi_maintain=5.93625, admm_maintain=1.41349, area1=8622.72, area23=1.40259, area4=81.1718, dual_obj=-48581, overall time=13503.9
i=133, infea=0.0381598, nnz_a=14.526, nnz_b=30.471, uni_search=23.4608, uni_subSolve=1.24268, uni_maintain=1.30313, bi_search=105.817, bi_subSolve=1.38013, bi_maintain=5.94748, admm_maintain=1.41692, area1=8740.38, area23=1.40237, area4=82.6356, dual_obj=-48849.6, overall time=13649.2
i=134, infea=0.0380619, nnz_a=14.5285, nnz_b=30.4924, uni_search=23.4303, uni_subSolve=1.23356, uni_maintain=1.28237, bi_search=106.867, bi_subSolve=1.38303, bi_maintain=5.94801, admm_maintain=1.38513, area1=8858.14, area23=1.40223, area4=83.2193, dual_obj=-49116.9, overall time=13795.4
i=135, infea=0.0379756, nnz_a=14.5282, nnz_b=30.5079, uni_search=24.3929, uni_subSolve=1.46641, uni_maintain=1.34451, bi_search=113.256, bi_subSolve=1.45136, bi_maintain=6.26918, admm_maintain=1.22983, area1=8976.57, area23=1.40249, area4=84.6523, dual_obj=-49384.9, overall time=13949.7
i=136, infea=0.0379075, nnz_a=14.533, nnz_b=30.5255, uni_search=23.388, uni_subSolve=1.23855, uni_maintain=1.29191, bi_search=109.138, bi_subSolve=1.38861, bi_maintain=5.95519, admm_maintain=1.39795, area1=9095.57, area23=1.40229, area4=85.1714, dual_obj=-49651.2, overall time=14098.2
i=137, infea=0.0378271, nnz_a=14.5345, nnz_b=30.5421, uni_search=23.6043, uni_subSolve=1.25012, uni_maintain=1.31445, bi_search=110.443, bi_subSolve=1.398, bi_maintain=5.97681, admm_maintain=1.40828, area1=9215.31, area23=1.40206, area4=86.4228, dual_obj=-49916.2, overall time=14248.4
i=138, infea=0.0377278, nnz_a=14.537, nnz_b=30.5569, uni_search=23.3851, uni_subSolve=1.24151, uni_maintain=1.29386, bi_search=144.282, bi_subSolve=1.72141, bi_maintain=7.36297, admm_maintain=1.84995, area1=9335.71, area23=1.40205, area4=87.4554, dual_obj=-50179.5, overall time=14436.1
i=139, infea=0.0376499, nnz_a=14.5394, nnz_b=30.5738, uni_search=28.7945, uni_subSolve=2.04698, uni_maintain=1.69144, bi_search=168.783, bi_subSolve=1.89779, bi_maintain=8.53513, admm_maintain=1.76171, area1=9456.67, area23=1.40193, area4=88.8096, dual_obj=-50445.3, p_obj=176068, heldout Acc=0.542711 (1/100), overall time=14656.2
i=140, infea=0.0375645, nnz_a=14.5419, nnz_b=30.5905, uni_search=29.2608, uni_subSolve=1.91815, uni_maintain=1.7433, bi_search=175.917, bi_subSolve=1.94832, bi_maintain=8.42147, admm_maintain=1.91162, area1=9578.28, area23=1.40192, area4=89.5797, dual_obj=-50708.3, overall time=14884
i=141, infea=0.0374942, nnz_a=14.5425, nnz_b=30.6065, uni_search=29.9621, uni_subSolve=1.9658, uni_maintain=1.85244, bi_search=172.797, bi_subSolve=2.06173, bi_maintain=8.36954, admm_maintain=1.92696, area1=9700.6, area23=1.40182, area4=90.7646, dual_obj=-50971.9, overall time=15109.5
i=142, infea=0.0373951, nnz_a=14.5424, nnz_b=30.6189, uni_search=27.9379, uni_subSolve=1.77343, uni_maintain=1.6288, bi_search=165.865, bi_subSolve=1.90048, bi_maintain=8.13846, admm_maintain=1.72898, area1=9823.32, area23=1.40178, area4=92.0609, dual_obj=-51236.9, overall time=15324.9
i=143, infea=0.037315, nnz_a=14.5406, nnz_b=30.6312, uni_search=29.7565, uni_subSolve=2.02164, uni_maintain=1.90685, bi_search=165.761, bi_subSolve=1.95584, bi_maintain=7.90736, admm_maintain=1.66362, area1=9946.38, area23=1.40163, area4=93.3298, dual_obj=-51497.6, overall time=15542.1
i=144, infea=0.0372306, nnz_a=14.542, nnz_b=30.642, uni_search=31.4937, uni_subSolve=1.96558, uni_maintain=1.72809, bi_search=182.626, bi_subSolve=1.92707, bi_maintain=8.64781, admm_maintain=2.1166, area1=10070.4, area23=1.40166, area4=94.517, dual_obj=-51760.3, overall time=15779.7
i=145, infea=0.0371539, nnz_a=14.5411, nnz_b=30.6522, uni_search=34.3742, uni_subSolve=2.3345, uni_maintain=1.92899, bi_search=187.447, bi_subSolve=2.05089, bi_maintain=9.10942, admm_maintain=1.63353, area1=10194.9, area23=1.4014, area4=95.6749, dual_obj=-52022.2, overall time=16025.9
i=146, infea=0.0370674, nnz_a=14.5394, nnz_b=30.6624, uni_search=31.6899, uni_subSolve=2.07944, uni_maintain=1.77043, bi_search=439.632, bi_subSolve=2.38704, bi_maintain=25.3034, admm_maintain=21.7146, area1=10320.2, area23=1.40099, area4=97.6132, dual_obj=-52285.6, overall time=16558.3
i=147, infea=0.0369913, nnz_a=14.5389, nnz_b=30.6681, uni_search=35.7458, uni_subSolve=2.33812, uni_maintain=4.54203, bi_search=171.659, bi_subSolve=1.82278, bi_maintain=7.85466, admm_maintain=1.37312, area1=10446.1, area23=1.40089, area4=98.979, dual_obj=-52544.6, overall time=16791.4
i=148, infea=0.0369101, nnz_a=14.5382, nnz_b=30.6756, uni_search=29.6505, uni_subSolve=1.82157, uni_maintain=1.58175, bi_search=173.692, bi_subSolve=1.93388, bi_maintain=7.99308, admm_maintain=1.65891, area1=10572.2, area23=1.40088, area4=100.827, dual_obj=-52805.7, overall time=17016.2
i=149, infea=0.0368311, nnz_a=14.5389, nnz_b=30.68, uni_search=29.8382, uni_subSolve=1.82449, uni_maintain=1.72995, bi_search=175.983, bi_subSolve=1.83859, bi_maintain=7.83187, admm_maintain=2.4064, area1=10698.8, area23=1.40048, area4=102.736, dual_obj=-53064.6, p_obj=146967, heldout Acc=0.561503, overall time=17244.7
i=150, infea=0.0367558, nnz_a=14.5405, nnz_b=30.6831, uni_search=34.3724, uni_subSolve=2.23654, uni_maintain=2.01698, bi_search=206.634, bi_subSolve=2.16938, bi_maintain=9.04993, admm_maintain=2.01747, area1=10826.4, area23=1.40052, area4=104.526, dual_obj=-53324, overall time=17510.7
i=151, infea=0.0366755, nnz_a=14.5397, nnz_b=30.687, uni_search=33.7558, uni_subSolve=2.15928, uni_maintain=1.85859, bi_search=197.188, bi_subSolve=2.00801, bi_maintain=8.73859, admm_maintain=1.87594, area1=10954.3, area23=1.40032, area4=107.479, dual_obj=-53583.1, overall time=17765.9
i=152, infea=0.0365948, nnz_a=14.5342, nnz_b=30.6871, uni_search=34.2646, uni_subSolve=2.41938, uni_maintain=1.76677, bi_search=197.169, bi_subSolve=2.00238, bi_maintain=8.70053, admm_maintain=2.03761, area1=11082.7, area23=1.40007, area4=109.186, dual_obj=-53842.2, overall time=18022.2
i=153, infea=0.0365093, nnz_a=14.5333, nnz_b=30.6831, uni_search=30.7729, uni_subSolve=1.94689, uni_maintain=1.66887, bi_search=203.847, bi_subSolve=1.97126, bi_maintain=8.54465, admm_maintain=1.86127, area1=11211.9, area23=1.39991, area4=112.055, dual_obj=-54101.7, overall time=18279.9
i=154, infea=0.0364349, nnz_a=14.535, nnz_b=30.6813, uni_search=31.8743, uni_subSolve=1.80687, uni_maintain=1.6258, bi_search=193.46, bi_subSolve=1.90519, bi_maintain=8.30114, admm_maintain=2.06458, area1=11341.7, area23=1.39947, area4=114.152, dual_obj=-54360.6, overall time=18528.3
i=155, infea=0.0363669, nnz_a=14.5292, nnz_b=30.6799, uni_search=32.7143, uni_subSolve=2.09635, uni_maintain=1.71437, bi_search=187.294, bi_subSolve=1.94059, bi_maintain=8.28575, admm_maintain=2.59992, area1=11471.7, area23=1.39923, area4=115.576, dual_obj=-54618.1, overall time=18771.8
i=156, infea=0.036293, nnz_a=14.5285, nnz_b=30.6741, uni_search=25.8712, uni_subSolve=1.54036, uni_maintain=1.37224, bi_search=186.022, bi_subSolve=1.89953, bi_maintain=7.82779, admm_maintain=2.20167, area1=11602, area23=1.39888, area4=118.072, dual_obj=-54874.6, overall time=19005.4
i=157, infea=0.0362211, nnz_a=14.5236, nnz_b=30.6747, uni_search=31.0562, uni_subSolve=2.03084, uni_maintain=1.82536, bi_search=190.194, bi_subSolve=1.93899, bi_maintain=8.1471, admm_maintain=1.93802, area1=11733.3, area23=1.39851, area4=119.832, dual_obj=-55132.5, overall time=19249.5
i=158, infea=0.0361442, nnz_a=14.5212, nnz_b=30.6673, uni_search=31.0955, uni_subSolve=1.96842, uni_maintain=1.66974, bi_search=187.616, bi_subSolve=1.84214, bi_maintain=7.76496, admm_maintain=1.60777, area1=11865.7, area23=1.398, area4=121.27, dual_obj=-55387.6, overall time=19489.8
i=159, infea=0.0360559, nnz_a=14.5208, nnz_b=30.6619, uni_search=32.9089, uni_subSolve=2.1287, uni_maintain=1.72625, bi_search=195.729, bi_subSolve=1.85333, bi_maintain=8.19034, admm_maintain=1.84155, area1=11998.2, area23=1.39781, area4=123.732, dual_obj=-55644.7, p_obj=158244, heldout Acc=0.549544 (1/100), overall time=19741.2
i=160, infea=0.0359895, nnz_a=14.5177, nnz_b=30.6574, uni_search=28.859, uni_subSolve=1.75873, uni_maintain=1.51353, bi_search=185.467, bi_subSolve=1.76174, bi_maintain=7.26844, admm_maintain=2.18654, area1=12130.8, area23=1.39754, area4=125.834, dual_obj=-55898.4, overall time=19976.9
i=161, infea=0.0359243, nnz_a=14.5182, nnz_b=30.6485, uni_search=26.6272, uni_subSolve=1.62463, uni_maintain=1.38231, bi_search=179.463, bi_subSolve=1.76186, bi_maintain=7.34842, admm_maintain=1.807, area1=12263.7, area23=1.39724, area4=127.217, dual_obj=-56154.7, overall time=20203.5
i=162, infea=0.0358567, nnz_a=14.5185, nnz_b=30.6451, uni_search=28.1426, uni_subSolve=1.66355, uni_maintain=1.49576, bi_search=196.195, bi_subSolve=1.79874, bi_maintain=7.75755, admm_maintain=2.82595, area1=12397.7, area23=1.39704, area4=129.84, dual_obj=-56409.3, overall time=20450.2
i=163, infea=0.0357821, nnz_a=14.5161, nnz_b=30.64, uni_search=29.4306, uni_subSolve=1.75825, uni_maintain=1.60221, bi_search=189.598, bi_subSolve=1.69868, bi_maintain=7.68662, admm_maintain=2.03759, area1=12531.8, area23=1.39651, area4=131.935, dual_obj=-56665.6, overall time=20690.6
i=164, infea=0.0357203, nnz_a=14.5137, nnz_b=30.6332, uni_search=27.2687, uni_subSolve=1.62213, uni_maintain=1.48929, bi_search=198.214, bi_subSolve=1.8484, bi_maintain=7.87873, admm_maintain=2.06517, area1=12666.2, area23=1.39588, area4=134.021, dual_obj=-56919.3, overall time=20937.5
i=165, infea=0.0356442, nnz_a=14.5146, nnz_b=30.6322, uni_search=27.5833, uni_subSolve=1.69625, uni_maintain=1.43577, bi_search=195.232, bi_subSolve=1.83936, bi_maintain=7.49805, admm_maintain=2.08895, area1=12801, area23=1.39569, area4=136.692, dual_obj=-57174.4, overall time=21181.1
i=166, infea=0.0355706, nnz_a=14.5133, nnz_b=30.6246, uni_search=27.6257, uni_subSolve=1.61112, uni_maintain=1.59944, bi_search=191.079, bi_subSolve=1.74604, bi_maintain=7.31781, admm_maintain=1.91965, area1=12936.2, area23=1.39518, area4=139.516, dual_obj=-57425, overall time=21420.7
i=167, infea=0.0355053, nnz_a=14.5136, nnz_b=30.6189, uni_search=29.5979, uni_subSolve=1.91832, uni_maintain=1.6247, bi_search=190.564, bi_subSolve=1.69347, bi_maintain=7.10959, admm_maintain=2.1368, area1=13071.8, area23=1.39466, area4=142.122, dual_obj=-57679.7, overall time=21662
i=168, infea=0.0354398, nnz_a=14.5094, nnz_b=30.6089, uni_search=27.6997, uni_subSolve=1.66164, uni_maintain=1.43679, bi_search=188.773, bi_subSolve=1.76028, bi_maintain=7.14312, admm_maintain=1.81897, area1=13208.3, area23=1.39434, area4=144.68, dual_obj=-57931.5, overall time=21898.9
i=169, infea=0.0353696, nnz_a=14.5098, nnz_b=30.5995, uni_search=27.5321, uni_subSolve=1.70818, uni_maintain=1.5249, bi_search=205.764, bi_subSolve=1.83744, bi_maintain=7.70151, admm_maintain=1.87548, area1=13345.2, area23=1.39393, area4=147.912, dual_obj=-58182.3, p_obj=168126, heldout Acc=0.564351, overall time=22153.8
i=170, infea=0.0352945, nnz_a=14.506, nnz_b=30.5957, uni_search=27.8086, uni_subSolve=1.66745, uni_maintain=1.51165, bi_search=214.947, bi_subSolve=1.86503, bi_maintain=8.02123, admm_maintain=2.42405, area1=13482.4, area23=1.39351, area4=151.533, dual_obj=-58436, overall time=22418.9
i=171, infea=0.0352295, nnz_a=14.5058, nnz_b=30.5941, uni_search=30.4094, uni_subSolve=1.84362, uni_maintain=1.58784, bi_search=199.664, bi_subSolve=1.81091, bi_maintain=7.42018, admm_maintain=1.68083, area1=13619.4, area23=1.39332, area4=154.524, dual_obj=-58687.2, overall time=22671
i=172, infea=0.0351552, nnz_a=14.5057, nnz_b=30.5915, uni_search=28.7828, uni_subSolve=1.70192, uni_maintain=1.71779, bi_search=199.176, bi_subSolve=1.76477, bi_maintain=7.44627, admm_maintain=1.81239, area1=13756.9, area23=1.393, area4=157.678, dual_obj=-58940.5, overall time=22920.5
i=173, infea=0.0350817, nnz_a=14.5031, nnz_b=30.5852, uni_search=27.9975, uni_subSolve=1.61096, uni_maintain=1.5661, bi_search=209.833, bi_subSolve=1.88139, bi_maintain=7.41101, admm_maintain=1.59734, area1=13895.1, area23=1.39276, area4=160.78, dual_obj=-59186.5, overall time=23178.6
i=174, infea=0.0350242, nnz_a=14.5005, nnz_b=30.58, uni_search=27.6869, uni_subSolve=1.58941, uni_maintain=1.43897, bi_search=210.839, bi_subSolve=1.68729, bi_maintain=7.76676, admm_maintain=1.79025, area1=14033.8, area23=1.39236, area4=164.667, dual_obj=-59438.5, overall time=23437.9
i=175, infea=0.0349533, nnz_a=14.4991, nnz_b=30.5729, uni_search=28.2547, uni_subSolve=1.73898, uni_maintain=1.4452, bi_search=208.638, bi_subSolve=1.815, bi_maintain=7.60846, admm_maintain=2.019, area1=14172.6, area23=1.39189, area4=167.087, dual_obj=-59689.8, overall time=23696
i=176, infea=0.0348889, nnz_a=14.4954, nnz_b=30.5731, uni_search=29.2844, uni_subSolve=1.87101, uni_maintain=1.63811, bi_search=215.265, bi_subSolve=1.86684, bi_maintain=7.84331, admm_maintain=1.88104, area1=14311.5, area23=1.39148, area4=170.268, dual_obj=-59938, overall time=23963
i=177, infea=0.0348434, nnz_a=14.4916, nnz_b=30.5717, uni_search=27.7353, uni_subSolve=1.71347, uni_maintain=1.5956, bi_search=217.697, bi_subSolve=1.71809, bi_maintain=7.61506, admm_maintain=1.87822, area1=14451.4, area23=1.39135, area4=173.263, dual_obj=-60191.2, overall time=24229.6
i=178, infea=0.034769, nnz_a=14.4931, nnz_b=30.5699, uni_search=28.9568, uni_subSolve=1.79683, uni_maintain=1.5972, bi_search=218.11, bi_subSolve=1.85687, bi_maintain=7.61988, admm_maintain=1.77383, area1=14591.8, area23=1.39102, area4=175.903, dual_obj=-60435.4, overall time=24497.8
i=179, infea=0.0346943, nnz_a=14.4936, nnz_b=30.5691, uni_search=26.4554, uni_subSolve=1.47056, uni_maintain=1.34523, bi_search=228.704, bi_subSolve=1.84371, bi_maintain=7.86844, admm_maintain=1.77014, area1=14732.3, area23=1.39071, area4=179.277, dual_obj=-60684, p_obj=161126, heldout Acc=0.556948 (1/100), overall time=24773.9
i=180, infea=0.034624, nnz_a=14.4879, nnz_b=30.5646, uni_search=30.0496, uni_subSolve=1.99005, uni_maintain=1.67996, bi_search=228.009, bi_subSolve=1.89966, bi_maintain=8.0727, admm_maintain=1.64396, area1=14873.4, area23=1.39036, area4=181.756, dual_obj=-60932, overall time=25055
i=181, infea=0.03456, nnz_a=14.4925, nnz_b=30.5665, uni_search=32.4502, uni_subSolve=1.84862, uni_maintain=1.58454, bi_search=220.839, bi_subSolve=1.94955, bi_maintain=7.60209, admm_maintain=1.56169, area1=15014.9, area23=1.38992, area4=184.852, dual_obj=-61180.1, overall time=25329.7
i=182, infea=0.0344886, nnz_a=14.49, nnz_b=30.5658, uni_search=28.6217, uni_subSolve=1.68694, uni_maintain=1.51334, bi_search=239.4, bi_subSolve=1.84231, bi_maintain=7.94717, admm_maintain=2.56338, area1=15156, area23=1.38969, area4=187.194, dual_obj=-61426.3, overall time=25620.8
i=183, infea=0.0344258, nnz_a=14.4877, nnz_b=30.5662, uni_search=34.8425, uni_subSolve=2.38779, uni_maintain=1.93679, bi_search=262.682, bi_subSolve=2.35104, bi_maintain=9.18216, admm_maintain=2.26674, area1=15298.3, area23=1.38933, area4=190.033, dual_obj=-61673.5, overall time=25944.2
i=184, infea=0.0343611, nnz_a=14.4852, nnz_b=30.5662, uni_search=31.1953, uni_subSolve=1.89189, uni_maintain=1.77886, bi_search=259.817, bi_subSolve=1.94403, bi_maintain=8.70383, admm_maintain=1.66021, area1=15440.1, area23=1.38902, area4=192.272, dual_obj=-61920.6, overall time=26259.7
i=185, infea=0.0342987, nnz_a=14.4844, nnz_b=30.5687, uni_search=31.9445, uni_subSolve=1.87279, uni_maintain=1.72629, bi_search=264.623, bi_subSolve=2.20389, bi_maintain=8.71768, admm_maintain=1.76198, area1=15582.8, area23=1.38867, area4=194.846, dual_obj=-62165.7, overall time=26580.1
i=186, infea=0.0342371, nnz_a=14.4839, nnz_b=30.5699, uni_search=33.7256, uni_subSolve=2.08791, uni_maintain=1.73631, bi_search=258.333, bi_subSolve=2.1394, bi_maintain=8.62064, admm_maintain=2.00608, area1=15725.9, area23=1.38831, area4=197.259, dual_obj=-62413.8, overall time=26897.2
i=187, infea=0.0341698, nnz_a=14.4831, nnz_b=30.5731, uni_search=33.6145, uni_subSolve=2.28091, uni_maintain=1.82387, bi_search=276.59, bi_subSolve=2.11114, bi_maintain=8.81677, admm_maintain=2.07343, area1=15869.4, area23=1.3879, area4=198.915, dual_obj=-62658, overall time=27232.4
i=188, infea=0.034102, nnz_a=14.4792, nnz_b=30.5713, uni_search=33.0685, uni_subSolve=2.01206, uni_maintain=1.71332, bi_search=276.93, bi_subSolve=2.07031, bi_maintain=8.95394, admm_maintain=2.62442, area1=16013.3, area23=1.38735, area4=201.693, dual_obj=-62904.2, overall time=27568.8
i=189, infea=0.0340312, nnz_a=14.4816, nnz_b=30.5694, uni_search=29.7648, uni_subSolve=1.7801, uni_maintain=1.58348, bi_search=267.87, bi_subSolve=2.072, bi_maintain=8.38198, admm_maintain=2.20084, area1=16157.6, area23=1.38716, area4=203.057, dual_obj=-63145, p_obj=178790, heldout Acc=0.553531 (2/100), overall time=27890.7
i=190, infea=0.0339634, nnz_a=14.4733, nnz_b=30.5633, uni_search=31.1575, uni_subSolve=1.84167, uni_maintain=1.75558, bi_search=272, bi_subSolve=2.17663, bi_maintain=8.51427, admm_maintain=1.99522, area1=16302.4, area23=1.3869, area4=206.238, dual_obj=-63387.8, overall time=28217.8
i=191, infea=0.0339021, nnz_a=14.4746, nnz_b=30.5622, uni_search=25.5403, uni_subSolve=1.48852, uni_maintain=1.32861, bi_search=244.644, bi_subSolve=1.84511, bi_maintain=7.77018, admm_maintain=2.55458, area1=16447, area23=1.38626, area4=208.237, dual_obj=-63631.4, overall time=28510.7
i=192, infea=0.0338489, nnz_a=14.4742, nnz_b=30.5592, uni_search=28.6709, uni_subSolve=1.80218, uni_maintain=1.50458, bi_search=242.157, bi_subSolve=1.86483, bi_maintain=7.6336, admm_maintain=2.15052, area1=16591.3, area23=1.38588, area4=210.176, dual_obj=-63876.5, overall time=28803.7
i=193, infea=0.0337888, nnz_a=14.4721, nnz_b=30.556, uni_search=27.8599, uni_subSolve=1.64794, uni_maintain=1.50291, bi_search=254.996, bi_subSolve=2.03965, bi_maintain=7.71438, admm_maintain=2.23474, area1=16736.7, area23=1.38561, area4=212.324, dual_obj=-64114.6, overall time=29108.9
i=194, infea=0.0337239, nnz_a=14.4683, nnz_b=30.5544, uni_search=30.0097, uni_subSolve=1.78659, uni_maintain=1.55609, bi_search=251.588, bi_subSolve=1.82316, bi_maintain=8.1008, admm_maintain=1.87685, area1=16882.6, area23=1.38527, area4=214.971, dual_obj=-64357.4, overall time=29412.8
i=195, infea=0.0336593, nnz_a=14.4662, nnz_b=30.547, uni_search=28.7401, uni_subSolve=1.67173, uni_maintain=1.56283, bi_search=242.182, bi_subSolve=1.87768, bi_maintain=7.42774, admm_maintain=2.03976, area1=17029.3, area23=1.38482, area4=216.403, dual_obj=-64598.2, overall time=29706
i=196, infea=0.0335816, nnz_a=14.4641, nnz_b=30.5431, uni_search=30.8095, uni_subSolve=1.92875, uni_maintain=1.90278, bi_search=262.492, bi_subSolve=2.05858, bi_maintain=7.87016, admm_maintain=1.9667, area1=17175.7, area23=1.38439, area4=218.423, dual_obj=-64838, overall time=30022.4
i=197, infea=0.0335363, nnz_a=14.4634, nnz_b=30.5402, uni_search=29.151, uni_subSolve=1.84464, uni_maintain=1.62125, bi_search=266.3, bi_subSolve=1.97837, bi_maintain=8.15009, admm_maintain=2.18183, area1=17322.5, area23=1.38398, area4=219.958, dual_obj=-65077.8, overall time=30341.3
i=198, infea=0.0334814, nnz_a=14.4596, nnz_b=30.5361, uni_search=28.8527, uni_subSolve=1.79818, uni_maintain=1.69988, bi_search=250.627, bi_subSolve=1.81358, bi_maintain=7.48546, admm_maintain=2.19574, area1=17469.5, area23=1.38362, area4=222.198, dual_obj=-65318.1, overall time=30643
i=199, infea=0.033403, nnz_a=14.4537, nnz_b=30.5359, uni_search=28.7401, uni_subSolve=1.72469, uni_maintain=1.50414, bi_search=256.96, bi_subSolve=1.83627, bi_maintain=7.86579, admm_maintain=1.77185, area1=17616.9, area23=1.38314, area4=223.71, dual_obj=-65559.6, p_obj=170925, heldout Acc=0.547836 (3/100), overall time=30951.5
i=200, infea=0.0333322, nnz_a=14.456, nnz_b=30.5306, uni_search=27.4621, uni_subSolve=1.5595, uni_maintain=1.43841, bi_search=258.103, bi_subSolve=1.75765, bi_maintain=7.93357, admm_maintain=2.4527, area1=17764, area23=1.38285, area4=226.371, dual_obj=-65797.6, overall time=31259.7
i=201, infea=0.0332631, nnz_a=14.4535, nnz_b=30.5259, uni_search=30.1675, uni_subSolve=1.85974, uni_maintain=1.70413, bi_search=239.118, bi_subSolve=1.63901, bi_maintain=7.19121, admm_maintain=1.74702, area1=17912.4, area23=1.38241, area4=228.075, dual_obj=-66036.9, overall time=31550.1
i=202, infea=0.0331904, nnz_a=14.4525, nnz_b=30.5242, uni_search=31.5432, uni_subSolve=2.10867, uni_maintain=1.72125, bi_search=267.236, bi_subSolve=1.77458, bi_maintain=7.93179, admm_maintain=2.11432, area1=18061.1, area23=1.3822, area4=229.87, dual_obj=-66273.2, overall time=31872.3
i=203, infea=0.0331272, nnz_a=14.4479, nnz_b=30.5143, uni_search=28.1273, uni_subSolve=1.78298, uni_maintain=1.56079, bi_search=263.427, bi_subSolve=1.74458, bi_maintain=7.73829, admm_maintain=1.9583, area1=18208.9, area23=1.38165, area4=231.781, dual_obj=-66512.6, overall time=32185.9
i=204, infea=0.0330698, nnz_a=14.4452, nnz_b=30.5065, uni_search=29.2913, uni_subSolve=1.76795, uni_maintain=1.50272, bi_search=252.619, bi_subSolve=1.61968, bi_maintain=7.6664, admm_maintain=1.82259, area1=18357.6, area23=1.38141, area4=233.653, dual_obj=-66747.6, overall time=32489.8
i=205, infea=0.0330136, nnz_a=14.4468, nnz_b=30.5014, uni_search=30.3414, uni_subSolve=1.87083, uni_maintain=1.55337, bi_search=262.804, bi_subSolve=1.70813, bi_maintain=7.6429, admm_maintain=1.85777, area1=18506.7, area23=1.38114, area4=234.939, dual_obj=-66985.9, overall time=32805.2
i=206, infea=0.0329338, nnz_a=14.4426, nnz_b=30.4968, uni_search=27.7539, uni_subSolve=1.72237, uni_maintain=1.54051, bi_search=283.2, bi_subSolve=1.83336, bi_maintain=8.21034, admm_maintain=1.80037, area1=18655.9, area23=1.38078, area4=237.193, dual_obj=-67222.8, overall time=33138.9
i=207, infea=0.0328798, nnz_a=14.4402, nnz_b=30.4891, uni_search=30.8831, uni_subSolve=1.99747, uni_maintain=1.60378, bi_search=253.093, bi_subSolve=1.6412, bi_maintain=7.43415, admm_maintain=1.86444, area1=18805.8, area23=1.38053, area4=238.443, dual_obj=-67460.1, overall time=33444.5
i=208, infea=0.0328055, nnz_a=14.4402, nnz_b=30.4844, uni_search=29.7268, uni_subSolve=1.91902, uni_maintain=1.52561, bi_search=273.024, bi_subSolve=1.89052, bi_maintain=7.80122, admm_maintain=2.6133, area1=18955.8, area23=1.38019, area4=240.489, dual_obj=-67695.8, overall time=33770.6
i=209, infea=0.0327556, nnz_a=14.4353, nnz_b=30.4782, uni_search=29.5308, uni_subSolve=1.91709, uni_maintain=1.66399, bi_search=249.339, bi_subSolve=1.5813, bi_maintain=7.017, admm_maintain=1.49839, area1=19105.2, area23=1.37982, area4=241.996, dual_obj=-67932.5, p_obj=211496, heldout Acc=0.557517 (4/100), overall time=34069.8
i=210, infea=0.0326876, nnz_a=14.4316, nnz_b=30.4782, uni_search=30.6913, uni_subSolve=1.97452, uni_maintain=1.78832, bi_search=263.484, bi_subSolve=1.61246, bi_maintain=7.61499, admm_maintain=1.85939, area1=19255.1, area23=1.37937, area4=243.464, dual_obj=-68168, overall time=34386.1
i=211, infea=0.0326273, nnz_a=14.4319, nnz_b=30.4743, uni_search=28.4724, uni_subSolve=1.73037, uni_maintain=1.51989, bi_search=268.117, bi_subSolve=1.67323, bi_maintain=7.43895, admm_maintain=1.56509, area1=19404.6, area23=1.37889, area4=244.711, dual_obj=-68403.7, overall time=34703.6
i=212, infea=0.0325536, nnz_a=14.4321, nnz_b=30.4719, uni_search=28.7552, uni_subSolve=1.76203, uni_maintain=1.60666, bi_search=265.375, bi_subSolve=1.60617, bi_maintain=7.30478, admm_maintain=2.00698, area1=19555.1, area23=1.37872, area4=246.537, dual_obj=-68636.6, overall time=35019.4
i=213, infea=0.0324829, nnz_a=14.4283, nnz_b=30.4654, uni_search=30.9073, uni_subSolve=1.81098, uni_maintain=1.6991, bi_search=282.838, bi_subSolve=1.81045, bi_maintain=8.06505, admm_maintain=1.96409, area1=19705.6, area23=1.37846, area4=247.73, dual_obj=-68872.9, overall time=35356.4
i=214, infea=0.0324265, nnz_a=14.4248, nnz_b=30.4584, uni_search=29.2493, uni_subSolve=1.78293, uni_maintain=1.47721, bi_search=275.804, bi_subSolve=1.76585, bi_maintain=7.80403, admm_maintain=1.72605, area1=19856.2, area23=1.37821, area4=248.898, dual_obj=-69107.2, overall time=35683.3
i=215, infea=0.0323488, nnz_a=14.4236, nnz_b=30.453, uni_search=30.3029, uni_subSolve=1.98205, uni_maintain=1.68114, bi_search=266.158, bi_subSolve=1.64406, bi_maintain=7.37144, admm_maintain=1.67841, area1=20008.2, area23=1.37776, area4=250.26, dual_obj=-69340.8, overall time=36001.6
