#train_samples=3808
#test_samples=2018
d=2122605
K=45
lambda=0.000262605
running BCFW on 3808 examples...

#pass=0-2018, test_acc=0.884513, time=39.3168, testPredTime=0.434502, d-obj=-3933.07, p-obj=49363.3

#pass=1-228, test_acc=0.905543, time=74.317, testPredTime=0.42435, d-obj=-6426.82, p-obj=38476.8

#pass=1-2246, test_acc=0.914438, time=127.286, testPredTime=0.449373, d-obj=-8111.07, p-obj=34208.4

#pass=2-456, test_acc=0.919481, time=182.13, testPredTime=0.477658, d-obj=-9592.62, p-obj=31556.9

#pass=2-2474, test_acc=0.923207, time=233.31, testPredTime=0.459261, d-obj=-10742.8, p-obj=29731.5

#pass=3-684, test_acc=0.925102, time=275.949, testPredTime=0.43166, d-obj=-11775.7, p-obj=28808.5

#pass=3-2702, test_acc=0.926735, time=320.262, testPredTime=0.453232, d-obj=-12626.2, p-obj=27688.4

#pass=4-912, test_acc=0.928223, time=371.923, testPredTime=0.473568, d-obj=-13390.4, p-obj=26803.4

#pass=4-2930, test_acc=0.929035, time=422.569, testPredTime=0.435852, d-obj=-14038.2, p-obj=26470.5

#pass=5-1140, test_acc=0.929351, time=473.106, testPredTime=0.454361, d-obj=-14551.1, p-obj=26152.6

#pass=5-3158, test_acc=0.929947, time=526.338, testPredTime=0.468907, d-obj=-15047.2, p-obj=25708.1

#pass=6-1368, test_acc=0.930605, time=588.363, testPredTime=0.482474, d-obj=-15428.7, p-obj=25438.8

#pass=6-3386, test_acc=0.930876, time=639.301, testPredTime=0.449906, d-obj=-15813.9, p-obj=24944.6

#pass=7-1596, test_acc=0.931056, time=690.005, testPredTime=0.433846, d-obj=-16092.7, p-obj=25008.1

#pass=8-3614, test_acc=0.931201, time=746.025, testPredTime=0.488089, d-obj=-16393.9, p-obj=24607.3

#pass=8-1824, test_acc=0.931453, time=804.661, testPredTime=0.424431, d-obj=-16610.9, p-obj=24183.5

#pass=9-34, test_acc=0.931399, time=861.392, testPredTime=0.448587, d-obj=-16849.4, p-obj=24489.6

#pass=9-2052, test_acc=0.931543, time=919.445, testPredTime=0.459613, d-obj=-17020.4, p-obj=23735

#pass=10-262, test_acc=0.93185, time=957.505, testPredTime=0.425086, d-obj=-17219.8, p-obj=24002.2

#pass=10-2280, test_acc=0.932058, time=991.776, testPredTime=0.433123, d-obj=-17381.6, p-obj=23510.1

#pass=11-490, test_acc=0.93204, time=1030.94, testPredTime=0.421591, d-obj=-17534.3, p-obj=23552.2

#pass=11-2508, test_acc=0.932193, time=1082.52, testPredTime=0.489547, d-obj=-17672.5, p-obj=23580.7

#pass=12-718, test_acc=0.93222, time=1132.75, testPredTime=0.442777, d-obj=-17788, p-obj=23100.8

#pass=12-2736, test_acc=0.932256, time=1191.51, testPredTime=0.466409, d-obj=-17908.8, p-obj=23321.4

#pass=13-946, test_acc=0.932256, time=1251.14, testPredTime=0.462185, d-obj=-18000.1, p-obj=22927.9

#pass=13-2964, test_acc=0.932355, time=1306.27, testPredTime=0.427866, d-obj=-18104.9, p-obj=23098.6

#pass=14-1174, test_acc=0.932391, time=1356.11, testPredTime=0.4263, d-obj=-18197.3, p-obj=22628.4

#pass=14-3192, test_acc=0.932455, time=1390.74, testPredTime=0.426535, d-obj=-18296, p-obj=23033.6

#pass=15-1402, test_acc=0.932473, time=1425.37, testPredTime=0.428815, d-obj=-18362.7, p-obj=22464.8

#pass=16-3420, test_acc=0.932328, time=1459.99, testPredTime=0.425263, d-obj=-18444.7, p-obj=22333.7

#pass=16-1630, test_acc=0.93231, time=1492.97, testPredTime=0.486779, d-obj=-18514.7, p-obj=22759.4

#pass=17-3648, test_acc=0.932319, time=1537.76, testPredTime=0.473983, d-obj=-18587.7, p-obj=22786.3

#pass=17-1858, test_acc=0.932301, time=1584.64, testPredTime=0.439764, d-obj=-18648.7, p-obj=22201.4

#pass=18-68, test_acc=0.932337, time=1623.73, testPredTime=0.424413, d-obj=-18710, p-obj=22395.3

#pass=18-2086, test_acc=0.932211, time=1658.14, testPredTime=0.42433, d-obj=-18769.8, p-obj=22296.9

#pass=19-296, test_acc=0.932274, time=1700.26, testPredTime=0.442993, d-obj=-18824.6, p-obj=22425.6

#pass=19-2314, test_acc=0.932238, time=1740.41, testPredTime=0.424341, d-obj=-18879.9, p-obj=22520.6

#pass=20-524, test_acc=0.932112, time=1779.88, testPredTime=0.47042, d-obj=-18921.5, p-obj=22530.4

#pass=20-2542, test_acc=0.932049, time=1829.81, testPredTime=0.4543, d-obj=-18971.6, p-obj=22675.5

#pass=21-752, test_acc=0.932058, time=1892.85, testPredTime=0.471642, d-obj=-19011.3, p-obj=21890.9

#pass=21-2770, test_acc=0.932094, time=1932.81, testPredTime=0.42775, d-obj=-19049.8, p-obj=22181.3

#pass=22-980, test_acc=0.932076, time=1989.11, testPredTime=0.506757, d-obj=-19093.2, p-obj=21916.7

#pass=23-2998, test_acc=0.932013, time=2045.14, testPredTime=0.427483, d-obj=-19134.6, p-obj=22059.6

#pass=23-1208, test_acc=0.931958, time=2097.73, testPredTime=0.448807, d-obj=-19167, p-obj=21750.4

#pass=24-3226, test_acc=0.93194, time=2154.24, testPredTime=0.450511, d-obj=-19205, p-obj=21958

#pass=24-1436, test_acc=0.931859, time=2198.42, testPredTime=0.463729, d-obj=-19237.5, p-obj=22141

#pass=25-3454, test_acc=0.931733, time=2241.29, testPredTime=0.477228, d-obj=-19270.5, p-obj=22095.3

#pass=25-1664, test_acc=0.931751, time=2294.14, testPredTime=0.438824, d-obj=-19299.6, p-obj=21874.7

#pass=26-3682, test_acc=0.93148, time=2353.2, testPredTime=0.494863, d-obj=-19327.4, p-obj=21776.4

#pass=26-1892, test_acc=0.931417, time=2411.89, testPredTime=0.440778, d-obj=-19355.8, p-obj=22278.7

#pass=27-102, test_acc=0.931399, time=2467.78, testPredTime=0.427732, d-obj=-19383.3, p-obj=21842.2

#pass=27-2120, test_acc=0.931381, time=2507.36, testPredTime=0.438555, d-obj=-19410, p-obj=21807.6

#pass=28-330, test_acc=0.931336, time=2563.13, testPredTime=0.443526, d-obj=-19432.9, p-obj=21933.5

#pass=28-2348, test_acc=0.931264, time=2612.1, testPredTime=0.475943, d-obj=-19457.8, p-obj=21688.5

#pass=29-558, test_acc=0.931255, time=2652.1, testPredTime=0.426429, d-obj=-19477.3, p-obj=21875.4

#pass=30-2576, test_acc=0.93121, time=2686.06, testPredTime=0.426262, d-obj=-19503, p-obj=21782.7

#pass=30-786, test_acc=0.931174, time=2733.99, testPredTime=0.446274, d-obj=-19525.4, p-obj=21656.4

#pass=31-2804, test_acc=0.931201, time=2779.87, testPredTime=0.435991, d-obj=-19547.2, p-obj=21412.7

#pass=31-1014, test_acc=0.931183, time=2829.38, testPredTime=0.504164, d-obj=-19571.8, p-obj=21758.4

#pass=32-3032, test_acc=0.93111, time=2875.78, testPredTime=0.434747, d-obj=-19590.1, p-obj=21732.9

#pass=32-1242, test_acc=0.931074, time=2934.27, testPredTime=0.480841, d-obj=-19608.4, p-obj=21934.5

#pass=33-3260, test_acc=0.931074, time=2984.9, testPredTime=0.431754, d-obj=-19626.6, p-obj=21801.2

#pass=33-1470, test_acc=0.931065, time=3034.2, testPredTime=0.460109, d-obj=-19639.6, p-obj=21687.2

#pass=34-3488, test_acc=0.931074, time=3079.52, testPredTime=0.427212, d-obj=-19661.2, p-obj=21804.2

#pass=34-1698, test_acc=0.931065, time=3114.36, testPredTime=0.482319, d-obj=-19678, p-obj=21666.7

#pass=35-3716, test_acc=0.931074, time=3163.35, testPredTime=0.474623, d-obj=-19695.6, p-obj=21684.8

#pass=35-1926, test_acc=0.931083, time=3225.47, testPredTime=0.503216, d-obj=-19715.2, p-obj=21421.4

#pass=36-136, test_acc=0.931092, time=3285.46, testPredTime=0.453909, d-obj=-19730.7, p-obj=21320.2

#pass=37-2154, test_acc=0.931038, time=3343.28, testPredTime=0.452688, d-obj=-19746.5, p-obj=21452.1

#pass=37-364, test_acc=0.93102, time=3406.32, testPredTime=0.460858, d-obj=-19762.2, p-obj=21285

#pass=38-2382, test_acc=0.931029, time=3465.01, testPredTime=0.503597, d-obj=-19774.6, p-obj=21319.7

#pass=38-592, test_acc=0.93102, time=3517.78, testPredTime=0.44462, d-obj=-19790.2, p-obj=21458.8

#pass=39-2610, test_acc=0.931011, time=3570.14, testPredTime=0.46022, d-obj=-19804.1, p-obj=21416.5

#pass=39-820, test_acc=0.931002, time=3623.32, testPredTime=0.452049, d-obj=-19817, p-obj=21557.7

#pass=40-2838, test_acc=0.930993, time=3673.27, testPredTime=0.443618, d-obj=-19828.6, p-obj=21663.3

#pass=40-1048, test_acc=0.931002, time=3741.2, testPredTime=0.49933, d-obj=-19842.4, p-obj=21552.1

#pass=41-3066, test_acc=0.931002, time=3813.12, testPredTime=0.501434, d-obj=-19854, p-obj=21267.9

#pass=41-1276, test_acc=0.930993, time=3889.17, testPredTime=0.49675, d-obj=-19866.4, p-obj=21152.3

#pass=42-3294, test_acc=0.930993, time=3960.9, testPredTime=0.456593, d-obj=-19876.2, p-obj=21476.1

#pass=42-1504, test_acc=0.931011, time=4014.75, testPredTime=0.450424, d-obj=-19889, p-obj=21889.5

#pass=43-3522, test_acc=0.930975, time=4072.67, testPredTime=0.492674, d-obj=-19900.4, p-obj=21676.1

#pass=43-1732, test_acc=0.930975, time=4104.87, testPredTime=0.42339, d-obj=-19912.4, p-obj=21582.1

#pass=44-3750, test_acc=0.930948, time=4143.14, testPredTime=0.423443, d-obj=-19921.2, p-obj=21388.7

#pass=45-1960, test_acc=0.93093, time=4190.12, testPredTime=0.461299, d-obj=-19932.7, p-obj=21430

#pass=45-170, test_acc=0.930912, time=4238.74, testPredTime=0.460271, d-obj=-19942.7, p-obj=21629.6

#pass=46-2188, test_acc=0.930894, time=4280.73, testPredTime=0.457124, d-obj=-19953.3, p-obj=21734.3

#pass=46-398, test_acc=0.930876, time=4324.82, testPredTime=0.456696, d-obj=-19961.9, p-obj=21389.3

#pass=47-2416, test_acc=0.930876, time=4365.35, testPredTime=0.440768, d-obj=-19971.8, p-obj=21405.8

#pass=47-626, test_acc=0.930885, time=4416.95, testPredTime=0.42743, d-obj=-19982.9, p-obj=21178.5

#pass=48-2644, test_acc=0.930921, time=4472.53, testPredTime=0.436012, d-obj=-19989.1, p-obj=21273.8

#pass=48-854, test_acc=0.930921, time=4522.51, testPredTime=0.43532, d-obj=-19997.6, p-obj=21657

#pass=49-2872, test_acc=0.930921, time=4573.3, testPredTime=0.445175, d-obj=-20006.4, p-obj=21286.5

#pass=49-1082, test_acc=0.930921, time=4640.92, testPredTime=0.450726, d-obj=-20016.3, p-obj=21286.7

#pass=50-3100, test_acc=0.930921, time=4704.16, testPredTime=0.480984, d-obj=-20024.1, p-obj=21211.8

#pass=50-1310, test_acc=0.930885, time=4767.52, testPredTime=0.492498, d-obj=-20032.8, p-obj=21434.7

#pass=51-3328, test_acc=0.930885, time=4822.65, testPredTime=0.472116, d-obj=-20039, p-obj=21021.5

#pass=52-1538, test_acc=0.930903, time=4874.43, testPredTime=0.469247, d-obj=-20049.3, p-obj=21368.7

#pass=52-3556, test_acc=0.930894, time=4934.68, testPredTime=0.451668, d-obj=-20057.5, p-obj=21359.2

#pass=53-1766, test_acc=0.930903, time=4979.69, testPredTime=0.425385, d-obj=-20066.2, p-obj=21440.8

#pass=53-3784, test_acc=0.930894, time=5014.99, testPredTime=0.426092, d-obj=-20072.5, p-obj=21225.3

#pass=54-1994, test_acc=0.930885, time=5050.58, testPredTime=0.47333, d-obj=-20078.1, p-obj=21161.7

#pass=54-204, test_acc=0.930876, time=5103.21, testPredTime=0.469972, d-obj=-20086.3, p-obj=21296.8

#pass=55-2222, test_acc=0.930849, time=5141.99, testPredTime=0.45083, d-obj=-20092.5, p-obj=21349.4

#pass=55-432, test_acc=0.930831, time=5193.14, testPredTime=0.425705, d-obj=-20100.3, p-obj=21503.6

#pass=56-2450, test_acc=0.930831, time=5255.23, testPredTime=0.456794, d-obj=-20105.9, p-obj=21351.6

#pass=56-660, test_acc=0.930822, time=5321.27, testPredTime=0.443166, d-obj=-20111.1, p-obj=21330.6

#pass=57-2678, test_acc=0.930831, time=5373.57, testPredTime=0.435627, d-obj=-20119.2, p-obj=21132.9

#pass=57-888, test_acc=0.930831, time=5424.13, testPredTime=0.454739, d-obj=-20126.1, p-obj=21249.8

#pass=58-2906, test_acc=0.930822, time=5473.7, testPredTime=0.434207, d-obj=-20131, p-obj=21496.1

#pass=59-1116, test_acc=0.930813, time=5524.41, testPredTime=0.451443, d-obj=-20136.5, p-obj=21347.8

#pass=59-3134, test_acc=0.930804, time=5573.89, testPredTime=0.465448, d-obj=-20143.3, p-obj=21397.5

#pass=60-1344, test_acc=0.930804, time=5618.55, testPredTime=0.459546, d-obj=-20149.5, p-obj=21313.3

#pass=60-3362, test_acc=0.930786, time=5668.36, testPredTime=0.494216, d-obj=-20155.6, p-obj=21021.9

#pass=61-1572, test_acc=0.930795, time=5728.55, testPredTime=0.490032, d-obj=-20159.6, p-obj=21306.7

#pass=61-3590, test_acc=0.930795, time=5784.58, testPredTime=0.45211, d-obj=-20167.3, p-obj=21304.3

#pass=62-1800, test_acc=0.930786, time=5842.4, testPredTime=0.436831, d-obj=-20172.3, p-obj=21214.3

#pass=62-10, test_acc=0.930768, time=5888.41, testPredTime=0.437938, d-obj=-20178.6, p-obj=20918.2

#pass=63-2028, test_acc=0.930768, time=5943.15, testPredTime=0.472494, d-obj=-20184.5, p-obj=21316.9

#pass=63-238, test_acc=0.930759, time=5992.29, testPredTime=0.476459, d-obj=-20189.8, p-obj=21145.1

#pass=64-2256, test_acc=0.930741, time=6041.35, testPredTime=0.475462, d-obj=-20193.5, p-obj=21328.6

#pass=64-466, test_acc=0.93075, time=6090.28, testPredTime=0.478947, d-obj=-20198.5, p-obj=20776.6

#pass=65-2484, test_acc=0.93075, time=6138.92, testPredTime=0.476596, d-obj=-20204.6, p-obj=21225.7

#pass=66-694, test_acc=0.930759, time=6180.82, testPredTime=0.426005, d-obj=-20208.6, p-obj=21209.2

#pass=66-2712, test_acc=0.93075, time=6215.81, testPredTime=0.426024, d-obj=-20212, p-obj=21040.1

#pass=67-922, test_acc=0.930741, time=6251.02, testPredTime=0.426236, d-obj=-20216.7, p-obj=21169.1

#pass=67-2940, test_acc=0.93075, time=6285.97, testPredTime=0.426059, d-obj=-20219.4, p-obj=21046

#pass=68-1150, test_acc=0.930741, time=6320.88, testPredTime=0.426225, d-obj=-20225.3, p-obj=21139.4

#pass=68-3168, test_acc=0.93075, time=6366.71, testPredTime=0.42631, d-obj=-20230.2, p-obj=21166.5

#pass=69-1378, test_acc=0.930741, time=6412.53, testPredTime=0.438959, d-obj=-20235.2, p-obj=21523.7

#pass=69-3396, test_acc=0.930741, time=6462.74, testPredTime=0.469887, d-obj=-20239.5, p-obj=21492.9

#pass=70-1606, test_acc=0.930741, time=6505.03, testPredTime=0.465469, d-obj=-20242.8, p-obj=21033

#pass=70-3624, test_acc=0.930759, time=6549.97, testPredTime=0.476406, d-obj=-20245.8, p-obj=20841.9

#pass=71-1834, test_acc=0.930759, time=6608.62, testPredTime=0.449701, d-obj=-20249.5, p-obj=21205.1

#pass=71-44, test_acc=0.930759, time=6666.57, testPredTime=0.447184, d-obj=-20253.7, p-obj=21261.8

#pass=72-2062, test_acc=0.930741, time=6736.41, testPredTime=0.452274, d-obj=-20258.1, p-obj=21234.8

#pass=73-272, test_acc=0.930759, time=6791.67, testPredTime=0.465478, d-obj=-20263, p-obj=21140.3

#pass=73-2290, test_acc=0.930759, time=6838.25, testPredTime=0.438507, d-obj=-20266.7, p-obj=21018.3

#pass=74-500, test_acc=0.930768, time=6881.06, testPredTime=0.439218, d-obj=-20270.8, p-obj=21195

#pass=74-2518, test_acc=0.930759, time=6916.66, testPredTime=0.422945, d-obj=-20275.5, p-obj=20746

#pass=75-728, test_acc=0.930741, time=6961.26, testPredTime=0.455359, d-obj=-20278.5, p-obj=20906.9

#pass=75-2746, test_acc=0.930741, time=7006.87, testPredTime=0.422994, d-obj=-20282.2, p-obj=21176.9

#pass=76-956, test_acc=0.930741, time=7040.01, testPredTime=0.43539, d-obj=-20285.9, p-obj=21161.4

#pass=76-2974, test_acc=0.93075, time=7078.58, testPredTime=0.493222, d-obj=-20290.7, p-obj=20916.9

#pass=77-1184, test_acc=0.930741, time=7124.81, testPredTime=0.434406, d-obj=-20294.1, p-obj=20686

#pass=77-3202, test_acc=0.930741, time=7163.51, testPredTime=0.441109, d-obj=-20297, p-obj=21100.8

#pass=78-1412, test_acc=0.930731, time=7199.24, testPredTime=0.433808, d-obj=-20299.3, p-obj=20989

#pass=78-3430, test_acc=0.930741, time=7242.22, testPredTime=0.423594, d-obj=-20302.2, p-obj=20980.1

#pass=79-1640, test_acc=0.930741, time=7280.71, testPredTime=0.454313, d-obj=-20305.7, p-obj=21030.4

#pass=79-3658, test_acc=0.930731, time=7326.7, testPredTime=0.450281, d-obj=-20310.1, p-obj=20992.1

#pass=80-1868, test_acc=0.930731, time=7371.15, testPredTime=0.433997, d-obj=-20313.9, p-obj=21007.2

#pass=81-78, test_acc=0.930722, time=7425.98, testPredTime=0.490955, d-obj=-20317, p-obj=21101

#pass=81-2096, test_acc=0.930741, time=7474.56, testPredTime=0.436219, d-obj=-20321.6, p-obj=20965.9

#pass=82-306, test_acc=0.930741, time=7522.23, testPredTime=0.43895, d-obj=-20324.6, p-obj=20950.8

#pass=82-2324, test_acc=0.930741, time=7571.96, testPredTime=0.487264, d-obj=-20327.2, p-obj=20878.6

#pass=83-534, test_acc=0.930741, time=7625, testPredTime=0.438196, d-obj=-20330.7, p-obj=21429.5

#pass=83-2552, test_acc=0.930731, time=7686.4, testPredTime=0.463503, d-obj=-20332.6, p-obj=21178.1

#pass=84-762, test_acc=0.930722, time=7737.76, testPredTime=0.449842, d-obj=-20335.6, p-obj=20969.4

#pass=84-2780, test_acc=0.930713, time=7784.1, testPredTime=0.452699, d-obj=-20338.7, p-obj=20972.8

#pass=85-990, test_acc=0.930695, time=7843.25, testPredTime=0.438787, d-obj=-20340.7, p-obj=21256.5

#pass=85-3008, test_acc=0.930686, time=7881.17, testPredTime=0.42574, d-obj=-20343.3, p-obj=20933.2

#pass=86-1218, test_acc=0.930686, time=7929.62, testPredTime=0.437958, d-obj=-20346.5, p-obj=21109.7

#pass=86-3236, test_acc=0.930677, time=7985.75, testPredTime=0.467614, d-obj=-20349.7, p-obj=21267.1

#pass=87-1446, test_acc=0.930677, time=8037.75, testPredTime=0.425827, d-obj=-20353.1, p-obj=20971.2

#pass=88-3464, test_acc=0.930677, time=8104.97, testPredTime=0.496611, d-obj=-20354.9, p-obj=20886.1

#pass=88-1674, test_acc=0.93065, time=8171.79, testPredTime=0.493704, d-obj=-20357.2, p-obj=20865.8

#pass=89-3692, test_acc=0.93065, time=8238.6, testPredTime=0.499887, d-obj=-20360.1, p-obj=21036

#pass=89-1902, test_acc=0.93065, time=8305.52, testPredTime=0.497397, d-obj=-20364.5, p-obj=20982.5

#pass=90-112, test_acc=0.93065, time=8340.43, testPredTime=0.425942, d-obj=-20367.6, p-obj=21120.6

#pass=90-2130, test_acc=0.93065, time=8375.17, testPredTime=0.426766, d-obj=-20370, p-obj=20831.5

#pass=91-340, test_acc=0.93065, time=8419.1, testPredTime=0.470396, d-obj=-20371.4, p-obj=21261

#pass=91-2358, test_acc=0.930632, time=8466.35, testPredTime=0.457559, d-obj=-20373, p-obj=21171.5

#pass=92-568, test_acc=0.930632, time=8510.97, testPredTime=0.437893, d-obj=-20374.9, p-obj=21089.7

#pass=92-2586, test_acc=0.930614, time=8571.25, testPredTime=0.460145, d-obj=-20376.9, p-obj=21154.2

#pass=93-796, test_acc=0.930623, time=8629.31, testPredTime=0.459673, d-obj=-20379.7, p-obj=21337.6

#pass=93-2814, test_acc=0.930605, time=8691.37, testPredTime=0.470148, d-obj=-20381.1, p-obj=20832.3

#pass=94-1024, test_acc=0.930623, time=8739.54, testPredTime=0.441042, d-obj=-20384.3, p-obj=21192.6

#pass=95-3042, test_acc=0.930605, time=8797.15, testPredTime=0.494719, d-obj=-20387, p-obj=21158.5

#pass=95-1252, test_acc=0.930596, time=8859.89, testPredTime=0.463063, d-obj=-20388.1, p-obj=20902

#pass=96-3270, test_acc=0.930596, time=8916.29, testPredTime=0.44849, d-obj=-20389.9, p-obj=20981.9

#pass=96-1480, test_acc=0.930623, time=8963.3, testPredTime=0.443682, d-obj=-20391.5, p-obj=21246.9

#pass=97-3498, test_acc=0.930632, time=8997.64, testPredTime=0.423886, d-obj=-20394.4, p-obj=21156.7

#pass=97-1708, test_acc=0.930632, time=9042.17, testPredTime=0.441906, d-obj=-20396.9, p-obj=21177.7

#pass=98-3726, test_acc=0.930623, time=9093.61, testPredTime=0.463658, d-obj=-20399.5, p-obj=20986.5

#pass=98-1936, test_acc=0.930623, time=9146.43, testPredTime=0.436396, d-obj=-20400.8, p-obj=20868.1

#pass=99-146, test_acc=0.930623, time=9180.9, testPredTime=0.435492, d-obj=-20403.3, p-obj=21143.1

#pass=99-2164, test_acc=0.930596, time=9215.41, testPredTime=0.436156, d-obj=-20406.7, p-obj=21089.2

#pass=100-374, test_acc=0.930614, time=9249.88, testPredTime=0.436163, d-obj=-20408.2, p-obj=20836.2

#pass=100-2392, test_acc=0.930596, time=9284.32, testPredTime=0.435949, d-obj=-20410.5, p-obj=20849.4

#pass=101-602, test_acc=0.930596, time=9318.8, testPredTime=0.436738, d-obj=-20412, p-obj=20867.8

#pass=102-2620, test_acc=0.930596, time=9353.21, testPredTime=0.436534, d-obj=-20414.8, p-obj=21060.6

#pass=102-830, test_acc=0.930605, time=9387.72, testPredTime=0.436429, d-obj=-20417.7, p-obj=20984.1

#pass=103-2848, test_acc=0.930596, time=9422.27, testPredTime=0.435912, d-obj=-20419.5, p-obj=20993.5

#pass=103-1058, test_acc=0.930596, time=9459.51, testPredTime=0.426524, d-obj=-20420.8, p-obj=21069.8

#pass=104-3076, test_acc=0.930605, time=9494.07, testPredTime=0.43601, d-obj=-20422, p-obj=21330.4

#pass=104-1286, test_acc=0.930605, time=9528.62, testPredTime=0.436672, d-obj=-20423.9, p-obj=20904.6

#pass=105-3304, test_acc=0.930605, time=9563.09, testPredTime=0.436516, d-obj=-20425.8, p-obj=20967.1

#pass=105-1514, test_acc=0.930605, time=9597.63, testPredTime=0.436603, d-obj=-20427.7, p-obj=21309.7

#pass=106-3532, test_acc=0.930605, time=9632.2, testPredTime=0.436888, d-obj=-20429.4, p-obj=20833.8

#pass=106-1742, test_acc=0.930605, time=9678.64, testPredTime=0.435808, d-obj=-20431.3, p-obj=21097.6

#pass=107-3760, test_acc=0.930605, time=9745.44, testPredTime=0.514864, d-obj=-20433.3, p-obj=21090.4

#pass=107-1970, test_acc=0.930605, time=9813.51, testPredTime=0.508582, d-obj=-20435.1, p-obj=21117.8

#pass=108-180, test_acc=0.930596, time=9874.8, testPredTime=0.428038, d-obj=-20436.9, p-obj=21092.3

#pass=109-2198, test_acc=0.930587, time=9954.41, testPredTime=0.501524, d-obj=-20439.2, p-obj=20828.9

#pass=109-408, test_acc=0.930587, time=10013.7, testPredTime=0.456556, d-obj=-20440.9, p-obj=20966.3

#pass=110-2426, test_acc=0.930587, time=10070, testPredTime=0.479514, d-obj=-20441.9, p-obj=20928.5

#pass=110-636, test_acc=0.930587, time=10119.2, testPredTime=0.477067, d-obj=-20443.7, p-obj=21197.6

#pass=111-2654, test_acc=0.930596, time=10168.3, testPredTime=0.478398, d-obj=-20445.6, p-obj=20828.9

#pass=111-864, test_acc=0.930596, time=10207.8, testPredTime=0.43439, d-obj=-20446.7, p-obj=20923.2

#pass=112-2882, test_acc=0.930596, time=10251.7, testPredTime=0.426317, d-obj=-20448.4, p-obj=20867.5

#pass=112-1092, test_acc=0.930587, time=10283.1, testPredTime=0.423732, d-obj=-20450.6, p-obj=21007.7

#pass=113-3110, test_acc=0.930587, time=10336.9, testPredTime=0.46305, d-obj=-20451.9, p-obj=20764.8

#pass=113-1320, test_acc=0.930587, time=10377.2, testPredTime=0.46342, d-obj=-20453.5, p-obj=21131.6

#pass=114-3338, test_acc=0.930569, time=10408.5, testPredTime=0.423592, d-obj=-20454.2, p-obj=20931.5

#pass=114-1548, test_acc=0.930569, time=10440.6, testPredTime=0.443027, d-obj=-20456.3, p-obj=20826.9

#pass=115-3566, test_acc=0.93056, time=10483.5, testPredTime=0.423834, d-obj=-20458.6, p-obj=21015

#pass=116-1776, test_acc=0.93056, time=10523, testPredTime=0.443647, d-obj=-20460, p-obj=21188.2

#pass=116-3794, test_acc=0.93056, time=10565.2, testPredTime=0.422985, d-obj=-20461.1, p-obj=21019.5

#pass=117-2004, test_acc=0.93056, time=10594.8, testPredTime=0.422978, d-obj=-20462.5, p-obj=21089.5

#pass=117-214, test_acc=0.93056, time=10624.4, testPredTime=0.423099, d-obj=-20465, p-obj=20969

#pass=118-2232, test_acc=0.93056, time=10653.4, testPredTime=0.423247, d-obj=-20466.5, p-obj=21043.3

#pass=118-442, test_acc=0.93056, time=10690.2, testPredTime=0.437373, d-obj=-20468.2, p-obj=21099.3

#pass=119-2460, test_acc=0.930551, time=10730, testPredTime=0.422719, d-obj=-20468.7, p-obj=21157.8

#pass=119-670, test_acc=0.930551, time=10759.6, testPredTime=0.422866, d-obj=-20469.7, p-obj=20981.2

#pass=120-2688, test_acc=0.930542, time=10789.2, testPredTime=0.42272, d-obj=-20470.9, p-obj=21052.3

#pass=120-898, test_acc=0.930542, time=10828.9, testPredTime=0.438344, d-obj=-20473, p-obj=20962.5

#pass=121-2916, test_acc=0.930533, time=10871.2, testPredTime=0.436631, d-obj=-20473.6, p-obj=20977.6

#pass=121-1126, test_acc=0.930533, time=10923.4, testPredTime=0.476665, d-obj=-20474.7, p-obj=21219.4

#pass=122-3144, test_acc=0.930533, time=10989.2, testPredTime=0.478816, d-obj=-20476.4, p-obj=21067.4

#pass=122-1354, test_acc=0.930533, time=11057, testPredTime=0.47671, d-obj=-20478.6, p-obj=21195.1

#pass=123-3372, test_acc=0.930524, time=11126.9, testPredTime=0.438187, d-obj=-20480.5, p-obj=20974.7

#pass=124-1582, test_acc=0.930524, time=11184.7, testPredTime=0.460216, d-obj=-20482.5, p-obj=20825.2

#pass=124-3600, test_acc=0.930524, time=11242.2, testPredTime=0.445358, d-obj=-20483.6, p-obj=21110

#pass=125-1810, test_acc=0.930524, time=11302, testPredTime=0.451155, d-obj=-20485.3, p-obj=20988

#pass=125-20, test_acc=0.930524, time=11367.8, testPredTime=0.442109, d-obj=-20486, p-obj=21127.2

#pass=126-2038, test_acc=0.930524, time=11425.1, testPredTime=0.497052, d-obj=-20486.6, p-obj=21154.7

#pass=126-248, test_acc=0.930515, time=11473.6, testPredTime=0.474795, d-obj=-20488.2, p-obj=20960.4

#pass=127-2266, test_acc=0.930506, time=11522.8, testPredTime=0.479104, d-obj=-20488.8, p-obj=20946.8

#pass=127-476, test_acc=0.930506, time=11572.1, testPredTime=0.474272, d-obj=-20490.4, p-obj=20961.1

#pass=128-2494, test_acc=0.930506, time=11622, testPredTime=0.47655, d-obj=-20492.6, p-obj=21134.1

#pass=128-704, test_acc=0.930488, time=11671.3, testPredTime=0.476034, d-obj=-20493.9, p-obj=20994.7

#pass=129-2722, test_acc=0.930488, time=11721.3, testPredTime=0.508289, d-obj=-20495.1, p-obj=21090.6

#pass=129-932, test_acc=0.93047, time=11775.4, testPredTime=0.465601, d-obj=-20495.6, p-obj=21096.8

#pass=130-2950, test_acc=0.930452, time=11839.7, testPredTime=0.436804, d-obj=-20497.1, p-obj=20887.6

#pass=131-1160, test_acc=0.930443, time=11890.2, testPredTime=0.470859, d-obj=-20497.4, p-obj=20922

#pass=131-3178, test_acc=0.930434, time=11946.2, testPredTime=0.447303, d-obj=-20498.8, p-obj=20788.5

#pass=132-1388, test_acc=0.930434, time=11998.5, testPredTime=0.43823, d-obj=-20499.7, p-obj=20936

#pass=132-3406, test_acc=0.930434, time=12049.2, testPredTime=0.437907, d-obj=-20500.8, p-obj=21216.6

#pass=133-1616, test_acc=0.930425, time=12109.4, testPredTime=0.459773, d-obj=-20501.9, p-obj=20991.7

#pass=133-3634, test_acc=0.930425, time=12164.8, testPredTime=0.46291, d-obj=-20503.5, p-obj=20938.2

#pass=134-1844, test_acc=0.930416, time=12215.1, testPredTime=0.462398, d-obj=-20504.1, p-obj=21207.7

#pass=134-54, test_acc=0.930461, time=12265.7, testPredTime=0.435068, d-obj=-20505, p-obj=20874.5

#pass=135-2072, test_acc=0.930461, time=12307.8, testPredTime=0.457411, d-obj=-20506.6, p-obj=21172.3

#pass=135-282, test_acc=0.930461, time=12349.4, testPredTime=0.457919, d-obj=-20507.7, p-obj=20970.3

#pass=136-2300, test_acc=0.930461, time=12407.3, testPredTime=0.455194, d-obj=-20508.7, p-obj=21173.4

#pass=136-510, test_acc=0.930461, time=12463.6, testPredTime=0.492723, d-obj=-20510.1, p-obj=20996.8

#pass=137-2528, test_acc=0.930461, time=12526.7, testPredTime=0.493153, d-obj=-20511.2, p-obj=21132.5

#pass=138-738, test_acc=0.930461, time=12562, testPredTime=0.425926, d-obj=-20513, p-obj=21306.8

#pass=138-2756, test_acc=0.930461, time=12598, testPredTime=0.425594, d-obj=-20514.5, p-obj=21050.2

#pass=139-966, test_acc=0.930452, time=12633.1, testPredTime=0.425523, d-obj=-20515.3, p-obj=20604.3

#pass=139-2984, test_acc=0.930452, time=12668.2, testPredTime=0.425472, d-obj=-20516.7, p-obj=20952.3

#pass=140-1194, test_acc=0.930452, time=12700.9, testPredTime=0.42256, d-obj=-20517.9, p-obj=21098.8

#pass=140-3212, test_acc=0.930461, time=12732.8, testPredTime=0.456929, d-obj=-20518.9, p-obj=20961.9

#pass=141-1422, test_acc=0.93047, time=12786.2, testPredTime=0.437537, d-obj=-20520, p-obj=20788.2

#pass=141-3440, test_acc=0.930461, time=12843, testPredTime=0.457917, d-obj=-20520.6, p-obj=21050.7

#pass=142-1650, test_acc=0.930461, time=12901.3, testPredTime=0.459033, d-obj=-20522.1, p-obj=20842

#pass=142-3668, test_acc=0.930461, time=12959.1, testPredTime=0.459378, d-obj=-20522.8, p-obj=20852.4

#pass=143-1878, test_acc=0.930461, time=13017.2, testPredTime=0.459952, d-obj=-20523.9, p-obj=21046.5

#pass=143-88, test_acc=0.930461, time=13075.2, testPredTime=0.45985, d-obj=-20524.9, p-obj=20974.8

#pass=144-2106, test_acc=0.930461, time=13133.6, testPredTime=0.460409, d-obj=-20524.9, p-obj=20802.3

#pass=145-316, test_acc=0.930461, time=13197.1, testPredTime=0.454596, d-obj=-20526.2, p-obj=20987.6

#pass=145-2334, test_acc=0.930461, time=13255.2, testPredTime=0.457406, d-obj=-20527.4, p-obj=21037.1

#pass=146-544, test_acc=0.930461, time=13317, testPredTime=0.427084, d-obj=-20528.3, p-obj=21129.8

#pass=146-2562, test_acc=0.930452, time=13383.2, testPredTime=0.480235, d-obj=-20529.6, p-obj=20716.5

#pass=147-772, test_acc=0.930452, time=13430.1, testPredTime=0.478685, d-obj=-20530.4, p-obj=21356.6

#pass=147-2790, test_acc=0.930443, time=13497, testPredTime=0.477083, d-obj=-20530.9, p-obj=21211.7

#pass=148-1000, test_acc=0.930443, time=13564.2, testPredTime=0.479258, d-obj=-20532.2, p-obj=20976.2

#pass=148-3018, test_acc=0.930443, time=13629.1, testPredTime=0.455728, d-obj=-20532.7, p-obj=20686.9

#pass=149-1228, test_acc=0.930443, time=13687.3, testPredTime=0.487582, d-obj=-20533.3, p-obj=20929.5

#pass=149-3246, test_acc=0.930443, time=13751.1, testPredTime=0.460737, d-obj=-20534.2, p-obj=20751.8

#pass=150-1456, test_acc=0.930443, time=13811.3, testPredTime=0.460622, d-obj=-20534.7, p-obj=20797

#pass=150-3474, test_acc=0.93047, time=13845.5, testPredTime=0.422335, d-obj=-20535.6, p-obj=20795.4

#pass=151-1684, test_acc=0.93047, time=13881.3, testPredTime=0.433624, d-obj=-20535.8, p-obj=21168.1

#pass=152-3702, test_acc=0.93047, time=13931.5, testPredTime=0.431622, d-obj=-20536.8, p-obj=20852.8

#pass=152-1912, test_acc=0.93047, time=13971.7, testPredTime=0.464208, d-obj=-20538.4, p-obj=20726.4

#pass=153-122, test_acc=0.930488, time=14010.4, testPredTime=0.432574, d-obj=-20539.6, p-obj=21030.2

#pass=153-2140, test_acc=0.930488, time=14043, testPredTime=0.42259, d-obj=-20539.8, p-obj=20957.8

#pass=154-350, test_acc=0.930488, time=14072.5, testPredTime=0.423141, d-obj=-20540.3, p-obj=20873.7

#pass=154-2368, test_acc=0.930488, time=14122.9, testPredTime=0.493656, d-obj=-20541.5, p-obj=20977.5

#pass=155-578, test_acc=0.93047, time=14158, testPredTime=0.423861, d-obj=-20542.3, p-obj=20786.6

#pass=155-2596, test_acc=0.93047, time=14205.3, testPredTime=0.436644, d-obj=-20543.4, p-obj=20530.6

#pass=156-806, test_acc=0.93047, time=14237, testPredTime=0.443125, d-obj=-20544.7, p-obj=20899.4

#pass=156-2824, test_acc=0.93047, time=14297.2, testPredTime=0.442825, d-obj=-20545.7, p-obj=21355.7

#pass=157-1034, test_acc=0.93047, time=14353.6, testPredTime=0.463756, d-obj=-20546, p-obj=21078.5

#pass=157-3052, test_acc=0.93047, time=14410.8, testPredTime=0.442253, d-obj=-20546.8, p-obj=21036.2

#pass=158-1262, test_acc=0.930479, time=14463.6, testPredTime=0.443048, d-obj=-20547.7, p-obj=20746.4

#pass=159-3280, test_acc=0.930479, time=14519.7, testPredTime=0.452782, d-obj=-20548.4, p-obj=20950

#pass=159-1490, test_acc=0.930461, time=14592.3, testPredTime=0.434532, d-obj=-20548.7, p-obj=21070

#pass=160-3508, test_acc=0.930461, time=14646.8, testPredTime=0.460046, d-obj=-20549.7, p-obj=20843
