#train_samples=3808
#test_samples=2018
d=2122605
K=45
lambda=0.000262605
running SSG on 3808 examples...

#pass=0-2018, test_acc=0.858856, time=111.208, testPredTime=0.479351, p-obj=496375

#pass=1-228, test_acc=0.894392, time=199.934, testPredTime=0.459045, p-obj=192482

#pass=1-2246, test_acc=0.911804, time=291.396, testPredTime=0.46138, p-obj=118493

#pass=2-456, test_acc=0.919554, time=390.313, testPredTime=0.488286, p-obj=86629.7

#pass=2-2474, test_acc=0.92355, time=478.322, testPredTime=0.470065, p-obj=69355

#pass=3-684, test_acc=0.92604, time=581.554, testPredTime=0.467807, p-obj=58975.1

#pass=3-2702, test_acc=0.927285, time=690.799, testPredTime=0.460742, p-obj=51677.7

#pass=4-912, test_acc=0.928656, time=804.289, testPredTime=0.482897, p-obj=46649.3

#pass=4-2930, test_acc=0.929523, time=912.595, testPredTime=0.433055, p-obj=43013.1

#pass=5-1140, test_acc=0.930091, time=1016.22, testPredTime=0.445978, p-obj=40365.2

#pass=5-3158, test_acc=0.930542, time=1123.54, testPredTime=0.45067, p-obj=37905.4

#pass=6-1368, test_acc=0.930993, time=1230.08, testPredTime=0.444996, p-obj=36336.7

#pass=6-3386, test_acc=0.93121, time=1328.46, testPredTime=0.488009, p-obj=34537.9

#pass=7-1596, test_acc=0.93157, time=1422.79, testPredTime=0.465417, p-obj=33574.5

#pass=7-3614, test_acc=0.931778, time=1574.15, testPredTime=0.482705, p-obj=32450.8

#pass=8-1824, test_acc=0.932094, time=1674.71, testPredTime=0.43518, p-obj=31287.1

#pass=9-34, test_acc=0.932166, time=1781.7, testPredTime=0.446672, p-obj=30988.4

#pass=9-2052, test_acc=0.932166, time=1886.8, testPredTime=0.445372, p-obj=29651.5

#pass=10-262, test_acc=0.93231, time=1970.07, testPredTime=0.421465, p-obj=29487.4

#pass=10-2280, test_acc=0.932446, time=2036.38, testPredTime=0.42033, p-obj=28613.8

#pass=11-490, test_acc=0.932608, time=2141.71, testPredTime=0.444898, p-obj=28288

#pass=11-2508, test_acc=0.932563, time=2251.14, testPredTime=0.439847, p-obj=28045.1

#pass=12-718, test_acc=0.932599, time=2362.22, testPredTime=0.477324, p-obj=27352.9

#pass=12-2736, test_acc=0.932581, time=2462.48, testPredTime=0.477985, p-obj=27238.4

#pass=13-946, test_acc=0.932725, time=2551.49, testPredTime=0.447145, p-obj=26672.6

#pass=13-2964, test_acc=0.932707, time=2659.57, testPredTime=0.445699, p-obj=26643.5

#pass=14-1174, test_acc=0.932707, time=2760.7, testPredTime=0.441941, p-obj=26067.8

#pass=14-3192, test_acc=0.932825, time=2869.73, testPredTime=0.469382, p-obj=26256.1

#pass=15-1402, test_acc=0.932915, time=2975.45, testPredTime=0.446132, p-obj=25582.8

#pass=15-3420, test_acc=0.932888, time=3094.31, testPredTime=0.466508, p-obj=25572.2

#pass=16-1630, test_acc=0.932915, time=3203.07, testPredTime=0.483597, p-obj=25555.3

#pass=16-3648, test_acc=0.933014, time=3280.26, testPredTime=0.44536, p-obj=25402.8

#pass=17-1858, test_acc=0.932951, time=3365.47, testPredTime=0.436494, p-obj=24833.1

#pass=18-68, test_acc=0.932969, time=3470.32, testPredTime=0.447156, p-obj=24922.3

#pass=18-2086, test_acc=0.932942, time=3579.93, testPredTime=0.469949, p-obj=24700.7

#pass=19-296, test_acc=0.932951, time=3701.74, testPredTime=0.487606, p-obj=24727

#pass=19-2314, test_acc=0.93296, time=3860.83, testPredTime=0.481214, p-obj=24753.6

#pass=20-524, test_acc=0.932897, time=4026.39, testPredTime=0.492431, p-obj=24684.3

#pass=20-2542, test_acc=0.93296, time=4199.12, testPredTime=0.493049, p-obj=24767.9

#pass=21-752, test_acc=0.932815, time=4372.54, testPredTime=0.495255, p-obj=23951.6

#pass=21-2770, test_acc=0.932834, time=4544.96, testPredTime=0.492273, p-obj=24153.9

#pass=22-980, test_acc=0.932897, time=4718.02, testPredTime=0.493012, p-obj=23875.4

#pass=22-2998, test_acc=0.932861, time=4890.99, testPredTime=0.48783, p-obj=23940.3

#pass=23-1208, test_acc=0.932834, time=5063.4, testPredTime=0.495682, p-obj=23592.9

#pass=23-3226, test_acc=0.932734, time=5235.8, testPredTime=0.493654, p-obj=23815.2

#pass=24-1436, test_acc=0.932707, time=5403.66, testPredTime=0.485832, p-obj=23877.3

#pass=24-3454, test_acc=0.932707, time=5568.57, testPredTime=0.484691, p-obj=23789.3

#pass=25-1664, test_acc=0.932644, time=5727.94, testPredTime=0.484287, p-obj=23506.1

#pass=25-3682, test_acc=0.932644, time=5888.6, testPredTime=0.488573, p-obj=23729.6

#pass=26-1892, test_acc=0.932635, time=6052.23, testPredTime=0.489431, p-obj=23832.1

#pass=27-102, test_acc=0.932644, time=6214.59, testPredTime=0.487651, p-obj=23343

#pass=27-2120, test_acc=0.932662, time=6377.79, testPredTime=0.487258, p-obj=23292.4

#pass=28-330, test_acc=0.932698, time=6540.83, testPredTime=0.490337, p-obj=23376.1

#pass=28-2348, test_acc=0.932698, time=6707.28, testPredTime=0.48805, p-obj=23075

#pass=29-558, test_acc=0.932725, time=6874.01, testPredTime=0.479998, p-obj=23241.1

#pass=29-2576, test_acc=0.932671, time=7032.95, testPredTime=0.476193, p-obj=23036

#pass=30-786, test_acc=0.932689, time=7198.27, testPredTime=0.48858, p-obj=22978.6

#pass=30-2804, test_acc=0.932653, time=7361, testPredTime=0.490073, p-obj=23128.4

#pass=31-1014, test_acc=0.932671, time=7520.28, testPredTime=0.486086, p-obj=23052

#pass=31-3032, test_acc=0.932626, time=7673.99, testPredTime=0.484477, p-obj=23115

#pass=32-1242, test_acc=0.932626, time=7827.37, testPredTime=0.484401, p-obj=23128.1

#pass=32-3260, test_acc=0.932653, time=7980.7, testPredTime=0.487328, p-obj=23013.5

#pass=33-1470, test_acc=0.932581, time=8134.81, testPredTime=0.488229, p-obj=22898.8

#pass=33-3488, test_acc=0.932563, time=8288.15, testPredTime=0.484932, p-obj=22472.4

#pass=34-1698, test_acc=0.932527, time=8441.12, testPredTime=0.488718, p-obj=22788.2

#pass=34-3716, test_acc=0.9325, time=8594.22, testPredTime=0.485427, p-obj=22599

#pass=35-1926, test_acc=0.9325, time=8749.93, testPredTime=0.490015, p-obj=22546

#pass=36-136, test_acc=0.932536, time=8917.9, testPredTime=0.491591, p-obj=22423.8

#pass=36-2154, test_acc=0.932509, time=9086.06, testPredTime=0.498101, p-obj=22417.6

#pass=37-364, test_acc=0.932419, time=9253.31, testPredTime=0.492454, p-obj=22365

#pass=37-2382, test_acc=0.93241, time=9422.42, testPredTime=0.490982, p-obj=22381.7

#pass=38-592, test_acc=0.932355, time=9590.47, testPredTime=0.494912, p-obj=22454.2

#pass=38-2610, test_acc=0.932337, time=9757.58, testPredTime=0.492598, p-obj=22827.7

#pass=39-820, test_acc=0.932319, time=9926.02, testPredTime=0.49058, p-obj=22546.1

#pass=39-2838, test_acc=0.932337, time=10094.7, testPredTime=0.491183, p-obj=22400.9

#pass=40-1048, test_acc=0.932265, time=10262.7, testPredTime=0.48787, p-obj=22528.9

#pass=40-3066, test_acc=0.932274, time=10430.7, testPredTime=0.50459, p-obj=22141.4

#pass=41-1276, test_acc=0.932283, time=10599.1, testPredTime=0.489736, p-obj=22084.8

#pass=41-3294, test_acc=0.932265, time=10766.7, testPredTime=0.508216, p-obj=22394.5

#pass=42-1504, test_acc=0.932265, time=10934.6, testPredTime=0.489042, p-obj=22777.1

#pass=42-3522, test_acc=0.932193, time=11103.3, testPredTime=0.491608, p-obj=22377

#pass=43-1732, test_acc=0.932202, time=11258, testPredTime=0.500382, p-obj=22460.9

#pass=43-3750, test_acc=0.932175, time=11410.6, testPredTime=0.492035, p-obj=22296.5

#pass=44-1960, test_acc=0.932139, time=11564.2, testPredTime=0.501853, p-obj=22317

#pass=45-170, test_acc=0.932175, time=11716.8, testPredTime=0.49208, p-obj=22477.3

#pass=45-2188, test_acc=0.932175, time=11869.7, testPredTime=0.508525, p-obj=21905.5

#pass=46-398, test_acc=0.932166, time=12023.7, testPredTime=0.491311, p-obj=22223.4

#pass=46-2416, test_acc=0.932112, time=12177.2, testPredTime=0.505005, p-obj=22011.3

#pass=47-626, test_acc=0.93204, time=12329.7, testPredTime=0.490614, p-obj=21986.3

#pass=47-2644, test_acc=0.932031, time=12481.6, testPredTime=0.487475, p-obj=22097.2

#pass=48-854, test_acc=0.932067, time=12635.9, testPredTime=0.488444, p-obj=22441

#pass=48-2872, test_acc=0.932049, time=12784.5, testPredTime=0.486513, p-obj=22104.5

#pass=49-1082, test_acc=0.932049, time=12931.9, testPredTime=0.456719, p-obj=22045.1

#pass=49-3100, test_acc=0.931949, time=13070, testPredTime=0.549384, p-obj=22049.7

#pass=50-1310, test_acc=0.931976, time=13204.7, testPredTime=0.483947, p-obj=22180.3

#pass=50-3328, test_acc=0.931949, time=13345.7, testPredTime=0.440804, p-obj=22232.7

#pass=51-1538, test_acc=0.931922, time=13460.1, testPredTime=0.441439, p-obj=22072.3

#pass=51-3556, test_acc=0.931913, time=13563.2, testPredTime=0.447796, p-obj=22077

#pass=52-1766, test_acc=0.931904, time=13675.9, testPredTime=0.477918, p-obj=21987.3

#pass=52-3784, test_acc=0.931904, time=13795.9, testPredTime=0.440765, p-obj=22150.7

#pass=53-1994, test_acc=0.931922, time=13924.8, testPredTime=0.480298, p-obj=21728.7

#pass=54-204, test_acc=0.931922, time=14052.5, testPredTime=0.467649, p-obj=21990.9

#pass=54-2222, test_acc=0.931895, time=14198.8, testPredTime=0.497657, p-obj=21881.9

#pass=55-432, test_acc=0.931805, time=14334.9, testPredTime=0.499132, p-obj=22180.1

#pass=55-2450, test_acc=0.931805, time=14435.4, testPredTime=0.448215, p-obj=21978.5

#pass=56-660, test_acc=0.931778, time=14535.9, testPredTime=0.484175, p-obj=21992.2

#pass=56-2678, test_acc=0.931769, time=14658.7, testPredTime=0.452426, p-obj=22216.3

#pass=57-888, test_acc=0.931796, time=14789, testPredTime=0.50229, p-obj=21898.9
