using heldout data set: /scratch/cluster/ianyen/data/multilabel/Eur-Lex-Small.subtest.100
D=5001
K=405
N=15666
d=237.683
r=1
i=0, a_nnz=2.16667, ever_a_nnz=2.16667, b_nnz=2.48838, uni_search=3.71376, uni_subSolve=0.193766, uni_maintain_time=0.11427, bi_search=0.0188719, bi_subSolve=0.0162445, bi_maintain_time=0.00996304, admm_maintain=0.0183487, area4=1.00536, infea=4.23884, d_obj=322.442, overall time=4.2808
i=1, a_nnz=2.6532, ever_a_nnz=2.95327, b_nnz=5.08215, uni_search=4.47042, uni_subSolve=0.229332, uni_maintain_time=0.0797498, bi_search=0.0291112, bi_subSolve=0.0263103, bi_maintain_time=0.0167401, admm_maintain=0.031866, area4=1.02387, infea=2.62914, d_obj=88.6824, overall time=9.17241
i=2, a_nnz=3.03734, ever_a_nnz=3.70082, b_nnz=8.04449, uni_search=5.30903, uni_subSolve=0.258713, uni_maintain_time=0.0896459, bi_search=0.0400185, bi_subSolve=0.0430444, bi_maintain_time=0.0283174, admm_maintain=0.0520349, area4=1.04251, infea=4.97532, d_obj=225.776., heldout Acc=0.972346, overall time=15.0009
i=3, a_nnz=3.34495, ever_a_nnz=4.39966, b_nnz=11.2278, uni_search=11.5957, uni_subSolve=0.623635, uni_maintain_time=0.139575, bi_search=0.0802903, bi_subSolve=0.091111, bi_maintain_time=0.0554456, admm_maintain=0.117174, area4=1.07877, infea=12.2133, d_obj=682.544, overall time=27.715
i=4, a_nnz=3.59326, ever_a_nnz=5.0429, b_nnz=14.4381, uni_search=12.4248, uni_subSolve=0.615429, uni_maintain_time=0.136525, bi_search=0.103525, bi_subSolve=0.120159, bi_maintain_time=0.0671308, admm_maintain=0.147136, area4=1.10086, infea=52.063, d_obj=2799.42, overall time=41.3422
i=5, a_nnz=3.80008, ever_a_nnz=5.63335, b_nnz=17.2818, uni_search=13.6223, uni_subSolve=0.656005, uni_maintain_time=0.139116, bi_search=0.120646, bi_subSolve=0.141844, bi_maintain_time=0.0890978, admm_maintain=0.169497, area4=1.12856, infea=44.0871, d_obj=1752.65., heldout Acc=0.988889, overall time=56.2921
i=6, a_nnz=3.97357, ever_a_nnz=6.17605, b_nnz=20.4239, uni_search=17.6215, uni_subSolve=0.870138, uni_maintain_time=0.163045, bi_search=0.19638, bi_subSolve=0.228118, bi_maintain_time=0.128616, admm_maintain=0.264607, area4=1.12971, infea=33.6233, d_obj=477.85, overall time=75.7776
i=7, a_nnz=4.10162, ever_a_nnz=6.66909, b_nnz=23.7876, uni_search=17.6618, uni_subSolve=0.827532, uni_maintain_time=0.159711, bi_search=0.223127, bi_subSolve=0.263063, bi_maintain_time=0.13275, admm_maintain=0.296562, area4=1.13009, infea=48.3834, d_obj=1235.55, overall time=95.3534
i=8, a_nnz=4.23573, ever_a_nnz=7.13092, b_nnz=27.2842, uni_search=18.6659, uni_subSolve=0.85893, uni_maintain_time=0.162094, bi_search=0.248938, bi_subSolve=0.298973, bi_maintain_time=0.137469, admm_maintain=0.334676, area4=1.12588, infea=24.2191, d_obj=205.988., heldout Acc=0.993333, overall time=116.072
i=9, a_nnz=4.36531, ever_a_nnz=7.5623, b_nnz=30.9346, uni_search=10.1711, uni_subSolve=0.434114, uni_maintain_time=0.166703, bi_search=0.149267, bi_subSolve=0.184346, bi_maintain_time=0.0904455, admm_maintain=0.207894, area4=1.14681, infea=28.5756, d_obj=501.301, overall time=127.485
i=10, a_nnz=4.47051, ever_a_nnz=7.96132, b_nnz=34.5214, uni_search=10.5895, uni_subSolve=0.445648, uni_maintain_time=0.168602, bi_search=0.163666, bi_subSolve=0.204383, bi_maintain_time=0.0987727, admm_maintain=0.230571, area4=1.14388, infea=14.5947, d_obj=175.38, overall time=139.395
i=11, a_nnz=4.58068, ever_a_nnz=8.33761, b_nnz=38.0608, uni_search=10.7931, uni_subSolve=0.450003, uni_maintain_time=0.154786, bi_search=0.169758, bi_subSolve=0.21485, bi_maintain_time=0.100174, admm_maintain=0.235823, area4=1.16277, infea=9.91485, d_obj=179.033., heldout Acc=0.993333 (1/50), overall time=151.523
i=12, a_nnz=4.67579, ever_a_nnz=8.68984, b_nnz=41.5823, uni_search=10.1102, uni_subSolve=0.418072, uni_maintain_time=0.146149, bi_search=0.175447, bi_subSolve=0.229302, bi_maintain_time=0.103242, admm_maintain=0.239685, area4=1.17337, infea=9.6842, d_obj=163.026, overall time=162.954
i=13, a_nnz=4.73784, ever_a_nnz=9.01845, b_nnz=45.0462, uni_search=12.4634, uni_subSolve=0.530415, uni_maintain_time=0.165118, bi_search=0.189195, bi_subSolve=0.251372, bi_maintain_time=0.114563, admm_maintain=0.273723, area4=1.16903, infea=19.3344, d_obj=180.822, overall time=176.951
i=14, a_nnz=4.79433, ever_a_nnz=9.33174, b_nnz=48.4306, uni_search=10.9187, uni_subSolve=0.421816, uni_maintain_time=0.136176, bi_search=0.181601, bi_subSolve=0.249896, bi_maintain_time=0.107118, admm_maintain=0.24994, area4=1.16584, infea=11.5465, d_obj=100.643., heldout Acc=0.992099 (2/50), overall time=189.226
i=15, a_nnz=4.85887, ever_a_nnz=9.62875, b_nnz=51.8256, uni_search=9.04149, uni_subSolve=0.29993, uni_maintain_time=0.0887635, bi_search=0.109199, bi_subSolve=0.196207, bi_maintain_time=0.078689, admm_maintain=0.184061, area4=1.16175, infea=6.88649, d_obj=65.4699, overall time=199.232
i=16, a_nnz=4.93221, ever_a_nnz=9.91485, b_nnz=55.2995, uni_search=9.97484, uni_subSolve=0.350436, uni_maintain_time=0.102422, bi_search=0.161907, bi_subSolve=0.257718, bi_maintain_time=0.0997213, admm_maintain=0.258313, area4=1.16137, infea=20.3682, d_obj=252.08, overall time=210.449
i=17, a_nnz=4.98953, ever_a_nnz=10.1731, b_nnz=58.5267, uni_search=10.3806, uni_subSolve=0.370459, uni_maintain_time=0.105151, bi_search=0.170927, bi_subSolve=0.271494, bi_maintain_time=0.103506, admm_maintain=0.270325, area4=1.17184, infea=56.477, d_obj=794.515., heldout Acc=0.994815, overall time=222.129
i=18, a_nnz=5.03741, ever_a_nnz=10.431, b_nnz=61.8601, uni_search=22.0145, uni_subSolve=0.854518, uni_maintain_time=0.15163, bi_search=0.386118, bi_subSolve=0.672689, bi_maintain_time=0.23547, admm_maintain=0.610049, area4=1.17758, infea=21.7746, d_obj=300.411, overall time=247.068
i=19, a_nnz=5.06868, ever_a_nnz=10.6791, b_nnz=65.2202, uni_search=20.0829, uni_subSolve=0.771457, uni_maintain_time=0.136647, bi_search=0.192324, bi_subSolve=0.300906, bi_maintain_time=0.110889, admm_maintain=0.309622, area4=1.18256, infea=32.0483, d_obj=467.198, overall time=268.984
i=20, a_nnz=5.13156, ever_a_nnz=10.9214, b_nnz=68.5047, uni_search=13.9978, uni_subSolve=0.512051, uni_maintain_time=0.116239, bi_search=0.367632, bi_subSolve=0.618672, bi_maintain_time=0.207729, admm_maintain=0.577635, area4=1.2049, infea=16.7405, d_obj=305.589., heldout Acc=0.992346 (1/50), overall time=285.392
i=21, a_nnz=5.14975, ever_a_nnz=11.1507, b_nnz=71.8767, uni_search=23.0686, uni_subSolve=0.863221, uni_maintain_time=0.147152, bi_search=0.272693, bi_subSolve=0.494878, bi_maintain_time=0.173357, admm_maintain=0.501446, area4=1.19609, infea=58.081, d_obj=666.845, overall time=310.929
i=22, a_nnz=5.18614, ever_a_nnz=11.3697, b_nnz=75.2433, uni_search=17.0225, uni_subSolve=0.639711, uni_maintain_time=0.139571, bi_search=0.256584, bi_subSolve=0.390186, bi_maintain_time=0.148414, admm_maintain=0.40436, area4=1.20746, infea=34.45, d_obj=479.184, overall time=329.942
i=23, a_nnz=5.2169, ever_a_nnz=11.5779, b_nnz=78.4602, uni_search=17.6719, uni_subSolve=0.675079, uni_maintain_time=0.15206, bi_search=0.251965, bi_subSolve=0.397282, bi_maintain_time=0.146477, admm_maintain=0.405119, area4=1.25112, infea=33.636, d_obj=360.117., heldout Acc=0.993333 (2/50), overall time=349.652
i=24, a_nnz=5.24997, ever_a_nnz=11.7728, b_nnz=81.4898, uni_search=18.5179, uni_subSolve=0.616338, uni_maintain_time=0.111607, bi_search=0.237921, bi_subSolve=0.439441, bi_maintain_time=0.158765, admm_maintain=0.438756, area4=1.25035, infea=22.804, d_obj=133.982, overall time=370.182
i=25, a_nnz=5.28846, ever_a_nnz=11.9566, b_nnz=84.3662, uni_search=23.0117, uni_subSolve=0.933513, uni_maintain_time=0.168184, bi_search=0.281759, bi_subSolve=0.431176, bi_maintain_time=0.162127, admm_maintain=0.442835, area4=1.32197, infea=14.0508, d_obj=115.565, overall time=395.626
i=26, a_nnz=5.31718, ever_a_nnz=12.1378, b_nnz=87.4348, uni_search=20.6444, uni_subSolve=0.804282, uni_maintain_time=0.159261, bi_search=0.480096, bi_subSolve=0.793187, bi_maintain_time=0.262803, admm_maintain=0.800121, area4=1.41593, infea=19.8254, d_obj=335.798., heldout Acc=0.98963 (3/50), overall time=419.581
i=27, a_nnz=5.34706, ever_a_nnz=12.3157, b_nnz=90.5238, uni_search=18.6514, uni_subSolve=0.69682, uni_maintain_time=0.134311, bi_search=0.274285, bi_subSolve=0.440398, bi_maintain_time=0.15823, admm_maintain=0.450061, area4=1.55917, infea=21.2619, d_obj=256.258, overall time=440.397
i=28, a_nnz=5.35765, ever_a_nnz=12.4815, b_nnz=93.5044, uni_search=14.0224, uni_subSolve=0.503317, uni_maintain_time=0.117449, bi_search=0.307352, bi_subSolve=0.494945, bi_maintain_time=0.176322, admm_maintain=0.506781, area4=1.82867, infea=12.1141, d_obj=157.007, overall time=456.535
i=29, a_nnz=5.38287, ever_a_nnz=12.6476, b_nnz=96.4864, uni_search=14.6617, uni_subSolve=0.561657, uni_maintain_time=0.162652, bi_search=0.281716, bi_subSolve=0.456342, bi_maintain_time=0.159132, admm_maintain=0.472507, area4=2.10724, infea=17.9135, d_obj=133.357., heldout Acc=0.992099 (4/50), overall time=473.299
i=30, a_nnz=5.39863, ever_a_nnz=12.8012, b_nnz=99.419, uni_search=12.8318, uni_subSolve=0.484708, uni_maintain_time=0.115491, bi_search=0.305675, bi_subSolve=0.470779, bi_maintain_time=0.157343, admm_maintain=0.469956, area4=2.40993, infea=21.6929, d_obj=188.523, overall time=488.143
i=31, a_nnz=5.41695, ever_a_nnz=12.9526, b_nnz=102.295, uni_search=12.9439, uni_subSolve=0.490839, uni_maintain_time=0.114131, bi_search=0.314418, bi_subSolve=0.484773, bi_maintain_time=0.165881, admm_maintain=0.481267, area4=2.7005, infea=13.4471, d_obj=153.506, overall time=503.146
i=32, a_nnz=5.44172, ever_a_nnz=13.0956, b_nnz=104.95, uni_search=13.0625, uni_subSolve=0.49479, uni_maintain_time=0.114946, bi_search=0.322275, bi_subSolve=0.49915, bi_maintain_time=0.167256, admm_maintain=0.492437, area4=2.98328, infea=7.36011, d_obj=88.0932., heldout Acc=0.992346 (5/50), overall time=518.307
i=33, a_nnz=5.47332, ever_a_nnz=13.2408, b_nnz=107.749, uni_search=13.5385, uni_subSolve=0.522852, uni_maintain_time=0.137117, bi_search=0.328342, bi_subSolve=0.512988, bi_maintain_time=0.174196, admm_maintain=0.522806, area4=3.10405, infea=5.9198, d_obj=62.4725, overall time=534.053
i=34, a_nnz=5.51328, ever_a_nnz=13.3835, b_nnz=110.546, uni_search=13.6928, uni_subSolve=0.531484, uni_maintain_time=0.138157, bi_search=0.343562, bi_subSolve=0.533889, bi_maintain_time=0.181378, admm_maintain=0.523333, area4=3.27231, infea=5.59644, d_obj=61.4272, overall time=550.006
i=35, a_nnz=5.54468, ever_a_nnz=13.5189, b_nnz=113.312, uni_search=13.8059, uni_subSolve=0.537648, uni_maintain_time=0.138093, bi_search=0.346726, bi_subSolve=0.541095, bi_maintain_time=0.184143, admm_maintain=0.537485, area4=3.33257, infea=5.65813, d_obj=62.7367., heldout Acc=0.995556, overall time=566.105
i=36, a_nnz=5.56696, ever_a_nnz=13.6496, b_nnz=116.055, uni_search=14.775, uni_subSolve=0.568656, uni_maintain_time=0.137763, bi_search=0.359943, bi_subSolve=0.568135, bi_maintain_time=0.188094, admm_maintain=0.565173, area4=3.46457, infea=3.59304, d_obj=51.7517, overall time=583.278
i=37, a_nnz=5.58809, ever_a_nnz=13.7774, b_nnz=118.764, uni_search=17.9848, uni_subSolve=0.703287, uni_maintain_time=0.145361, bi_search=0.365719, bi_subSolve=0.570348, bi_maintain_time=0.193011, admm_maintain=0.57321, area4=3.61624, infea=3.113, d_obj=43.532, overall time=603.823
i=38, a_nnz=5.62556, ever_a_nnz=13.9037, b_nnz=121.394, uni_search=14.1729, uni_subSolve=0.559016, uni_maintain_time=0.14148, bi_search=0.372707, bi_subSolve=0.581818, bi_maintain_time=0.195346, admm_maintain=0.585764, area4=3.66335, infea=2.69595, d_obj=37.1305., heldout Acc=0.99358 (1/50), overall time=620.441
i=39, a_nnz=5.65077, ever_a_nnz=14.0216, b_nnz=123.978, uni_search=14.427, uni_subSolve=0.58826, uni_maintain_time=0.167273, bi_search=0.367766, bi_subSolve=0.589213, bi_maintain_time=0.207434, admm_maintain=0.605704, area4=3.68569, infea=2.1694, d_obj=30.7298, overall time=637.403
i=40, a_nnz=5.67592, ever_a_nnz=14.1379, b_nnz=126.52, uni_search=21.6219, uni_subSolve=0.740798, uni_maintain_time=0.117564, bi_search=0.35133, bi_subSolve=0.65339, bi_maintain_time=0.199669, admm_maintain=0.651099, area4=3.74837, infea=2.69625, d_obj=36.4945, overall time=661.75
i=41, a_nnz=5.6945, ever_a_nnz=14.2526, b_nnz=129.124, uni_search=21.7034, uni_subSolve=0.746613, uni_maintain_time=0.116038, bi_search=0.357665, bi_subSolve=0.66763, bi_maintain_time=0.192371, admm_maintain=0.673936, area4=3.72067, infea=2.35443, d_obj=30.2004., heldout Acc=0.994074 (2/50), overall time=686.219
i=42, a_nnz=5.7169, ever_a_nnz=14.3621, b_nnz=131.61, uni_search=14.2838, uni_subSolve=0.516951, uni_maintain_time=0.110326, bi_search=0.351219, bi_subSolve=0.580869, bi_maintain_time=0.181777, admm_maintain=0.56456, area4=3.79446, infea=1.67976, d_obj=23.9583, overall time=702.816
i=43, a_nnz=5.73082, ever_a_nnz=14.4693, b_nnz=134.151, uni_search=14.2904, uni_subSolve=0.517827, uni_maintain_time=0.11036, bi_search=0.355538, bi_subSolve=0.586534, bi_maintain_time=0.180251, admm_maintain=0.573895, area4=3.79829, infea=28.2416, d_obj=280.97, overall time=719.439
i=44, a_nnz=5.73548, ever_a_nnz=14.5732, b_nnz=136.541, uni_search=14.4629, uni_subSolve=0.525051, uni_maintain_time=0.110473, bi_search=0.361226, bi_subSolve=0.597338, bi_maintain_time=0.183286, admm_maintain=0.581251, area4=3.80467, infea=63.2629, d_obj=1258.55., heldout Acc=0.995802, overall time=736.269
i=45, a_nnz=5.74231, ever_a_nnz=14.6856, b_nnz=139.122, uni_search=25.9625, uni_subSolve=0.964306, uni_maintain_time=0.140506, bi_search=0.401613, bi_subSolve=0.634208, bi_maintain_time=0.193252, admm_maintain=0.62555, area4=3.71301, infea=37.9572, d_obj=236.945, overall time=765.203
i=46, a_nnz=5.76484, ever_a_nnz=14.7884, b_nnz=141.542, uni_search=14.3051, uni_subSolve=0.555066, uni_maintain_time=0.114758, bi_search=0.415219, bi_subSolve=0.653249, bi_maintain_time=0.199524, admm_maintain=0.644329, area4=3.5653, infea=20.2163, d_obj=68.2749, overall time=782.099
i=47, a_nnz=5.78788, ever_a_nnz=14.8893, b_nnz=144.059, uni_search=14.4672, uni_subSolve=0.566127, uni_maintain_time=0.117183, bi_search=0.435008, bi_subSolve=0.685266, bi_maintain_time=0.217512, admm_maintain=0.690835, area4=3.40419, infea=90.0609, d_obj=676.701., heldout Acc=0.995309 (1/50), overall time=799.287
i=48, a_nnz=5.79363, ever_a_nnz=14.9823, b_nnz=146.373, uni_search=17.0366, uni_subSolve=0.614417, uni_maintain_time=0.112377, bi_search=0.3801, bi_subSolve=0.627575, bi_maintain_time=0.185262, admm_maintain=0.606342, area4=3.48104, infea=27.0018, d_obj=100.374, overall time=818.859
i=49, a_nnz=5.81335, ever_a_nnz=15.0707, b_nnz=148.492, uni_search=17.2959, uni_subSolve=0.625257, uni_maintain_time=0.111178, bi_search=0.385966, bi_subSolve=0.635566, bi_maintain_time=0.188052, admm_maintain=0.612386, area4=3.55419, infea=16.9863, d_obj=78.7824, overall time=838.723
i=50, a_nnz=5.82842, ever_a_nnz=15.1526, b_nnz=150.589, uni_search=14.0616, uni_subSolve=0.523517, uni_maintain_time=0.107375, bi_search=0.392064, bi_subSolve=0.645072, bi_maintain_time=0.190073, admm_maintain=0.629208, area4=3.39142, infea=7.26027, d_obj=71.3986., heldout Acc=0.990123 (2/50), overall time=855.28
i=51, a_nnz=5.85612, ever_a_nnz=15.2378, b_nnz=152.691, uni_search=15.3545, uni_subSolve=0.649833, uni_maintain_time=0.166659, bi_search=0.444296, bi_subSolve=0.721791, bi_maintain_time=0.241461, admm_maintain=0.732551, area4=3.39423, infea=4.31775, d_obj=70.8579, overall time=873.603
i=52, a_nnz=5.86136, ever_a_nnz=15.3228, b_nnz=154.821, uni_search=17.6513, uni_subSolve=0.70334, uni_maintain_time=0.157184, bi_search=0.422669, bi_subSolve=0.79782, bi_maintain_time=0.211938, admm_maintain=0.794089, area4=3.18256, infea=38.5506, d_obj=668.301, overall time=894.352
i=53, a_nnz=5.86997, ever_a_nnz=15.412, b_nnz=157.082, uni_search=23.3012, uni_subSolve=0.821463, uni_maintain_time=0.117597, bi_search=0.436746, bi_subSolve=0.819256, bi_maintain_time=0.215268, admm_maintain=0.805364, area4=3.06153, infea=16.4597, d_obj=88.4899., heldout Acc=0.990864 (3/50), overall time=920.883
i=54, a_nnz=5.88357, ever_a_nnz=15.4963, b_nnz=159.265, uni_search=14.7726, uni_subSolve=0.537823, uni_maintain_time=0.108999, bi_search=0.385135, bi_subSolve=0.649169, bi_maintain_time=0.191015, admm_maintain=0.626945, area4=3.05285, infea=9.82232, d_obj=57.1921, overall time=938.163
i=55, a_nnz=5.89072, ever_a_nnz=15.5733, b_nnz=161.249, uni_search=29.4247, uni_subSolve=1.1638, uni_maintain_time=0.156949, bi_search=0.432063, bi_subSolve=0.719765, bi_maintain_time=0.204322, admm_maintain=0.657838, area4=2.97191, infea=7.99565, d_obj=81.0375, overall time=970.936
i=56, a_nnz=5.90757, ever_a_nnz=15.6487, b_nnz=163.215, uni_search=14.3107, uni_subSolve=0.535949, uni_maintain_time=0.107456, bi_search=0.409975, bi_subSolve=0.677629, bi_maintain_time=0.194814, admm_maintain=0.653489, area4=2.94574, infea=3.79412, d_obj=52.2652., heldout Acc=0.994815 (4/50), overall time=987.834
i=57, a_nnz=5.91836, ever_a_nnz=15.7241, b_nnz=165.203, uni_search=15.2999, uni_subSolve=0.589874, uni_maintain_time=0.114162, bi_search=0.504043, bi_subSolve=0.790375, bi_maintain_time=0.231339, admm_maintain=0.793456, area4=2.88561, infea=9.47456, d_obj=148.317, overall time=1006.17
i=58, a_nnz=5.92257, ever_a_nnz=15.8026, b_nnz=167.337, uni_search=15.8133, uni_subSolve=0.64762, uni_maintain_time=0.13402, bi_search=0.512472, bi_subSolve=0.803137, bi_maintain_time=0.235009, admm_maintain=0.796891, area4=2.85382, infea=5.52723, d_obj=79.3128, overall time=1025.12
i=59, a_nnz=5.94332, ever_a_nnz=15.8806, b_nnz=169.386, uni_search=15.9305, uni_subSolve=0.654432, uni_maintain_time=0.134362, bi_search=0.517207, bi_subSolve=0.809646, bi_maintain_time=0.238105, admm_maintain=0.811724, area4=2.88025, infea=4.42296, d_obj=56.0289., heldout Acc=0.995309 (5/50), overall time=1044.22
i=60, a_nnz=5.9467, ever_a_nnz=15.953, b_nnz=171.425, uni_search=15.6057, uni_subSolve=0.630623, uni_maintain_time=0.128582, bi_search=0.487535, bi_subSolve=0.779346, bi_maintain_time=0.224903, admm_maintain=0.771067, area4=2.7868, infea=3.34506, d_obj=43.9952, overall time=1062.86
i=61, a_nnz=5.95634, ever_a_nnz=16.0244, b_nnz=173.457, uni_search=18.9215, uni_subSolve=0.755582, uni_maintain_time=0.131067, bi_search=0.697562, bi_subSolve=1.24743, bi_maintain_time=0.302226, admm_maintain=0.882714, area4=2.8191, infea=10.0527, d_obj=81.4073, overall time=1085.81
i=62, a_nnz=5.96253, ever_a_nnz=16.0961, b_nnz=175.511, uni_search=22.7216, uni_subSolve=0.888558, uni_maintain_time=0.128255, bi_search=0.445055, bi_subSolve=0.738188, bi_maintain_time=0.205582, admm_maintain=0.716598, area4=2.77454, infea=4.76363, d_obj=41.0872., heldout Acc=0.996296, overall time=1111.66
i=63, a_nnz=5.96745, ever_a_nnz=16.1682, b_nnz=177.536, uni_search=32.5115, uni_subSolve=1.31126, uni_maintain_time=0.1557, bi_search=0.830538, bi_subSolve=1.44099, bi_maintain_time=0.338681, admm_maintain=1.1325, area4=2.79497, infea=12.1636, d_obj=161.264, overall time=1149.4
i=64, a_nnz=5.98257, ever_a_nnz=16.2343, b_nnz=179.46, uni_search=15.9684, uni_subSolve=0.661987, uni_maintain_time=0.133834, bi_search=0.535344, bi_subSolve=0.838434, bi_maintain_time=0.243818, admm_maintain=1.13583, area4=2.7582, infea=6.18431, d_obj=48.856, overall time=1168.93
i=65, a_nnz=5.99796, ever_a_nnz=16.2968, b_nnz=181.311, uni_search=20.8909, uni_subSolve=0.873341, uni_maintain_time=0.144543, bi_search=0.548783, bi_subSolve=0.861842, bi_maintain_time=0.248322, admm_maintain=0.857643, area4=2.80863, infea=3.78907, d_obj=33.8205., heldout Acc=0.994815 (1/50), overall time=1193.36
i=66, a_nnz=6.0067, ever_a_nnz=16.3596, b_nnz=183.16, uni_search=21.0085, uni_subSolve=0.823822, uni_maintain_time=0.12132, bi_search=0.532242, bi_subSolve=0.843807, bi_maintain_time=0.234107, admm_maintain=0.832608, area4=2.80544, infea=2.55948, d_obj=32.9698, overall time=1217.77
i=67, a_nnz=6.024, ever_a_nnz=16.425, b_nnz=185.151, uni_search=29.7409, uni_subSolve=1.24669, uni_maintain_time=0.156997, bi_search=0.533659, bi_subSolve=0.852748, bi_maintain_time=0.231866, admm_maintain=0.828045, area4=2.84706, infea=1.93615, d_obj=30.6606, overall time=1251.38
i=68, a_nnz=6.03887, ever_a_nnz=16.4872, b_nnz=187.063, uni_search=21.1833, uni_subSolve=0.666932, uni_maintain_time=0.333065, bi_search=0.422158, bi_subSolve=0.722237, bi_maintain_time=0.206635, admm_maintain=0.553924, area4=2.84872, infea=1.55715, d_obj=26.6649., heldout Acc=0.996296 (2/50), overall time=1275.47
i=69, a_nnz=6.05502, ever_a_nnz=16.5505, b_nnz=188.952, uni_search=19.5925, uni_subSolve=0.792664, uni_maintain_time=0.123694, bi_search=1.0081, bi_subSolve=1.7152, bi_maintain_time=0.38219, admm_maintain=1.71427, area4=2.89825, infea=1.51793, d_obj=23.5709, overall time=1300.81
i=70, a_nnz=6.05949, ever_a_nnz=16.6078, b_nnz=190.764, uni_search=16.5748, uni_subSolve=0.710435, uni_maintain_time=0.140316, bi_search=0.578189, bi_subSolve=0.907158, bi_maintain_time=0.260807, admm_maintain=0.899411, area4=2.89187, infea=1.63002, d_obj=23.4043, overall time=1320.89
i=71, a_nnz=6.07079, ever_a_nnz=16.6676, b_nnz=192.637, uni_search=16.6506, uni_subSolve=0.715119, uni_maintain_time=0.140339, bi_search=0.58662, bi_subSolve=0.919056, bi_maintain_time=0.262164, admm_maintain=0.924118, area4=2.91434, infea=1.45444, d_obj=20.6174., heldout Acc=0.996049 (3/50), overall time=1341.11
i=72, a_nnz=6.07373, ever_a_nnz=16.7233, b_nnz=194.486, uni_search=15.5525, uni_subSolve=0.614754, uni_maintain_time=0.109047, bi_search=0.503294, bi_subSolve=0.824464, bi_maintain_time=0.224081, admm_maintain=0.811681, area4=2.90693, infea=1.61332, d_obj=20.2557, overall time=1359.76
i=73, a_nnz=6.09268, ever_a_nnz=16.7804, b_nnz=196.319, uni_search=15.6309, uni_subSolve=0.614937, uni_maintain_time=0.11013, bi_search=0.514122, bi_subSolve=0.838948, bi_maintain_time=0.224705, admm_maintain=0.681263, area4=2.96642, infea=4.33425, d_obj=32.3891, overall time=1378.39
i=74, a_nnz=6.09862, ever_a_nnz=16.8343, b_nnz=198.133, uni_search=15.682, uni_subSolve=0.618667, uni_maintain_time=0.109226, bi_search=0.521021, bi_subSolve=0.847534, bi_maintain_time=0.228646, admm_maintain=0.836834, area4=3.03128, infea=2.58588, d_obj=19.6998., heldout Acc=0.994815 (4/50), overall time=1397.24
i=75, a_nnz=6.11707, ever_a_nnz=16.8911, b_nnz=200.024, uni_search=16.2092, uni_subSolve=0.66377, uni_maintain_time=0.116435, bi_search=0.559135, bi_subSolve=0.887813, bi_maintain_time=0.238662, admm_maintain=0.878707, area4=3.1223, infea=1.89015, d_obj=17.5326, overall time=1416.81
i=76, a_nnz=6.11643, ever_a_nnz=16.9489, b_nnz=201.991, uni_search=16.2114, uni_subSolve=0.667322, uni_maintain_time=0.116367, bi_search=0.566338, bi_subSolve=0.901439, bi_maintain_time=0.23984, admm_maintain=0.896083, area4=3.2478, infea=1.56991, d_obj=15.7767, overall time=1436.42
i=77, a_nnz=6.13781, ever_a_nnz=16.9989, b_nnz=203.715, uni_search=16.2081, uni_subSolve=0.669013, uni_maintain_time=0.115336, bi_search=0.568357, bi_subSolve=0.90626, bi_maintain_time=0.241634, admm_maintain=0.897107, area4=3.31099, infea=1.39644, d_obj=13.9495