using heldout data set: /scratch/cluster/ianyen/data/multilabel/Eur-Lex-Small.subtest.100
D=5001
K=405
N=15666
d=237.683
r=1
i=0, a_nnz=2.16079, ever_a_nnz=2.16079, b_nnz=2.20905, uni_search=9.95667, uni_subSolve=0.583988, uni_maintain_time=0.175051, bi_search=140.222, bi_subSolve=0.110836, bi_maintain_time=0.0936087, admm_maintain=0.0203716, area4=-nan, infea=0.20289, d_obj=36.1078., heldout Acc=0.970617, overall time=151.361
i=1, a_nnz=2.64094, ever_a_nnz=2.9451, b_nnz=4.33678, uni_search=13.8837, uni_subSolve=0.829779, uni_maintain_time=0.136844, bi_search=161.162, bi_subSolve=0.212921, bi_maintain_time=0.183151, admm_maintain=0.0928534, area4=-nan, infea=1.02229, d_obj=1478.32., heldout Acc=0.966173 (1/50), overall time=327.912
i=2, a_nnz=2.97996, ever_a_nnz=3.66328, b_nnz=6.76554, uni_search=7.17963, uni_subSolve=0.398639, uni_maintain_time=0.111172, bi_search=132.098, bi_subSolve=0.183213, bi_maintain_time=0.158143, admm_maintain=0.0603511, area4=-nan, infea=1.28045, d_obj=2552.42., heldout Acc=0.971111, overall time=468.135
i=3, a_nnz=3.23331, ever_a_nnz=4.33914, b_nnz=9.54155, uni_search=13.2795, uni_subSolve=0.824591, uni_maintain_time=0.158489, bi_search=132.005, bi_subSolve=0.233086, bi_maintain_time=0.189909, admm_maintain=0.184452, area4=-nan, infea=1.38034, d_obj=2360.36., heldout Acc=0.971605, overall time=615.041
i=4, a_nnz=3.46304, ever_a_nnz=4.96591, b_nnz=12.567, uni_search=10.532, uni_subSolve=0.544705, uni_maintain_time=0.11706, bi_search=135.786, bi_subSolve=0.297673, bi_maintain_time=0.256201, admm_maintain=0.203186, area4=-nan, infea=1.95956, d_obj=3296.06., heldout Acc=0.980988, overall time=762.811
i=5, a_nnz=3.64247, ever_a_nnz=5.53983, b_nnz=15.7643, uni_search=13.5515, uni_subSolve=0.734852, uni_maintain_time=0.137469, bi_search=133.195, bi_subSolve=0.250996, bi_maintain_time=0.192091, admm_maintain=0.0864713, area4=-nan, infea=2.09282, d_obj=2160.95., heldout Acc=0.976296 (1/50), overall time=910.987
i=6, a_nnz=3.79337, ever_a_nnz=6.06319, b_nnz=19.0359, uni_search=14.2908, uni_subSolve=0.614883, uni_maintain_time=0.116358, bi_search=141.546, bi_subSolve=0.304588, bi_maintain_time=0.217261, admm_maintain=0.210641, area4=-nan, infea=1.83989, d_obj=1178.59., heldout Acc=0.974568 (2/50), overall time=1068.32
i=7, a_nnz=3.91051, ever_a_nnz=6.54692, b_nnz=22.4167, uni_search=11.8445, uni_subSolve=0.437998, uni_maintain_time=0.0992741, bi_search=126.332, bi_subSolve=0.213627, bi_maintain_time=0.145011, admm_maintain=0.0995707, area4=-nan, infea=2.17386, d_obj=2321.68., heldout Acc=0.985432, overall time=1207.51
i=8, a_nnz=4.02898, ever_a_nnz=7.00875, b_nnz=25.8935, uni_search=15.4019, uni_subSolve=0.789621, uni_maintain_time=0.150654, bi_search=150.746, bi_subSolve=0.486441, bi_maintain_time=0.325627, admm_maintain=0.162296, area4=-nan, infea=2.23481, d_obj=1422.13., heldout Acc=0.978272 (1/50), overall time=1375.61
i=9, a_nnz=4.14292, ever_a_nnz=7.43349, b_nnz=29.355, uni_search=13.0659, uni_subSolve=0.612855, uni_maintain_time=0.122926, bi_search=154.445, bi_subSolve=0.528141, bi_maintain_time=0.339024, admm_maintain=0.366082, area4=-nan, infea=0.977227, d_obj=344.46., heldout Acc=0.978272 (2/50), overall time=1545.12
i=10, a_nnz=4.24129, ever_a_nnz=7.82567, b_nnz=32.782, uni_search=8.3829, uni_subSolve=0.313994, uni_maintain_time=0.104038, bi_search=127.684, bi_subSolve=0.345563, bi_maintain_time=0.220907, admm_maintain=0.196975, area4=-nan, infea=0.949259, d_obj=214.131., heldout Acc=0.986173, overall time=1682.39
i=11, a_nnz=4.32625, ever_a_nnz=8.20701, b_nnz=36.3315, uni_search=9.33973, uni_subSolve=0.361225, uni_maintain_time=0.136571, bi_search=146.604, bi_subSolve=0.635336, bi_maintain_time=0.361901, admm_maintain=0.425531, area4=-nan, infea=1.15386, d_obj=289.415., heldout Acc=0.980247 (1/50), overall time=1840.28
i=12, a_nnz=4.42027, ever_a_nnz=8.56766, b_nnz=39.8465, uni_search=27.1248, uni_subSolve=1.21845, uni_maintain_time=0.169037, bi_search=149.513, bi_subSolve=0.616335, bi_maintain_time=0.359743, admm_maintain=0.299161, area4=-nan, infea=1.05478, d_obj=105.503., heldout Acc=0.980494 (2/50), overall time=2019.62
i=13, a_nnz=4.48366, ever_a_nnz=8.9047, b_nnz=43.3025, uni_search=25.9149, uni_subSolve=1.05254, uni_maintain_time=0.161751, bi_search=153.877, bi_subSolve=0.723537, bi_maintain_time=0.406222, admm_maintain=0.546759, area4=-nan, infea=1.6163, d_obj=255.248., heldout Acc=0.985432 (3/50), overall time=2202.34
i=14, a_nnz=4.55604, ever_a_nnz=9.22271, b_nnz=46.6789, uni_search=12.1632, uni_subSolve=0.49136, uni_maintain_time=0.119958, bi_search=141.581, bi_subSolve=0.700858, bi_maintain_time=0.372712, admm_maintain=0.234438, area4=-nan, infea=1.22259, d_obj=98.9783., heldout Acc=0.986667, overall time=2358.03
i=15, a_nnz=4.60124, ever_a_nnz=9.53638, b_nnz=50.1231, uni_search=16.9503, uni_subSolve=0.644344, uni_maintain_time=0.125636, bi_search=139.301, bi_subSolve=0.683566, bi_maintain_time=0.356756, admm_maintain=0.261224, area4=-nan, infea=1.19537, d_obj=91.1715., heldout Acc=0.986173 (1/50), overall time=2516.37
i=16, a_nnz=4.64796, ever_a_nnz=9.8348, b_nnz=53.5439, uni_search=16.2341, uni_subSolve=0.717501, uni_maintain_time=0.168883, bi_search=136.686, bi_subSolve=0.71611, bi_maintain_time=0.347625, admm_maintain=0.68477, area4=-nan, infea=1.06227, d_obj=79.7985., heldout Acc=0.988642, overall time=2671.95
i=17, a_nnz=4.6938, ever_a_nnz=10.1204, b_nnz=56.9304, uni_search=13.576, uni_subSolve=0.508808, uni_maintain_time=0.109006, bi_search=124.457, bi_subSolve=0.555867, bi_maintain_time=0.266251, admm_maintain=0.506308, area4=-nan, infea=0.990054, d_obj=56.3294., heldout Acc=0.991852, overall time=2811.96
i=18, a_nnz=4.73924, ever_a_nnz=10.3944, b_nnz=60.3452, uni_search=15.6089, uni_subSolve=0.588262, uni_maintain_time=0.119881, bi_search=120.219, bi_subSolve=0.494003, bi_maintain_time=0.225534, admm_maintain=0.26417, area4=-nan, infea=1.48724, d_obj=204.462., heldout Acc=0.989383 (1/50), overall time=2949.49
i=19, a_nnz=4.77601, ever_a_nnz=10.6629, b_nnz=63.845, uni_search=11.2767, uni_subSolve=0.415295, uni_maintain_time=0.132654, bi_search=121.043, bi_subSolve=0.519401, bi_maintain_time=0.227023, admm_maintain=0.554197, area4=-nan, infea=0.851149, d_obj=96.5614., heldout Acc=0.984938 (2/50), overall time=3083.68
i=20, a_nnz=4.80908, ever_a_nnz=10.9181, b_nnz=67.2642, uni_search=18.4878, uni_subSolve=0.788595, uni_maintain_time=0.137916, bi_search=135.539, bi_subSolve=0.832031, bi_maintain_time=0.34821, admm_maintain=0.274434, area4=-nan, infea=0.883434, d_obj=60.0683., heldout Acc=0.98642 (3/50), overall time=3240.11
i=21, a_nnz=4.85529, ever_a_nnz=11.1702, b_nnz=70.7814, uni_search=13.6832, uni_subSolve=0.543771, uni_maintain_time=0.13334, bi_search=141.133, bi_subSolve=0.977279, bi_maintain_time=0.403048, admm_maintain=0.333186, area4=-nan, infea=1.34062, d_obj=300.884., heldout Acc=0.993086, overall time=3397.35
i=22, a_nnz=4.89187, ever_a_nnz=11.4122, b_nnz=74.2768, uni_search=11.6371, uni_subSolve=0.422587, uni_maintain_time=0.124294, bi_search=138.082, bi_subSolve=0.936876, bi_maintain_time=0.365945, admm_maintain=0.361374, area4=-nan, infea=1.83188, d_obj=2690.62., heldout Acc=0.992593 (1/50), overall time=3549.3
i=23, a_nnz=4.9264, ever_a_nnz=11.6372, b_nnz=77.6932, uni_search=16.4148, uni_subSolve=0.674653, uni_maintain_time=0.133361, bi_search=124.624, bi_subSolve=0.77534, bi_maintain_time=0.290895, admm_maintain=0.364929, area4=-nan, infea=1.55991, d_obj=475.35., heldout Acc=0.988889 (2/50), overall time=3692.6
i=24, a_nnz=4.96349, ever_a_nnz=11.8536, b_nnz=81.0781, uni_search=28.1378, uni_subSolve=0.966489, uni_maintain_time=0.154567, bi_search=138.724, bi_subSolve=1.04048, bi_maintain_time=0.437737, admm_maintain=0.62919, area4=-nan, infea=0.863131, d_obj=95.3998., heldout Acc=0.993086 (3/50), overall time=3862.73
i=25, a_nnz=4.9956, ever_a_nnz=12.0603, b_nnz=84.4347, uni_search=39.2721, uni_subSolve=1.66706, uni_maintain_time=0.20351, bi_search=166.393, bi_subSolve=1.4142, bi_maintain_time=0.558329, admm_maintain=0.736042, area4=-nan, infea=0.800237, d_obj=48.0825., heldout Acc=0.990864 (4/50), overall time=4073.01
i=26, a_nnz=5.02758, ever_a_nnz=12.2528, b_nnz=87.6822, uni_search=27.1178, uni_subSolve=0.972591, uni_maintain_time=0.139273, bi_search=140.854, bi_subSolve=1.04288, bi_maintain_time=0.385606, admm_maintain=0.815829, area4=-nan, infea=0.727652, d_obj=35.6432., heldout Acc=0.990123 (5/50), overall time=4244.37
i=27, a_nnz=5.05841, ever_a_nnz=12.4429, b_nnz=90.9618, uni_search=35.6703, uni_subSolve=1.71547, uni_maintain_time=0.196295, bi_search=161.395, bi_subSolve=1.60537, bi_maintain_time=0.562433, admm_maintain=1.11162, area4=-nan, infea=0.78866, d_obj=14.9869., heldout Acc=0.98716 (6/50), overall time=4446.67
i=28, a_nnz=5.08668, ever_a_nnz=12.6287, b_nnz=94.2788, uni_search=31.01, uni_subSolve=1.07669, uni_maintain_time=0.166527, bi_search=140.467, bi_subSolve=1.229, bi_maintain_time=0.445654, admm_maintain=0.8599, area4=-nan, infea=0.899639, d_obj=22.5029., heldout Acc=0.992346 (7/50), overall time=4621.96
i=29, a_nnz=5.10781, ever_a_nnz=12.8124, b_nnz=97.6097, uni_search=20.9178, uni_subSolve=0.668106, uni_maintain_time=0.123446, bi_search=128.206, bi_subSolve=0.869762, bi_maintain_time=0.317646, admm_maintain=0.79478, area4=-nan, infea=1.18972, d_obj=3219.71., heldout Acc=0.992346 (8/50), overall time=4773.88
i=30, a_nnz=5.1126, ever_a_nnz=12.984, b_nnz=100.746, uni_search=24.9935, uni_subSolve=0.83504, uni_maintain_time=0.139308, bi_search=125.794, bi_subSolve=0.816722, bi_maintain_time=0.299555, admm_maintain=0.826749, area4=-nan, infea=1.29753, d_obj=1126.06., heldout Acc=0.994321, overall time=4927.62
i=31, a_nnz=5.14624, ever_a_nnz=13.1478, b_nnz=103.868, uni_search=13.1707, uni_subSolve=0.479496, uni_maintain_time=0.12121, bi_search=109.936, bi_subSolve=0.619992, bi_maintain_time=0.195819, admm_maintain=0.462685, area4=-nan, infea=1.13947, d_obj=330.891., heldout Acc=0.992346 (1/50), overall time=5052.61
i=32, a_nnz=5.17509, ever_a_nnz=13.3107, b_nnz=107.063, uni_search=13.6585, uni_subSolve=0.525215, uni_maintain_time=0.144094, bi_search=110.211, bi_subSolve=0.646939, bi_maintain_time=0.211877, admm_maintain=0.509786, area4=-nan, infea=1.7509, d_obj=546.423., heldout Acc=0.991358 (2/50), overall time=5178.53
i=33, a_nnz=5.18001, ever_a_nnz=13.4745, b_nnz=110.231, uni_search=13.6229, uni_subSolve=0.514597, uni_maintain_time=0.136375, bi_search=113.2, bi_subSolve=0.735784, bi_maintain_time=0.233711, admm_maintain=1.24038, area4=-nan, infea=3.34983, d_obj=2583.77., heldout Acc=0.994815, overall time=5308.23
i=34, a_nnz=5.19871, ever_a_nnz=13.6307, b_nnz=113.323, uni_search=41.1336, uni_subSolve=2.01085, uni_maintain_time=0.224877, bi_search=165.678, bi_subSolve=1.97846, bi_maintain_time=0.662834, admm_maintain=1.45619, area4=-nan, infea=1.8388, d_obj=354.061., heldout Acc=0.98963 (1/50), overall time=5521.42
i=35, a_nnz=5.21907, ever_a_nnz=13.7811, b_nnz=116.377, uni_search=22.8716, uni_subSolve=0.86111, uni_maintain_time=0.141773, bi_search=141.691, bi_subSolve=1.32529, bi_maintain_time=0.433321, admm_maintain=1.04183, area4=-nan, infea=1.25253, d_obj=183.012., heldout Acc=0.99358 (2/50), overall time=5689.81
i=36, a_nnz=5.25188, ever_a_nnz=13.921, b_nnz=119.296, uni_search=20.6438, uni_subSolve=0.760092, uni_maintain_time=0.121737, bi_search=122.928, bi_subSolve=0.997303, bi_maintain_time=0.326062, admm_maintain=0.659501, area4=-nan, infea=1.10952, d_obj=119.998., heldout Acc=0.993333 (3/50), overall time=5836.27
i=37, a_nnz=5.26612, ever_a_nnz=14.0601, b_nnz=122.21, uni_search=29.6985, uni_subSolve=1.09684, uni_maintain_time=0.144157, bi_search=139.551, bi_subSolve=1.33265, bi_maintain_time=0.44592, admm_maintain=1.02668, area4=-nan, infea=2.14086, d_obj=101.394., heldout Acc=0.992099 (4/50), overall time=6009.59
i=38, a_nnz=5.27863, ever_a_nnz=14.2049, b_nnz=125.234, uni_search=29.6553, uni_subSolve=1.08321, uni_maintain_time=0.141286, bi_search=152.854, bi_subSolve=1.78499, bi_maintain_time=0.582267, admm_maintain=1.47191, area4=-nan, infea=0.970171, d_obj=63.773., heldout Acc=0.991605 (5/50), overall time=6197.2
i=39, a_nnz=5.27774, ever_a_nnz=14.3402, b_nnz=128.133, uni_search=35.1821, uni_subSolve=1.23317, uni_maintain_time=0.173335, bi_search=156.015, bi_subSolve=1.96634, bi_maintain_time=0.647628, admm_maintain=1.11708, area4=-nan, infea=1.10215, d_obj=35.0855., heldout Acc=0.98716 (6/50), overall time=6393.57
i=40, a_nnz=5.29363, ever_a_nnz=14.4678, b_nnz=130.906, uni_search=39.3684, uni_subSolve=1.85246, uni_maintain_time=0.193018, bi_search=146.147, bi_subSolve=1.71498, bi_maintain_time=0.542048, admm_maintain=1.0455, area4=-nan, infea=0.986341, d_obj=22.9684., heldout Acc=0.994074 (7/50), overall time=6584.47
i=41, a_nnz=5.31265, ever_a_nnz=14.6002, b_nnz=133.816, uni_search=28.4071, uni_subSolve=1.29248, uni_maintain_time=0.17213, bi_search=136.292, bi_subSolve=1.48828, bi_maintain_time=0.454929, admm_maintain=1.15127, area4=-nan, infea=1.00799, d_obj=27.5389., heldout Acc=0.993333 (8/50), overall time=6753.76
i=42, a_nnz=5.32548, ever_a_nnz=14.7283, b_nnz=136.69, uni_search=19.5787, uni_subSolve=0.732151, uni_maintain_time=0.12011, bi_search=131.842, bi_subSolve=1.28933, bi_maintain_time=0.399846, admm_maintain=1.13473, area4=-nan, infea=1.617, d_obj=155.31., heldout Acc=0.993086 (9/50), overall time=6908.88
i=43, a_nnz=5.3235, ever_a_nnz=14.8568, b_nnz=139.588, uni_search=33.6379, uni_subSolve=1.56902, uni_maintain_time=0.188089, bi_search=138.034, bi_subSolve=1.57911, bi_maintain_time=0.486708, admm_maintain=0.760719, area4=-nan, infea=1.03809, d_obj=15.2641., heldout Acc=0.99358 (10/50), overall time=7085.16
i=44, a_nnz=5.33078, ever_a_nnz=14.976, b_nnz=142.305, uni_search=30.2466, uni_subSolve=1.10589, uni_maintain_time=0.140195, bi_search=135.854, bi_subSolve=1.29975, bi_maintain_time=0.418012, admm_maintain=0.915575, area4=-nan, infea=1.21778, d_obj=172.925., heldout Acc=0.994321 (11/50), overall time=7255.17
i=45, a_nnz=5.32618, ever_a_nnz=15.0934, b_nnz=145.044, uni_search=20.1536, uni_subSolve=0.833316, uni_maintain_time=0.13371, bi_search=141.009, bi_subSolve=1.62026, bi_maintain_time=0.48201, admm_maintain=1.22857, area4=-nan, infea=1.01177, d_obj=45.2418., heldout Acc=0.994568 (12/50), overall time=7420.66
i=46, a_nnz=5.34897, ever_a_nnz=15.2112, b_nnz=147.872, uni_search=17.6538, uni_subSolve=0.725008, uni_maintain_time=0.139103, bi_search=146.783, bi_subSolve=1.94224, bi_maintain_time=0.569865, admm_maintain=1.58995, area4=-nan, infea=0.934887, d_obj=17.2141., heldout Acc=0.992346 (13/50), overall time=7590.09
i=47, a_nnz=5.36908, ever_a_nnz=15.3212, b_nnz=150.582, uni_search=14.7384, uni_subSolve=0.554139, uni_maintain_time=0.119899, bi_search=109.951, bi_subSolve=0.857441, bi_maintain_time=0.227204, admm_maintain=0.674368, area4=-nan, infea=0.926481, d_obj=10.1656., heldout Acc=0.993086 (14/50), overall time=7717.22
i=48, a_nnz=5.38331, ever_a_nnz=15.4281, b_nnz=153.261, uni_search=15.0528, uni_subSolve=0.582199, uni_maintain_time=0.129111, bi_search=110.309, bi_subSolve=0.890753, bi_maintain_time=0.237016, admm_maintain=0.68978, area4=-nan, infea=0.896587, d_obj=9.13096., heldout Acc=0.991605 (15/50), overall time=7845.14
i=49, a_nnz=5.40585, ever_a_nnz=15.532, b_nnz=155.95, uni_search=43.5616, uni_subSolve=2.09692, uni_maintain_time=0.216834, bi_search=160.698, bi_subSolve=2.46601, bi_maintain_time=0.687272, admm_maintain=1.78741, area4=-nan, infea=0.863485, d_obj=6.72674., heldout Acc=0.992593 (16/50), overall time=8056.69
i=50, a_nnz=5.41427, ever_a_nnz=15.6406, b_nnz=158.654, uni_search=35.8464, uni_subSolve=1.26503, uni_maintain_time=0.154525, bi_search=137.565, bi_subSolve=1.75938, bi_maintain_time=0.526766, admm_maintain=1.29935, area4=-nan, infea=0.842449, d_obj=24.0318., heldout Acc=0.993333 (17/50), overall time=8235.14
i=51, a_nnz=5.42532, ever_a_nnz=15.7469, b_nnz=161.36, uni_search=35.3642, uni_subSolve=1.40051, uni_maintain_time=0.174657, bi_search=151.629, bi_subSolve=1.93306, bi_maintain_time=0.547642, admm_maintain=0.700277, area4=-nan, infea=0.958507, d_obj=79.2101., heldout Acc=0.993333 (18/50), overall time=8426.92
i=52, a_nnz=5.43144, ever_a_nnz=15.8501, b_nnz=164.078, uni_search=20.6499, uni_subSolve=0.776274, uni_maintain_time=0.120604, bi_search=126.348, bi_subSolve=1.38353, bi_maintain_time=0.416543, admm_maintain=1.32976, area4=-nan, infea=0.805083, d_obj=13.7803., heldout Acc=0.993086 (19/50), overall time=8577.97
i=53, a_nnz=5.44683, ever_a_nnz=15.9453, b_nnz=166.593, uni_search=15.5743, uni_subSolve=0.619675, uni_maintain_time=0.135409, bi_search=110.299, bi_subSolve=0.960179, bi_maintain_time=0.259678, admm_maintain=0.720436, area4=-nan, infea=0.752064, d_obj=8.21612., heldout Acc=0.989383 (20/50), overall time=8706.55
i=54, a_nnz=5.45615, ever_a_nnz=16.0422, b_nnz=169.25, uni_search=36.8916, uni_subSolve=1.3137, uni_maintain_time=0.158557, bi_search=137.72, bi_subSolve=1.87032, bi_maintain_time=0.553651, admm_maintain=1.37707, area4=-nan, infea=1.40376, d_obj=126.871., heldout Acc=0.994815 (21/50), overall time=8886.47
i=55, a_nnz=5.46285, ever_a_nnz=16.1419, b_nnz=171.941, uni_search=43.1046, uni_subSolve=2.04369, uni_maintain_time=0.222758, bi_search=162.266, bi_subSolve=2.26417, bi_maintain_time=0.65474, admm_maintain=2.01347, area4=-nan, infea=0.809071, d_obj=19.4234., heldout Acc=0.991852 (22/50), overall time=9099.08
i=56, a_nnz=5.48251, ever_a_nnz=16.2408, b_nnz=174.634, uni_search=46.0283, uni_subSolve=2.24584, uni_maintain_time=0.221827, bi_search=163.73, bi_subSolve=2.7659, bi_maintain_time=0.774634, admm_maintain=2.02927, area4=-nan, infea=0.81536, d_obj=10.857., heldout Acc=0.991852 (23/50), overall time=9316.93
i=57, a_nnz=5.48577, ever_a_nnz=16.3374, b_nnz=177.324, uni_search=22.0922, uni_subSolve=0.859003, uni_maintain_time=0.136593, bi_search=134.838, bi_subSolve=1.72316, bi_maintain_time=0.500112, admm_maintain=1.45844, area4=-nan, infea=0.943581, d_obj=15.7404., heldout Acc=0.990864 (24/50), overall time=9478.56
i=58, a_nnz=5.49317, ever_a_nnz=16.4292, b_nnz=179.863, uni_search=45.8415, uni_subSolve=2.22393, uni_maintain_time=0.208915, bi_search=162.306, bi_subSolve=2.78765, bi_maintain_time=0.750561, admm_maintain=1.97895, area4=-nan, infea=0.874953, d_obj=38.893., heldout Acc=0.991852 (25/50), overall time=9694.71
i=59, a_nnz=5.50881, ever_a_nnz=16.5151, b_nnz=182.327, uni_search=47.4008, uni_subSolve=2.33018, uni_maintain_time=0.222843, bi_search=164.467, bi_subSolve=2.44431, bi_maintain_time=0.67164, admm_maintain=1.56544, area4=-nan, infea=0.721012, d_obj=6.16167., heldout Acc=0.99284 (26/50), overall time=9913.86
i=60, a_nnz=5.51877, ever_a_nnz=16.5996, b_nnz=184.746, uni_search=40.9875, uni_subSolve=1.5127, uni_maintain_time=0.184486, bi_search=141.861, bi_subSolve=2.19318, bi_maintain_time=0.635229, admm_maintain=1.62339, area4=-nan, infea=0.76571, d_obj=5.76613., heldout Acc=0.99284 (27/50), overall time=10102.9
i=61, a_nnz=5.52406, ever_a_nnz=16.6839, b_nnz=187.263, uni_search=45.1807, uni_subSolve=2.18597, uni_maintain_time=0.202055, bi_search=158.389, bi_subSolve=2.76354, bi_maintain_time=0.733129, admm_maintain=2.0269, area4=-nan, infea=0.707338, d_obj=4.81172., heldout Acc=0.99358 (28/50), overall time=10314.4
i=62, a_nnz=5.53313, ever_a_nnz=16.7605, b_nnz=189.577, uni_search=46.2128, uni_subSolve=2.27841, uni_maintain_time=0.211088, bi_search=161.367, bi_subSolve=2.85627, bi_maintain_time=0.744246, admm_maintain=2.15922, area4=-nan, infea=0.612731, d_obj=-2.67801., heldout Acc=0.98963 (29/50), overall time=10530.3
i=63, a_nnz=5.53409, ever_a_nnz=16.8336, b_nnz=191.812, uni_search=22.6939, uni_subSolve=0.990915, uni_maintain_time=0.157135, bi_search=149.115, bi_subSolve=2.4592, bi_maintain_time=0.637741, admm_maintain=2.1259, area4=-nan, infea=0.73653, d_obj=-3.63574., heldout Acc=0.992593 (30/50), overall time=10708.5
i=64, a_nnz=5.55221, ever_a_nnz=16.9095, b_nnz=194.119, uni_search=39.8737, uni_subSolve=1.49359, uni_maintain_time=0.168322, bi_search=121.165, bi_subSolve=1.47817, bi_maintain_time=0.40154, admm_maintain=0.886044, area4=-nan, infea=1.78838, d_obj=232.863., heldout Acc=0.99284 (31/50), overall time=10874
i=65, a_nnz=5.55936, ever_a_nnz=16.991, b_nnz=196.591, uni_search=47.4452, uni_subSolve=2.32862, uni_maintain_time=0.216922, bi_search=162.966, bi_subSolve=2.99672, bi_maintain_time=0.77388, admm_maintain=2.28764, area4=-nan, infea=0.829306, d_obj=-0.95379., heldout Acc=0.99358 (32/50), overall time=11093.1
i=66, a_nnz=5.55949, ever_a_nnz=17.0656, b_nnz=198.889, uni_search=46.9559, uni_subSolve=2.30066, uni_maintain_time=0.211979, bi_search=161.8, bi_subSolve=2.99704, bi_maintain_time=0.780744, admm_maintain=2.25928, area4=-nan, infea=0.907765, d_obj=29.4739., heldout Acc=0.994074 (33/50), overall time=11310.4
i=67, a_nnz=5.56773, ever_a_nnz=17.1445, b_nnz=201.322, uni_search=35.1056, uni_subSolve=1.35267, uni_maintain_time=0.144831, bi_search=141.643, bi_subSolve=1.85819, bi_maintain_time=0.511144, admm_maintain=1.64766, area4=-nan, infea=0.922256, d_obj=5.85169., heldout Acc=0.99358 (34/50), overall time=11492.7
i=68, a_nnz=5.58145, ever_a_nnz=17.2226, b_nnz=203.721, uni_search=23.611, uni_subSolve=0.926729, uni_maintain_time=0.127846, bi_search=147.659, bi_subSolve=2.32026, bi_maintain_time=0.613725, admm_maintain=1.08939, area4=-nan, infea=0.896481, d_obj=-0.70078., heldout Acc=0.99358 (35/50), overall time=11669.1
i=69, a_nnz=5.58317, ever_a_nnz=17.2984, b_nnz=206.091, uni_search=15.6157, uni_subSolve=0.573702, uni_maintain_time=0.100742, bi_search=143.265, bi_subSolve=2.40324, bi_maintain_time=0.60891, admm_maintain=1.92736, area4=-nan, infea=0.932856, d_obj=-0.780711., heldout Acc=0.995062, overall time=11833.6
i=70, a_nnz=5.58975, ever_a_nnz=17.3773, b_nnz=208.541, uni_search=35.0234, uni_subSolve=1.48794, uni_maintain_time=0.160743, bi_search=143.148, bi_subSolve=2.2289, bi_maintain_time=0.582515, admm_maintain=1.72794, area4=-nan, infea=0.891657, d_obj=6.80429., heldout Acc=0.991852 (1/50), overall time=12018
i=71, a_nnz=5.59651, ever_a_nnz=17.4589, b_nnz=211.117, uni_search=23.0144, uni_subSolve=0.907771, uni_maintain_time=0.132984, bi_search=126.189, bi_subSolve=1.70926, bi_maintain_time=0.445811, admm_maintain=1.75259, area4=-nan, infea=1.45723, d_obj=108.621., heldout Acc=0.989877 (2/50), overall time=12172.2
i=72, a_nnz=5.59045, ever_a_nnz=17.5352, b_nnz=213.443, uni_search=33.4078, uni_subSolve=1.44417, uni_maintain_time=0.153356, bi_search=138.146, bi_subSolve=1.83103, bi_maintain_time=0.501603, admm_maintain=1.70323, area4=-nan, infea=1.07211, d_obj=96.4877., heldout Acc=0.990864 (3/50), overall time=12349.4
i=73, a_nnz=5.58688, ever_a_nnz=17.6158, b_nnz=215.905, uni_search=35.6727, uni_subSolve=1.54674, uni_maintain_time=0.166428, bi_search=141.495, bi_subSolve=2.23963, bi_maintain_time=0.570087, admm_maintain=0.983297, area4=-nan, infea=3.55836, d_obj=478.332., heldout Acc=0.989877 (4/50), overall time=12532.1
i=74, a_nnz=5.5826, ever_a_nnz=17.6852, b_nnz=218.044, uni_search=37.635, uni_subSolve=1.78495, uni_maintain_time=0.180158, bi_search=136.753, bi_subSolve=2.03231, bi_maintain_time=0.532421, admm_maintain=1.11798, area4=-nan, infea=0.895484, d_obj=146.987., heldout Acc=0.990123 (5/50), overall time=12712.2
i=75, a_nnz=5.58592, ever_a_nnz=17.7636, b_nnz=220.409, uni_search=39.4276, uni_subSolve=1.87978, uni_maintain_time=0.182213, bi_search=136.713, bi_subSolve=2.27335, bi_maintain_time=0.566491, admm_maintain=1.3677, area4=-nan, infea=1.49995, d_obj=9118.33., heldout Acc=0.993086 (6/50), overall time=12894.6
i=76, a_nnz=5.58834, ever_a_nnz=17.8465, b_nnz=222.848, uni_search=28.8712, uni_subSolve=1.28088, uni_maintain_time=0.147021, bi_search=148.624, bi_subSolve=2.75523, bi_maintain_time=0.681696, admm_maintain=2.21146, area4=-nan, infea=3.53012, d_obj=2581.12., heldout Acc=0.991852 (7/50), overall time=13079.2
i=77, a_nnz=5.5923, ever_a_nnz=17.92, b_nnz=225.13, uni_search=24.0348, uni_subSolve=1.02294, uni_maintain_time=0.134459, bi_search=156.769, bi_subSolve=2.4173, bi_maintain_time=0.647248, admm_maintain=1.77068, area4=-nan, infea=1.29333, d_obj=619.578., heldout Acc=0.99284 (8/50), overall time=13266
i=78, a_nnz=5.60334, ever_a_nnz=17.9852, b_nnz=227.187, uni_search=45.8228, uni_subSolve=2.23758, uni_maintain_time=0.203766, bi_search=145.754, bi_subSolve=2.49062, bi_maintain_time=0.62975, admm_maintain=1.75521, area4=-nan, infea=1.19725, d_obj=321.505., heldout Acc=0.991111 (9/50), overall time=13465
i=79, a_nnz=5.60749, ever_a_nnz=18.0489, b_nnz=229.279, uni_search=27.4176, uni_subSolve=0.995181, uni_maintain_time=0.118717, bi_search=155.299, bi_subSolve=2.4822, bi_maintain_time=0.725001, admm_maintain=1.28196, area4=-nan, infea=1.12538, d_obj=145.452., heldout Acc=0.98963 (10/50), overall time=13653.3
i=80, a_nnz=5.61515, ever_a_nnz=18.1115, b_nnz=231.393, uni_search=39.1165, uni_subSolve=1.65108, uni_maintain_time=0.172758, bi_search=152.96, bi_subSolve=2.81053, bi_maintain_time=0.71769, admm_maintain=2.7718, area4=-nan, infea=1.25231, d_obj=87.658., heldout Acc=0.995802, overall time=13853.6
i=81, a_nnz=5.62332, ever_a_nnz=18.1716, b_nnz=233.49, uni_search=34.4291, uni_subSolve=1.35714, uni_maintain_time=0.140988, bi_search=124.609, bi_subSolve=1.81387, bi_maintain_time=0.463538, admm_maintain=1.26362, area4=-nan, infea=1.262, d_obj=43.6915., heldout Acc=0.993827 (1/50), overall time=14017.7
i=82, a_nnz=5.63992, ever_a_nnz=18.2281, b_nnz=235.441, uni_search=39.1211, uni_subSolve=1.58878, uni_maintain_time=0.162442, bi_search=146.333, bi_subSolve=2.61433, bi_maintain_time=0.685768, admm_maintain=2.64532, area4=-nan, infea=1.14809, d_obj=30.7448., heldout Acc=0.994321 (2/50), overall time=14210.9
i=83, a_nnz=5.64516, ever_a_nnz=18.2859, b_nnz=237.488, uni_search=39.8715, uni_subSolve=1.68966, uni_maintain_time=0.183595, bi_search=158.846, bi_subSolve=2.47029, bi_maintain_time=0.676891, admm_maintain=2.42822, area4=-nan, infea=1.18923, d_obj=18.1367., heldout Acc=0.990617 (3/50), overall time=14417.1
i=84, a_nnz=5.6516, ever_a_nnz=18.3461, b_nnz=239.522, uni_search=34.219, uni_subSolve=1.58569, uni_maintain_time=0.175156, bi_search=145.182, bi_subSolve=2.4159, bi_maintain_time=0.609909, admm_maintain=1.25906, area4=-nan, infea=1.17559, d_obj=13.8709., heldout Acc=0.996049, overall time=14602.5
i=85, a_nnz=5.65052, ever_a_nnz=18.4057, b_nnz=241.559, uni_search=31.222, uni_subSolve=1.29378, uni_maintain_time=0.139248, bi_search=146.199, bi_subSolve=2.46217, bi_maintain_time=0.614649, admm_maintain=1.1541, area4=-nan, infea=1.11949, d_obj=13.8996., heldout Acc=0.996543, overall time=14785.7
i=86, a_nnz=5.65345, ever_a_nnz=18.4613, b_nnz=243.588, uni_search=37.971, uni_subSolve=1.56839, uni_maintain_time=0.152802, bi_search=140.652, bi_subSolve=2.13288, bi_maintain_time=0.54507, admm_maintain=0.98589, area4=-nan, infea=0.917662, d_obj=6.28159., heldout Acc=0.993827 (1/50), overall time=14969.7
i=87, a_nnz=5.66469, ever_a_nnz=18.5145, b_nnz=245.573, uni_search=40.3738, uni_subSolve=1.80987, uni_maintain_time=0.17707, bi_search=144.786, bi_subSolve=2.43817, bi_maintain_time=0.622254, admm_maintain=1.05499, area4=-nan, infea=0.920097, d_obj=11.7118., heldout Acc=0.988889 (2/50), overall time=15161
i=88, a_nnz=5.65288, ever_a_nnz=18.571, b_nnz=247.616, uni_search=42.1757, uni_subSolve=2.06498, uni_maintain_time=0.192894, bi_search=146.432, bi_subSolve=2.64802, bi_maintain_time=0.682221, admm_maintain=2.52005, area4=-nan, infea=1.0542, d_obj=13.0102., heldout Acc=0.995062 (3/50), overall time=15357.7
i=89, a_nnz=5.66654, ever_a_nnz=18.6362, b_nnz=249.839, uni_search=28.2406, uni_subSolve=1.31167, uni_maintain_time=0.147377, bi_search=143.652, bi_subSolve=2.74719, bi_maintain_time=0.662998, admm_maintain=1.2524, area4=-nan, infea=1.84753, d_obj=11.3286., heldout Acc=0.994568 (4/50), overall time=15535.8
i=90, a_nnz=5.66309, ever_a_nnz=18.6969, b_nnz=251.929, uni_search=42.2417, uni_subSolve=2.059, uni_maintain_time=0.2035, bi_search=141.871, bi_subSolve=2.73677, bi_maintain_time=0.672099, admm_maintain=2.44854, area4=-nan, infea=0.977236, d_obj=6.01487., heldout Acc=0.99284 (5/50), overall time=15728.1
i=91, a_nnz=5.67203, ever_a_nnz=18.7572, b_nnz=254.046, uni_search=20.6099, uni_subSolve=0.933125, uni_maintain_time=0.168175, bi_search=151.782, bi_subSolve=2.99632, bi_maintain_time=0.749646, admm_maintain=2.60464, area4=-nan, infea=1.23303, d_obj=15.1757., heldout Acc=0.995556 (6/50), overall time=15907.9
i=92, a_nnz=5.67177, ever_a_nnz=18.8151, b_nnz=256.16, uni_search=18.6175, uni_subSolve=0.875108, uni_maintain_time=0.162296, bi_search=154.99, bi_subSolve=3.37448, bi_maintain_time=0.819476, admm_maintain=2.69867, area4=-nan, infea=1.0966, d_obj=6.2524., heldout Acc=0.995309 (7/50), overall time=16089.5
i=93, a_nnz=5.6719, ever_a_nnz=18.8681, b_nnz=258.119, uni_search=32.4763, uni_subSolve=1.5437, uni_maintain_time=0.161186, bi_search=146.988, bi_subSolve=2.52815, bi_maintain_time=0.646701, admm_maintain=2.03448, area4=-nan, infea=0.998636, d_obj=4.64675., heldout Acc=0.993086 (8/50), overall time=16275.9
i=94, a_nnz=5.68397, ever_a_nnz=18.9215, b_nnz=260.093, uni_search=37.8846, uni_subSolve=1.5976, uni_maintain_time=0.16039, bi_search=145.031, bi_subSolve=2.92017, bi_maintain_time=0.699659, admm_maintain=2.62356, area4=-nan, infea=0.888508, d_obj=5.77839., heldout Acc=0.996049 (9/50), overall time=16466.9
i=95, a_nnz=5.68218, ever_a_nnz=18.9788, b_nnz=262.156, uni_search=37.196, uni_subSolve=1.83716, uni_maintain_time=0.184942, bi_search=126.734, bi_subSolve=2.14916, bi_maintain_time=0.509215, admm_maintain=2.22857, area4=-nan, infea=0.898385, d_obj=5.26726., heldout Acc=0.99284 (10/50), overall time=16637.7
i=96, a_nnz=5.68582, ever_a_nnz=19.0354, b_nnz=264.237, uni_search=33.2862, uni_subSolve=1.44967, uni_maintain_time=0.149055, bi_search=127.413, bi_subSolve=2.14858, bi_maintain_time=0.504645, admm_maintain=2.46125, area4=-nan, infea=0.950556, d_obj=8.34734., heldout Acc=0.994321 (11/50), overall time=16805.2
i=97, a_nnz=5.68741, ever_a_nnz=19.0857, b_nnz=266.145, uni_search=40.0538, uni_subSolve=1.9048, uni_maintain_time=0.174031, bi_search=113.773, bi_subSolve=1.62097, bi_maintain_time=0.37443, admm_maintain=1.13912, area4=-nan, infea=1.02461, d_obj=6.30196., heldout Acc=0.995802 (12/50), overall time=16964.2
i=98, a_nnz=5.69309, ever_a_nnz=19.1374, b_nnz=268.08, uni_search=31.5825, uni_subSolve=1.33934, uni_maintain_time=0.144123, bi_search=143.857, bi_subSolve=2.47264, bi_maintain_time=0.628319, admm_maintain=2.00185, area4=-nan, infea=0.93748, d_obj=4.93772., heldout Acc=0.995309 (13/50), overall time=17146.3
i=99, a_nnz=5.70107, ever_a_nnz=19.1798, b_nnz=269.767, uni_search=28.9806, uni_subSolve=1.3591, uni_maintain_time=0.15092, bi_search=130.834, bi_subSolve=2.14652, bi_maintain_time=0.522129, admm_maintain=1.97675, area4=-nan, infea=0.836069, d_obj=2.22905., heldout Acc=0.996049 (14/50), overall time=17312.3
i=100, a_nnz=5.71192, ever_a_nnz=19.227, b_nnz=271.608, uni_search=51.3607, uni_subSolve=2.62659, uni_maintain_time=0.209725, bi_search=160.083, bi_subSolve=3.76523, bi_maintain_time=0.860562, admm_maintain=2.98448, area4=-nan, infea=0.763921, d_obj=0.349948., heldout Acc=0.994074 (15/50), overall time=17534.2
i=101, a_nnz=5.71709, ever_a_nnz=19.2774, b_nnz=273.581, uni_search=29.913, uni_subSolve=1.32058, uni_maintain_time=0.147028, bi_search=133.391, bi_subSolve=2.49761, bi_maintain_time=0.58074, admm_maintain=1.34861, area4=-nan, infea=0.741656, d_obj=0.317994., heldout Acc=0.994815 (16/50), overall time=17703.5
i=102, a_nnz=5.72386, ever_a_nnz=19.3269, b_nnz=275.502, uni_search=41.651, uni_subSolve=2.0549, uni_maintain_time=0.189949, bi_search=126.079, bi_subSolve=2.01926, bi_maintain_time=0.478099, admm_maintain=0.92392, area4=-nan, infea=0.984073, d_obj=-1.24833., heldout Acc=0.996296 (17/50), overall time=17876.9
