using heldout data set: /scratch/cluster/ianyen/data/multilabel/Eur-Lex-Small.subtest.100
D=5001
K=405
N=15666
d=237.683
r=1
i=0, a_nnz=2.13941, ever_a_nnz=2.13941, b_nnz=2.10417, uni_search=4.64393, uni_subSolve=0.24343, uni_maintain_time=0.118526, bi_search=140.666, bi_subSolve=0.0954292, bi_maintain_time=0.0694189, admm_maintain=0.0153978, area4=-nan, infea=1.80414, d_obj=1549.53., heldout Acc=0.984198, overall time=146.054
i=1, a_nnz=2.68237, ever_a_nnz=2.80442, b_nnz=3.95015, uni_search=4.64925, uni_subSolve=0.241308, uni_maintain_time=0.108012, bi_search=117.306, bi_subSolve=0.0590817, bi_maintain_time=0.0579693, admm_maintain=0.0479656, area4=-nan, infea=10.2167, d_obj=13774.3., heldout Acc=0.98716, overall time=268.543
i=2, a_nnz=3.00906, ever_a_nnz=3.37265, b_nnz=5.85797, uni_search=10.3778, uni_subSolve=0.619409, uni_maintain_time=0.132873, bi_search=151.735, bi_subSolve=0.223111, bi_maintain_time=0.184364, admm_maintain=0.100409, area4=-nan, infea=19.2506, d_obj=22472., heldout Acc=0.990617, overall time=431.959
i=3, a_nnz=3.20522, ever_a_nnz=3.8535, b_nnz=7.76197, uni_search=13.67, uni_subSolve=0.950248, uni_maintain_time=0.157106, bi_search=177.37, bi_subSolve=0.383917, bi_maintain_time=0.310197, admm_maintain=0.135858, area4=-nan, infea=23.8123, d_obj=35999.8., heldout Acc=0.991605, overall time=624.995
i=4, a_nnz=3.40451, ever_a_nnz=4.31891, b_nnz=9.81425, uni_search=6.04363, uni_subSolve=0.312025, uni_maintain_time=0.12158, bi_search=141.908, bi_subSolve=0.256994, bi_maintain_time=0.204473, admm_maintain=0.0933353, area4=-nan, infea=28.1503, d_obj=42809.9., heldout Acc=0.991358 (1/50), overall time=773.969
i=5, a_nnz=3.5579, ever_a_nnz=4.74269, b_nnz=11.8942, uni_search=5.93979, uni_subSolve=0.283378, uni_maintain_time=0.092513, bi_search=145.779, bi_subSolve=0.328738, bi_maintain_time=0.251298, admm_maintain=0.11514, area4=-nan, infea=29.5486, d_obj=50029.5., heldout Acc=0.992593, overall time=926.792
i=6, a_nnz=3.69118, ever_a_nnz=5.13769, b_nnz=14.0719, uni_search=9.25797, uni_subSolve=0.438905, uni_maintain_time=0.101692, bi_search=120.414, bi_subSolve=0.127337, bi_maintain_time=0.105835, admm_maintain=0.0646614, area4=-nan, infea=27.446, d_obj=38868.2., heldout Acc=0.988889 (1/50), overall time=1057.32
i=7, a_nnz=3.79893, ever_a_nnz=5.50243, b_nnz=16.2535, uni_search=9.87466, uni_subSolve=0.431587, uni_maintain_time=0.0976981, bi_search=133.043, bi_subSolve=0.185274, bi_maintain_time=0.149686, admm_maintain=0.128214, area4=-nan, infea=28.7655, d_obj=42661.4., heldout Acc=0.994074, overall time=1201.26
i=8, a_nnz=3.93815, ever_a_nnz=5.85785, b_nnz=18.5297, uni_search=12.7223, uni_subSolve=0.581311, uni_maintain_time=0.113092, bi_search=116.596, bi_subSolve=0.12688, bi_maintain_time=0.0965505, admm_maintain=0.0756788, area4=-nan, infea=23.5027, d_obj=34970.2., heldout Acc=0.993333 (1/50), overall time=1331.59
i=9, a_nnz=4.06364, ever_a_nnz=6.19086, b_nnz=20.7818, uni_search=7.76104, uni_subSolve=0.368833, uni_maintain_time=0.144865, bi_search=139.744, bi_subSolve=0.278355, bi_maintain_time=0.212586, admm_maintain=0.142453, area4=-nan, infea=20.9676, d_obj=28737.5., heldout Acc=0.99358 (2/50), overall time=1480.26
i=10, a_nnz=4.17011, ever_a_nnz=6.49821, b_nnz=22.9761, uni_search=23.6455, uni_subSolve=1.47868, uni_maintain_time=0.209181, bi_search=167.861, bi_subSolve=0.465305, bi_maintain_time=0.343788, admm_maintain=0.265712, area4=-nan, infea=17.8174, d_obj=25482.7., heldout Acc=0.994568, overall time=1674.58
i=11, a_nnz=4.25961, ever_a_nnz=6.78725, b_nnz=25.2022, uni_search=22.2866, uni_subSolve=1.55394, uni_maintain_time=0.213338, bi_search=162.21, bi_subSolve=0.534612, bi_maintain_time=0.360155, admm_maintain=0.0926513, area4=-nan, infea=15.4459, d_obj=24086.6., heldout Acc=0.99284 (1/50), overall time=1861.88
i=12, a_nnz=4.35082, ever_a_nnz=7.05892, b_nnz=27.382, uni_search=8.33139, uni_subSolve=0.385116, uni_maintain_time=0.13048, bi_search=117.329, bi_subSolve=0.199838, bi_maintain_time=0.133812, admm_maintain=0.134072, area4=-nan, infea=17.1733, d_obj=21239.3., heldout Acc=0.993333 (2/50), overall time=1988.53
i=13, a_nnz=4.4511, ever_a_nnz=7.31674, b_nnz=29.5762, uni_search=12.9121, uni_subSolve=0.64471, uni_maintain_time=0.138454, bi_search=156.75, bi_subSolve=0.482025, bi_maintain_time=0.326651, admm_maintain=0.323896, area4=-nan, infea=14.8705, d_obj=19404.3., heldout Acc=0.994074 (3/50), overall time=2160.15
i=14, a_nnz=4.54564, ever_a_nnz=7.57762, b_nnz=31.8349, uni_search=18.9645, uni_subSolve=1.01895, uni_maintain_time=0.159492, bi_search=134.736, bi_subSolve=0.372111, bi_maintain_time=0.25041, admm_maintain=0.260359, area4=-nan, infea=14.9506, d_obj=24640.6., heldout Acc=0.994815, overall time=2315.93
i=15, a_nnz=4.61496, ever_a_nnz=7.81667, b_nnz=34.0372, uni_search=17.0445, uni_subSolve=0.813016, uni_maintain_time=0.134823, bi_search=141.867, bi_subSolve=0.46856, bi_maintain_time=0.297366, admm_maintain=0.254127, area4=-nan, infea=11.4428, d_obj=16980.2., heldout Acc=0.995062, overall time=2476.84
i=16, a_nnz=4.70299, ever_a_nnz=8.04749, b_nnz=36.2267, uni_search=8.552, uni_subSolve=0.382335, uni_maintain_time=0.112112, bi_search=110.376, bi_subSolve=0.198897, bi_maintain_time=0.117196, admm_maintain=0.135004, area4=-nan, infea=9.59099, d_obj=14245.5., heldout Acc=0.995309, overall time=2596.72
i=17, a_nnz=4.77397, ever_a_nnz=8.26018, b_nnz=38.3398, uni_search=8.8554, uni_subSolve=0.398172, uni_maintain_time=0.123269, bi_search=125.105, bi_subSolve=0.350418, bi_maintain_time=0.212173, admm_maintain=0.147992, area4=-nan, infea=8.6619, d_obj=10623.2., heldout Acc=0.992099 (1/50), overall time=2731.93
i=18, a_nnz=4.84514, ever_a_nnz=8.4737, b_nnz=40.478, uni_search=21.4038, uni_subSolve=1.16304, uni_maintain_time=0.177574, bi_search=128.984, bi_subSolve=0.39407, bi_maintain_time=0.238048, admm_maintain=0.138767, area4=-nan, infea=11.7165, d_obj=16991.2., heldout Acc=0.996049, overall time=2884.46
i=19, a_nnz=4.92959, ever_a_nnz=8.67745, b_nnz=42.6101, uni_search=21.8481, uni_subSolve=1.14191, uni_maintain_time=0.171029, bi_search=144.91, bi_subSolve=0.554636, bi_maintain_time=0.331073, admm_maintain=0.326377, area4=-nan, infea=8.84128, d_obj=11670.9., heldout Acc=0.995062 (1/50), overall time=3053.77
i=20, a_nnz=5.00332, ever_a_nnz=8.87929, b_nnz=44.7885, uni_search=22.5399, uni_subSolve=1.23857, uni_maintain_time=0.185744, bi_search=139.197, bi_subSolve=0.573169, bi_maintain_time=0.317142, admm_maintain=0.164281, area4=-nan, infea=8.4248, d_obj=10255.8., heldout Acc=0.994074 (2/50), overall time=3218.02
i=21, a_nnz=5.05528, ever_a_nnz=9.06262, b_nnz=46.805, uni_search=13.2409, uni_subSolve=0.65644, uni_maintain_time=0.147896, bi_search=136.329, bi_subSolve=0.567581, bi_maintain_time=0.321386, admm_maintain=0.166673, area4=-nan, infea=8.69286, d_obj=7355.29., heldout Acc=0.995309 (3/50), overall time=3369.47
i=22, a_nnz=5.13296, ever_a_nnz=9.23797, b_nnz=48.8218, uni_search=10.295, uni_subSolve=0.480962, uni_maintain_time=0.158731, bi_search=148.376, bi_subSolve=0.64899, bi_maintain_time=0.355952, admm_maintain=0.491445, area4=-nan, infea=6.83547, d_obj=6121.26., heldout Acc=0.993333 (4/50), overall time=3530.31
i=23, a_nnz=5.20133, ever_a_nnz=9.40936, b_nnz=50.8374, uni_search=23.1532, uni_subSolve=1.22665, uni_maintain_time=0.183665, bi_search=144.04, bi_subSolve=0.63199, bi_maintain_time=0.351607, admm_maintain=0.386788, area4=-nan, infea=6.90099, d_obj=5152.31., heldout Acc=0.990123 (5/50), overall time=3700.31
i=24, a_nnz=5.27212, ever_a_nnz=9.57781, b_nnz=52.8655, uni_search=25.8507, uni_subSolve=1.55697, uni_maintain_time=0.214696, bi_search=134.058, bi_subSolve=0.581282, bi_maintain_time=0.31638, admm_maintain=0.19575, area4=-nan, infea=5.34306, d_obj=4532.7., heldout Acc=0.994321 (6/50), overall time=3863.12
i=25, a_nnz=5.35382, ever_a_nnz=9.73975, b_nnz=54.9194, uni_search=12.7909, uni_subSolve=0.639186, uni_maintain_time=0.162673, bi_search=120.676, bi_subSolve=0.425794, bi_maintain_time=0.211987, admm_maintain=0.19376, area4=-nan, infea=4.90707, d_obj=3735.25., heldout Acc=0.994568 (7/50), overall time=3998.24
i=26, a_nnz=5.43336, ever_a_nnz=9.88848, b_nnz=56.8253, uni_search=13.9036, uni_subSolve=0.670631, uni_maintain_time=0.199166, bi_search=116.786, bi_subSolve=0.364059, bi_maintain_time=0.189359, admm_maintain=0.606298, area4=-nan, infea=4.15288, d_obj=3074.39., heldout Acc=0.989136 (8/50), overall time=4130.97
i=27, a_nnz=5.50032, ever_a_nnz=10.029, b_nnz=58.6753, uni_search=15.436, uni_subSolve=0.828471, uni_maintain_time=0.164613, bi_search=127.285, bi_subSolve=0.50351, bi_maintain_time=0.257338, admm_maintain=0.293625, area4=-nan, infea=4.52214, d_obj=2770.82., heldout Acc=0.992593 (9/50), overall time=4275.76
i=28, a_nnz=5.57188, ever_a_nnz=10.1674, b_nnz=60.5397, uni_search=21.0188, uni_subSolve=1.0659, uni_maintain_time=0.196159, bi_search=150.116, bi_subSolve=0.763375, bi_maintain_time=0.396071, admm_maintain=0.590893, area4=-nan, infea=4.39905, d_obj=2650.89., heldout Acc=0.994568 (10/50), overall time=4449.95
i=29, a_nnz=5.63335, ever_a_nnz=10.307, b_nnz=62.4066, uni_search=11.2184, uni_subSolve=0.519946, uni_maintain_time=0.148691, bi_search=139.762, bi_subSolve=0.708299, bi_maintain_time=0.358003, admm_maintain=0.466811, area4=-nan, infea=3.9474, d_obj=2358.9., heldout Acc=0.993086 (11/50), overall time=4603.16
i=30, a_nnz=5.71748, ever_a_nnz=10.4459, b_nnz=64.3182, uni_search=11.5907, uni_subSolve=0.549416, uni_maintain_time=0.188515, bi_search=132.564, bi_subSolve=0.607077, bi_maintain_time=0.305063, admm_maintain=0.212867, area4=-nan, infea=3.97319, d_obj=1928.5., heldout Acc=0.990617 (12/50), overall time=4749.2
i=31, a_nnz=5.77339, ever_a_nnz=10.5662, b_nnz=66.0362, uni_search=20.1908, uni_subSolve=0.94556, uni_maintain_time=0.157386, bi_search=132.234, bi_subSolve=0.612915, bi_maintain_time=0.314331, admm_maintain=0.507128, area4=-nan, infea=3.42574, d_obj=1709.12., heldout Acc=0.988395 (13/50), overall time=4904.18
i=32, a_nnz=5.83289, ever_a_nnz=10.6822, b_nnz=67.7553, uni_search=10.9794, uni_subSolve=0.497951, uni_maintain_time=0.133438, bi_search=121.353, bi_subSolve=0.510973, bi_maintain_time=0.242096, admm_maintain=0.520416, area4=-nan, infea=3.81705, d_obj=1458.71., heldout Acc=0.993827 (14/50), overall time=5038.44
i=33, a_nnz=5.89021, ever_a_nnz=10.7904, b_nnz=69.3937, uni_search=15.46, uni_subSolve=0.746043, uni_maintain_time=0.154854, bi_search=141.615, bi_subSolve=0.825607, bi_maintain_time=0.382658, admm_maintain=0.649384, area4=-nan, infea=3.1073, d_obj=1278.78., heldout Acc=0.994815 (15/50), overall time=5198.3
i=34, a_nnz=5.9633, ever_a_nnz=10.9053, b_nnz=71.0739, uni_search=15.2909, uni_subSolve=0.756816, uni_maintain_time=0.179981, bi_search=138.4, bi_subSolve=0.756635, bi_maintain_time=0.361972, admm_maintain=0.500158, area4=-nan, infea=3.47636, d_obj=1630.14., heldout Acc=0.992593 (16/50), overall time=5354.58
i=35, a_nnz=6.02049, ever_a_nnz=11.02, b_nnz=72.8445, uni_search=11.2693, uni_subSolve=0.514426, uni_maintain_time=0.134981, bi_search=116.447, bi_subSolve=0.45337, bi_maintain_time=0.207673, admm_maintain=0.239406, area4=-nan, infea=3.19192, d_obj=1486.77., heldout Acc=0.99284 (17/50), overall time=5483.86
i=36, a_nnz=6.08451, ever_a_nnz=11.1343, b_nnz=74.604, uni_search=20.7994, uni_subSolve=1.28705, uni_maintain_time=0.207458, bi_search=143.588, bi_subSolve=0.91091, bi_maintain_time=0.413375, admm_maintain=0.692498, area4=-nan, infea=3.35967, d_obj=1334.29., heldout Acc=0.988642 (18/50), overall time=5651.79
i=37, a_nnz=6.15869, ever_a_nnz=11.2461, b_nnz=76.3664, uni_search=20.5172, uni_subSolve=1.11704, uni_maintain_time=0.162274, bi_search=134.437, bi_subSolve=0.800165, bi_maintain_time=0.365566, admm_maintain=0.262596, area4=-nan, infea=3.40314, d_obj=1209.49., heldout Acc=0.986667 (19/50), overall time=5809.48
i=38, a_nnz=6.20222, ever_a_nnz=11.3435, b_nnz=78.0094, uni_search=26.4656, uni_subSolve=1.36263, uni_maintain_time=0.188819, bi_search=132.089, bi_subSolve=0.747053, bi_maintain_time=0.347412, admm_maintain=0.566585, area4=-nan, infea=2.96828, d_obj=1048.69., heldout Acc=0.98963 (20/50), overall time=5971.28
i=39, a_nnz=6.26554, ever_a_nnz=11.4379, b_nnz=79.652, uni_search=34.282, uni_subSolve=1.94806, uni_maintain_time=0.263405, bi_search=125.868, bi_subSolve=0.634157, bi_maintain_time=0.287454, admm_maintain=0.581283, area4=-nan, infea=1.98948, d_obj=938.486., heldout Acc=0.989877 (21/50), overall time=6135.17
i=40, a_nnz=6.32925, ever_a_nnz=11.5386, b_nnz=81.3882, uni_search=26.1187, uni_subSolve=1.58876, uni_maintain_time=0.219274, bi_search=122.083, bi_subSolve=0.583411, bi_maintain_time=0.266031, admm_maintain=0.571733, area4=-nan, infea=3.42727, d_obj=913.098., heldout Acc=0.991605 (22/50), overall time=6286.62
i=41, a_nnz=6.38702, ever_a_nnz=11.6408, b_nnz=83.1339, uni_search=11.3995, uni_subSolve=0.515992, uni_maintain_time=0.130752, bi_search=124.533, bi_subSolve=0.627007, bi_maintain_time=0.275241, admm_maintain=0.28636, area4=-nan, infea=3.44987, d_obj=872.443., heldout Acc=0.991111 (23/50), overall time=6424.41
i=42, a_nnz=6.44338, ever_a_nnz=11.7341, b_nnz=84.8012, uni_search=36.1271, uni_subSolve=2.01143, uni_maintain_time=0.263217, bi_search=157.808, bi_subSolve=1.175, bi_maintain_time=0.535011, admm_maintain=0.84439, area4=-nan, infea=3.27614, d_obj=758.056., heldout Acc=0.990123 (24/50), overall time=6623.22
i=43, a_nnz=6.49598, ever_a_nnz=11.8201, b_nnz=86.3439, uni_search=15.6243, uni_subSolve=0.726948, uni_maintain_time=0.161959, bi_search=139.026, bi_subSolve=0.906723, bi_maintain_time=0.422308, admm_maintain=0.24557, area4=-nan, infea=2.96704, d_obj=701.116., heldout Acc=0.993086 (25/50), overall time=6780.36
i=44, a_nnz=6.54896, ever_a_nnz=11.9083, b_nnz=87.9124, uni_search=21.2605, uni_subSolve=1.09017, uni_maintain_time=0.179173, bi_search=146.575, bi_subSolve=1.09656, bi_maintain_time=0.481028, admm_maintain=0.575147, area4=-nan, infea=2.82286, d_obj=634.563., heldout Acc=0.99037 (26/50), overall time=6951.65
i=45, a_nnz=6.60973, ever_a_nnz=11.9909, b_nnz=89.4878, uni_search=12.2197, uni_subSolve=0.573776, uni_maintain_time=0.153885, bi_search=114.081, bi_subSolve=0.49466, bi_maintain_time=0.217165, admm_maintain=0.63309, area4=-nan, infea=3.48492, d_obj=629.644., heldout Acc=0.987407 (27/50), overall time=7080.04
i=46, a_nnz=6.66099, ever_a_nnz=12.0729, b_nnz=91.0316, uni_search=12.5947, uni_subSolve=0.594628, uni_maintain_time=0.170884, bi_search=148.581, bi_subSolve=1.20695, bi_maintain_time=0.494497, admm_maintain=0.302058, area4=-nan, infea=2.5571, d_obj=581.357., heldout Acc=0.992593 (28/50), overall time=7244.02
i=47, a_nnz=6.72629, ever_a_nnz=12.1609, b_nnz=92.6825, uni_search=23.8796, uni_subSolve=1.11583, uni_maintain_time=0.162466, bi_search=133.267, bi_subSolve=0.734826, bi_maintain_time=0.328893, admm_maintain=0.359655, area4=-nan, infea=3.07134, d_obj=393.665., heldout Acc=0.98963 (29/50), overall time=7403.89
i=48, a_nnz=6.76752, ever_a_nnz=12.2392, b_nnz=94.1937, uni_search=35.2566, uni_subSolve=2.40522, uni_maintain_time=0.291664, bi_search=114.718, bi_subSolve=0.519622, bi_maintain_time=0.227678, admm_maintain=0.287731, area4=-nan, infea=2.47685, d_obj=328.252., heldout Acc=0.99358 (30/50), overall time=7557.62
i=49, a_nnz=6.82899, ever_a_nnz=12.3211, b_nnz=95.7765, uni_search=12.9098, uni_subSolve=0.620379, uni_maintain_time=0.180378, bi_search=110.711, bi_subSolve=0.448908, bi_maintain_time=0.198536, admm_maintain=0.32529, area4=-nan, infea=2.88643, d_obj=370.042., heldout Acc=0.991111 (31/50), overall time=7683.03
i=50, a_nnz=6.87246, ever_a_nnz=12.4009, b_nnz=97.3134, uni_search=12.2243, uni_subSolve=0.565681, uni_maintain_time=0.146029, bi_search=166.082, bi_subSolve=1.45183, bi_maintain_time=0.645417, admm_maintain=1.01508, area4=-nan, infea=3.10832, d_obj=407.623., heldout Acc=0.992593 (32/50), overall time=7865.19
i=51, a_nnz=6.9294, ever_a_nnz=12.4887, b_nnz=99.0036, uni_search=13.0019, uni_subSolve=0.62446, uni_maintain_time=0.185409, bi_search=162.451, bi_subSolve=1.39026, bi_maintain_time=0.630837, admm_maintain=0.857101, area4=-nan, infea=2.59873, d_obj=323.94., heldout Acc=0.992593 (33/50), overall time=8044.37
i=52, a_nnz=6.95736, ever_a_nnz=12.5642, b_nnz=100.551, uni_search=29.7667, uni_subSolve=1.6216, uni_maintain_time=0.222758, bi_search=122.174, bi_subSolve=0.690116, bi_maintain_time=0.297081, admm_maintain=0.308568, area4=-nan, infea=2.82746, d_obj=260.385., heldout Acc=0.990123 (34/50), overall time=8199.47
i=53, a_nnz=7.01366, ever_a_nnz=12.6402, b_nnz=102.083, uni_search=28.8269, uni_subSolve=1.43934, uni_maintain_time=0.196551, bi_search=144.966, bi_subSolve=1.13397, bi_maintain_time=0.502813, admm_maintain=0.7505, area4=-nan, infea=3.08928, d_obj=238.954., heldout Acc=0.99037 (35/50), overall time=8377.32
i=54, a_nnz=7.06773, ever_a_nnz=12.7091, b_nnz=103.534, uni_search=12.466, uni_subSolve=0.536839, uni_maintain_time=0.125115, bi_search=116.567, bi_subSolve=0.598142, bi_maintain_time=0.271226, admm_maintain=0.38899, area4=-nan, infea=2.72575, d_obj=217.191., heldout Acc=0.991852 (36/50), overall time=8508.29
i=55, a_nnz=7.12677, ever_a_nnz=12.7767, b_nnz=105.004, uni_search=30.2759, uni_subSolve=1.51632, uni_maintain_time=0.206807, bi_search=137.201, bi_subSolve=1.04512, bi_maintain_time=0.465532, admm_maintain=0.718916, area4=-nan, infea=2.67917, d_obj=200.337., heldout Acc=0.992593 (37/50), overall time=8679.75
i=56, a_nnz=7.18077, ever_a_nnz=12.8432, b_nnz=106.459, uni_search=30.7468, uni_subSolve=1.53826, uni_maintain_time=0.206915, bi_search=137.377, bi_subSolve=1.06362, bi_maintain_time=0.467539, admm_maintain=0.404479, area4=-nan, infea=3.2091, d_obj=185.831., heldout Acc=0.990864 (38/50), overall time=8851.58
i=57, a_nnz=7.22941, ever_a_nnz=12.9049, b_nnz=107.859, uni_search=17.8003, uni_subSolve=0.824426, uni_maintain_time=0.149153, bi_search=134.233, bi_subSolve=0.981558, bi_maintain_time=0.417263, admm_maintain=0.629335, area4=-nan, infea=3.05929, d_obj=172.406., heldout Acc=0.988642 (39/50), overall time=9006.64
i=58, a_nnz=7.27627, ever_a_nnz=12.9641, b_nnz=109.244, uni_search=31.5734, uni_subSolve=1.59297, uni_maintain_time=0.213164, bi_search=136.969, bi_subSolve=1.07152, bi_maintain_time=0.461005, admm_maintain=0.812271, area4=-nan, infea=3.10853, d_obj=158.729., heldout Acc=0.993333 (40/50), overall time=9179.37
i=59, a_nnz=7.32887, ever_a_nnz=13.0236, b_nnz=110.635, uni_search=32.5961, uni_subSolve=2.06527, uni_maintain_time=0.248062, bi_search=162.096, bi_subSolve=1.71128, bi_maintain_time=0.676405, admm_maintain=1.25062, area4=-nan, infea=2.73945, d_obj=142.619., heldout Acc=0.995309 (41/50), overall time=9380.06
i=60, a_nnz=7.37399, ever_a_nnz=13.0848, b_nnz=112.092, uni_search=31.6862, uni_subSolve=1.60074, uni_maintain_time=0.207786, bi_search=125.352, bi_subSolve=0.863117, bi_maintain_time=0.361314, admm_maintain=0.375025, area4=-nan, infea=3.14839, d_obj=153.779., heldout Acc=0.995802 (42/50), overall time=9540.53
i=61, a_nnz=7.42168, ever_a_nnz=13.1464, b_nnz=113.537, uni_search=34.2966, uni_subSolve=1.63332, uni_maintain_time=0.210454, bi_search=142.076, bi_subSolve=1.29228, bi_maintain_time=0.557809, admm_maintain=0.841007, area4=-nan, infea=2.81785, d_obj=146.003., heldout Acc=0.99358 (43/50), overall time=9721.47
i=62, a_nnz=7.47306, ever_a_nnz=13.2087, b_nnz=114.99, uni_search=12.8404, uni_subSolve=0.604853, uni_maintain_time=0.147871, bi_search=143.925, bi_subSolve=1.21195, bi_maintain_time=0.505951, admm_maintain=1.07129, area4=-nan, infea=2.72129, d_obj=131.847., heldout Acc=0.994815 (44/50), overall time=9881.81
i=63, a_nnz=7.51838, ever_a_nnz=13.2733, b_nnz=116.499, uni_search=27.9598, uni_subSolve=1.44013, uni_maintain_time=0.215379, bi_search=135.821, bi_subSolve=1.10307, bi_maintain_time=0.474484, admm_maintain=0.797599, area4=-nan, infea=3.11718, d_obj=130.57., heldout Acc=0.993827 (45/50), overall time=10049.7
i=64, a_nnz=7.55822, ever_a_nnz=13.3327, b_nnz=117.898, uni_search=15.3617, uni_subSolve=0.752347, uni_maintain_time=0.161565, bi_search=117.378, bi_subSolve=0.618813, bi_maintain_time=0.296339, admm_maintain=0.408443, area4=-nan, infea=2.65309, d_obj=134.951., heldout Acc=0.991852 (46/50), overall time=10184.6
i=65, a_nnz=7.59715, ever_a_nnz=13.3869, b_nnz=119.266, uni_search=31.3606, uni_subSolve=1.48297, uni_maintain_time=0.221339, bi_search=141.8, bi_subSolve=1.33963, bi_maintain_time=0.563997, admm_maintain=0.917465, area4=-nan, infea=1.82098, d_obj=124.06., heldout Acc=0.993827 (47/50), overall time=10362.4
i=66, a_nnz=7.6465, ever_a_nnz=13.4454, b_nnz=120.72, uni_search=31.5668, uni_subSolve=1.48254, uni_maintain_time=0.202624, bi_search=137.893, bi_subSolve=1.21877, bi_maintain_time=0.515929, admm_maintain=0.924149, area4=-nan, infea=1.72694, d_obj=124.113., heldout Acc=0.993333 (48/50), overall time=10536.2
i=67, a_nnz=7.69239, ever_a_nnz=13.502, b_nnz=122.14, uni_search=14.0251, uni_subSolve=0.700862, uni_maintain_time=0.189473, bi_search=149.146, bi_subSolve=1.35052, bi_maintain_time=0.551445, admm_maintain=0.413254, area4=-nan, infea=2.94609, d_obj=133.531., heldout Acc=0.990123 (49/50), overall time=10702.6
i=68, a_nnz=7.73082, ever_a_nnz=13.5659, b_nnz=123.627, uni_search=39.206, uni_subSolve=2.30974, uni_maintain_time=0.288315, bi_search=141.876, bi_subSolve=1.3233, bi_maintain_time=0.579125, admm_maintain=0.836, area4=-nan, infea=2.78256, d_obj=108.136., heldout Acc=0.995556 (50/50), overall time=10889.1, overall time=10889.1
