using heldout data set: /scratch/cluster/ianyen/data/multilabel/Eur-Lex-Small.subtest.100
D=5001
K=405
N=15666
d=237.683
r=1
i=0, a_nnz=2.15786, ever_a_nnz=2.15786, b_nnz=2.18888, uni_search=4.37601, uni_subSolve=0.227075, uni_maintain_time=0.15643, bi_search=133.957, bi_subSolve=0.0833042, bi_maintain_time=0.0587564, admm_maintain=0.0336114, area4=-nan, infea=53.7249, d_obj=7342.92., heldout Acc=0.963951, overall time=139.083
i=1, a_nnz=2.66762, ever_a_nnz=2.81093, b_nnz=4.00064, uni_search=8.56269, uni_subSolve=0.534736, uni_maintain_time=0.110687, bi_search=137.063, bi_subSolve=0.136611, bi_maintain_time=0.107697, admm_maintain=0.0405101, area4=-nan, infea=97.6434, d_obj=15532.1., heldout Acc=0.987901, overall time=285.674
i=2, a_nnz=2.96681, ever_a_nnz=3.34878, b_nnz=5.71186, uni_search=4.99713, uni_subSolve=0.264853, uni_maintain_time=0.103066, bi_search=148.267, bi_subSolve=0.211404, bi_maintain_time=0.157989, admm_maintain=0.0729061, area4=-nan, infea=180.888, d_obj=37182.9., heldout Acc=0.985185 (1/50), overall time=439.786
i=3, a_nnz=3.19424, ever_a_nnz=3.8445, b_nnz=7.53332, uni_search=11.4076, uni_subSolve=0.686054, uni_maintain_time=0.133123, bi_search=143.25, bi_subSolve=0.233121, bi_maintain_time=0.173876, admm_maintain=0.0599507, area4=-nan, infea=181.938, d_obj=42328.6., heldout Acc=0.994074, overall time=595.77
i=4, a_nnz=3.36716, ever_a_nnz=4.2845, b_nnz=9.41434, uni_search=14.3284, uni_subSolve=0.859668, uni_maintain_time=0.151612, bi_search=160.035, bi_subSolve=0.344687, bi_maintain_time=0.250718, admm_maintain=0.12349, area4=-nan, infea=200.206, d_obj=43046.3., heldout Acc=0.991111 (1/50), overall time=771.912
i=5, a_nnz=3.52879, ever_a_nnz=4.69973, b_nnz=11.4124, uni_search=18.6478, uni_subSolve=1.22203, uni_maintain_time=0.188844, bi_search=148.465, bi_subSolve=0.315929, bi_maintain_time=0.228283, admm_maintain=0.0572127, area4=-nan, infea=210.806, d_obj=49531.7., heldout Acc=0.992593 (2/50), overall time=941.079
i=6, a_nnz=3.6673, ever_a_nnz=5.08024, b_nnz=13.4352, uni_search=14.269, uni_subSolve=0.788974, uni_maintain_time=0.155501, bi_search=140.221, bi_subSolve=0.302055, bi_maintain_time=0.211297, admm_maintain=0.107119, area4=-nan, infea=185.225, d_obj=34670., heldout Acc=0.992593 (3/50), overall time=1097.17
i=7, a_nnz=3.81163, ever_a_nnz=5.43757, b_nnz=15.4632, uni_search=10.3968, uni_subSolve=0.620753, uni_maintain_time=0.141622, bi_search=124.434, bi_subSolve=0.245808, bi_maintain_time=0.173312, admm_maintain=0.057597, area4=-nan, infea=155.784, d_obj=28924.9., heldout Acc=0.994815, overall time=1233.27
i=8, a_nnz=3.94293, ever_a_nnz=5.76995, b_nnz=17.5277, uni_search=11.5987, uni_subSolve=0.71444, uni_maintain_time=0.15198, bi_search=134.791, bi_subSolve=0.340309, bi_maintain_time=0.2254, admm_maintain=0.0893448, area4=-nan, infea=126.935, d_obj=22759.6., heldout Acc=0.994074 (1/50), overall time=1381.22
i=9, a_nnz=4.08579, ever_a_nnz=6.09205, b_nnz=19.6578, uni_search=11.5131, uni_subSolve=0.673652, uni_maintain_time=0.1469, bi_search=138.243, bi_subSolve=0.414492, bi_maintain_time=0.26599, admm_maintain=0.15559, area4=-nan, infea=117.623, d_obj=19335., heldout Acc=0.995309, overall time=1532.67
i=10, a_nnz=4.20669, ever_a_nnz=6.39334, b_nnz=21.7756, uni_search=16.0539, uni_subSolve=1.05233, uni_maintain_time=0.197024, bi_search=152.74, bi_subSolve=0.553418, bi_maintain_time=0.351998, admm_maintain=0.276883, area4=-nan, infea=104.736, d_obj=14064.5., heldout Acc=0.995062 (1/50), overall time=1703.94
i=11, a_nnz=4.3124, ever_a_nnz=6.65984, b_nnz=23.8522, uni_search=7.74463, uni_subSolve=0.350511, uni_maintain_time=0.117211, bi_search=131.645, bi_subSolve=0.309456, bi_maintain_time=0.191683, admm_maintain=0.128584, area4=-nan, infea=75.4873, d_obj=11327.9., heldout Acc=0.99358 (2/50), overall time=1844.45
i=12, a_nnz=4.43949, ever_a_nnz=6.92098, b_nnz=25.9456, uni_search=7.8326, uni_subSolve=0.3521, uni_maintain_time=0.112421, bi_search=108.732, bi_subSolve=0.138356, bi_maintain_time=0.0867866, admm_maintain=0.0977525, area4=-nan, infea=66.3535, d_obj=8619.94., heldout Acc=0.994815 (3/50), overall time=1961.82
i=13, a_nnz=4.54953, ever_a_nnz=7.16826, b_nnz=27.9872, uni_search=8.01736, uni_subSolve=0.361444, uni_maintain_time=0.114535, bi_search=118.633, bi_subSolve=0.236392, bi_maintain_time=0.146189, admm_maintain=0.0991356, area4=-nan, infea=54.9277, d_obj=7592.71., heldout Acc=0.994815 (4/50), overall time=2089.45
i=14, a_nnz=4.64598, ever_a_nnz=7.40163, b_nnz=30.0439, uni_search=8.2373, uni_subSolve=0.373294, uni_maintain_time=0.116223, bi_search=108.664, bi_subSolve=0.155999, bi_maintain_time=0.0943722, admm_maintain=0.100104, area4=-nan, infea=57.8852, d_obj=8160.98., heldout Acc=0.995309 (5/50), overall time=2207.2
i=15, a_nnz=4.74997, ever_a_nnz=7.63201, b_nnz=32.2239, uni_search=12.205, uni_subSolve=0.526867, uni_maintain_time=0.112329, bi_search=138.816, bi_subSolve=0.399407, bi_maintain_time=0.230667, admm_maintain=0.218323, area4=-nan, infea=75.096, d_obj=9497.92., heldout Acc=0.995309 (6/50), overall time=2359.75
i=16, a_nnz=4.82772, ever_a_nnz=7.86021, b_nnz=34.3694, uni_search=15.3719, uni_subSolve=0.936359, uni_maintain_time=0.161687, bi_search=134.955, bi_subSolve=0.447256, bi_maintain_time=0.260696, admm_maintain=0.317227, area4=-nan, infea=59.5429, d_obj=8334.52., heldout Acc=0.993333 (7/50), overall time=2512.23
i=17, a_nnz=4.89991, ever_a_nnz=8.06607, b_nnz=36.4447, uni_search=18.6398, uni_subSolve=0.917071, uni_maintain_time=0.140266, bi_search=138.356, bi_subSolve=0.450039, bi_maintain_time=0.259737, admm_maintain=0.249048, area4=-nan, infea=49.5922, d_obj=6381.45., heldout Acc=0.994568 (8/50), overall time=2671.27
i=18, a_nnz=4.98908, ever_a_nnz=8.26082, b_nnz=38.4785, uni_search=19.606, uni_subSolve=1.02501, uni_maintain_time=0.16467, bi_search=132.482, bi_subSolve=0.351505, bi_maintain_time=0.203064, admm_maintain=0.158568, area4=-nan, infea=41.7421, d_obj=5167.84., heldout Acc=0.994815 (9/50), overall time=2825.3
i=19, a_nnz=5.07053, ever_a_nnz=8.45155, b_nnz=40.4998, uni_search=13.8329, uni_subSolve=0.581251, uni_maintain_time=0.115059, bi_search=127.02, bi_subSolve=0.314855, bi_maintain_time=0.178541, admm_maintain=0.163462, area4=-nan, infea=41.1938, d_obj=4645.82., heldout Acc=0.995062 (10/50), overall time=2967.53
i=20, a_nnz=5.14298, ever_a_nnz=8.6322, b_nnz=42.4798, uni_search=14.4004, uni_subSolve=0.611525, uni_maintain_time=0.118185, bi_search=130.55, bi_subSolve=0.343444, bi_maintain_time=0.192077, admm_maintain=0.170297, area4=-nan, infea=30.7057, d_obj=3275.56., heldout Acc=0.994815 (11/50), overall time=3113.94
i=21, a_nnz=5.22941, ever_a_nnz=8.80365, b_nnz=44.4333, uni_search=9.85895, uni_subSolve=0.412316, uni_maintain_time=0.0973062, bi_search=128.142, bi_subSolve=0.387015, bi_maintain_time=0.215618, admm_maintain=0.287277, area4=-nan, infea=33.7412, d_obj=4723.08., heldout Acc=0.996296, overall time=3253.36
i=22, a_nnz=5.29427, ever_a_nnz=8.97249, b_nnz=46.3836, uni_search=20.2568, uni_subSolve=0.986805, uni_maintain_time=0.146501, bi_search=138.176, bi_subSolve=0.546629, bi_maintain_time=0.302404, admm_maintain=0.300658, area4=-nan, infea=30.8414, d_obj=3265.79., heldout Acc=0.991358 (1/50), overall time=3414.11
i=23, a_nnz=5.37878, ever_a_nnz=9.14867, b_nnz=48.3564, uni_search=11.968, uni_subSolve=0.619637, uni_maintain_time=0.18287, bi_search=147.271, bi_subSolve=0.737919, bi_maintain_time=0.401047, admm_maintain=0.433343, area4=-nan, infea=34.6382, d_obj=3806.04., heldout Acc=0.995062 (2/50), overall time=3575.76
i=24, a_nnz=5.42346, ever_a_nnz=9.3122, b_nnz=50.2818, uni_search=10.4848, uni_subSolve=0.491913, uni_maintain_time=0.172857, bi_search=153.692, bi_subSolve=0.838616, bi_maintain_time=0.433457, admm_maintain=0.499195, area4=-nan, infea=36.7792, d_obj=3822.13., heldout Acc=0.992346 (3/50), overall time=3742.41
i=25, a_nnz=5.48213, ever_a_nnz=9.47134, b_nnz=52.2241, uni_search=9.98086, uni_subSolve=0.45219, uni_maintain_time=0.137584, bi_search=108.729, bi_subSolve=0.244049, bi_maintain_time=0.128168, admm_maintain=0.166682, area4=-nan, infea=28.1291, d_obj=2678.86., heldout Acc=0.988889 (4/50), overall time=3862.26
i=26, a_nnz=5.53913, ever_a_nnz=9.6193, b_nnz=54.1183, uni_search=18.255, uni_subSolve=0.971719, uni_maintain_time=0.147025, bi_search=134.158, bi_subSolve=0.558039, bi_maintain_time=0.285446, admm_maintain=0.336424, area4=-nan, infea=26.8565, d_obj=2369.11., heldout Acc=0.993827 (5/50), overall time=4017.01
i=27, a_nnz=5.61049, ever_a_nnz=9.76337, b_nnz=55.9895, uni_search=18.2416, uni_subSolve=1.09828, uni_maintain_time=0.17855, bi_search=125.243, bi_subSolve=0.519877, bi_maintain_time=0.25226, admm_maintain=0.174396, area4=-nan, infea=27.7611, d_obj=2213.11., heldout Acc=0.993086 (6/50), overall time=4162.74
i=28, a_nnz=5.68397, ever_a_nnz=9.90623, b_nnz=57.8781, uni_search=11.2912, uni_subSolve=0.484337, uni_maintain_time=0.106013, bi_search=127.236, bi_subSolve=0.475128, bi_maintain_time=0.254116, admm_maintain=0.229541, area4=-nan, infea=23.331, d_obj=1922.49., heldout Acc=0.990617 (7/50), overall time=4302.84
i=29, a_nnz=5.73382, ever_a_nnz=10.0438, b_nnz=59.6645, uni_search=22.3481, uni_subSolve=1.10275, uni_maintain_time=0.157062, bi_search=138.124, bi_subSolve=0.669922, bi_maintain_time=0.356383, admm_maintain=0.406097, area4=-nan, infea=25.032, d_obj=1909., heldout Acc=0.991358 (8/50), overall time=4466.04
i=30, a_nnz=5.7845, ever_a_nnz=10.1746, b_nnz=61.5144, uni_search=22.2469, uni_subSolve=1.08992, uni_maintain_time=0.157448, bi_search=139.148, bi_subSolve=0.698592, bi_maintain_time=0.348744, admm_maintain=0.42596, area4=-nan, infea=24.7195, d_obj=1546.85., heldout Acc=0.987654 (9/50), overall time=4630.19
i=31, a_nnz=5.84821, ever_a_nnz=10.2973, b_nnz=63.2877, uni_search=20.1801, uni_subSolve=1.20189, uni_maintain_time=0.183054, bi_search=129.503, bi_subSolve=0.639664, bi_maintain_time=0.300831, admm_maintain=0.238092, area4=-nan, infea=23.1408, d_obj=1406.98., heldout Acc=0.988889 (10/50), overall time=4782.46
i=32, a_nnz=5.895, ever_a_nnz=10.427, b_nnz=65.1366, uni_search=21.7151, uni_subSolve=1.33884, uni_maintain_time=0.199678, bi_search=137.743, bi_subSolve=0.791821, bi_maintain_time=0.380735, admm_maintain=0.297782, area4=-nan, infea=37.958, d_obj=4934.17., heldout Acc=0.99037 (11/50), overall time=4944.96
i=33, a_nnz=5.9414, ever_a_nnz=10.579, b_nnz=67.2682, uni_search=15.8425, uni_subSolve=0.857435, uni_maintain_time=0.157749, bi_search=146.22, bi_subSolve=0.958473, bi_maintain_time=0.451424, admm_maintain=0.623461, area4=-nan, infea=35.3099, d_obj=3073.89., heldout Acc=0.996049 (12/50), overall time=5110.11
i=34, a_nnz=5.98545, ever_a_nnz=10.7198, b_nnz=69.2525, uni_search=25.7562, uni_subSolve=1.63539, uni_maintain_time=0.203713, bi_search=137.039, bi_subSolve=0.763066, bi_maintain_time=0.388104, admm_maintain=0.482241, area4=-nan, infea=27.574, d_obj=2081.25., heldout Acc=0.99284 (13/50), overall time=5276.41
i=35, a_nnz=6.02515, ever_a_nnz=10.8494, b_nnz=71.0825, uni_search=11.2834, uni_subSolve=0.518863, uni_maintain_time=0.142328, bi_search=125.819, bi_subSolve=0.647083, bi_maintain_time=0.31871, admm_maintain=0.405681, area4=-nan, infea=25.8435, d_obj=1830.91., heldout Acc=0.988889 (14/50), overall time=5415.57
i=36, a_nnz=6.07896, ever_a_nnz=10.9713, b_nnz=72.875, uni_search=16.6038, uni_subSolve=0.878224, uni_maintain_time=0.151101, bi_search=134.395, bi_subSolve=0.811303, bi_maintain_time=0.395932, admm_maintain=0.686423, area4=-nan, infea=24.5779, d_obj=1523.82., heldout Acc=0.990123 (15/50), overall time=5569.52
i=37, a_nnz=6.13807, ever_a_nnz=11.0773, b_nnz=74.5889, uni_search=15.4752, uni_subSolve=0.815554, uni_maintain_time=0.150321, bi_search=148.135, bi_subSolve=1.04145, bi_maintain_time=0.488633, admm_maintain=0.630656, area4=-nan, infea=22.189, d_obj=1208.38., heldout Acc=0.989383 (16/50), overall time=5736.3
i=38, a_nnz=6.18467, ever_a_nnz=11.1784, b_nnz=76.2828, uni_search=30.3044, uni_subSolve=1.97611, uni_maintain_time=0.242548, bi_search=140.976, bi_subSolve=0.92844, bi_maintain_time=0.415676, admm_maintain=0.399722, area4=-nan, infea=22.7445, d_obj=1103.79., heldout Acc=0.990617 (17/50), overall time=5911.57
i=39, a_nnz=6.25067, ever_a_nnz=11.2907, b_nnz=78.1155, uni_search=14.5733, uni_subSolve=0.724331, uni_maintain_time=0.148529, bi_search=139.733, bi_subSolve=0.915676, bi_maintain_time=0.420007, admm_maintain=0.710259, area4=-nan, infea=20.0593, d_obj=839.932., heldout Acc=0.988642 (18/50), overall time=6068.83
i=40, a_nnz=6.29248, ever_a_nnz=11.3844, b_nnz=79.7569, uni_search=11.4371, uni_subSolve=0.519083, uni_maintain_time=0.135038, bi_search=109.028, bi_subSolve=0.360693, bi_maintain_time=0.172566, admm_maintain=0.253487, area4=-nan, infea=17.9533, d_obj=717.696., heldout Acc=0.98963 (19/50), overall time=6190.75
i=41, a_nnz=6.35848, ever_a_nnz=11.4746, b_nnz=81.334, uni_search=29.9869, uni_subSolve=1.92564, uni_maintain_time=0.235511, bi_search=138.45, bi_subSolve=0.834209, bi_maintain_time=0.387522, admm_maintain=0.326667, area4=-nan, infea=19.1312, d_obj=607.011., heldout Acc=0.991852 (20/50), overall time=6362.93
i=42, a_nnz=6.4167, ever_a_nnz=11.5585, b_nnz=82.8679, uni_search=22.6665, uni_subSolve=1.36058, uni_maintain_time=0.189283, bi_search=132.939, bi_subSolve=0.869779, bi_maintain_time=0.388622, admm_maintain=0.716768, area4=-nan, infea=18.7048, d_obj=537.3., heldout Acc=0.992099 (21/50), overall time=6522.1
i=43, a_nnz=6.47325, ever_a_nnz=11.6379, b_nnz=84.3201, uni_search=18.5066, uni_subSolve=0.968026, uni_maintain_time=0.181783, bi_search=154.039, bi_subSolve=1.13934, bi_maintain_time=0.539242, admm_maintain=0.571965, area4=-nan, infea=19.5561, d_obj=486.292., heldout Acc=0.993086 (22/50), overall time=6698.08
i=44, a_nnz=6.52451, ever_a_nnz=11.7159, b_nnz=85.8578, uni_search=26.4124, uni_subSolve=1.37464, uni_maintain_time=0.200024, bi_search=140.521, bi_subSolve=0.9385, bi_maintain_time=0.426106, admm_maintain=0.584304, area4=-nan, infea=18.6598, d_obj=466.746., heldout Acc=0.994568 (23/50), overall time=6868.57
i=45, a_nnz=6.57583, ever_a_nnz=11.7919, b_nnz=87.376, uni_search=21.2066, uni_subSolve=0.963534, uni_maintain_time=0.14682, bi_search=122.261, bi_subSolve=0.664606, bi_maintain_time=0.308666, admm_maintain=0.349144, area4=-nan, infea=16.5481, d_obj=410.091., heldout Acc=0.990617 (24/50), overall time=7014.5
i=46, a_nnz=6.63552, ever_a_nnz=11.8688, b_nnz=88.9024, uni_search=37.2662, uni_subSolve=2.05888, uni_maintain_time=0.25894, bi_search=156.97, bi_subSolve=1.28803, bi_maintain_time=0.559785, admm_maintain=0.684762, area4=-nan, infea=17.5119, d_obj=401.66., heldout Acc=0.995309 (25/50), overall time=7213.64
i=47, a_nnz=6.6982, ever_a_nnz=11.9452, b_nnz=90.3764, uni_search=17.9842, uni_subSolve=0.873758, uni_maintain_time=0.150312, bi_search=119.631, bi_subSolve=0.589873, bi_maintain_time=0.284802, admm_maintain=0.395014, area4=-nan, infea=16.2577, d_obj=339.227., heldout Acc=0.991605 (26/50), overall time=7353.57
i=48, a_nnz=6.75361, ever_a_nnz=12.0186, b_nnz=91.9013, uni_search=29.3415, uni_subSolve=1.86543, uni_maintain_time=0.228543, bi_search=132.402, bi_subSolve=0.928032, bi_maintain_time=0.394049, admm_maintain=0.412413, area4=-nan, infea=15.3742, d_obj=302.418., heldout Acc=0.996049 (27/50), overall time=7519.17
i=49, a_nnz=6.80295, ever_a_nnz=12.0878, b_nnz=93.3282, uni_search=18.9198, uni_subSolve=1.09352, uni_maintain_time=0.190062, bi_search=122.702, bi_subSolve=0.728396, bi_maintain_time=0.333694, admm_maintain=0.285019, area4=-nan, infea=15.7208, d_obj=281.116., heldout Acc=0.992099 (28/50), overall time=7663.45
i=50, a_nnz=6.85995, ever_a_nnz=12.1551, b_nnz=94.7781, uni_search=12.0497, uni_subSolve=0.552663, uni_maintain_time=0.138055, bi_search=121.606, bi_subSolve=0.704605, bi_maintain_time=0.311686, admm_maintain=0.329147, area4=-nan, infea=12.7527, d_obj=254.538., heldout Acc=0.995802 (29/50), overall time=7799.16
i=51, a_nnz=6.91395, ever_a_nnz=12.2209, b_nnz=96.2622, uni_search=16.0462, uni_subSolve=0.849532, uni_maintain_time=0.150537, bi_search=114.179, bi_subSolve=0.554917, bi_maintain_time=0.249335, admm_maintain=0.282745, area4=-nan, infea=15.6894, d_obj=237.75., heldout Acc=0.990864 (30/50), overall time=7931.49
i=52, a_nnz=6.95653, ever_a_nnz=12.2807, b_nnz=97.6363, uni_search=19.4689, uni_subSolve=1.11458, uni_maintain_time=0.189382, bi_search=135.211, bi_subSolve=1.01987, bi_maintain_time=0.42889, admm_maintain=0.839322, area4=-nan, infea=13.4463, d_obj=216.753., heldout Acc=0.99679, overall time=8089.79
i=53, a_nnz=7.00262, ever_a_nnz=12.3421, b_nnz=99.0403, uni_search=26.6769, uni_subSolve=1.33163, uni_maintain_time=0.175132, bi_search=137.825, bi_subSolve=0.992036, bi_maintain_time=0.440823, admm_maintain=0.61694, area4=-nan, infea=14.0424, d_obj=195.471., heldout Acc=0.992593 (1/50), overall time=8257.89
i=54, a_nnz=7.05151, ever_a_nnz=12.3968, b_nnz=100.383, uni_search=24.3283, uni_subSolve=1.44101, uni_maintain_time=0.190851, bi_search=135.258, bi_subSolve=1.06628, bi_maintain_time=0.447266, admm_maintain=0.816692, area4=-nan, infea=15.0578, d_obj=187.076., heldout Acc=0.99284 (2/50), overall time=8421.47
i=55, a_nnz=7.09805, ever_a_nnz=12.4563, b_nnz=101.844, uni_search=23.9085, uni_subSolve=1.44096, uni_maintain_time=0.213814, bi_search=128.301, bi_subSolve=0.913712, bi_maintain_time=0.388418, admm_maintain=0.402506, area4=-nan, infea=13.2156, d_obj=172.515., heldout Acc=0.993086 (3/50), overall time=8577.07
i=56, a_nnz=7.14943, ever_a_nnz=12.5117, b_nnz=103.164, uni_search=18.7316, uni_subSolve=1.05153, uni_maintain_time=0.186967, bi_search=131.931, bi_subSolve=1.02032, bi_maintain_time=0.43594, admm_maintain=0.582454, area4=-nan, infea=13.4427, d_obj=162.325., heldout Acc=0.996543 (4/50), overall time=8731.04
i=57, a_nnz=7.20503, ever_a_nnz=12.5733, b_nnz=104.594, uni_search=15.1277, uni_subSolve=0.720472, uni_maintain_time=0.169942, bi_search=138.099, bi_subSolve=1.07093, bi_maintain_time=0.483633, admm_maintain=0.718424, area4=-nan, infea=14.3109, d_obj=164.877., heldout Acc=0.996296 (5/50), overall time=8887.46
i=58, a_nnz=7.2418, ever_a_nnz=12.6298, b_nnz=105.986, uni_search=13.0839, uni_subSolve=0.636762, uni_maintain_time=0.181529, bi_search=110.187, bi_subSolve=0.494339, bi_maintain_time=0.228659, admm_maintain=0.36091, area4=-nan, infea=14.518, d_obj=148.607., heldout Acc=0.994568 (6/50), overall time=9012.65
i=59, a_nnz=7.28999, ever_a_nnz=12.6856, b_nnz=107.436, uni_search=13.1008, uni_subSolve=0.636099, uni_maintain_time=0.180182, bi_search=110.103, bi_subSolve=0.496712, bi_maintain_time=0.229075, admm_maintain=0.358377, area4=-nan, infea=15.523, d_obj=141.498., heldout Acc=0.995802 (7/50), overall time=9137.76
i=60, a_nnz=7.32944, ever_a_nnz=12.7385, b_nnz=108.758, uni_search=12.7559, uni_subSolve=0.602464, uni_maintain_time=0.148519, bi_search=109.459, bi_subSolve=0.489936, bi_maintain_time=0.223245, admm_maintain=0.33789, area4=-nan, infea=15.9237, d_obj=138.41., heldout Acc=0.995062 (8/50), overall time=9261.8
i=61, a_nnz=7.37885, ever_a_nnz=12.7931, b_nnz=110.103, uni_search=27.8047, uni_subSolve=1.38984, uni_maintain_time=0.180081, bi_search=140.988, bi_subSolve=1.11934, bi_maintain_time=0.509288, admm_maintain=0.741796, area4=-nan, infea=13.5506, d_obj=127.238., heldout Acc=0.996049 (9/50), overall time=9434.57
i=62, a_nnz=7.41906, ever_a_nnz=12.8501, b_nnz=111.521, uni_search=28.2964, uni_subSolve=1.42089, uni_maintain_time=0.180197, bi_search=144.819, bi_subSolve=1.15701, bi_maintain_time=0.51531, admm_maintain=0.714913, area4=-nan, infea=14.8913, d_obj=191.059., heldout Acc=0.994568 (10/50), overall time=9611.72
i=63, a_nnz=7.46208, ever_a_nnz=12.9079, b_nnz=112.87, uni_search=28.7087, uni_subSolve=1.4912, uni_maintain_time=0.20027, bi_search=154.609, bi_subSolve=1.45513, bi_maintain_time=0.672298, admm_maintain=1.01906, area4=-nan, infea=15.4329, d_obj=167.136., heldout Acc=0.997284, overall time=9799.92
i=64, a_nnz=7.49968, ever_a_nnz=12.9624, b_nnz=114.168, uni_search=15.752, uni_subSolve=0.8382, uni_maintain_time=0.162238, bi_search=142.136, bi_subSolve=1.37337, bi_maintain_time=0.600938, admm_maintain=1.03155, area4=-nan, infea=15.8739, d_obj=155.703., heldout Acc=0.995556 (1/50), overall time=9961.85
i=65, a_nnz=7.53747, ever_a_nnz=13.0119, b_nnz=115.391, uni_search=38.0792, uni_subSolve=2.66723, uni_maintain_time=0.289866, bi_search=159.534, bi_subSolve=1.81709, bi_maintain_time=0.785953, admm_maintain=1.07898, area4=-nan, infea=14.2515, d_obj=144.702., heldout Acc=0.997037 (2/50), overall time=10166.2
i=66, a_nnz=7.59077, ever_a_nnz=13.067, b_nnz=116.685, uni_search=13.5271, uni_subSolve=0.669876, uni_maintain_time=0.187564, bi_search=110.201, bi_subSolve=0.538089, bi_maintain_time=0.25882, admm_maintain=0.388794, area4=-nan, infea=15.6378, d_obj=141.215., heldout Acc=0.996049 (3/50), overall time=10291.9
i=67, a_nnz=7.62652, ever_a_nnz=13.1151, b_nnz=117.985, uni_search=13.6261, uni_subSolve=0.67253, uni_maintain_time=0.18632, bi_search=110.269, bi_subSolve=0.539604, bi_maintain_time=0.257066, admm_maintain=0.391156, area4=-nan, infea=12.5976, d_obj=105.404., heldout Acc=0.995802 (4/50), overall time=10417.9
i=68, a_nnz=7.66852, ever_a_nnz=13.1658, b_nnz=119.316, uni_search=13.4229, uni_subSolve=0.661264, uni_maintain_time=0.176259, bi_search=110.128, bi_subSolve=0.539079, bi_maintain_time=0.258193, admm_maintain=0.390102, area4=-nan, infea=14.5645, d_obj=103.363., heldout Acc=0.995802 (5/50), overall time=10543.5
i=69, a_nnz=7.71378, ever_a_nnz=13.2125, b_nnz=120.541, uni_search=35.419, uni_subSolve=2.39489, uni_maintain_time=0.282948, bi_search=159.344, bi_subSolve=1.82967, bi_maintain_time=0.740982, admm_maintain=1.08011, area4=-nan, infea=14.4655, d_obj=99.4526., heldout Acc=0.995802 (6/50), overall time=10744.6
i=70, a_nnz=7.75073, ever_a_nnz=13.2582, b_nnz=121.78, uni_search=31.74, uni_subSolve=1.51966, uni_maintain_time=0.199568, bi_search=137.899, bi_subSolve=1.2958, bi_maintain_time=0.575816, admm_maintain=0.83497, area4=-nan, infea=13.6028, d_obj=91.2119., heldout Acc=0.998025, overall time=10918.7
i=71, a_nnz=7.79005, ever_a_nnz=13.3156, b_nnz=123.203, uni_search=21.9599, uni_subSolve=0.959901, uni_maintain_time=0.157965, bi_search=133.106, bi_subSolve=1.12706, bi_maintain_time=0.514449, admm_maintain=0.802932, area4=-nan, infea=13.7795, d_obj=168.857., heldout Acc=0.997037 (1/50), overall time=11077.4
i=72, a_nnz=7.84176, ever_a_nnz=13.379, b_nnz=124.71, uni_search=30.0821, uni_subSolve=1.68614, uni_maintain_time=0.224703, bi_search=164.052, bi_subSolve=1.78234, bi_maintain_time=0.778883, admm_maintain=1.17193, area4=-nan, infea=14.9171, d_obj=200.515., heldout Acc=0.995802 (2/50), overall time=11277.2
i=73, a_nnz=7.87336, ever_a_nnz=13.4378, b_nnz=126.144, uni_search=42.0601, uni_subSolve=2.44332, uni_maintain_time=0.279462, bi_search=164.542, bi_subSolve=1.81378, bi_maintain_time=0.77437, admm_maintain=1.15816, area4=-nan, infea=15.0462, d_obj=187.748., heldout Acc=0.995802 (3/50), overall time=11490.4
i=74, a_nnz=7.89519, ever_a_nnz=13.4893, b_nnz=127.558, uni_search=30.6044, uni_subSolve=1.55016, uni_maintain_time=0.193029, bi_search=144.595, bi_subSolve=1.29817, bi_maintain_time=0.564563, admm_maintain=0.831545, area4=-nan, infea=13.607, d_obj=141.407., heldout Acc=0.994568 (4/50), overall time=11670
i=75, a_nnz=7.9317, ever_a_nnz=13.5402, b_nnz=128.94, uni_search=29.8935, uni_subSolve=1.56755, uni_maintain_time=0.195402, bi_search=140.335, bi_subSolve=1.2792, bi_maintain_time=0.551866, admm_maintain=0.547965, area4=-nan, infea=14.6476, d_obj=122.021., heldout Acc=0.99358 (5/50), overall time=11844.4
i=76, a_nnz=7.96183, ever_a_nnz=13.5823, b_nnz=130.11, uni_search=29.1208, uni_subSolve=1.48351, uni_maintain_time=0.182002, bi_search=138.937, bi_subSolve=1.24593, bi_maintain_time=0.551622, admm_maintain=0.789941, area4=-nan, infea=11.8184, d_obj=97.3321., heldout Acc=0.99284 (6/50), overall time=12016.8
i=77, a_nnz=7.994, ever_a_nnz=13.6286, b_nnz=131.403, uni_search=19.7253, uni_subSolve=1.00507, uni_maintain_time=0.156032, bi_search=122.315, bi_subSolve=0.92258, bi_maintain_time=0.404039, admm_maintain=0.826981, area4=-nan, infea=13.0032, d_obj=91.2407., heldout Acc=0.996543 (7/50), overall time=12162.2
i=78, a_nnz=8.0166, ever_a_nnz=13.6708, b_nnz=132.522, uni_search=29.4717, uni_subSolve=1.53959, uni_maintain_time=0.193301, bi_search=142.132, bi_subSolve=1.32382, bi_maintain_time=0.587249, admm_maintain=0.87134, area4=-nan, infea=12.6805, d_obj=83.4543., heldout Acc=0.997778 (8/50), overall time=12338.3
i=79, a_nnz=8.04366, ever_a_nnz=13.7143, b_nnz=133.726, uni_search=29.4613, uni_subSolve=1.49597, uni_maintain_time=0.184562, bi_search=144.75, bi_subSolve=1.28725, bi_maintain_time=0.554475, admm_maintain=0.840811, area4=-nan, infea=14.5373, d_obj=76.5946., heldout Acc=0.996296 (9/50), overall time=12516.9
i=80, a_nnz=8.07634, ever_a_nnz=13.7547, b_nnz=134.959, uni_search=28.9628, uni_subSolve=1.49252, uni_maintain_time=0.181136, bi_search=139.842, bi_subSolve=1.30046, bi_maintain_time=0.554376, admm_maintain=0.878627, area4=-nan, infea=13.0769, d_obj=67.3648., heldout Acc=0.995802 (10/50), overall time=12690.2
i=81, a_nnz=8.10839, ever_a_nnz=13.7913, b_nnz=136.164, uni_search=14.421, uni_subSolve=0.734988, uni_maintain_time=0.215969, bi_search=110.837, bi_subSolve=0.618552, bi_maintain_time=0.294122, admm_maintain=0.451335, area4=-nan, infea=12.6596, d_obj=62.2618., heldout Acc=0.996296 (11/50), overall time=12817.8
i=82, a_nnz=8.14043, ever_a_nnz=13.8301, b_nnz=137.332, uni_search=13.9754, uni_subSolve=0.70898, uni_maintain_time=0.174737, bi_search=110.684, bi_subSolve=0.61544, bi_maintain_time=0.284279, admm_maintain=0.441848, area4=-nan, infea=14.0422, d_obj=60.5016., heldout Acc=0.994321 (12/50), overall time=12944.7
i=83, a_nnz=8.16737, ever_a_nnz=13.862, b_nnz=138.434, uni_search=23.5983, uni_subSolve=1.16429, uni_maintain_time=0.185547, bi_search=137.281, bi_subSolve=1.41599, bi_maintain_time=0.613055, admm_maintain=0.953754, area4=-nan, infea=13.2166, d_obj=56.4174., heldout Acc=0.996296 (13/50), overall time=13109.9
i=84, a_nnz=8.20535, ever_a_nnz=13.9119, b_nnz=139.734, uni_search=40.0229, uni_subSolve=2.78171, uni_maintain_time=0.296549, bi_search=159.94, bi_subSolve=2.07611, bi_maintain_time=0.840723, admm_maintain=1.29976, area4=-nan, infea=11.7685, d_obj=113.09., heldout Acc=0.995309 (14/50), overall time=13317.2
i=85, a_nnz=8.22718, ever_a_nnz=13.9562, b_nnz=140.938, uni_search=36.6919, uni_subSolve=2.5556, uni_maintain_time=0.302671, bi_search=142.904, bi_subSolve=1.60297, bi_maintain_time=0.677955, admm_maintain=0.459191, area4=-nan, infea=13.8059, d_obj=79.4678., heldout Acc=0.997037 (15/50), overall time=13502.5
i=86, a_nnz=8.26069, ever_a_nnz=14.0015, b_nnz=142.118, uni_search=17.0324, uni_subSolve=0.937458, uni_maintain_time=0.195868, bi_search=138.854, bi_subSolve=1.48318, bi_maintain_time=0.643885, admm_maintain=0.953079, area4=-nan, infea=12.6002, d_obj=65.7242., heldout Acc=0.995802 (16/50), overall time=13662.6
i=87, a_nnz=8.28105, ever_a_nnz=14.0392, b_nnz=143.303, uni_search=24.4137, uni_subSolve=1.49972, uni_maintain_time=0.205783, bi_search=146.192, bi_subSolve=1.5697, bi_maintain_time=0.633525, admm_maintain=0.842088, area4=-nan, infea=12.0945, d_obj=64.8888., heldout Acc=0.997284 (17/50), overall time=13838
i=88, a_nnz=8.31597, ever_a_nnz=14.0776, b_nnz=144.494, uni_search=30.1802, uni_subSolve=1.57621, uni_maintain_time=0.187596, bi_search=131.089, bi_subSolve=1.15628, bi_maintain_time=0.486803, admm_maintain=0.59515, area4=-nan, infea=12.747, d_obj=53.883., heldout Acc=0.996543 (18/50), overall time=14003.3
i=89, a_nnz=8.34138, ever_a_nnz=14.1131, b_nnz=145.657, uni_search=31.2216, uni_subSolve=1.57682, uni_maintain_time=0.188834, bi_search=138.706, bi_subSolve=1.51371, bi_maintain_time=0.623925, admm_maintain=0.994395, area4=-nan, infea=12.4548, d_obj=49.6864., heldout Acc=0.998272, overall time=14178.2
i=90, a_nnz=8.3664, ever_a_nnz=14.1452, b_nnz=146.793, uni_search=26.0377, uni_subSolve=1.41731, uni_maintain_time=0.204686, bi_search=146.306, bi_subSolve=1.73216, bi_maintain_time=0.677625, admm_maintain=1.42261, area4=-nan, infea=9.26369, d_obj=40.6332., heldout Acc=0.998025 (1/50), overall time=14356
i=91, a_nnz=8.40534, ever_a_nnz=14.1801, b_nnz=148.026, uni_search=30.7153, uni_subSolve=1.62934, uni_maintain_time=0.213133, bi_search=123.792, bi_subSolve=1.00985, bi_maintain_time=0.422132, admm_maintain=0.450076, area4=-nan, infea=11.0687, d_obj=39.77., heldout Acc=0.995309 (2/50), overall time=14514.3
i=92, a_nnz=8.42238, ever_a_nnz=14.2143, b_nnz=149.288, uni_search=23.1645, uni_subSolve=1.10421, uni_maintain_time=0.154672, bi_search=131.296, bi_subSolve=0.971753, bi_maintain_time=0.394812, admm_maintain=0.643114, area4=-nan, infea=12.2207, d_obj=38.8822., heldout Acc=0.995309 (3/50), overall time=14672
i=93, a_nnz=8.45161, ever_a_nnz=14.2536, b_nnz=150.657, uni_search=23.5823, uni_subSolve=1.45891, uni_maintain_time=0.219044, bi_search=141.786, bi_subSolve=1.64544, bi_maintain_time=0.623313, admm_maintain=0.974067, area4=-nan, infea=13.7206, d_obj=124.164., heldout Acc=0.995802 (4/50), overall time=14842.4
i=94, a_nnz=8.47951, ever_a_nnz=14.3014, b_nnz=152.11, uni_search=25.5142, uni_subSolve=1.62616, uni_maintain_time=0.235623, bi_search=124.766, bi_subSolve=1.12484, bi_maintain_time=0.467409, admm_maintain=0.471146, area4=-nan, infea=12.3577, d_obj=68.3169., heldout Acc=0.998025 (5/50), overall time=14996.6
i=95, a_nnz=8.49911, ever_a_nnz=14.3421, b_nnz=153.421, uni_search=25.2831, uni_subSolve=1.27789, uni_maintain_time=0.170741, bi_search=141.14, bi_subSolve=1.46148, bi_maintain_time=0.59959, admm_maintain=0.943859, area4=-nan, infea=12.6874, d_obj=54.7357., heldout Acc=0.996543 (6/50), overall time=15167.5
i=96, a_nnz=8.52011, ever_a_nnz=14.3757, b_nnz=154.619, uni_search=16.759, uni_subSolve=0.900225, uni_maintain_time=0.182758, bi_search=164.022, bi_subSolve=2.32527, bi_maintain_time=0.921838, admm_maintain=1.49425, area4=-nan, infea=12.7893, d_obj=45.1958., heldout Acc=0.996296 (7/50), overall time=15354.2
i=97, a_nnz=8.542, ever_a_nnz=14.4096, b_nnz=155.717, uni_search=42.7617, uni_subSolve=3.06683, uni_maintain_time=0.347343, bi_search=161.924, bi_subSolve=1.75189, bi_maintain_time=0.760388, admm_maintain=1.01219, area4=-nan, infea=12.8869, d_obj=38.7313., heldout Acc=0.996049 (8/50), overall time=15565.8
i=98, a_nnz=8.5699, ever_a_nnz=14.4408, b_nnz=156.86, uni_search=14.0363, uni_subSolve=0.706529, uni_maintain_time=0.155646, bi_search=109.683, bi_subSolve=0.663746, bi_maintain_time=0.281099, admm_maintain=0.477319, area4=-nan, infea=12.4857, d_obj=35.855., heldout Acc=0.996296 (9/50), overall time=15691.8
i=99, a_nnz=8.59734, ever_a_nnz=14.4726, b_nnz=157.99, uni_search=38.9778, uni_subSolve=2.69599, uni_maintain_time=0.291069, bi_search=139.855, bi_subSolve=1.65062, bi_maintain_time=0.689705, admm_maintain=1.11613, area4=-nan, infea=12.5106, d_obj=33.4734., heldout Acc=0.996543 (10/50), overall time=15877.2
i=100, a_nnz=8.6299, ever_a_nnz=14.505, b_nnz=159.14, uni_search=40.6294, uni_subSolve=2.86161, uni_maintain_time=0.297742, bi_search=158.733, bi_subSolve=2.25158, bi_maintain_time=0.850029, admm_maintain=1.46673, area4=-nan, infea=12.64, d_obj=30.9909., heldout Acc=0.997778 (11/50), overall time=16084.3
i=101, a_nnz=8.64343, ever_a_nnz=14.5317, b_nnz=160.175, uni_search=14.6704, uni_subSolve=0.771662, uni_maintain_time=0.193526, bi_search=110.557, bi_subSolve=0.703509, bi_maintain_time=0.319696, admm_maintain=0.525458, area4=-nan, infea=10.9609, d_obj=27.776., heldout Acc=0.998519, overall time=16212.1
i=102, a_nnz=8.67126, ever_a_nnz=14.5613, b_nnz=161.343, uni_search=14.6505, uni_subSolve=0.7991, uni_maintain_time=0.1927, bi_search=123.547, bi_subSolve=1.11223, bi_maintain_time=0.465493, admm_maintain=1.07871, area4=-nan, infea=11.6737, d_obj=27.276., heldout Acc=0.998519 (1/50), overall time=16353.9
i=103, a_nnz=8.69437, ever_a_nnz=14.5941, b_nnz=162.452, uni_search=14.7193, uni_subSolve=0.779068, uni_maintain_time=0.19317, bi_search=123.283, bi_subSolve=0.94076, bi_maintain_time=0.41957, admm_maintain=1.10158, area4=-nan, infea=11.8114, d_obj=27.4202., heldout Acc=0.995802 (2/50), overall time=16495.4
i=104, a_nnz=8.73318, ever_a_nnz=14.6466, b_nnz=163.93, uni_search=39.7342, uni_subSolve=2.78951, uni_maintain_time=0.286333, bi_search=122.674, bi_subSolve=1.09088, bi_maintain_time=0.45772, admm_maintain=0.648822, area4=-nan, infea=12.552, d_obj=136.841., heldout Acc=0.996049 (3/50), overall time=16663.1
i=105, a_nnz=8.75807, ever_a_nnz=14.6889, b_nnz=165.39, uni_search=14.7953, uni_subSolve=0.783692, uni_maintain_time=0.19488, bi_search=132.898, bi_subSolve=1.29659, bi_maintain_time=0.536007, admm_maintain=1.50697, area4=-nan, infea=10.865, d_obj=61.0935., heldout Acc=0.997284 (4/50), overall time=16815.1
i=106, a_nnz=8.77276, ever_a_nnz=14.7217, b_nnz=166.581, uni_search=35.6609, uni_subSolve=1.81475, uni_maintain_time=0.212775, bi_search=147.446, bi_subSolve=1.94327, bi_maintain_time=0.76264, admm_maintain=1.55908, area4=-nan, infea=11.425, d_obj=50.4577., heldout Acc=0.998025 (5/50), overall time=17004.6
i=107, a_nnz=8.79957, ever_a_nnz=14.7589, b_nnz=167.723, uni_search=32.9555, uni_subSolve=1.82726, uni_maintain_time=0.215855, bi_search=161.323, bi_subSolve=1.63584, bi_maintain_time=0.684969, admm_maintain=1.09323, area4=-nan, infea=12.997, d_obj=32.8409., heldout Acc=0.997284 (6/50), overall time=17204.4
i=108, a_nnz=8.82535, ever_a_nnz=14.7948, b_nnz=169.016, uni_search=33.6897, uni_subSolve=1.89982, uni_maintain_time=0.222271, bi_search=158.506, bi_subSolve=2.34971, bi_maintain_time=0.902965, admm_maintain=1.57578, area4=-nan, infea=12.3897, d_obj=27.2845., heldout Acc=0.997531 (7/50), overall time=17403.5
i=109, a_nnz=8.84482, ever_a_nnz=14.8252, b_nnz=170.299, uni_search=32.6163, uni_subSolve=1.79839, uni_maintain_time=0.216357, bi_search=145.605, bi_subSolve=1.61177, bi_maintain_time=0.635557, admm_maintain=1.1226, area4=-nan, infea=12.2522, d_obj=24.0758., heldout Acc=0.99679 (8/50), overall time=17587.2
i=110, a_nnz=8.87151, ever_a_nnz=14.8526, b_nnz=171.372, uni_search=41.2296, uni_subSolve=2.92917, uni_maintain_time=0.290384, bi_search=148.628, bi_subSolve=1.87632, bi_maintain_time=0.729232, admm_maintain=1.05572, area4=-nan, infea=11.8456, d_obj=21.9827., heldout Acc=0.992593 (9/50), overall time=17784
i=111, a_nnz=8.89583, ever_a_nnz=14.8774, b_nnz=172.468, uni_search=31.6958, uni_subSolve=1.74153, uni_maintain_time=0.206375, bi_search=131.042, bi_subSolve=1.35163, bi_maintain_time=0.52248, admm_maintain=0.6924, area4=-nan, infea=10.2904, d_obj=19.43., heldout Acc=0.997778 (10/50), overall time=17951.3
i=112, a_nnz=8.92212, ever_a_nnz=14.9052, b_nnz=173.636, uni_search=32.2076, uni_subSolve=1.79255, uni_maintain_time=0.208337, bi_search=141.11, bi_subSolve=1.64137, bi_maintain_time=0.644935, admm_maintain=1.13606, area4=-nan, infea=10.3671, d_obj=18.0148., heldout Acc=0.997531 (11/50), overall time=18130
i=113, a_nnz=8.95059, ever_a_nnz=14.9351, b_nnz=174.791, uni_search=41.7815, uni_subSolve=2.98013, uni_maintain_time=0.324391, bi_search=160.511, bi_subSolve=2.45523, bi_maintain_time=0.931297, admm_maintain=1.51012, area4=-nan, infea=11.1549, d_obj=20.0767., heldout Acc=0.99358 (12/50), overall time=18340.6
i=114, a_nnz=8.96623, ever_a_nnz=14.96, b_nnz=175.958, uni_search=41.4755, uni_subSolve=2.95793, uni_maintain_time=0.313377, bi_search=159.916, bi_subSolve=2.42124, bi_maintain_time=0.869424, admm_maintain=1.64734, area4=-nan, infea=11.223, d_obj=17.9373., heldout Acc=0.995062 (13/50), overall time=18550.2
i=115, a_nnz=8.99464, ever_a_nnz=14.9883, b_nnz=177.152, uni_search=42.3134, uni_subSolve=3.03295, uni_maintain_time=0.29721, bi_search=160.685, bi_subSolve=2.48488, bi_maintain_time=0.89376, admm_maintain=1.60155, area4=-nan, infea=10.8793, d_obj=17.8915., heldout Acc=0.997284 (14/50), overall time=18761.6
i=116, a_nnz=9.01775, ever_a_nnz=15.0168, b_nnz=178.348, uni_search=37.1533, uni_subSolve=2.40897, uni_maintain_time=0.26163, bi_search=159.679, bi_subSolve=2.3193, bi_maintain_time=0.871867, admm_maintain=1.21001, area4=-nan, infea=11.1054, d_obj=16.4945., heldout Acc=0.997778 (15/50), overall time=18965.5
i=117, a_nnz=9.04181, ever_a_nnz=15.0447, b_nnz=179.55, uni_search=14.9965, uni_subSolve=0.811393, uni_maintain_time=0.195982, bi_search=110.416, bi_subSolve=0.764026, bi_maintain_time=0.337441, admm_maintain=0.573849, area4=-nan, infea=10.187, d_obj=12.7932., heldout Acc=0.996296 (16/50), overall time=19093.7
i=118, a_nnz=9.06441, ever_a_nnz=15.0714, b_nnz=180.727, uni_search=15.0085, uni_subSolve=0.813401, uni_maintain_time=0.195933, bi_search=110.454, bi_subSolve=0.766387, bi_maintain_time=0.354019, admm_maintain=0.580133, area4=-nan, infea=11.9271, d_obj=13.2243., heldout Acc=0.998025 (17/50), overall time=19221.8
i=119, a_nnz=9.08598, ever_a_nnz=15.0998, b_nnz=181.907, uni_search=15.1988, uni_subSolve=0.822978, uni_maintain_time=0.195365, bi_search=110.437, bi_subSolve=0.775184, bi_maintain_time=0.339102, admm_maintain=0.570949, area4=-nan, infea=12.166, d_obj=13.4677., heldout Acc=0.996543 (18/50), overall time=19350.2
i=120, a_nnz=9.11088, ever_a_nnz=15.1271, b_nnz=183.087, uni_search=14.7783, uni_subSolve=0.785623, uni_maintain_time=0.174529, bi_search=110.058, bi_subSolve=0.764703, bi_maintain_time=0.331919, admm_maintain=0.57072, area4=-nan, infea=11.5162, d_obj=12.2559., heldout Acc=0.996049 (19/50), overall time=19477.7
i=121, a_nnz=9.13175, ever_a_nnz=15.1512, b_nnz=184.182, uni_search=33.3507, uni_subSolve=1.88287, uni_maintain_time=0.224216, bi_search=161.962, bi_subSolve=1.76475, bi_maintain_time=0.733537, admm_maintain=1.19408, area4=-nan, infea=11.5728, d_obj=10.4256., heldout Acc=0.995062 (20/50), overall time=19678.8
i=122, a_nnz=9.15837, ever_a_nnz=15.1791, b_nnz=185.3, uni_search=34.3393, uni_subSolve=1.96673, uni_maintain_time=0.231351, bi_search=160.853, bi_subSolve=1.90569, bi_maintain_time=0.755049, admm_maintain=1.72673, area4=-nan, infea=12.1054, d_obj=13.0968., heldout Acc=0.996543 (21/50), overall time=19880.6
i=123, a_nnz=9.17209, ever_a_nnz=15.2066, b_nnz=186.451, uni_search=14.8037, uni_subSolve=0.793445, uni_maintain_time=0.173712, bi_search=109.936, bi_subSolve=0.778896, bi_maintain_time=0.343781, admm_maintain=0.577968, area4=-nan, infea=11.1272, d_obj=9.60986., heldout Acc=0.996296 (22/50), overall time=20008.1
i=124, a_nnz=9.19367, ever_a_nnz=15.2321, b_nnz=187.633, uni_search=15.0181, uni_subSolve=0.806853, uni_maintain_time=0.180905, bi_search=110.065, bi_subSolve=0.781602, bi_maintain_time=0.332394, admm_maintain=0.562027, area4=-nan, infea=9.59757, d_obj=7.22426., heldout Acc=0.997284 (23/50), overall time=20135.8
i=125, a_nnz=9.20414, ever_a_nnz=15.2574, b_nnz=188.777, uni_search=32.5123, uni_subSolve=1.8517, uni_maintain_time=0.238495, bi_search=160.005, bi_subSolve=1.74173, bi_maintain_time=0.712783, admm_maintain=1.1782, area4=-nan, infea=8.89191, d_obj=5.75439., heldout Acc=0.99679 (24/50), overall time=20334.1
i=126, a_nnz=9.23146, ever_a_nnz=15.2868, b_nnz=189.986, uni_search=43.3904, uni_subSolve=3.18566, uni_maintain_time=0.321886, bi_search=161.993, bi_subSolve=2.6653, bi_maintain_time=1.01081, admm_maintain=1.80663, area4=-nan, infea=10.2107, d_obj=12.501., heldout Acc=0.996049 (25/50), overall time=20548.5
i=127, a_nnz=9.25061, ever_a_nnz=15.3181, b_nnz=191.302, uni_search=42.8992, uni_subSolve=3.14788, uni_maintain_time=0.313965, bi_search=159.539, bi_subSolve=2.60251, bi_maintain_time=0.931599, admm_maintain=1.70196, area4=-nan, infea=11.0665, d_obj=11.633., heldout Acc=0.99679 (26/50), overall time=20759.7
i=128, a_nnz=9.26663, ever_a_nnz=15.3464, b_nnz=192.433, uni_search=31.0807, uni_subSolve=1.6894, uni_maintain_time=0.190619, bi_search=139.997, bi_subSolve=1.71674, bi_maintain_time=0.688427, admm_maintain=1.15025, area4=-nan, infea=10.3451, d_obj=9.01815., heldout Acc=0.997531 (27/50), overall time=20936.3
i=129, a_nnz=9.27844, ever_a_nnz=15.3734, b_nnz=193.563, uni_search=24.9575, uni_subSolve=1.63822, uni_maintain_time=0.210826, bi_search=129.124, bi_subSolve=1.53855, bi_maintain_time=0.597756, admm_maintain=0.847158, area4=-nan, infea=10.0059, d_obj=56.3132., heldout Acc=0.997284 (28/50), overall time=21095.2
i=130, a_nnz=9.29274, ever_a_nnz=15.4094, b_nnz=194.934, uni_search=28.7808, uni_subSolve=1.93363, uni_maintain_time=0.234323, bi_search=136.725, bi_subSolve=1.57577, bi_maintain_time=0.615928, admm_maintain=1.08096, area4=-nan, infea=11.619, d_obj=54.8946., heldout Acc=0.997531 (29/50), overall time=21266.2
i=131, a_nnz=9.30576, ever_a_nnz=15.4374, b_nnz=196.08, uni_search=22.5103, uni_subSolve=1.4252, uni_maintain_time=0.195575, bi_search=134.091, bi_subSolve=1.68433, bi_maintain_time=0.651006, admm_maintain=1.48436, area4=-nan, infea=12.259, d_obj=51.727., heldout Acc=0.997284 (30/50), overall time=21428.3
i=132, a_nnz=9.32261, ever_a_nnz=15.4642, b_nnz=197.298, uni_search=32.1007, uni_subSolve=1.83494, uni_maintain_time=0.219396, bi_search=147.305, bi_subSolve=2.1052, bi_maintain_time=0.816923, admm_maintain=1.43037, area4=-nan, infea=11.6154, d_obj=48.7928., heldout Acc=0.995062 (31/50), overall time=21614.1
i=133, a_nnz=9.34591, ever_a_nnz=15.5093, b_nnz=198.834, uni_search=29.8659, uni_subSolve=1.59277, uni_maintain_time=0.185764, bi_search=141.108, bi_subSolve=1.68393, bi_maintain_time=0.656049, admm_maintain=0.836428, area4=-nan, infea=11.1035, d_obj=171.791., heldout Acc=0.996543 (32/50), overall time=21790.1
i=134, a_nnz=9.35267, ever_a_nnz=15.5426, b_nnz=200.055, uni_search=29.1017, uni_subSolve=1.6041, uni_maintain_time=0.197338, bi_search=123.559, bi_subSolve=1.2961, bi_maintain_time=0.525123, admm_maintain=0.765602, area4=-nan, infea=10.2497, d_obj=98.6004., heldout Acc=0.997284 (33/50), overall time=21947.2
i=135, a_nnz=9.36161, ever_a_nnz=15.5763, b_nnz=201.368, uni_search=31.8034, uni_subSolve=2.17991, uni_maintain_time=0.252605, bi_search=133.135, bi_subSolve=1.69599, bi_maintain_time=0.656438, admm_maintain=0.776214, area4=-nan, infea=10.6201, d_obj=49.5587., heldout Acc=0.997284 (34/50), overall time=22117.7
i=136, a_nnz=9.3768, ever_a_nnz=15.6079, b_nnz=202.725, uni_search=24.0732, uni_subSolve=1.44219, uni_maintain_time=0.204544, bi_search=132.925, bi_subSolve=1.63026, bi_maintain_time=0.597852, admm_maintain=1.20129, area4=-nan, infea=10.9989, d_obj=46.608., heldout Acc=0.996296 (35/50), overall time=22279.8
i=137, a_nnz=9.38785, ever_a_nnz=15.6335, b_nnz=203.92, uni_search=24.9606, uni_subSolve=1.66115, uni_maintain_time=0.208398, bi_search=135.192, bi_subSolve=1.62613, bi_maintain_time=0.633023, admm_maintain=0.556951, area4=-nan, infea=10.6519, d_obj=32.4747., heldout Acc=0.995062 (36/50), overall time=22444.7
i=138, a_nnz=9.41498, ever_a_nnz=15.6625, b_nnz=205.264, uni_search=25.7782, uni_subSolve=1.63358, uni_maintain_time=0.206119, bi_search=131.756, bi_subSolve=1.60739, bi_maintain_time=0.595727, admm_maintain=0.697713, area4=-nan, infea=10.9356, d_obj=28.409., heldout Acc=0.997037 (37/50), overall time=22607
i=139, a_nnz=9.42653, ever_a_nnz=15.6875, b_nnz=206.572, uni_search=14.979, uni_subSolve=0.813304, uni_maintain_time=0.174157, bi_search=137.194, bi_subSolve=1.91108, bi_maintain_time=0.709815, admm_maintain=0.62174, area4=-nan, infea=10.9202, d_obj=18.7592., heldout Acc=0.997778 (38/50), overall time=22763.4
i=140, a_nnz=9.44664, ever_a_nnz=15.7141, b_nnz=207.707, uni_search=20.7723, uni_subSolve=1.20658, uni_maintain_time=0.171449, bi_search=119.903, bi_subSolve=1.20844, bi_maintain_time=0.480244, admm_maintain=0.555248, area4=-nan, infea=10.0801, d_obj=16.7453., heldout Acc=0.995802 (39/50), overall time=22907.7
i=141, a_nnz=9.46196, ever_a_nnz=15.7375, b_nnz=208.862, uni_search=17.4649, uni_subSolve=0.950712, uni_maintain_time=0.196013, bi_search=131.478, bi_subSolve=1.69536, bi_maintain_time=0.657803, admm_maintain=1.52803, area4=-nan, infea=10.6993, d_obj=16.6218., heldout Acc=0.996296 (40/50), overall time=23061.7
i=142, a_nnz=9.47925, ever_a_nnz=15.7633, b_nnz=210.115, uni_search=14.8409, uni_subSolve=0.799575, uni_maintain_time=0.159674, bi_search=131.321, bi_subSolve=1.67545, bi_maintain_time=0.626133, admm_maintain=1.66934, area4=-nan, infea=10.3841, d_obj=10.2423., heldout Acc=0.99679 (41/50), overall time=23212.8
i=143, a_nnz=9.49515, ever_a_nnz=15.7851, b_nnz=211.229, uni_search=32.9581, uni_subSolve=1.91566, uni_maintain_time=0.233718, bi_search=152.748, bi_subSolve=2.08892, bi_maintain_time=0.803827, admm_maintain=1.19943, area4=-nan, infea=10.3646, d_obj=7.68049., heldout Acc=0.997284 (42/50), overall time=23404.8
i=144, a_nnz=9.51832, ever_a_nnz=15.8079, b_nnz=212.385, uni_search=24.975, uni_subSolve=1.57349, uni_maintain_time=0.206694, bi_search=138.321, bi_subSolve=1.93663, bi_maintain_time=0.731623, admm_maintain=1.26525, area4=-nan, infea=9.72931, d_obj=3.11007., heldout Acc=0.994568 (43/50), overall time=23573.9
i=145, a_nnz=9.53555, ever_a_nnz=15.8278, b_nnz=213.463, uni_search=21.5941, uni_subSolve=1.37317, uni_maintain_time=0.185331, bi_search=130.645, bi_subSolve=1.66575, bi_maintain_time=0.616552, admm_maintain=1.27309, area4=-nan, infea=9.39626, d_obj=0.782856., heldout Acc=0.998025 (44/50), overall time=23731.3
i=146, a_nnz=9.54858, ever_a_nnz=15.8457, b_nnz=214.542, uni_search=13.1289, uni_subSolve=0.609954, uni_maintain_time=0.112551, bi_search=131.553, bi_subSolve=1.43148, bi_maintain_time=0.598561, admm_maintain=1.36854, area4=-nan, infea=9.26109, d_obj=-0.848888., heldout Acc=0.997037 (45/50), overall time=23880.1
i=147, a_nnz=9.56096, ever_a_nnz=15.8638, b_nnz=215.581, uni_search=15.0642, uni_subSolve=0.82311, uni_maintain_time=0.161477, bi_search=109.731, bi_subSolve=0.850209, bi_maintain_time=0.336062, admm_maintain=0.633282, area4=-nan, infea=10.0568, d_obj=-1.16863., heldout Acc=0.997284 (46/50), overall time=24007.7
i=148, a_nnz=9.57781, ever_a_nnz=15.8835, b_nnz=216.656, uni_search=15.1039, uni_subSolve=0.825463, uni_maintain_time=0.163323, bi_search=124.723, bi_subSolve=1.38117, bi_maintain_time=0.554541, admm_maintain=1.86477, area4=-nan, infea=10.1172, d_obj=-0.617086., heldout Acc=0.998272 (47/50), overall time=24152.3
i=149, a_nnz=9.59447, ever_a_nnz=15.9047, b_nnz=217.798, uni_search=21.6601, uni_subSolve=1.22517, uni_maintain_time=0.169792, bi_search=125.33, bi_subSolve=1.46284, bi_maintain_time=0.548854, admm_maintain=1.32368, area4=-nan, infea=8.90447, d_obj=-3.29382., heldout Acc=0.996543 (48/50), overall time=24304.1
i=150, a_nnz=9.60239, ever_a_nnz=15.9223, b_nnz=218.895, uni_search=44.0228, uni_subSolve=2.75169, uni_maintain_time=0.307327, bi_search=163.306, bi_subSolve=2.46748, bi_maintain_time=1.01586, admm_maintain=1.83346, area4=-nan, infea=8.80029, d_obj=-4.42774., heldout Acc=0.995802 (49/50), overall time=24519.8
i=151, a_nnz=9.6172, ever_a_nnz=15.9452, b_nnz=219.988, uni_search=45.9351, uni_subSolve=2.92928, uni_maintain_time=0.342801, bi_search=168.888, bi_subSolve=2.60795, bi_maintain_time=1.09316, admm_maintain=1.93901, area4=-nan, infea=8.92455, d_obj=-4.34739., heldout Acc=0.998272 (50/50), overall time=24743.6
overall time=24743.6
