#train_samples=20835
#test_samples=100
d=10678950
K=225
lambda=4.79962e-05
running BCFW on 20835 examples...

#pass=0-100, test_acc=0.933644, time=2576.1, testPredTime=1425.72, d-obj=-6599.93, p-obj=1.07928e+06

#pass=0-200, test_acc=0.974222, time=6042.69, testPredTime=1234.25, d-obj=-7623.24, p-obj=538540

#pass=0-300, test_acc=0.981422, time=9541.33, testPredTime=1218.05, d-obj=-8902.59, p-obj=348834

#pass=0-400, test_acc=0.985244, time=12293.8, testPredTime=1389.49, d-obj=-8867.78, p-obj=226123

#pass=0-500, test_acc=0.987111, time=15849.6, testPredTime=1017.95, d-obj=-9825.86, p-obj=253437

#pass=0-600, test_acc=0.9864, time=18348.2, testPredTime=776.487, d-obj=-10161.5, p-obj=218405

#pass=0-700, test_acc=0.987733, time=21048.8, testPredTime=905.139, d-obj=-10275.1, p-obj=42265.6

#pass=0-800, test_acc=0.987867, time=23492.3, testPredTime=905.498, d-obj=-10537.7, p-obj=147122

#pass=0-900, test_acc=0.988533, time=25691.9, testPredTime=758.088, d-obj=-10427.3, p-obj=120926

#pass=0-1000, test_acc=0.988756, time=27908.5, testPredTime=863.613, d-obj=-10589.2, p-obj=74435.3

#pass=0-1100, test_acc=0.989733, time=30399.9, testPredTime=837.064, d-obj=-10903.1, p-obj=120344

#pass=0-1200, test_acc=0.989911, time=32479.7, testPredTime=715.156, d-obj=-11283.8, p-obj=86216.4

#pass=0-1300, test_acc=0.988578, time=34939.6, testPredTime=951.648, d-obj=-11517.1, p-obj=57486

#pass=0-1400, test_acc=0.9892, time=37243.7, testPredTime=725.183, d-obj=-11546.8, p-obj=61882.5

#pass=0-1500, test_acc=0.9904, time=39079.9, testPredTime=740.414, d-obj=-11709, p-obj=112863

#pass=0-1600, test_acc=0.991067, time=41129.8, testPredTime=854.841, d-obj=-11729.7, p-obj=45915.2

#pass=0-1700, test_acc=0.989778, time=43659.2, testPredTime=841.909, d-obj=-11689, p-obj=67288.2

#pass=0-1800, test_acc=0.990978, time=46401.7, testPredTime=848.063, d-obj=-12119.2, p-obj=80633

#pass=0-1900, test_acc=0.990444, time=48501.3, testPredTime=843.499, d-obj=-12330.7, p-obj=81884.8

#pass=0-2000, test_acc=0.991511, time=50448.2, testPredTime=733.089, d-obj=-12395.6, p-obj=58614.7

#pass=0-2100, test_acc=0.992311, time=52352.2, testPredTime=744.797, d-obj=-12453.6, p-obj=40905.4

#pass=0-2200, test_acc=0.991378, time=54332.4, testPredTime=675.272, d-obj=-12715, p-obj=28529

#pass=0-2300, test_acc=0.992489, time=56327.2, testPredTime=721.082, d-obj=-12989, p-obj=30100.4

#pass=0-2400, test_acc=0.991333, time=58122.9, testPredTime=671.198, d-obj=-12939, p-obj=89282.6

#pass=0-2500, test_acc=0.992, time=60082.5, testPredTime=640.516, d-obj=-13072, p-obj=26843.7

#pass=0-2600, test_acc=0.991822, time=62849, testPredTime=910.046, d-obj=-13371.8, p-obj=32163.9

#pass=0-2700, test_acc=0.992044, time=65481.5, testPredTime=977.279, d-obj=-13431.9, p-obj=35004.3

#pass=0-2800, test_acc=0.992267, time=67735.3, testPredTime=556.864, d-obj=-13367, p-obj=40746.9

#pass=0-2900, test_acc=0.992089, time=69441.6, testPredTime=826.103, d-obj=-13369.2, p-obj=43345.2

#pass=0-3000, test_acc=0.992667, time=71724.8, testPredTime=817.615, d-obj=-13362.4, p-obj=68732.8

#pass=0-3100, test_acc=0.9928, time=74436, testPredTime=1158.84, d-obj=-13550.5, p-obj=46005.8

#pass=0-3200, test_acc=0.991733, time=77168.4, testPredTime=1204.07, d-obj=-13610.8, p-obj=46358

#pass=0-3300, test_acc=0.992844, time=79777.2, testPredTime=1124.12, d-obj=-13673.5, p-obj=51727.6

#pass=0-3400, test_acc=0.992444, time=81630.6, testPredTime=790.204, d-obj=-13712.1, p-obj=60979

#pass=0-3500, test_acc=0.9928, time=83980, testPredTime=802.624, d-obj=-13899.1, p-obj=38321.6

#pass=0-3600, test_acc=0.992311, time=86206.3, testPredTime=914.482, d-obj=-14115.2, p-obj=10642.1

#pass=0-3700, test_acc=0.992711, time=88300.4, testPredTime=751.713, d-obj=-14236.7, p-obj=37339.8

#pass=0-3800, test_acc=0.993333, time=90472.7, testPredTime=749.628, d-obj=-14435.5, p-obj=35359.8

#pass=0-3900, test_acc=0.992533, time=92568.8, testPredTime=652.798, d-obj=-14482.8, p-obj=61396.8

#pass=0-4000, test_acc=0.993244, time=94862.5, testPredTime=693.445, d-obj=-14766.5, p-obj=42776.1

#pass=0-4100, test_acc=0.9928, time=97002.9, testPredTime=683.506, d-obj=-14889.1, p-obj=50065

#pass=0-4200, test_acc=0.992711, time=98132, testPredTime=652.732, d-obj=-14869.8, p-obj=18713.3

#pass=0-4300, test_acc=0.9932, time=99828.8, testPredTime=751.609, d-obj=-15089.9, p-obj=43883.2

#pass=0-4400, test_acc=0.992889, time=101334, testPredTime=683.453, d-obj=-15168.4, p-obj=24577.8

#pass=0-4500, test_acc=0.993467, time=102816, testPredTime=653.075, d-obj=-15125.6, p-obj=34761.3

#pass=0-4600, test_acc=0.9932, time=104416, testPredTime=532.752, d-obj=-15181.2, p-obj=41612.4

#pass=0-4700, test_acc=0.993067, time=106638, testPredTime=874.706, d-obj=-15231.2, p-obj=14594.1

#pass=0-4800, test_acc=0.993378, time=108822, testPredTime=940.95, d-obj=-15238.2, p-obj=34174

#pass=0-4900, test_acc=0.992711, time=111164, testPredTime=664.92, d-obj=-15372.2, p-obj=40260.1

#pass=0-5000, test_acc=0.993289, time=113058, testPredTime=848.448, d-obj=-15444.4, p-obj=16735.5

#pass=0-5100, test_acc=0.993689, time=115140, testPredTime=747.886, d-obj=-15525.4, p-obj=37608.3

#pass=0-5200, test_acc=0.993111, time=117086, testPredTime=747.618, d-obj=-15579, p-obj=23286.2

#pass=0-5300, test_acc=0.993778, time=119420, testPredTime=831.822, d-obj=-15677.8, p-obj=23602

#pass=0-5400, test_acc=0.992933, time=121580, testPredTime=812.149, d-obj=-15750.9, p-obj=27081.6

#pass=0-5500, test_acc=0.993111, time=123761, testPredTime=775.762, d-obj=-15723.3, p-obj=16809

#pass=0-5600, test_acc=0.993644, time=126139, testPredTime=906.264, d-obj=-15839.1, p-obj=31157.5

#pass=0-5700, test_acc=0.992222, time=128859, testPredTime=888.001, d-obj=-15809.3, p-obj=28335.6

#pass=0-5800, test_acc=0.9936, time=131091, testPredTime=848.873, d-obj=-15876.4, p-obj=41907.1

#pass=0-5900, test_acc=0.993956, time=133424, testPredTime=869.868, d-obj=-15982.7, p-obj=58140.9

#pass=0-6000, test_acc=0.994222, time=136070, testPredTime=865.537, d-obj=-16196.8, p-obj=35519.6

#pass=0-6100, test_acc=0.9932, time=138165, testPredTime=863.348, d-obj=-16221.4, p-obj=26023.4

#pass=0-6200, test_acc=0.993867, time=140575, testPredTime=843.357, d-obj=-16335.1, p-obj=16258.2

#pass=0-6300, test_acc=0.993867, time=142763, testPredTime=826.676, d-obj=-16397, p-obj=25528.8

#pass=0-6400, test_acc=0.993378, time=144700, testPredTime=787.159, d-obj=-16377.8, p-obj=37696.2

#pass=0-6500, test_acc=0.993867, time=147034, testPredTime=907.344, d-obj=-16376.3, p-obj=28748.8

#pass=0-6600, test_acc=0.993644, time=148872, testPredTime=719.501, d-obj=-16557.6, p-obj=34322.5

#pass=0-6700, test_acc=0.9936, time=150654, testPredTime=775.377, d-obj=-16510.4, p-obj=27224.3

#pass=0-6800, test_acc=0.993556, time=152684, testPredTime=711.427, d-obj=-16554.9, p-obj=24010

#pass=0-6900, test_acc=0.993644, time=154325, testPredTime=608.904, d-obj=-16654.4, p-obj=16665.8

#pass=0-7000, test_acc=0.993156, time=156085, testPredTime=598.333, d-obj=-16641.3, p-obj=26963.5

#pass=0-7100, test_acc=0.993333, time=157866, testPredTime=615.633, d-obj=-16717.6, p-obj=23515.8

#pass=0-7200, test_acc=0.994089, time=159376, testPredTime=594.854, d-obj=-16715.3, p-obj=15311.8

#pass=0-7300, test_acc=0.994044, time=160754, testPredTime=476.933, d-obj=-16778.4, p-obj=28148.2

#pass=0-7400, test_acc=0.994311, time=162317, testPredTime=514.104, d-obj=-16821.2, p-obj=62856.1

#pass=0-7500, test_acc=0.993733, time=163519, testPredTime=626.556, d-obj=-16853.7, p-obj=34316.9

#pass=0-7600, test_acc=0.993422, time=164748, testPredTime=449.328, d-obj=-16835.1, p-obj=30637.6

#pass=0-7700, test_acc=0.993822, time=165925, testPredTime=392.881, d-obj=-16852.4, p-obj=34832.4

#pass=0-7800, test_acc=0.994222, time=166841, testPredTime=393.835, d-obj=-16920.7, p-obj=16051.7

#pass=0-7900, test_acc=0.993733, time=168026, testPredTime=392.08, d-obj=-16968.4, p-obj=39014.6

#pass=0-8000, test_acc=0.993822, time=169254, testPredTime=392.181, d-obj=-17199.9, p-obj=26843.2

#pass=0-8100, test_acc=0.994267, time=170330, testPredTime=399.748, d-obj=-17315.2, p-obj=29260

#pass=0-8200, test_acc=0.994444, time=171380, testPredTime=393.35, d-obj=-17472.5, p-obj=40050

#pass=0-8300, test_acc=0.993822, time=172518, testPredTime=409.253, d-obj=-17695.5, p-obj=27541.6

#pass=0-8400, test_acc=0.994533, time=173569, testPredTime=423.513, d-obj=-17755.5, p-obj=25714.7

#pass=0-8500, test_acc=0.994844, time=174646, testPredTime=424.612, d-obj=-17867.1, p-obj=32340.3
