using heldout data set: /scratch/cluster/ianyen/data/multilabel/rcv1_regions.subtest.1k
D=47237
K=226
N=20835
d=75.9802
r=6
i=0, a_nnz=1.98738, ever_a_nnz=1.98738, b_nnz=2.20293, uni_search=1.32742, uni_subSolve=0.0603339, uni_maintain_time=0.0345804, bi_search=44.6993, bi_subSolve=0.0158309, bi_maintain_time=0.0150873, admm_maintain=0.0222273, area4=-nan, infea=1530.99, d_obj=-3350.07, overall time=46.3943
i=1, a_nnz=2.41301, ever_a_nnz=2.43101, b_nnz=3.68659, uni_search=2.09763, uni_subSolve=0.106583, uni_maintain_time=0.0468883, bi_search=44.8956, bi_subSolve=0.0279999, bi_maintain_time=0.0283852, admm_maintain=0.0309335, area4=-nan, infea=1669.79, d_obj=-2180.01, overall time=93.7152
i=2, a_nnz=2.74322, ever_a_nnz=2.79275, b_nnz=5.17567, uni_search=2.21736, uni_subSolve=0.108095, uni_maintain_time=0.0498173, bi_search=44.8687, bi_subSolve=0.0386363, bi_maintain_time=0.035089, admm_maintain=0.039939, area4=-nan, infea=1577.77, d_obj=1052.42, overall time=141.168
i=3, a_nnz=3.00917, ever_a_nnz=3.097, b_nnz=6.60134, uni_search=2.38676, uni_subSolve=0.117184, uni_maintain_time=0.0523487, bi_search=44.9097, bi_subSolve=0.0475052, bi_maintain_time=0.0398797, admm_maintain=0.050694, area4=-nan, infea=1344.55, d_obj=3500.92, overall time=188.882
i=4, a_nnz=3.24324, ever_a_nnz=3.36563, b_nnz=7.94533, uni_search=2.5278, uni_subSolve=0.124009, uni_maintain_time=0.0539156, bi_search=44.9033, bi_subSolve=0.0572117, bi_maintain_time=0.0454178, admm_maintain=0.0536616, area4=-nan, infea=1204.74, d_obj=4692.56, overall time=236.75
i=5, a_nnz=3.45649, ever_a_nnz=3.60917, b_nnz=9.17327, uni_search=2.46036, uni_subSolve=0.112696, uni_maintain_time=0.0457091, bi_search=44.7363, bi_subSolve=0.060342, bi_maintain_time=0.0460715, admm_maintain=0.0588745, area4=-nan, infea=1162.01, d_obj=5172.69, overall time=284.376
i=6, a_nnz=3.64891, ever_a_nnz=3.83086, b_nnz=10.2503, uni_search=2.54629, uni_subSolve=0.116632, uni_maintain_time=0.0455061, bi_search=44.7272, bi_subSolve=0.0677461, bi_maintain_time=0.0495651, admm_maintain=0.0645363, area4=-nan, infea=1169.17, d_obj=5515.63, overall time=332.104
i=7, a_nnz=3.82769, ever_a_nnz=4.04099, b_nnz=11.2386, uni_search=2.64368, uni_subSolve=0.122428, uni_maintain_time=0.0469471, bi_search=44.7616, bi_subSolve=0.0777739, bi_maintain_time=0.0537423, admm_maintain=0.0721465, area4=-nan, infea=1191.19, d_obj=6093.77, overall time=380.004
i=8, a_nnz=3.98392, ever_a_nnz=4.23715, b_nnz=12.2353, uni_search=2.8946, uni_subSolve=0.142614, uni_maintain_time=0.0526988, bi_search=44.8347, bi_subSolve=0.0873784, bi_maintain_time=0.056796, admm_maintain=0.0802815, area4=-nan, infea=1173.48, d_obj=6899.21, overall time=428.311
i=9, a_nnz=4.12061, ever_a_nnz=4.41814, b_nnz=13.2508, uni_search=4.08195, uni_subSolve=0.231801, uni_maintain_time=0.0574282, bi_search=46.0552, bi_subSolve=0.142767, bi_maintain_time=0.103296, admm_maintain=0.0888054, area4=-nan, infea=1116.52, d_obj=7839.87, p_obj=107675.........., heldout Acc=0.970354, overall time=479.22
i=10, a_nnz=4.2442, ever_a_nnz=4.5879, b_nnz=14.3743, uni_search=4.18579, uni_subSolve=0.237233, uni_maintain_time=0.0570969, bi_search=46.1905, bi_subSolve=0.157567, bi_maintain_time=0.112227, admm_maintain=0.0932881, area4=-nan, infea=1071.23, d_obj=8907.41, overall time=530.403
i=11, a_nnz=4.35412, ever_a_nnz=4.74845, b_nnz=15.6058, uni_search=3.21187, uni_subSolve=0.168429, uni_maintain_time=0.0640352, bi_search=44.9093, bi_subSolve=0.105158, bi_maintain_time=0.0618914, admm_maintain=0.0975839, area4=-nan, infea=1013.6, d_obj=9861.15, overall time=579.154
i=12, a_nnz=4.46124, ever_a_nnz=4.90185, b_nnz=16.9366, uni_search=3.04579, uni_subSolve=0.148154, uni_maintain_time=0.0511846, bi_search=44.7717, bi_subSolve=0.0990949, bi_maintain_time=0.054076, admm_maintain=0.0920913, area4=-nan, infea=967.286, d_obj=10626.2, overall time=627.553
i=13, a_nnz=4.56587, ever_a_nnz=5.04867, b_nnz=18.3394, uni_search=3.16185, uni_subSolve=0.150919, uni_maintain_time=0.0473082, bi_search=45.1624, bi_subSolve=0.123216, bi_maintain_time=0.0741763, admm_maintain=0.0844246, area4=-nan, infea=937.157, d_obj=11191.5, overall time=676.477
i=14, a_nnz=4.66086, ever_a_nnz=5.18488, b_nnz=19.7509, uni_search=3.07433, uni_subSolve=0.141451, uni_maintain_time=0.0456365, bi_search=45.1686, bi_subSolve=0.121874, bi_maintain_time=0.0688668, admm_maintain=0.122771, area4=-nan, infea=901.709, d_obj=11448.6, overall time=725.384
i=15, a_nnz=4.75066, ever_a_nnz=5.30996, b_nnz=21.1414, uni_search=3.48482, uni_subSolve=0.188647, uni_maintain_time=0.0674931, bi_search=44.9432, bi_subSolve=0.128641, bi_maintain_time=0.0668829, admm_maintain=0.119066, area4=-nan, infea=869.611, d_obj=11551.5, overall time=774.555
i=16, a_nnz=4.83518, ever_a_nnz=5.42582, b_nnz=22.5251, uni_search=3.534, uni_subSolve=0.193064, uni_maintain_time=0.0668968, bi_search=45.0119, bi_subSolve=0.137244, bi_maintain_time=0.0712561, admm_maintain=0.136642, area4=-nan, infea=857.293, d_obj=11653.6, overall time=823.889
i=17, a_nnz=4.91413, ever_a_nnz=5.53146, b_nnz=23.8437, uni_search=3.82478, uni_subSolve=0.213416, uni_maintain_time=0.068293, bi_search=45.3367, bi_subSolve=0.163476, bi_maintain_time=0.088636, admm_maintain=0.101059, area4=-nan, infea=833.109, d_obj=11651.7, overall time=873.823
i=18, a_nnz=4.98824, ever_a_nnz=5.63072, b_nnz=25.1654, uni_search=3.18322, uni_subSolve=0.14913, uni_maintain_time=0.0460134, bi_search=44.7775, bi_subSolve=0.129534, bi_maintain_time=0.0620964, admm_maintain=0.106444, area4=-nan, infea=817.181, d_obj=11723.5, overall time=922.415
i=19, a_nnz=5.05496, ever_a_nnz=5.71778, b_nnz=26.3812, uni_search=3.2363, uni_subSolve=0.153294, uni_maintain_time=0.0462192, bi_search=44.7051, bi_subSolve=0.125403, bi_maintain_time=0.057129, admm_maintain=0.111007, area4=-nan, infea=780.68, d_obj=11766.1, p_obj=89822.7.........., heldout Acc=0.982035, overall time=971.006
i=20, a_nnz=5.12172, ever_a_nnz=5.79923, b_nnz=27.5482, uni_search=3.33853, uni_subSolve=0.164428, uni_maintain_time=0.0489856, bi_search=44.884, bi_subSolve=0.162008, bi_maintain_time=0.0759291, admm_maintain=0.139591, area4=-nan, infea=754.056, d_obj=11841.8, overall time=1020.01
i=21, a_nnz=5.18354, ever_a_nnz=5.87199, b_nnz=28.6611, uni_search=3.67715, uni_subSolve=0.20013, uni_maintain_time=0.0547189, bi_search=45.199, bi_subSolve=0.241212, bi_maintain_time=0.120901, admm_maintain=0.142933, area4=-nan, infea=723.498, d_obj=11899.7, overall time=1069.88
i=22, a_nnz=5.24022, ever_a_nnz=5.93933, b_nnz=29.7168, uni_search=5.6287, uni_subSolve=0.344089, uni_maintain_time=0.0696854, bi_search=46.1957, bi_subSolve=0.27364, bi_maintain_time=0.136134, admm_maintain=0.138601, area4=-nan, infea=688.679, d_obj=11943.6, overall time=1122.85
i=23, a_nnz=5.28663, ever_a_nnz=5.99784, b_nnz=30.6917, uni_search=3.62202, uni_subSolve=0.195468, uni_maintain_time=0.0551961, bi_search=46.1571, bi_subSolve=0.288119, bi_maintain_time=0.143579, admm_maintain=0.254992, area4=-nan, infea=646.965, d_obj=11963.6, overall time=1173.84
i=24, a_nnz=5.33521, ever_a_nnz=6.05452, b_nnz=31.6451, uni_search=5.76547, uni_subSolve=0.355623, uni_maintain_time=0.0689306, bi_search=46.145, bi_subSolve=0.277418, bi_maintain_time=0.134484, admm_maintain=0.16279, area4=-nan, infea=616.469, d_obj=11960, overall time=1226.97
i=25, a_nnz=5.37883, ever_a_nnz=6.1067, b_nnz=32.5534, uni_search=4.68385, uni_subSolve=0.295607, uni_maintain_time=0.0707609, bi_search=47.3481, bi_subSolve=0.366858, bi_maintain_time=0.186531, admm_maintain=0.197949, area4=-nan, infea=594.433, d_obj=11836.6, overall time=1280.37
i=26, a_nnz=5.42006, ever_a_nnz=6.15613, b_nnz=33.4421, uni_search=5.43953, uni_subSolve=0.320886, uni_maintain_time=0.0585104, bi_search=45.841, bi_subSolve=0.29906, bi_maintain_time=0.145432, admm_maintain=0.15518, area4=-nan, infea=567.559, d_obj=11733, overall time=1332.83
i=27, a_nnz=5.45496, ever_a_nnz=6.20005, b_nnz=34.2644, uni_search=3.88339, uni_subSolve=0.216724, uni_maintain_time=0.0505557, bi_search=45.0978, bi_subSolve=0.244898, bi_maintain_time=0.110128, admm_maintain=0.178462, area4=-nan, infea=546.136, d_obj=11495.8, overall time=1382.83
i=28, a_nnz=5.48951, ever_a_nnz=6.24017, b_nnz=35.0385, uni_search=4.04526, uni_subSolve=0.251956, uni_maintain_time=0.0736497, bi_search=45.7079, bi_subSolve=0.266592, bi_maintain_time=0.120077, admm_maintain=0.165091, area4=-nan, infea=525.128, d_obj=11307.5, overall time=1433.74
i=29, a_nnz=5.52124, ever_a_nnz=6.27612, b_nnz=35.761, uni_search=4.46702, uni_subSolve=0.280612, uni_maintain_time=0.0689685, bi_search=46.0825, bi_subSolve=0.312229, bi_maintain_time=0.141348, admm_maintain=0.22216, area4=-nan, infea=506.816, d_obj=11154, p_obj=33818.........., heldout Acc=0.991018, overall time=1485.6
i=30, a_nnz=5.55114, ever_a_nnz=6.31255, b_nnz=36.4943, uni_search=4.1746, uni_subSolve=0.261974, uni_maintain_time=0.0705875, bi_search=47.4774, bi_subSolve=0.405355, bi_maintain_time=0.195734, admm_maintain=0.210982, area4=-nan, infea=502.837, d_obj=11081.4, overall time=1538.66
i=31, a_nnz=5.57831, ever_a_nnz=6.34668, b_nnz=37.2116, uni_search=5.56476, uni_subSolve=0.333315, uni_maintain_time=0.0580021, bi_search=46.4985, bi_subSolve=0.343396, bi_maintain_time=0.159211, admm_maintain=0.29417, area4=-nan, infea=491.29, d_obj=10964.7, overall time=1592.25
i=32, a_nnz=5.60557, ever_a_nnz=6.37907, b_nnz=37.8958, uni_search=5.84329, uni_subSolve=0.378583, uni_maintain_time=0.0774501, bi_search=47.608, bi_subSolve=0.473594, bi_maintain_time=0.228422, admm_maintain=0.281357, area4=-nan, infea=475.101, d_obj=10817.2, overall time=1647.34
i=33, a_nnz=5.6299, ever_a_nnz=6.40821, b_nnz=38.5264, uni_search=3.83935, uni_subSolve=0.215152, uni_maintain_time=0.0505259, bi_search=48.0053, bi_subSolve=0.486772, bi_maintain_time=0.227153, admm_maintain=0.275847, area4=-nan, infea=454.317, d_obj=10831.7, overall time=1700.64
i=34, a_nnz=5.65683, ever_a_nnz=6.43792, b_nnz=39.1606, uni_search=4.0542, uni_subSolve=0.232554, uni_maintain_time=0.0504439, bi_search=46.827, bi_subSolve=0.393809, bi_maintain_time=0.181322, admm_maintain=0.218961, area4=-nan, infea=447.815, d_obj=10918.1, overall time=1752.87
i=35, a_nnz=5.68015, ever_a_nnz=6.46595, b_nnz=39.7811, uni_search=5.58721, uni_subSolve=0.336617, uni_maintain_time=0.0574289, bi_search=45.4186, bi_subSolve=0.353645, bi_maintain_time=0.155351, admm_maintain=0.183349, area4=-nan, infea=429.142, d_obj=10961.4, overall time=1805.24
i=36, a_nnz=5.70674, ever_a_nnz=6.49503, b_nnz=40.4285, uni_search=4.21317, uni_subSolve=0.272954, uni_maintain_time=0.0709445, bi_search=47.744, bi_subSolve=0.464461, bi_maintain_time=0.212669, admm_maintain=0.356134, area4=-nan, infea=427.286, d_obj=10978.5, overall time=1858.79
i=37, a_nnz=5.73098, ever_a_nnz=6.52354, b_nnz=41.0641, uni_search=3.80964, uni_subSolve=0.211775, uni_maintain_time=0.0482801, bi_search=44.7801, bi_subSolve=0.198072, bi_maintain_time=0.0741369, admm_maintain=0.160582, area4=-nan, infea=424.454, d_obj=11116.7, overall time=1908.26
i=38, a_nnz=5.75263, ever_a_nnz=6.55056, b_nnz=41.7111, uni_search=3.65831, uni_subSolve=0.19977, uni_maintain_time=0.0480054, bi_search=45.5717, bi_subSolve=0.297443, bi_maintain_time=0.123904, admm_maintain=0.222585, area4=-nan, infea=412.081, d_obj=11212.2, overall time=1958.62
i=39, a_nnz=5.77106, ever_a_nnz=6.5748, b_nnz=42.2935, uni_search=4.0568, uni_subSolve=0.237742, uni_maintain_time=0.0505513, bi_search=44.8807, bi_subSolve=0.237821, bi_maintain_time=0.0899239, admm_maintain=0.217719, area4=-nan, infea=398.529, d_obj=11393, p_obj=25434.9.........., heldout Acc=0.991239, overall time=2008.65
i=40, a_nnz=5.79054, ever_a_nnz=6.59885, b_nnz=42.8555, uni_search=4.38131, uni_subSolve=0.272587, uni_maintain_time=0.0590566, bi_search=45.4569, bi_subSolve=0.345782, bi_maintain_time=0.145545, admm_maintain=0.179113, area4=-nan, infea=388.458, d_obj=11521.6, overall time=2059.7
i=41, a_nnz=5.80955, ever_a_nnz=6.6228, b_nnz=43.4433, uni_search=5.96659, uni_subSolve=0.3972, uni_maintain_time=0.0746095, bi_search=45.6647, bi_subSolve=0.347122, bi_maintain_time=0.142695, admm_maintain=0.182478, area4=-nan, infea=381.432, d_obj=11577.6, overall time=2112.72
i=42, a_nnz=5.82477, ever_a_nnz=6.64689, b_nnz=44.032, uni_search=3.81069, uni_subSolve=0.218211, uni_maintain_time=0.0497466, bi_search=46.0861, bi_subSolve=0.374256, bi_maintain_time=0.159978, admm_maintain=0.273417, area4=-nan, infea=374.629, d_obj=11672.5, overall time=2163.99
i=43, a_nnz=5.84065, ever_a_nnz=6.6683, b_nnz=44.5713, uni_search=5.24781, uni_subSolve=0.336926, uni_maintain_time=0.0642658, bi_search=46.6429, bi_subSolve=0.443901, bi_maintain_time=0.190132, admm_maintain=0.197458, area4=-nan, infea=365.938, d_obj=11863.8, overall time=2217.36
i=44, a_nnz=5.85654, ever_a_nnz=6.69148, b_nnz=45.1655, uni_search=4.41349, uni_subSolve=0.281067, uni_maintain_time=0.0574087, bi_search=45.1566, bi_subSolve=0.31898, bi_maintain_time=0.125078, admm_maintain=0.231175, area4=-nan, infea=362.696, d_obj=11936.4, overall time=2268.21
i=45, a_nnz=5.87223, ever_a_nnz=6.71265, b_nnz=45.7151, uni_search=4.41181, uni_subSolve=0.297062, uni_maintain_time=0.0705897, bi_search=47.0027, bi_subSolve=0.461697, bi_maintain_time=0.191974, admm_maintain=0.282143, area4=-nan, infea=357.9, d_obj=12032.1, overall time=2321.27
i=46, a_nnz=5.88683, ever_a_nnz=6.733, b_nnz=46.2341, uni_search=4.90176, uni_subSolve=0.305028, uni_maintain_time=0.0583661, bi_search=45.489, bi_subSolve=0.302999, bi_maintain_time=0.121658, admm_maintain=0.306757, area4=-nan, infea=356.255, d_obj=12007.5, overall time=2373.09
i=47, a_nnz=5.90358, ever_a_nnz=6.75484, b_nnz=46.8029, uni_search=6.02586, uni_subSolve=0.385366, uni_maintain_time=0.060736, bi_search=45.9854, bi_subSolve=0.392813, bi_maintain_time=0.164505, admm_maintain=0.218235, area4=-nan, infea=353.058, d_obj=12145.6, overall time=2426.58
i=48, a_nnz=5.915, ever_a_nnz=6.77423, b_nnz=47.3203, uni_search=4.16386, uni_subSolve=0.257266, uni_maintain_time=0.055217, bi_search=46.3359, bi_subSolve=0.40522, bi_maintain_time=0.167934, admm_maintain=0.301799, area4=-nan, infea=345.241, d_obj=12143.9, overall time=2478.6
i=49, a_nnz=5.92853, ever_a_nnz=6.79525, b_nnz=47.8686, uni_search=4.55182, uni_subSolve=0.284357, uni_maintain_time=0.0536862, bi_search=45.7112, bi_subSolve=0.363366, bi_maintain_time=0.152398, admm_maintain=0.210614, area4=-nan, infea=345.969, d_obj=12084.8, p_obj=23907.3.........., heldout Acc=0.99354, overall time=2530.2
i=50, a_nnz=5.94058, ever_a_nnz=6.81425, b_nnz=48.3613, uni_search=6.75287, uni_subSolve=0.473401, uni_maintain_time=0.0814327, bi_search=47.6186, bi_subSolve=0.569741, bi_maintain_time=0.257099, admm_maintain=0.364558, area4=-nan, infea=337.516, d_obj=12146.6, overall time=2586.57
i=51, a_nnz=5.95085, ever_a_nnz=6.83312, b_nnz=48.8825, uni_search=4.36148, uni_subSolve=0.269431, uni_maintain_time=0.0514396, bi_search=46.2681, bi_subSolve=0.394472, bi_maintain_time=0.165459, admm_maintain=0.185538, area4=-nan, infea=333.918, d_obj=12173.3, overall time=2638.49
i=52, a_nnz=5.96247, ever_a_nnz=6.85246, b_nnz=49.406, uni_search=3.78399, uni_subSolve=0.217326, uni_maintain_time=0.0481594, bi_search=47.2408, bi_subSolve=0.451856, bi_maintain_time=0.191864, admm_maintain=0.284814, area4=-nan, infea=331.772, d_obj=12090, overall time=2691.04
i=53, a_nnz=5.97423, ever_a_nnz=6.87079, b_nnz=49.8953, uni_search=6.11675, uni_subSolve=0.396856, uni_maintain_time=0.0645139, bi_search=45.8045, bi_subSolve=0.436102, bi_maintain_time=0.184422, admm_maintain=0.243302, area4=-nan, infea=329.58, d_obj=12148.6, overall time=2744.56
i=54, a_nnz=5.98551, ever_a_nnz=6.8885, b_nnz=50.3793, uni_search=4.76086, uni_subSolve=0.320135, uni_maintain_time=0.0587008, bi_search=45.2277, bi_subSolve=0.410594, bi_maintain_time=0.168671, admm_maintain=0.287024, area4=-nan, infea=327.234, d_obj=12150, overall time=2796.09
i=55, a_nnz=5.99707, ever_a_nnz=6.90679, b_nnz=50.8929, uni_search=4.78993, uni_subSolve=0.322012, uni_maintain_time=0.0593331, bi_search=45.2165, bi_subSolve=0.415464, bi_maintain_time=0.172649, admm_maintain=0.238276, area4=-nan, infea=325.573, d_obj=12140.4, overall time=2847.6
i=56, a_nnz=6.00826, ever_a_nnz=6.92513, b_nnz=51.4169, uni_search=4.51791, uni_subSolve=0.316627, uni_maintain_time=0.0711442, bi_search=46.9246, bi_subSolve=0.491184, bi_maintain_time=0.203006, admm_maintain=0.31024, area4=-nan, infea=326.563, d_obj=12237.4, overall time=2900.77
i=57, a_nnz=6.01881, ever_a_nnz=6.94212, b_nnz=51.9063, uni_search=6.26051, uni_subSolve=0.41417, uni_maintain_time=0.0661058, bi_search=48.2022, bi_subSolve=0.567302, bi_maintain_time=0.243824, admm_maintain=0.318439, area4=-nan, infea=325.199, d_obj=12107.6, overall time=2957.18
i=58, a_nnz=6.02937, ever_a_nnz=6.95767, b_nnz=52.3576, uni_search=6.3228, uni_subSolve=0.42193, uni_maintain_time=0.0669088, bi_search=48.0623, bi_subSolve=0.568219, bi_maintain_time=0.240865, admm_maintain=0.30514, area4=-nan, infea=314.883, d_obj=12124.7, overall time=3013.52
i=59, a_nnz=6.04416, ever_a_nnz=6.97567, b_nnz=52.8677, uni_search=6.33175, uni_subSolve=0.423338, uni_maintain_time=0.0666618, bi_search=48.0241, bi_subSolve=0.571848, bi_maintain_time=0.246633, admm_maintain=0.305787, area4=-nan, infea=318.881, d_obj=12198.9, p_obj=30809.5.........., heldout Acc=0.996018, overall time=3069.82
i=60, a_nnz=6.05467, ever_a_nnz=6.99294, b_nnz=53.3706, uni_search=5.90267, uni_subSolve=0.317721, uni_maintain_time=0.0514206, bi_search=47.5204, bi_subSolve=0.451478, bi_maintain_time=0.203339, admm_maintain=0.290117, area4=-nan, infea=314.469, d_obj=12175.3, overall time=3124.89
i=61, a_nnz=6.06484, ever_a_nnz=7.00816, b_nnz=53.8248, uni_search=5.99895, uni_subSolve=0.330485, uni_maintain_time=0.0511083, bi_search=47.3805, bi_subSolve=0.466307, bi_maintain_time=0.214151, admm_maintain=0.292914, area4=-nan, infea=312.075, d_obj=12145.4, overall time=3179.9
i=62, a_nnz=6.07612, ever_a_nnz=7.02333, b_nnz=54.2884, uni_search=4.41261, uni_subSolve=0.257808, uni_maintain_time=0.0446207, bi_search=45.5616, bi_subSolve=0.384247, bi_maintain_time=0.158988, admm_maintain=0.303375, area4=-nan, infea=307.26, d_obj=12226.3, overall time=3231.33
i=63, a_nnz=6.08462, ever_a_nnz=7.03825, b_nnz=54.7277, uni_search=5.98658, uni_subSolve=0.329831, uni_maintain_time=0.0513753, bi_search=44.8483, bi_subSolve=0.231628, bi_maintain_time=0.0830576, admm_maintain=0.178362, area4=-nan, infea=304.692, d_obj=12147.8, overall time=3283.26
i=64, a_nnz=6.09268, ever_a_nnz=7.054, b_nnz=55.1788, uni_search=3.84151, uni_subSolve=0.217669, uni_maintain_time=0.0421335, bi_search=44.746, bi_subSolve=0.258013, bi_maintain_time=0.0924088, admm_maintain=0.241095, area4=-nan, infea=301.251, d_obj=12017.7, overall time=3333
i=65, a_nnz=6.10108, ever_a_nnz=7.06811, b_nnz=55.6052, uni_search=5.89396, uni_subSolve=0.325303, uni_maintain_time=0.0475511, bi_search=44.8776, bi_subSolve=0.239325, bi_maintain_time=0.0864011, admm_maintain=0.189345, area4=-nan, infea=297.511, d_obj=12023.8, overall time=3384.88
i=66, a_nnz=6.10852, ever_a_nnz=7.08313, b_nnz=56.0516, uni_search=3.96369, uni_subSolve=0.214626, uni_maintain_time=0.0396219, bi_search=44.5166, bi_subSolve=0.21697, bi_maintain_time=0.0727876, admm_maintain=0.203842, area4=-nan, infea=296.73, d_obj=11966.1, overall time=3434.33
i=67, a_nnz=6.11721, ever_a_nnz=7.09695, b_nnz=56.4737, uni_search=3.74664, uni_subSolve=0.203064, uni_maintain_time=0.0383006, bi_search=44.5328, bi_subSolve=0.222614, bi_maintain_time=0.0739691, admm_maintain=0.227495, area4=-nan, infea=292.571, d_obj=11859.3, overall time=3483.61
i=68, a_nnz=6.12724, ever_a_nnz=7.11039, b_nnz=56.898, uni_search=3.75603, uni_subSolve=0.204641, uni_maintain_time=0.0385437, bi_search=44.5511, bi_subSolve=0.21963, bi_maintain_time=0.0732727, admm_maintain=0.206944, area4=-nan, infea=294.429, d_obj=11810.6, overall time=3532.91
i=69, a_nnz=6.13477, ever_a_nnz=7.12421, b_nnz=57.3547, uni_search=3.76171, uni_subSolve=0.205941, uni_maintain_time=0.038728, bi_search=44.554, bi_subSolve=0.242666, bi_maintain_time=0.0811504, admm_maintain=0.208845, area4=-nan, infea=292.974, d_obj=11630.7, p_obj=19940.7.........., heldout Acc=0.995354 (1/50), overall time=3582.29
i=70, a_nnz=6.14356, ever_a_nnz=7.13741, b_nnz=57.7814, uni_search=6.29217, uni_subSolve=0.366875, uni_maintain_time=0.0561627, bi_search=47.2714, bi_subSolve=0.520681, bi_maintain_time=0.230449, admm_maintain=0.356403, area4=-nan, infea=294.346, d_obj=11476.4, overall time=3637.69
i=71, a_nnz=6.15272, ever_a_nnz=7.15119, b_nnz=58.2267, uni_search=4.66828, uni_subSolve=0.303368, uni_maintain_time=0.0582244, bi_search=45.7275, bi_subSolve=0.371566, bi_maintain_time=0.146465, admm_maintain=0.279164, area4=-nan, infea=295.03, d_obj=11492, overall time=3689.57
i=72, a_nnz=6.16165, ever_a_nnz=7.16501, b_nnz=58.663, uni_search=4.74811, uni_subSolve=0.306323, uni_maintain_time=0.0551973, bi_search=45.0599, bi_subSolve=0.337555, bi_maintain_time=0.123236, admm_maintain=0.237563, area4=-nan, infea=293.647, d_obj=11421.4, overall time=3740.71
i=73, a_nnz=6.16823, ever_a_nnz=7.17768, b_nnz=59.083, uni_search=4.07889, uni_subSolve=0.238706, uni_maintain_time=0.0429402, bi_search=44.9926, bi_subSolve=0.325023, bi_maintain_time=0.118294, admm_maintain=0.242617, area4=-nan, infea=289.024, d_obj=11216.2, overall time=3791.09
i=74, a_nnz=6.17663, ever_a_nnz=7.19016, b_nnz=59.4982, uni_search=4.73974, uni_subSolve=0.310692, uni_maintain_time=0.0549003, bi_search=45.3489, bi_subSolve=0.386467, bi_maintain_time=0.150434, admm_maintain=0.286414, area4=-nan, infea=290.884, d_obj=11329.9, overall time=3842.69
i=75, a_nnz=6.18392, ever_a_nnz=7.20254, b_nnz=59.9235, uni_search=5.00846, uni_subSolve=0.329465, uni_maintain_time=0.0554318, bi_search=45.353, bi_subSolve=0.374147, bi_maintain_time=0.146861, admm_maintain=0.204464, area4=-nan, infea=287.98, d_obj=11255.7, overall time=3894.42
i=76, a_nnz=6.19016, ever_a_nnz=7.21497, b_nnz=60.3488, uni_search=3.90569, uni_subSolve=0.212581, uni_maintain_time=0.0383412, bi_search=44.5402, bi_subSolve=0.240702, bi_maintain_time=0.0799854, admm_maintain=0.204422, area4=-nan, infea=287.806, d_obj=11027.6, overall time=3943.87
i=77, a_nnz=6.19434, ever_a_nnz=7.22625, b_nnz=60.7188, uni_search=3.96361, uni_subSolve=0.219598, uni_maintain_time=0.0386108, bi_search=44.8085, bi_subSolve=0.319682, bi_maintain_time=0.114097, admm_maintain=0.212943, area4=-nan, infea=284.147, d_obj=11108.2, overall time=3993.78
i=78, a_nnz=6.20302, ever_a_nnz=7.23878, b_nnz=61.1503, uni_search=3.94, uni_subSolve=0.22024, uni_maintain_time=0.0387351, bi_search=45.72, bi_subSolve=0.400654, bi_maintain_time=0.161921, admm_maintain=0.302848, area4=-nan, infea=284.52, d_obj=11148.8, overall time=4044.9
i=79, a_nnz=6.21205, ever_a_nnz=7.25131, b_nnz=61.5771, uni_search=4.24494, uni_subSolve=0.240759, uni_maintain_time=0.0401753, bi_search=45.7036, bi_subSolve=0.417742, bi_maintain_time=0.166017, admm_maintain=0.355381, area4=-nan, infea=283.433, d_obj=10916.5, p_obj=22451.4.........., heldout Acc=0.996549, overall time=4096.44
i=80, a_nnz=6.21886, ever_a_nnz=7.26206, b_nnz=61.9427, uni_search=3.75556, uni_subSolve=0.207335, uni_maintain_time=0.0377743, bi_search=44.5526, bi_subSolve=0.265762, bi_maintain_time=0.0863404, admm_maintain=0.204475, area4=-nan, infea=279.169, d_obj=10856.3, overall time=4145.77
i=81, a_nnz=6.2251, ever_a_nnz=7.27291, b_nnz=62.324, uni_search=3.74214, uni_subSolve=0.206398, uni_maintain_time=0.037608, bi_search=44.7498, bi_subSolve=0.264175, bi_maintain_time=0.0879072, admm_maintain=0.206264, area4=-nan, infea=277.656, d_obj=10770.5, overall time=4195.29
i=82, a_nnz=6.2324, ever_a_nnz=7.28476, b_nnz=62.7467, uni_search=3.99118, uni_subSolve=0.222292, uni_maintain_time=0.0395773, bi_search=46.2283, bi_subSolve=0.399493, bi_maintain_time=0.161297, admm_maintain=0.270792, area4=-nan, infea=278.827, d_obj=10653.8, overall time=4246.91
i=83, a_nnz=6.23897, ever_a_nnz=7.29599, b_nnz=63.1404, uni_search=4.23152, uni_subSolve=0.276946, uni_maintain_time=0.0524636, bi_search=44.8542, bi_subSolve=0.312831, bi_maintain_time=0.108269, admm_maintain=0.237311, area4=-nan, infea=278.333, d_obj=10635.6, overall time=4297.24
i=84, a_nnz=6.24579, ever_a_nnz=7.30742, b_nnz=63.543, uni_search=3.9601, uni_subSolve=0.236221, uni_maintain_time=0.0421095, bi_search=46.1005, bi_subSolve=0.402859, bi_maintain_time=0.163518, admm_maintain=0.238569, area4=-nan, infea=276.444, d_obj=10638, overall time=4348.65
i=85, a_nnz=6.25308, ever_a_nnz=7.31821, b_nnz=63.9389, uni_search=4.35828, uni_subSolve=0.271796, uni_maintain_time=0.0493976, bi_search=46.271, bi_subSolve=0.461034, bi_maintain_time=0.196758, admm_maintain=0.387522, area4=-nan, infea=272.28, d_obj=10287.8, overall time=4401.07
i=86, a_nnz=6.25899, ever_a_nnz=7.32964, b_nnz=64.3551, uni_search=6.47863, uni_subSolve=0.40247, uni_maintain_time=0.0604379, bi_search=45.3759, bi_subSolve=0.363571, bi_maintain_time=0.136945, admm_maintain=0.274209, area4=-nan, infea=278.906, d_obj=10414.6, overall time=4454.46
i=87, a_nnz=6.26566, ever_a_nnz=7.34039, b_nnz=64.748, uni_search=4.41014, uni_subSolve=0.28944, uni_maintain_time=0.052794, bi_search=46.985, bi_subSolve=0.471371, bi_maintain_time=0.195403, admm_maintain=0.274278, area4=-nan, infea=278.012, d_obj=10448.5, overall time=4507.47
i=88, a_nnz=6.27262, ever_a_nnz=7.35138, b_nnz=65.146, uni_search=4.26967, uni_subSolve=0.282465, uni_maintain_time=0.0526533, bi_search=45.1336, bi_subSolve=0.354212, bi_maintain_time=0.129992, admm_maintain=0.320856, area4=-nan, infea=276.075, d_obj=10091.9, overall time=4558.29
i=89, a_nnz=6.27675, ever_a_nnz=7.3605, b_nnz=65.4956, uni_search=5.55259, uni_subSolve=0.328427, uni_maintain_time=0.0513359, bi_search=46.3394, bi_subSolve=0.44363, bi_maintain_time=0.175258, admm_maintain=0.238954, area4=-nan, infea=274.617, d_obj=10130.6, p_obj=18731.4.........., heldout Acc=0.996372 (1/50), overall time=4611.68
i=90, a_nnz=6.28337, ever_a_nnz=7.37034, b_nnz=65.8639, uni_search=3.81228, uni_subSolve=0.216679, uni_maintain_time=0.0380446, bi_search=44.549, bi_subSolve=0.288663, bi_maintain_time=0.0928787, admm_maintain=0.21689, area4=-nan, infea=271.107, d_obj=10264.3, overall time=4661.32
i=91, a_nnz=6.28774, ever_a_nnz=7.37994, b_nnz=66.2264, uni_search=6.55711, uni_subSolve=0.413428, uni_maintain_time=0.0614562, bi_search=47.2005, bi_subSolve=0.565281, bi_maintain_time=0.248081, admm_maintain=0.405035, area4=-nan, infea=266.76, d_obj=10038.1, overall time=4717.02
i=92, a_nnz=6.29374, ever_a_nnz=7.39064, b_nnz=66.6321, uni_search=3.81595, uni_subSolve=0.219, uni_maintain_time=0.0377647, bi_search=44.6279, bi_subSolve=0.304664, bi_maintain_time=0.100055, admm_maintain=0.254653, area4=-nan, infea=272.573, d_obj=9938.44, overall time=4766.65
i=93, a_nnz=6.2994, ever_a_nnz=7.40038, b_nnz=67.0001, uni_search=4.04152, uni_subSolve=0.248101, uni_maintain_time=0.0421398, bi_search=44.6829, bi_subSolve=0.30827, bi_maintain_time=0.101475, admm_maintain=0.244478, area4=-nan, infea=271.916, d_obj=10094.9, overall time=4816.58
i=94, a_nnz=6.30391, ever_a_nnz=7.40955, b_nnz=67.3596, uni_search=3.98667, uni_subSolve=0.242707, uni_maintain_time=0.0418521, bi_search=44.686, bi_subSolve=0.279576, bi_maintain_time=0.089098, admm_maintain=0.225715, area4=-nan, infea=268.424, d_obj=9737.64, overall time=4866.37
i=95, a_nnz=6.31025, ever_a_nnz=7.42021, b_nnz=67.7817, uni_search=3.82213, uni_subSolve=0.219808, uni_maintain_time=0.0380094, bi_search=44.679, bi_subSolve=0.277517, bi_maintain_time=0.0884926, admm_maintain=0.216262, area4=-nan, infea=269.315, d_obj=9805.34, overall time=4915.94
i=96, a_nnz=6.31437, ever_a_nnz=7.42976, b_nnz=68.1265, uni_search=3.75595, uni_subSolve=0.21178, uni_maintain_time=0.0367957, bi_search=44.8816, bi_subSolve=0.319533, bi_maintain_time=0.109014, admm_maintain=0.333765, area4=-nan, infea=271.202, d_obj=9930.11, overall time=4965.94
i=97, a_nnz=6.31965, ever_a_nnz=7.43926, b_nnz=68.4908, uni_search=6.15339, uni_subSolve=0.363014, uni_maintain_time=0.0515377, bi_search=45.4994, bi_subSolve=0.393783, bi_maintain_time=0.143501, admm_maintain=0.30477, area4=-nan, infea=268.472, d_obj=9701.28, overall time=5019.19
i=98, a_nnz=6.32652, ever_a_nnz=7.44852, b_nnz=68.8424, uni_search=4.35052, uni_subSolve=0.295276, uni_maintain_time=0.0523229, bi_search=44.9224, bi_subSolve=0.414586, bi_maintain_time=0.148158, admm_maintain=0.287976, area4=-nan, infea=267.431, d_obj=9709.57, overall time=5069.98
i=99, a_nnz=6.33386, ever_a_nnz=7.45798, b_nnz=69.2223, uni_search=4.6345, uni_subSolve=0.2957, uni_maintain_time=0.0448833, bi_search=44.7325, bi_subSolve=0.330607, bi_maintain_time=0.110358, admm_maintain=0.301841, area4=-nan, infea=269.11, d_obj=9721.77, p_obj=19002.5.........., heldout Acc=0.995752 (2/50), overall time=5120.75
i=100, a_nnz=6.33799, ever_a_nnz=7.46657, b_nnz=69.5581, uni_search=6.33486, uni_subSolve=0.389331, uni_maintain_time=0.0570146, bi_search=47.3662, bi_subSolve=0.565396, bi_maintain_time=0.231823, admm_maintain=0.354548, area4=-nan, infea=266.86, d_obj=9413.29, overall time=5176.3
i=101, a_nnz=6.34365, ever_a_nnz=7.47463, b_nnz=69.9004, uni_search=3.86457, uni_subSolve=0.226687, uni_maintain_time=0.0375577, bi_search=44.6617, bi_subSolve=0.341187, bi_maintain_time=0.110457, admm_maintain=0.27377, area4=-nan, infea=267.742, d_obj=9584.71, overall time=5226.11
i=102, a_nnz=6.34552, ever_a_nnz=7.48236, b_nnz=70.2048, uni_search=4.41402, uni_subSolve=0.276415, uni_maintain_time=0.047065, bi_search=44.8335, bi_subSolve=0.342369, bi_maintain_time=0.115972, admm_maintain=0.30453, area4=-nan, infea=258.746, d_obj=9699.42, overall time=5276.8
i=103, a_nnz=6.34898, ever_a_nnz=7.48946, b_nnz=70.5042, uni_search=5.79332, uni_subSolve=0.330922, uni_maintain_time=0.0446672, bi_search=45.1738, bi_subSolve=0.370206, bi_maintain_time=0.129363, admm_maintain=0.302265, area4=-nan, infea=256.489, d_obj=9252.76, overall time=5329.26
i=104, a_nnz=6.3557, ever_a_nnz=7.49873, b_nnz=70.865, uni_search=4.33551, uni_subSolve=0.298678, uni_maintain_time=0.0523537, bi_search=44.6053, bi_subSolve=0.310364, bi_maintain_time=0.0990012, admm_maintain=0.228701, area4=-nan, infea=261.837, d_obj=9293.12, overall time=5379.44
i=105, a_nnz=6.36184, ever_a_nnz=7.5079, b_nnz=71.2351, uni_search=3.90273, uni_subSolve=0.23037, uni_maintain_time=0.0385008, bi_search=46.5722, bi_subSolve=0.533504, bi_maintain_time=0.218544, admm_maintain=0.427595, area4=-nan, infea=264.117, d_obj=9421.71, overall time=5431.83
i=106, a_nnz=6.36621, ever_a_nnz=7.51605, b_nnz=71.5657, uni_search=6.73132, uni_subSolve=0.442818, uni_maintain_time=0.0617478, bi_search=47.2794, bi_subSolve=0.607934, bi_maintain_time=0.260209, admm_maintain=0.432375, area4=-nan, infea=262.741, d_obj=9124.48, overall time=5488.1
i=107, a_nnz=6.36885, ever_a_nnz=7.52417, b_nnz=71.8989, uni_search=6.4575, uni_subSolve=0.425351, uni_maintain_time=0.0614115, bi_search=44.811, bi_subSolve=0.356793, bi_maintain_time=0.119968, admm_maintain=0.257053, area4=-nan, infea=263.183, d_obj=9133.25, overall time=5540.87
i=108, a_nnz=6.37346, ever_a_nnz=7.5317, b_nnz=72.2005, uni_search=4.04364, uni_subSolve=0.254354, uni_maintain_time=0.0414349, bi_search=44.7057, bi_subSolve=0.356155, bi_maintain_time=0.114754, admm_maintain=0.280655, area4=-nan, infea=261.723, d_obj=9198.27, overall time=5590.94
i=109, a_nnz=6.37845, ever_a_nnz=7.53871, b_nnz=72.4901, uni_search=4.03722, uni_subSolve=0.254556, uni_maintain_time=0.0413925, bi_search=44.7017, bi_subSolve=0.35082, bi_maintain_time=0.110759, admm_maintain=0.277137, area4=-nan, infea=260.756, d_obj=8827.82, p_obj=19679.7.........., heldout Acc=0.997301, overall time=5641.01
i=110, a_nnz=6.38258, ever_a_nnz=7.54749, b_nnz=72.8431, uni_search=3.85272, uni_subSolve=0.227847, uni_maintain_time=0.0407935, bi_search=44.5747, bi_subSolve=0.265889, bi_maintain_time=0.0871218, admm_maintain=0.212809, area4=-nan, infea=263.659, d_obj=9031.5, overall time=5690.49
i=111, a_nnz=6.38584, ever_a_nnz=7.55474, b_nnz=73.1343, uni_search=3.7207, uni_subSolve=0.207492, uni_maintain_time=0.0362732, bi_search=44.6069, bi_subSolve=0.273299, bi_maintain_time=0.0903471, admm_maintain=0.23578, area4=-nan, infea=260.087, d_obj=9075.71, overall time=5739.9
i=112, a_nnz=6.3928, ever_a_nnz=7.56386, b_nnz=73.495, uni_search=3.75285, uni_subSolve=0.210097, uni_maintain_time=0.0371995, bi_search=44.569, bi_subSolve=0.268689, bi_maintain_time=0.086203, admm_maintain=0.218139, area4=-nan, infea=261.688, d_obj=8781.44, overall time=5789.26
i=113, a_nnz=6.3964, ever_a_nnz=7.57197, b_nnz=73.8152, uni_search=3.76541, uni_subSolve=0.212707, uni_maintain_time=0.0371463, bi_search=44.8226, bi_subSolve=0.29697, bi_maintain_time=0.0990803, admm_maintain=0.258417, area4=-nan, infea=264.948, d_obj=8792.49, overall time=5839
i=114, a_nnz=6.4023, ever_a_nnz=7.57979, b_nnz=74.1735, uni_search=3.88481, uni_subSolve=0.229612, uni_maintain_time=0.0406388, bi_search=44.5786, bi_subSolve=0.271066, bi_maintain_time=0.0883256, admm_maintain=0.220294, area4=-nan, infea=265.315, d_obj=9050.56, overall time=5888.54
i=115, a_nnz=6.40547, ever_a_nnz=7.58699, b_nnz=74.4671, uni_search=3.75084, uni_subSolve=0.211911, uni_maintain_time=0.0365789, bi_search=44.5825, bi_subSolve=0.262922, bi_maintain_time=0.0847042, admm_maintain=0.217559, area4=-nan, infea=258.553, d_obj=8672.63, overall time=5937.92
i=116, a_nnz=6.40883, ever_a_nnz=7.59342, b_nnz=74.761, uni_search=3.76294, uni_subSolve=0.212154, uni_maintain_time=0.0366973, bi_search=44.6013, bi_subSolve=0.272374, bi_maintain_time=0.0871017, admm_maintain=0.21636, area4=-nan, infea=255.789, d_obj=8817.07, overall time=5987.41
i=117, a_nnz=6.41176, ever_a_nnz=7.60096, b_nnz=75.0768, uni_search=4.02347, uni_subSolve=0.229052, uni_maintain_time=0.0383493, bi_search=44.5008, bi_subSolve=0.285597, bi_maintain_time=0.0921447, admm_maintain=0.218683, area4=-nan, infea=255.66, d_obj=8766.82, overall time=6037.02
i=118, a_nnz=6.41622, ever_a_nnz=7.60763, b_nnz=75.3855, uni_search=3.76609, uni_subSolve=0.215312, uni_maintain_time=0.0371741, bi_search=44.5333, bi_subSolve=0.277226, bi_maintain_time=0.088242, admm_maintain=0.219856, area4=-nan, infea=254.755, d_obj=8556.64, overall time=6086.39
i=119, a_nnz=6.42016, ever_a_nnz=7.61382, b_nnz=75.6488, uni_search=3.86037, uni_subSolve=0.228374, uni_maintain_time=0.0400944, bi_search=44.7844, bi_subSolve=0.274089, bi_maintain_time=0.0909913, admm_maintain=0.226646, area4=-nan, infea=252.702, d_obj=8744.66, p_obj=20091.3.........., heldout Acc=0.997478, overall time=6136.13
i=120, a_nnz=6.42496, ever_a_nnz=7.62189, b_nnz=75.9798, uni_search=3.87666, uni_subSolve=0.232444, uni_maintain_time=0.0408246, bi_search=44.6343, bi_subSolve=0.27782, bi_maintain_time=0.0914095, admm_maintain=0.238456, area4=-nan, infea=255.522, d_obj=8733.47, overall time=6185.77
i=121, a_nnz=6.42779, ever_a_nnz=7.62909, b_nnz=76.3001, uni_search=3.97039, uni_subSolve=0.229079, uni_maintain_time=0.037801, bi_search=44.7136, bi_subSolve=0.303671, bi_maintain_time=0.100798, admm_maintain=0.236766, area4=-nan, infea=257.004, d_obj=8403.28, overall time=6235.6
i=122, a_nnz=6.42933, ever_a_nnz=7.63537, b_nnz=76.5654, uni_search=3.88877, uni_subSolve=0.235985, uni_maintain_time=0.040554, bi_search=44.5703, bi_subSolve=0.296551, bi_maintain_time=0.0969146, admm_maintain=0.251638, area4=-nan, infea=253.634, d_obj=8538.94, overall time=6285.22
i=123, a_nnz=6.43341, ever_a_nnz=7.64228, b_nnz=76.85, uni_search=3.77446, uni_subSolve=0.217591, uni_maintain_time=0.0369286, bi_search=44.5357, bi_subSolve=0.30262, bi_maintain_time=0.0989326, admm_maintain=0.225633, area4=-nan, infea=251.528, d_obj=8624.52, overall time=6334.64
i=124, a_nnz=6.43873, ever_a_nnz=7.64838, b_nnz=77.1243, uni_search=3.8072, uni_subSolve=0.220125, uni_maintain_time=0.0369635, bi_search=44.4522, bi_subSolve=0.286918, bi_maintain_time=0.0908074, admm_maintain=0.242971, area4=-nan, infea=252.926, d_obj=8261.43, overall time=6384.02
i=125, a_nnz=6.44248, ever_a_nnz=7.65486, b_nnz=77.424, uni_search=3.87553, uni_subSolve=0.234151, uni_maintain_time=0.0398002, bi_search=44.6101, bi_subSolve=0.268543, bi_maintain_time=0.0863496, admm_maintain=0.22832, area4=-nan, infea=253.627, d_obj=8235.7, overall time=6433.61
i=126, a_nnz=6.44608, ever_a_nnz=7.66244, b_nnz=77.7455, uni_search=3.88433, uni_subSolve=0.234416, uni_maintain_time=0.0399667, bi_search=44.5705, bi_subSolve=0.290698, bi_maintain_time=0.0961154, admm_maintain=0.245699, area4=-nan, infea=257.906, d_obj=8293.03, overall time=6483.21
i=127, a_nnz=6.45054, ever_a_nnz=7.6695, b_nnz=78.0812, uni_search=3.79048, uni_subSolve=0.219751, uni_maintain_time=0.0369848, bi_search=44.5455, bi_subSolve=0.266283, bi_maintain_time=0.085229, admm_maintain=0.230614, area4=-nan, infea=255.67, d_obj=8261.72, overall time=6532.64
i=128, a_nnz=6.454, ever_a_nnz=7.67646, b_nnz=78.3804, uni_search=3.79491, uni_subSolve=0.221745, uni_maintain_time=0.0371574, bi_search=44.5775, bi_subSolve=0.27358, bi_maintain_time=0.0867335, admm_maintain=0.227955, area4=-nan, infea=260.759, d_obj=8169.48, overall time=6582.19
i=129, a_nnz=6.45716, ever_a_nnz=7.68275, b_nnz=78.6321, uni_search=4.69876, uni_subSolve=0.276669, uni_maintain_time=0.0425867, bi_search=44.7444, bi_subSolve=0.285863, bi_maintain_time=0.0928438, admm_maintain=0.22754, area4=-nan, infea=255.046, d_obj=8221.26