using heldout data set: /scratch/cluster/ianyen/data/multilabel/rcv1_regions.subtest.1k
D=47237
K=226
N=20835
d=75.9802
r=6
i=0, a_nnz=2.00528, ever_a_nnz=2.00528, b_nnz=1.85779, uni_search=2.45343, uni_subSolve=0.157881, uni_maintain_time=0.0508616, bi_search=47.2231, bi_subSolve=0.0712162, bi_maintain_time=0.0738055, admm_maintain=0.0210733, area4=-nan, infea=3095.41, d_obj=-4824.18, overall time=50.3966
i=1, a_nnz=2.45131, ever_a_nnz=2.45731, b_nnz=3.14615, uni_search=3.20916, uni_subSolve=0.196749, uni_maintain_time=0.0577014, bi_search=45.1008, bi_subSolve=0.0323741, bi_maintain_time=0.0386449, admm_maintain=0.014265, area4=-nan, infea=2481.97, d_obj=-8424.85, overall time=99.1078
i=2, a_nnz=2.79501, ever_a_nnz=2.80504, b_nnz=4.40485, uni_search=1.87515, uni_subSolve=0.0759151, uni_maintain_time=0.0385335, bi_search=44.7744, bi_subSolve=0.036827, bi_maintain_time=0.0418093, admm_maintain=0.0196276, area4=-nan, infea=2244.59, d_obj=-10630.1, overall time=146.036
i=3, a_nnz=3.06657, ever_a_nnz=3.08054, b_nnz=5.61781, uni_search=2.15772, uni_subSolve=0.0927503, uni_maintain_time=0.0447242, bi_search=45.1924, bi_subSolve=0.0615623, bi_maintain_time=0.0645605, admm_maintain=0.0255773, area4=-nan, infea=1978.4, d_obj=-12263.9, overall time=193.756
i=4, a_nnz=3.28846, ever_a_nnz=3.30617, b_nnz=6.7869, uni_search=2.43758, uni_subSolve=0.110593, uni_maintain_time=0.0465442, bi_search=45.328, bi_subSolve=0.0720013, bi_maintain_time=0.0718954, admm_maintain=0.048056, area4=-nan, infea=1763.31, d_obj=-13524, overall time=241.979
i=5, a_nnz=3.46993, ever_a_nnz=3.49158, b_nnz=7.8802, uni_search=2.74602, uni_subSolve=0.133937, uni_maintain_time=0.0451784, bi_search=46.3325, bi_subSolve=0.114804, bi_maintain_time=0.110099, admm_maintain=0.0555854, area4=-nan, infea=1563.99, d_obj=-14577.7, overall time=291.661
i=6, a_nnz=3.61949, ever_a_nnz=3.64449, b_nnz=8.9067, uni_search=4.10348, uni_subSolve=0.240842, uni_maintain_time=0.069728, bi_search=44.8012, bi_subSolve=0.0621534, bi_maintain_time=0.0497117, admm_maintain=0.0385906, area4=-nan, infea=1420.99, d_obj=-15413.9, overall time=341.125
i=7, a_nnz=3.74764, ever_a_nnz=3.77663, b_nnz=9.87862, uni_search=2.61898, uni_subSolve=0.119155, uni_maintain_time=0.0479929, bi_search=44.5964, bi_subSolve=0.0609427, bi_maintain_time=0.0453167, admm_maintain=0.0446465, area4=-nan, infea=1307.41, d_obj=-16104.3, overall time=388.763
i=8, a_nnz=3.8635, ever_a_nnz=3.89604, b_nnz=10.818, uni_search=2.69668, uni_subSolve=0.124741, uni_maintain_time=0.0486877, bi_search=44.6804, bi_subSolve=0.0695383, bi_maintain_time=0.0509347, admm_maintain=0.0494799, area4=-nan, infea=1224.81, d_obj=-16684.2, overall time=436.589
i=9, a_nnz=3.96583, ever_a_nnz=4.00072, b_nnz=11.7109, uni_search=3.86385, uni_subSolve=0.227173, uni_maintain_time=0.0719433, bi_search=44.9616, bi_subSolve=0.0954058, bi_maintain_time=0.0715848, admm_maintain=0.0449758, area4=-nan, infea=1137.87, d_obj=-17200.5, p_obj=52407.2.........., heldout Acc=0.989823, overall time=486.037
i=10, a_nnz=4.05798, ever_a_nnz=4.09566, b_nnz=12.5699, uni_search=4.92923, uni_subSolve=0.221501, uni_maintain_time=0.0526579, bi_search=46.4722, bi_subSolve=0.148792, bi_maintain_time=0.141227, admm_maintain=0.0682213, area4=-nan, infea=1081.29, d_obj=-17629.9, overall time=538.219
i=11, a_nnz=4.14034, ever_a_nnz=4.18109, b_nnz=13.3967, uni_search=3.15821, uni_subSolve=0.137563, uni_maintain_time=0.0477706, bi_search=45.9464, bi_subSolve=0.143738, bi_maintain_time=0.132296, admm_maintain=0.0939863, area4=-nan, infea=1020.16, d_obj=-18020.7, overall time=588.045
i=12, a_nnz=4.21329, ever_a_nnz=4.25721, b_nnz=14.1734, uni_search=4.19411, uni_subSolve=0.210943, uni_maintain_time=0.0550253, bi_search=45.8303, bi_subSolve=0.156979, bi_maintain_time=0.139477, admm_maintain=0.072075, area4=-nan, infea=968.143, d_obj=-18372.8, overall time=638.853
i=13, a_nnz=4.28135, ever_a_nnz=4.32815, b_nnz=14.9365, uni_search=5.74933, uni_subSolve=0.274314, uni_maintain_time=0.0541159, bi_search=47.1882, bi_subSolve=0.179282, bi_maintain_time=0.16218, admm_maintain=0.0950683, area4=-nan, infea=921.57, d_obj=-18685.2, overall time=692.768
i=14, a_nnz=4.3474, ever_a_nnz=4.39573, b_nnz=15.6941, uni_search=5.68717, uni_subSolve=0.271503, uni_maintain_time=0.0542932, bi_search=46.4883, bi_subSolve=0.184674, bi_maintain_time=0.168904, admm_maintain=0.0769779, area4=-nan, infea=895.517, d_obj=-18959.2, overall time=745.834
i=15, a_nnz=4.40917, ever_a_nnz=4.45932, b_nnz=16.4206, uni_search=5.34453, uni_subSolve=0.255066, uni_maintain_time=0.0571918, bi_search=46.1061, bi_subSolve=0.184836, bi_maintain_time=0.154785, admm_maintain=0.13448, area4=-nan, infea=860.255, d_obj=-19221.1, overall time=798.298
i=16, a_nnz=4.46595, ever_a_nnz=4.51759, b_nnz=17.1282, uni_search=5.55704, uni_subSolve=0.291039, uni_maintain_time=0.0593482, bi_search=46.1514, bi_subSolve=0.208633, bi_maintain_time=0.181311, admm_maintain=0.120735, area4=-nan, infea=824.256, d_obj=-19465.6, overall time=851.078
i=17, a_nnz=4.52249, ever_a_nnz=4.57509, b_nnz=17.8495, uni_search=5.18809, uni_subSolve=0.264484, uni_maintain_time=0.0608503, bi_search=46.2926, bi_subSolve=0.19261, bi_maintain_time=0.156025, admm_maintain=0.0823517, area4=-nan, infea=816.888, d_obj=-19667.9, overall time=903.48
i=18, a_nnz=4.57283, ever_a_nnz=4.62731, b_nnz=18.5405, uni_search=3.8258, uni_subSolve=0.181777, uni_maintain_time=0.0502603, bi_search=45.7826, bi_subSolve=0.144943, bi_maintain_time=0.105775, admm_maintain=0.133943, area4=-nan, infea=787.482, d_obj=-19878.6, overall time=953.891
i=19, a_nnz=4.61881, ever_a_nnz=4.67492, b_nnz=19.1979, uni_search=4.459, uni_subSolve=0.234201, uni_maintain_time=0.0568847, bi_search=45.6844, bi_subSolve=0.186474, bi_maintain_time=0.145461, admm_maintain=0.14057, area4=-nan, infea=765.459, d_obj=-20071.4, p_obj=30181.7.........., heldout Acc=0.992035, overall time=1005.05
i=20, a_nnz=4.66393, ever_a_nnz=4.72129, b_nnz=19.838, uni_search=3.16717, uni_subSolve=0.139923, uni_maintain_time=0.0425696, bi_search=44.3474, bi_subSolve=0.111195, bi_maintain_time=0.0706205, admm_maintain=0.0635893, area4=-nan, infea=744.461, d_obj=-20253.3, overall time=1053.19
i=21, a_nnz=4.7067, ever_a_nnz=4.76515, b_nnz=20.4767, uni_search=3.02879, uni_subSolve=0.131124, uni_maintain_time=0.0421728, bi_search=44.8797, bi_subSolve=0.139367, bi_maintain_time=0.101119, admm_maintain=0.0692692, area4=-nan, infea=727.212, d_obj=-20422.5, overall time=1101.7
i=22, a_nnz=4.74893, ever_a_nnz=4.80902, b_nnz=21.1276, uni_search=3.43493, uni_subSolve=0.159521, uni_maintain_time=0.0442778, bi_search=44.7427, bi_subSolve=0.136217, bi_maintain_time=0.0996028, admm_maintain=0.0718761, area4=-nan, infea=718.435, d_obj=-20575.9, overall time=1150.51
i=23, a_nnz=4.78632, ever_a_nnz=4.848, b_nnz=21.7364, uni_search=3.03408, uni_subSolve=0.132555, uni_maintain_time=0.0427996, bi_search=44.4212, bi_subSolve=0.113873, bi_maintain_time=0.0736453, admm_maintain=0.0648977, area4=-nan, infea=695.313, d_obj=-20736, overall time=1198.51
i=24, a_nnz=4.82462, ever_a_nnz=4.88774, b_nnz=22.3571, uni_search=3.17361, uni_subSolve=0.140304, uni_maintain_time=0.0415171, bi_search=45.4286, bi_subSolve=0.176874, bi_maintain_time=0.131436, admm_maintain=0.14109, area4=-nan, infea=689.707, d_obj=-20873.2, overall time=1247.94
i=25, a_nnz=4.85932, ever_a_nnz=4.92359, b_nnz=22.9415, uni_search=5.08106, uni_subSolve=0.258281, uni_maintain_time=0.0548278, bi_search=46.3218, bi_subSolve=0.230525, bi_maintain_time=0.181676, admm_maintain=0.140255, area4=-nan, infea=677.579, d_obj=-21009.5, overall time=1300.45
i=26, a_nnz=4.89225, ever_a_nnz=4.958, b_nnz=23.5223, uni_search=5.22336, uni_subSolve=0.270037, uni_maintain_time=0.0541132, bi_search=46.0237, bi_subSolve=0.198606, bi_maintain_time=0.15186, admm_maintain=0.142906, area4=-nan, infea=656.719, d_obj=-21148.6, overall time=1352.69
i=27, a_nnz=4.9245, ever_a_nnz=4.9917, b_nnz=24.1027, uni_search=3.28927, uni_subSolve=0.15589, uni_maintain_time=0.0475552, bi_search=45.1207, bi_subSolve=0.178923, bi_maintain_time=0.121883, admm_maintain=0.108762, area4=-nan, infea=652.873, d_obj=-21266.8, overall time=1401.89
i=28, a_nnz=4.95455, ever_a_nnz=5.0227, b_nnz=24.6536, uni_search=4.62741, uni_subSolve=0.242937, uni_maintain_time=0.0546753, bi_search=46.492, bi_subSolve=0.227998, bi_maintain_time=0.173398, admm_maintain=0.110676, area4=-nan, infea=643.918, d_obj=-21384.3, overall time=1453.99
i=29, a_nnz=4.98335, ever_a_nnz=5.05313, b_nnz=25.2061, uni_search=4.81168, uni_subSolve=0.240397, uni_maintain_time=0.0489923, bi_search=45.2191, bi_subSolve=0.16234, bi_maintain_time=0.11247, admm_maintain=0.117077, area4=-nan, infea=632.615, d_obj=-21499.3, p_obj=25300.........., heldout Acc=0.99354, overall time=1504.88
i=30, a_nnz=5.01325, ever_a_nnz=5.08395, b_nnz=25.7705, uni_search=3.565, uni_subSolve=0.180329, uni_maintain_time=0.0564492, bi_search=44.5837, bi_subSolve=0.154482, bi_maintain_time=0.0958917, admm_maintain=0.107106, area4=-nan, infea=625.726, d_obj=-21608.5, overall time=1553.81
i=31, a_nnz=5.04252, ever_a_nnz=5.11437, b_nnz=26.3445, uni_search=3.58467, uni_subSolve=0.173784, uni_maintain_time=0.0535734, bi_search=44.8194, bi_subSolve=0.174348, bi_maintain_time=0.116977, admm_maintain=0.0885599, area4=-nan, infea=626.253, d_obj=-21705.5, overall time=1602.96
i=32, a_nnz=5.06892, ever_a_nnz=5.14168, b_nnz=26.8627, uni_search=3.57111, uni_subSolve=0.175421, uni_maintain_time=0.0448909, bi_search=44.5552, bi_subSolve=0.158892, bi_maintain_time=0.100306, admm_maintain=0.110487, area4=-nan, infea=608.343, d_obj=-21818.1, overall time=1651.87
i=33, a_nnz=5.09518, ever_a_nnz=5.16928, b_nnz=27.4134, uni_search=5.03315, uni_subSolve=0.288318, uni_maintain_time=0.0621954, bi_search=44.9768, bi_subSolve=0.193097, bi_maintain_time=0.123413, admm_maintain=0.101319, area4=-nan, infea=600.39, d_obj=-21915.9, overall time=1702.82
i=34, a_nnz=5.12133, ever_a_nnz=5.19702, b_nnz=27.9632, uni_search=3.59168, uni_subSolve=0.186338, uni_maintain_time=0.0554221, bi_search=44.7768, bi_subSolve=0.151714, bi_maintain_time=0.0864687, admm_maintain=0.100304, area4=-nan, infea=606.189, d_obj=-21999.1, overall time=1751.93
i=35, a_nnz=5.14605, ever_a_nnz=5.22299, b_nnz=28.4979, uni_search=3.60974, uni_subSolve=0.184, uni_maintain_time=0.0514425, bi_search=45.6686, bi_subSolve=0.192091, bi_maintain_time=0.129779, admm_maintain=0.15455, area4=-nan, infea=589.705, d_obj=-22100.8, overall time=1802.09
i=36, a_nnz=5.16991, ever_a_nnz=5.24819, b_nnz=29.0292, uni_search=4.98202, uni_subSolve=0.255862, uni_maintain_time=0.0516151, bi_search=46.3334, bi_subSolve=0.250066, bi_maintain_time=0.176216, admm_maintain=0.167588, area4=-nan, infea=584.284, d_obj=-22188.3, overall time=1854.52
i=37, a_nnz=5.19256, ever_a_nnz=5.27147, b_nnz=29.5323, uni_search=5.03894, uni_subSolve=0.260647, uni_maintain_time=0.0502329, bi_search=46.3425, bi_subSolve=0.236864, bi_maintain_time=0.165943, admm_maintain=0.120915, area4=-nan, infea=576.551, d_obj=-22277.3, overall time=1906.93
i=38, a_nnz=5.21589, ever_a_nnz=5.2958, b_nnz=30.0421, uni_search=4.57091, uni_subSolve=0.225125, uni_maintain_time=0.0467543, bi_search=46.3331, bi_subSolve=0.237569, bi_maintain_time=0.168132, admm_maintain=0.132445, area4=-nan, infea=571.648, d_obj=-22360, overall time=1958.86
i=39, a_nnz=5.2371, ever_a_nnz=5.31812, b_nnz=30.5281, uni_search=5.28185, uni_subSolve=0.28038, uni_maintain_time=0.051835, bi_search=46.3922, bi_subSolve=0.262108, bi_maintain_time=0.183794, admm_maintain=0.15661, area4=-nan, infea=560.87, d_obj=-22446.4, p_obj=26207.6.........., heldout Acc=0.994602, overall time=2011.68
i=40, a_nnz=5.25985, ever_a_nnz=5.34125, b_nnz=31.0459, uni_search=3.23803, uni_subSolve=0.155436, uni_maintain_time=0.0441671, bi_search=45.2372, bi_subSolve=0.182268, bi_maintain_time=0.105838, admm_maintain=0.104351, area4=-nan, infea=557.513, d_obj=-22523.2, overall time=2060.92
i=41, a_nnz=5.28035, ever_a_nnz=5.36266, b_nnz=31.5258, uni_search=3.82116, uni_subSolve=0.19057, uni_maintain_time=0.0490112, bi_search=44.3839, bi_subSolve=0.117567, bi_maintain_time=0.0583771, admm_maintain=0.0842507, area4=-nan, infea=552.98, d_obj=-22598.5, overall time=2109.76
i=42, a_nnz=5.30108, ever_a_nnz=5.38421, b_nnz=32.0225, uni_search=3.07047, uni_subSolve=0.139097, uni_maintain_time=0.0385649, bi_search=44.2926, bi_subSolve=0.139987, bi_maintain_time=0.0708338, admm_maintain=0.104074, area4=-nan, infea=554.634, d_obj=-22667.5, overall time=2157.78
i=43, a_nnz=5.32177, ever_a_nnz=5.40576, b_nnz=32.5318, uni_search=3.37307, uni_subSolve=0.167395, uni_maintain_time=0.0474378, bi_search=44.2162, bi_subSolve=0.132182, bi_maintain_time=0.0686856, admm_maintain=0.0860224, area4=-nan, infea=551.974, d_obj=-22737.3, overall time=2205.99
i=44, a_nnz=5.34279, ever_a_nnz=5.42765, b_nnz=33.0227, uni_search=3.08704, uni_subSolve=0.13805, uni_maintain_time=0.0382165, bi_search=44.4668, bi_subSolve=0.160872, bi_maintain_time=0.0873531, admm_maintain=0.105428, area4=-nan, infea=549.372, d_obj=-22806.7, overall time=2254.23
i=45, a_nnz=5.36184, ever_a_nnz=5.44761, b_nnz=33.4938, uni_search=3.52945, uni_subSolve=0.183179, uni_maintain_time=0.0481737, bi_search=44.7558, bi_subSolve=0.16616, bi_maintain_time=0.0879854, admm_maintain=0.120876, area4=-nan, infea=542.905, d_obj=-22877.8, overall time=2303.3
i=46, a_nnz=5.38123, ever_a_nnz=5.46743, b_nnz=33.9821, uni_search=3.96445, uni_subSolve=0.19853, uni_maintain_time=0.0522511, bi_search=44.6367, bi_subSolve=0.166616, bi_maintain_time=0.090299, admm_maintain=0.0892642, area4=-nan, infea=540.39, d_obj=-22943.4, overall time=2352.63
i=47, a_nnz=5.40101, ever_a_nnz=5.48807, b_nnz=34.479, uni_search=3.14838, uni_subSolve=0.146972, uni_maintain_time=0.0387482, bi_search=44.3783, bi_subSolve=0.162295, bi_maintain_time=0.0851983, admm_maintain=0.0926622, area4=-nan, infea=533.461, d_obj=-23013, overall time=2400.81
i=48, a_nnz=5.41838, ever_a_nnz=5.50612, b_nnz=34.9139, uni_search=3.14284, uni_subSolve=0.146394, uni_maintain_time=0.0386919, bi_search=44.9204, bi_subSolve=0.161758, bi_maintain_time=0.0850318, admm_maintain=0.12326, area4=-nan, infea=521.337, d_obj=-23085.4, overall time=2449.6
i=49, a_nnz=5.43662, ever_a_nnz=5.52546, b_nnz=35.4103, uni_search=4.43129, uni_subSolve=0.223287, uni_maintain_time=0.0498201, bi_search=44.65, bi_subSolve=0.149484, bi_maintain_time=0.078172, admm_maintain=0.102202, area4=-nan, infea=524.101, d_obj=-23143.1, p_obj=25856.7.........., heldout Acc=0.995133, overall time=2499.44
i=50, a_nnz=5.45337, ever_a_nnz=5.54317, b_nnz=35.8647, uni_search=4.55556, uni_subSolve=0.238901, uni_maintain_time=0.0525317, bi_search=44.9466, bi_subSolve=0.186982, bi_maintain_time=0.107779, admm_maintain=0.116383, area4=-nan, infea=519.9, d_obj=-23205, overall time=2549.81
i=51, a_nnz=5.46983, ever_a_nnz=5.5606, b_nnz=36.3279, uni_search=3.56844, uni_subSolve=0.189859, uni_maintain_time=0.0513939, bi_search=44.3536, bi_subSolve=0.172855, bi_maintain_time=0.0891989, admm_maintain=0.103909, area4=-nan, infea=517.588, d_obj=-23263.7, overall time=2598.49
i=52, a_nnz=5.48711, ever_a_nnz=5.57816, b_nnz=36.7904, uni_search=3.90108, uni_subSolve=0.194056, uni_maintain_time=0.0454662, bi_search=45.6939, bi_subSolve=0.214498, bi_maintain_time=0.135932, admm_maintain=0.116942, area4=-nan, infea=515.984, d_obj=-23321, overall time=2648.97
i=53, a_nnz=5.50434, ever_a_nnz=5.59587, b_nnz=37.2471, uni_search=3.50422, uni_subSolve=0.185803, uni_maintain_time=0.0490715, bi_search=44.3655, bi_subSolve=0.175561, bi_maintain_time=0.0858186, admm_maintain=0.120212, area4=-nan, infea=517.979, d_obj=-23372.6, overall time=2697.64
i=54, a_nnz=5.52167, ever_a_nnz=5.61382, b_nnz=37.7241, uni_search=3.56132, uni_subSolve=0.190938, uni_maintain_time=0.0495599, bi_search=44.9416, bi_subSolve=0.193708, bi_maintain_time=0.10721, admm_maintain=0.12324, area4=-nan, infea=509.586, d_obj=-23434.9, overall time=2746.98
i=55, a_nnz=5.53847, ever_a_nnz=5.63125, b_nnz=38.19, uni_search=4.39446, uni_subSolve=0.213445, uni_maintain_time=0.0474065, bi_search=45.6176, bi_subSolve=0.195212, bi_maintain_time=0.116857, admm_maintain=0.0919888, area4=-nan, infea=512.428, d_obj=-23484.4, overall time=2797.79
i=56, a_nnz=5.55407, ever_a_nnz=5.64761, b_nnz=38.6532, uni_search=3.39665, uni_subSolve=0.1608, uni_maintain_time=0.0396658, bi_search=44.525, bi_subSolve=0.180203, bi_maintain_time=0.0959464, admm_maintain=0.112408, area4=-nan, infea=515.037, d_obj=-23532.8, overall time=2846.46
i=57, a_nnz=5.56991, ever_a_nnz=5.66403, b_nnz=39.1006, uni_search=3.40851, uni_subSolve=0.175208, uni_maintain_time=0.0440912, bi_search=45.1471, bi_subSolve=0.207329, bi_maintain_time=0.116108, admm_maintain=0.142869, area4=-nan, infea=505.165, d_obj=-23592.9, overall time=2895.9
i=58, a_nnz=5.58594, ever_a_nnz=5.68063, b_nnz=39.56, uni_search=4.72778, uni_subSolve=0.240773, uni_maintain_time=0.0479188, bi_search=44.9063, bi_subSolve=0.195456, bi_maintain_time=0.105653, admm_maintain=0.122039, area4=-nan, infea=508.485, d_obj=-23640, overall time=2946.42
i=59, a_nnz=5.60202, ever_a_nnz=5.69738, b_nnz=40.0172, uni_search=4.1127, uni_subSolve=0.215151, uni_maintain_time=0.0505174, bi_search=44.7304, bi_subSolve=0.167283, bi_maintain_time=0.0818705, admm_maintain=0.11711, area4=-nan, infea=505.264, d_obj=-23692, p_obj=26697.5.........., heldout Acc=0.994956 (1/50), overall time=2996.06
i=60, a_nnz=5.61617, ever_a_nnz=5.71222, b_nnz=40.4279, uni_search=4.06343, uni_subSolve=0.198758, uni_maintain_time=0.0461116, bi_search=44.9859, bi_subSolve=0.18085, bi_maintain_time=0.105289, admm_maintain=0.0957322, area4=-nan, infea=501.228, d_obj=-23743.7, overall time=3045.87
i=61, a_nnz=5.63014, ever_a_nnz=5.72685, b_nnz=40.8807, uni_search=3.19854, uni_subSolve=0.149727, uni_maintain_time=0.0391192, bi_search=44.2156, bi_subSolve=0.143749, bi_maintain_time=0.0704426, admm_maintain=0.0994695, area4=-nan, infea=496.509, d_obj=-23794.1, overall time=3093.93
i=62, a_nnz=5.64478, ever_a_nnz=5.74183, b_nnz=41.3257, uni_search=3.18773, uni_subSolve=0.153248, uni_maintain_time=0.0390692, bi_search=44.1942, bi_subSolve=0.129879, bi_maintain_time=0.0602858, admm_maintain=0.10145, area4=-nan, infea=496.634, d_obj=-23840.9, overall time=3141.94
i=63, a_nnz=5.65894, ever_a_nnz=5.75652, b_nnz=41.7608, uni_search=3.17132, uni_subSolve=0.152368, uni_maintain_time=0.0391033, bi_search=44.2042, bi_subSolve=0.127884, bi_maintain_time=0.0599243, admm_maintain=0.101957, area4=-nan, infea=490.876, d_obj=-23891.1, overall time=3189.96
i=64, a_nnz=5.67238, ever_a_nnz=5.77087, b_nnz=42.2102, uni_search=3.94817, uni_subSolve=0.21328, uni_maintain_time=0.0553203, bi_search=44.3834, bi_subSolve=0.198366, bi_maintain_time=0.0988848, admm_maintain=0.12772, area4=-nan, infea=492.612, d_obj=-23934.3, overall time=3239.16
i=65, a_nnz=5.68663, ever_a_nnz=5.78603, b_nnz=42.6676, uni_search=3.54344, uni_subSolve=0.19667, uni_maintain_time=0.049805, bi_search=44.3477, bi_subSolve=0.186929, bi_maintain_time=0.0946949, admm_maintain=0.118578, area4=-nan, infea=487.793, d_obj=-23983.6, overall time=3287.87
i=66, a_nnz=5.70108, ever_a_nnz=5.80101, b_nnz=43.1402, uni_search=3.42318, uni_subSolve=0.179762, uni_maintain_time=0.0447231, bi_search=44.3673, bi_subSolve=0.187586, bi_maintain_time=0.0910799, admm_maintain=0.132683, area4=-nan, infea=487.828, d_obj=-24026.4, overall time=3336.48
i=67, a_nnz=5.71481, ever_a_nnz=5.81541, b_nnz=43.5713, uni_search=3.57342, uni_subSolve=0.199788, uni_maintain_time=0.0497649, bi_search=44.3229, bi_subSolve=0.180229, bi_maintain_time=0.0911946, admm_maintain=0.120667, area4=-nan, infea=482.122, d_obj=-24075.3, overall time=3385.18
i=68, a_nnz=5.72925, ever_a_nnz=5.83053, b_nnz=44.0339, uni_search=3.44361, uni_subSolve=0.182207, uni_maintain_time=0.0477549, bi_search=44.2851, bi_subSolve=0.157914, bi_maintain_time=0.0785145, admm_maintain=0.107199, area4=-nan, infea=485.297, d_obj=-24114.5, overall time=3433.63
i=69, a_nnz=5.74212, ever_a_nnz=5.84377, b_nnz=44.4395, uni_search=3.18673, uni_subSolve=0.153078, uni_maintain_time=0.0383666, bi_search=44.2287, bi_subSolve=0.165108, bi_maintain_time=0.0794607, admm_maintain=0.108906, area4=-nan, infea=473.574, d_obj=-24167.3, p_obj=21175.6.........., heldout Acc=0.996681, overall time=3481.73
i=70, a_nnz=5.75474, ever_a_nnz=5.85697, b_nnz=44.8631, uni_search=3.68872, uni_subSolve=0.214411, uni_maintain_time=0.0543205, bi_search=44.3916, bi_subSolve=0.166922, bi_maintain_time=0.079601, admm_maintain=0.125454, area4=-nan, infea=477.338, d_obj=-24204.8, overall time=3530.66
i=71, a_nnz=5.76813, ever_a_nnz=5.87084, b_nnz=45.3122, uni_search=3.74573, uni_subSolve=0.187752, uni_maintain_time=0.0414619, bi_search=44.152, bi_subSolve=0.12178, bi_maintain_time=0.0577785, admm_maintain=0.100706, area4=-nan, infea=465.833, d_obj=-24255.8, overall time=3579.2
i=72, a_nnz=5.77975, ever_a_nnz=5.88361, b_nnz=45.7301, uni_search=3.13027, uni_subSolve=0.147901, uni_maintain_time=0.0385993, bi_search=44.3288, bi_subSolve=0.1581, bi_maintain_time=0.0779627, admm_maintain=0.123657, area4=-nan, infea=463.656, d_obj=-24298, overall time=3627.37
i=73, a_nnz=5.79237, ever_a_nnz=5.89666, b_nnz=46.1543, uni_search=3.4432, uni_subSolve=0.184329, uni_maintain_time=0.0472351, bi_search=44.2787, bi_subSolve=0.175494, bi_maintain_time=0.0879248, admm_maintain=0.127463, area4=-nan, infea=461.367, d_obj=-24339.6, overall time=3675.89
i=74, a_nnz=5.8048, ever_a_nnz=5.90958, b_nnz=46.5897, uni_search=3.48401, uni_subSolve=0.188615, uni_maintain_time=0.0470949, bi_search=44.2991, bi_subSolve=0.179131, bi_maintain_time=0.090122, admm_maintain=0.10782, area4=-nan, infea=465.247, d_obj=-24375, overall time=3724.43
i=75, a_nnz=5.8168, ever_a_nnz=5.92215, b_nnz=47.0106, uni_search=3.22283, uni_subSolve=0.15748, uni_maintain_time=0.0391168, bi_search=44.7808, bi_subSolve=0.191083, bi_maintain_time=0.105018, admm_maintain=0.109626, area4=-nan, infea=459.7, d_obj=-24418.3, overall time=3773.22
i=76, a_nnz=5.82995, ever_a_nnz=5.93597, b_nnz=47.4719, uni_search=3.7491, uni_subSolve=0.187641, uni_maintain_time=0.0429187, bi_search=44.2775, bi_subSolve=0.178948, bi_maintain_time=0.091298, admm_maintain=0.111881, area4=-nan, infea=455.674, d_obj=-24460.5, overall time=3822
i=77, a_nnz=5.83979, ever_a_nnz=5.94663, b_nnz=47.8493, uni_search=4.15432, uni_subSolve=0.210736, uni_maintain_time=0.045548, bi_search=44.6411, bi_subSolve=0.1905, bi_maintain_time=0.0998127, admm_maintain=0.133903, area4=-nan, infea=449.41, d_obj=-24503.4, overall time=3871.65
i=78, a_nnz=5.85126, ever_a_nnz=5.95858, b_nnz=48.2662, uni_search=3.55658, uni_subSolve=0.196705, uni_maintain_time=0.0486532, bi_search=44.2561, bi_subSolve=0.177888, bi_maintain_time=0.0897516, admm_maintain=0.131031, area4=-nan, infea=450.698, d_obj=-24538.2, overall time=3920.29
i=79, a_nnz=5.86287, ever_a_nnz=5.97072, b_nnz=48.7004, uni_search=3.50914, uni_subSolve=0.190488, uni_maintain_time=0.0475475, bi_search=44.2385, bi_subSolve=0.163903, bi_maintain_time=0.0786519, admm_maintain=0.114049, area4=-nan, infea=442.124, d_obj=-24582.9, p_obj=20462.7.........., heldout Acc=0.996681 (1/50), overall time=3968.78
i=80, a_nnz=5.87348, ever_a_nnz=5.98176, b_nnz=49.1046, uni_search=3.19434, uni_subSolve=0.157233, uni_maintain_time=0.0390896, bi_search=44.3773, bi_subSolve=0.16352, bi_maintain_time=0.0805716, admm_maintain=0.131329, area4=-nan, infea=443.456, d_obj=-24617.7, overall time=4017.1
i=81, a_nnz=5.88457, ever_a_nnz=5.99338, b_nnz=49.5017, uni_search=3.49307, uni_subSolve=0.193347, uni_maintain_time=0.0478024, bi_search=44.2587, bi_subSolve=0.159398, bi_maintain_time=0.077548, admm_maintain=0.118787, area4=-nan, infea=439.285, d_obj=-24656.7, overall time=4065.59
i=82, a_nnz=5.89518, ever_a_nnz=6.00485, b_nnz=49.8986, uni_search=3.27475, uni_subSolve=0.164433, uni_maintain_time=0.0392627, bi_search=44.1926, bi_subSolve=0.157763, bi_maintain_time=0.0743378, admm_maintain=0.113513, area4=-nan, infea=433.281, d_obj=-24697.2, overall time=4113.76
i=83, a_nnz=5.90602, ever_a_nnz=6.01603, b_nnz=50.2772, uni_search=3.20209, uni_subSolve=0.159103, uni_maintain_time=0.0388322, bi_search=44.1881, bi_subSolve=0.149988, bi_maintain_time=0.0705148, admm_maintain=0.113139, area4=-nan, infea=440.83, d_obj=-24724, overall time=4161.82
i=84, a_nnz=5.91711, ever_a_nnz=6.0275, b_nnz=50.6946, uni_search=3.22983, uni_subSolve=0.162093, uni_maintain_time=0.0395057, bi_search=44.1821, bi_subSolve=0.160663, bi_maintain_time=0.0762359, admm_maintain=0.114805, area4=-nan, infea=437.449, d_obj=-24760.7, overall time=4209.93
i=85, a_nnz=5.92825, ever_a_nnz=6.03892, b_nnz=51.1075, uni_search=3.23658, uni_subSolve=0.162263, uni_maintain_time=0.0392406, bi_search=44.3105, bi_subSolve=0.184326, bi_maintain_time=0.0912165, admm_maintain=0.115109, area4=-nan, infea=437.718, d_obj=-24794, overall time=4258.22
i=86, a_nnz=5.93794, ever_a_nnz=6.0492, b_nnz=51.4623, uni_search=3.27303, uni_subSolve=0.166535, uni_maintain_time=0.0398513, bi_search=44.2542, bi_subSolve=0.181978, bi_maintain_time=0.0883596, admm_maintain=0.120499, area4=-nan, infea=431.014, d_obj=-24832.7, overall time=4306.5
i=87, a_nnz=5.94845, ever_a_nnz=6.05995, b_nnz=51.8934, uni_search=3.44959, uni_subSolve=0.189003, uni_maintain_time=0.0453199, bi_search=44.2257, bi_subSolve=0.166224, bi_maintain_time=0.0800265, admm_maintain=0.1161, area4=-nan, infea=432.416, d_obj=-24863.5, overall time=4354.91
i=88, a_nnz=5.95748, ever_a_nnz=6.07022, b_nnz=52.2856, uni_search=3.24047, uni_subSolve=0.164171, uni_maintain_time=0.0387793, bi_search=44.2556, bi_subSolve=0.169864, bi_maintain_time=0.0822811, admm_maintain=0.115664, area4=-nan, infea=433.501, d_obj=-24894.5, overall time=4403.17
i=89, a_nnz=5.96794, ever_a_nnz=6.08097, b_nnz=52.6782, uni_search=3.54981, uni_subSolve=0.201319, uni_maintain_time=0.0475415, bi_search=44.1951, bi_subSolve=0.161163, bi_maintain_time=0.0783528, admm_maintain=0.109136, area4=-nan, infea=428.399, d_obj=-24931.3, p_obj=22872.5.........., heldout Acc=0.996814, overall time=4451.65
i=90, a_nnz=5.97763, ever_a_nnz=6.091, b_nnz=53.0687, uni_search=3.60414, uni_subSolve=0.20625, uni_maintain_time=0.0489704, bi_search=44.2114, bi_subSolve=0.17962, bi_maintain_time=0.0861472, admm_maintain=0.11905, area4=-nan, infea=437.227, d_obj=-24953.3, overall time=4500.25
i=91, a_nnz=5.98776, ever_a_nnz=6.10137, b_nnz=53.4694, uni_search=3.24432, uni_subSolve=0.165725, uni_maintain_time=0.0390583, bi_search=44.1792, bi_subSolve=0.149567, bi_maintain_time=0.0705573, admm_maintain=0.115933, area4=-nan, infea=433.428, d_obj=-24988, overall time=4548.36
i=92, a_nnz=5.99698, ever_a_nnz=6.11068, b_nnz=53.8401, uni_search=3.20461, uni_subSolve=0.161011, uni_maintain_time=0.0391077, bi_search=44.1406, bi_subSolve=0.136528, bi_maintain_time=0.0640116, admm_maintain=0.115685, area4=-nan, infea=431.337, d_obj=-25019.8, overall time=4596.37
i=93, a_nnz=6.00667, ever_a_nnz=6.12066, b_nnz=54.2291, uni_search=3.2183, uni_subSolve=0.162803, uni_maintain_time=0.0390674, bi_search=44.1312, bi_subSolve=0.136358, bi_maintain_time=0.0639188, admm_maintain=0.11738, area4=-nan, infea=426.014, d_obj=-25055.1, overall time=4644.38
i=94, a_nnz=6.01613, ever_a_nnz=6.1305, b_nnz=54.6382, uni_search=3.22065, uni_subSolve=0.163441, uni_maintain_time=0.0394963, bi_search=44.1166, bi_subSolve=0.13966, bi_maintain_time=0.0651141, admm_maintain=0.118765, area4=-nan, infea=429.839, d_obj=-25081.5, overall time=4692.4
i=95, a_nnz=6.02549, ever_a_nnz=6.14029, b_nnz=54.9927, uni_search=3.23399, uni_subSolve=0.165362, uni_maintain_time=0.0392002, bi_search=44.1194, bi_subSolve=0.140136, bi_maintain_time=0.0660584, admm_maintain=0.118703, area4=-nan, infea=422.317, d_obj=-25116.9, overall time=4740.42
i=96, a_nnz=6.03403, ever_a_nnz=6.14908, b_nnz=55.3487, uni_search=3.21305, uni_subSolve=0.164083, uni_maintain_time=0.0382613, bi_search=44.1313, bi_subSolve=0.138626, bi_maintain_time=0.0668546, admm_maintain=0.119595, area4=-nan, infea=416.459, d_obj=-25152.3, overall time=4788.44
i=97, a_nnz=6.04435, ever_a_nnz=6.16016, b_nnz=55.7874, uni_search=3.24999, uni_subSolve=0.167198, uni_maintain_time=0.0389386, bi_search=44.1206, bi_subSolve=0.140105, bi_maintain_time=0.0655085, admm_maintain=0.119759, area4=-nan, infea=422.618, d_obj=-25175.8, overall time=4836.5
i=98, a_nnz=6.05376, ever_a_nnz=6.17005, b_nnz=56.1786, uni_search=3.24144, uni_subSolve=0.166859, uni_maintain_time=0.0389329, bi_search=44.1951, bi_subSolve=0.151058, bi_maintain_time=0.0710779, admm_maintain=0.129897, area4=-nan, infea=417.295, d_obj=-25209.6, overall time=4884.65
i=99, a_nnz=6.06316, ever_a_nnz=6.18003, b_nnz=56.5617, uni_search=3.35998, uni_subSolve=0.178485, uni_maintain_time=0.0408126, bi_search=44.309, bi_subSolve=0.198654, bi_maintain_time=0.0967725, admm_maintain=0.148852, area4=-nan, infea=417.11, d_obj=-25238.8, p_obj=25100.1.........., heldout Acc=0.996593 (1/50), overall time=4933.18
i=100, a_nnz=6.073, ever_a_nnz=6.1903, b_nnz=56.9471, uni_search=3.56643, uni_subSolve=0.207375, uni_maintain_time=0.0483995, bi_search=44.3296, bi_subSolve=0.209354, bi_maintain_time=0.10357, admm_maintain=0.128608, area4=-nan, infea=413.646, d_obj=-25270.3, overall time=4981.93
i=101, a_nnz=6.08241, ever_a_nnz=6.2001, b_nnz=57.3209, uni_search=3.31913, uni_subSolve=0.175344, uni_maintain_time=0.0394603, bi_search=44.4313, bi_subSolve=0.219465, bi_maintain_time=0.107018, admm_maintain=0.157811, area4=-nan, infea=409.779, d_obj=-25302, overall time=5030.57
i=102, a_nnz=6.09124, ever_a_nnz=6.20893, b_nnz=57.693, uni_search=3.644, uni_subSolve=0.217041, uni_maintain_time=0.0497983, bi_search=44.2435, bi_subSolve=0.199864, bi_maintain_time=0.0953526, admm_maintain=0.127895, area4=-nan, infea=414.323, d_obj=-25324.8, overall time=5079.34
i=103, a_nnz=6.09964, ever_a_nnz=6.21761, b_nnz=58.0427, uni_search=3.37848, uni_subSolve=0.181996, uni_maintain_time=0.0406552, bi_search=44.2038, bi_subSolve=0.190241, bi_maintain_time=0.0902192, admm_maintain=0.128497, area4=-nan, infea=405.838, d_obj=-25359.7, overall time=5127.72
i=104, a_nnz=6.10799, ever_a_nnz=6.22635, b_nnz=58.4011, uni_search=3.33294, uni_subSolve=0.177713, uni_maintain_time=0.0400342, bi_search=44.4416, bi_subSolve=0.224828, bi_maintain_time=0.111434, admm_maintain=0.156448, area4=-nan, infea=411.387, d_obj=-25381.5, overall time=5176.4
i=105, a_nnz=6.11687, ever_a_nnz=6.23552, b_nnz=58.776, uni_search=3.62126, uni_subSolve=0.216215, uni_maintain_time=0.0500087, bi_search=44.2991, bi_subSolve=0.196157, bi_maintain_time=0.0945336, admm_maintain=0.151932, area4=-nan, infea=412.2, d_obj=-25406.8, overall time=5225.23
i=106, a_nnz=6.12445, ever_a_nnz=6.24344, b_nnz=59.1196, uni_search=3.57293, uni_subSolve=0.212552, uni_maintain_time=0.0482387, bi_search=44.2303, bi_subSolve=0.190202, bi_maintain_time=0.0888102, admm_maintain=0.130081, area4=-nan, infea=403.408, d_obj=-25441.3, overall time=5273.87
i=107, a_nnz=6.13319, ever_a_nnz=6.25256, b_nnz=59.5071, uni_search=3.38272, uni_subSolve=0.182736, uni_maintain_time=0.0414106, bi_search=44.2387, bi_subSolve=0.192929, bi_maintain_time=0.0897674, admm_maintain=0.156643, area4=-nan, infea=404.445, d_obj=-25466.5, overall time=5322.36
i=108, a_nnz=6.14168, ever_a_nnz=6.26144, b_nnz=59.8701, uni_search=3.66266, uni_subSolve=0.221236, uni_maintain_time=0.0487892, bi_search=44.2247, bi_subSolve=0.195566, bi_maintain_time=0.0922543, admm_maintain=0.127756, area4=-nan, infea=405.52, d_obj=-25491.6, overall time=5371.14
i=109, a_nnz=6.15013, ever_a_nnz=6.27046, b_nnz=60.2427, uni_search=4.70123, uni_subSolve=0.263843, uni_maintain_time=0.0491992, bi_search=46.352, bi_subSolve=0.305821, bi_maintain_time=0.187022, admm_maintain=0.132054, area4=-nan, infea=402.716, d_obj=-25519.7, p_obj=25025.4.........., heldout Acc=0.996991, overall time=5423.3
i=110, a_nnz=6.15892, ever_a_nnz=6.27967, b_nnz=60.6568, uni_search=4.60149, uni_subSolve=0.253364, uni_maintain_time=0.0486929, bi_search=44.6435, bi_subSolve=0.215759, bi_maintain_time=0.109298, admm_maintain=0.132616, area4=-nan, infea=403.374, d_obj=-25544.3, overall time=5473.47
i=111, a_nnz=6.16607, ever_a_nnz=6.28726, b_nnz=60.9694, uni_search=3.33701, uni_subSolve=0.18156, uni_maintain_time=0.0395666, bi_search=44.2833, bi_subSolve=0.210654, bi_maintain_time=0.0998043, admm_maintain=0.157738, area4=-nan, infea=396.809, d_obj=-25576.3, overall time=5521.98
i=112, a_nnz=6.17346, ever_a_nnz=6.29503, b_nnz=61.2934, uni_search=3.58332, uni_subSolve=0.216625, uni_maintain_time=0.0478514, bi_search=44.2471, bi_subSolve=0.195216, bi_maintain_time=0.0939486, admm_maintain=0.133108, area4=-nan, infea=393.108, d_obj=-25604.5, overall time=5570.66
i=113, a_nnz=6.18147, ever_a_nnz=6.30324, b_nnz=61.6491, uni_search=3.73696, uni_subSolve=0.205479, uni_maintain_time=0.042994, bi_search=44.2575, bi_subSolve=0.196655, bi_maintain_time=0.0939479, admm_maintain=0.133212, area4=-nan, infea=399.166, d_obj=-25623.3, overall time=5619.49
i=114, a_nnz=6.18891, ever_a_nnz=6.31164, b_nnz=62.0118, uni_search=3.37055, uni_subSolve=0.185526, uni_maintain_time=0.0402838, bi_search=44.1884, bi_subSolve=0.194495, bi_maintain_time=0.0897552, admm_maintain=0.134768, area4=-nan, infea=395.186, d_obj=-25651.4, overall time=5667.86
i=115, a_nnz=6.19822, ever_a_nnz=6.32085, b_nnz=62.4325, uni_search=3.37353, uni_subSolve=0.18633, uni_maintain_time=0.0400916, bi_search=44.2439, bi_subSolve=0.212667, bi_maintain_time=0.101976, admm_maintain=0.160702, area4=-nan, infea=396.706, d_obj=-25674.4, overall time=5716.37
i=116, a_nnz=6.20485, ever_a_nnz=6.32815, b_nnz=62.7534, uni_search=3.6279, uni_subSolve=0.223187, uni_maintain_time=0.0478411, bi_search=44.1779, bi_subSolve=0.190115, bi_maintain_time=0.0890972, admm_maintain=0.162591, area4=-nan, infea=393.016, d_obj=-25701.8, overall time=5765.09
i=117, a_nnz=6.21291, ever_a_nnz=6.33665, b_nnz=63.1205, uni_search=3.45693, uni_subSolve=0.200862, uni_maintain_time=0.0434157, bi_search=44.1823, bi_subSolve=0.177049, bi_maintain_time=0.0824388, admm_maintain=0.135469, area4=-nan, infea=395.189, d_obj=-25722.8, overall time=5813.53
i=118, a_nnz=6.22011, ever_a_nnz=6.34432, b_nnz=63.4678, uni_search=3.38741, uni_subSolve=0.187481, uni_maintain_time=0.0389084, bi_search=44.2722, bi_subSolve=0.208496, bi_maintain_time=0.0993628, admm_maintain=0.136267, area4=-nan, infea=392.316, d_obj=-25749.5, overall time=5862.03
i=119, a_nnz=6.22798, ever_a_nnz=6.35234, b_nnz=63.8135, uni_search=3.31237, uni_subSolve=0.182547, uni_maintain_time=0.0398153, bi_search=44.1824, bi_subSolve=0.164232, bi_maintain_time=0.0761965, admm_maintain=0.134495, area4=-nan, infea=389.721, d_obj=-25775.5, p_obj=21039.3.........., heldout Acc=0.996283 (1/50), overall time=5910.28
i=120, a_nnz=6.23566, ever_a_nnz=6.36036, b_nnz=64.1829, uni_search=3.64036, uni_subSolve=0.224064, uni_maintain_time=0.0499285, bi_search=44.2945, bi_subSolve=0.22773, bi_maintain_time=0.110402, admm_maintain=0.143466, area4=-nan, infea=393.362, d_obj=-25794.7, overall time=5959.14
i=121, a_nnz=6.24401, ever_a_nnz=6.36899, b_nnz=64.5521, uni_search=3.33151, uni_subSolve=0.185453, uni_maintain_time=0.0398147, bi_search=44.2694, bi_subSolve=0.216713, bi_maintain_time=0.101764, admm_maintain=0.136819, area4=-nan, infea=382.683, d_obj=-25827.6, overall time=6007.63
i=122, a_nnz=6.25083, ever_a_nnz=6.37653, b_nnz=64.9067, uni_search=3.82168, uni_subSolve=0.223911, uni_maintain_time=0.0501594, bi_search=44.2772, bi_subSolve=0.211987, bi_maintain_time=0.102112, admm_maintain=0.138603, area4=-nan, infea=384.401, d_obj=-25849.1, overall time=6056.62
i=123, a_nnz=6.2588, ever_a_nnz=6.38469, b_nnz=65.3006, uni_search=3.39641, uni_subSolve=0.190874, uni_maintain_time=0.040339, bi_search=44.2316, bi_subSolve=0.201075, bi_maintain_time=0.0936201, admm_maintain=0.170548, area4=-nan, infea=383.876, d_obj=-25872.3, overall time=6105.15
i=124, a_nnz=6.26599, ever_a_nnz=6.39222, b_nnz=65.6281, uni_search=3.63761, uni_subSolve=0.223687, uni_maintain_time=0.0494005, bi_search=44.2016, bi_subSolve=0.204457, bi_maintain_time=0.0945103, admm_maintain=0.139873, area4=-nan, infea=378.353, d_obj=-25900.9, overall time=6153.87
i=125, a_nnz=6.27358, ever_a_nnz=6.40024, b_nnz=65.9868, uni_search=3.3808, uni_subSolve=0.189833, uni_maintain_time=0.0413105, bi_search=44.3345, bi_subSolve=0.226549, bi_maintain_time=0.108117, admm_maintain=0.141888, area4=-nan, infea=381.675, d_obj=-25919.9, overall time=6202.46
i=126, a_nnz=6.28102, ever_a_nnz=6.40821, b_nnz=66.3565, uni_search=3.3759, uni_subSolve=0.191065, uni_maintain_time=0.0408153, bi_search=44.2139, bi_subSolve=0.203897, bi_maintain_time=0.0956713, admm_maintain=0.143164, area4=-nan, infea=379.891, d_obj=-25944, overall time=6250.9
i=127, a_nnz=6.2887, ever_a_nnz=6.41627, b_nnz=66.7271, uni_search=3.33354, uni_subSolve=0.187387, uni_maintain_time=0.0396169, bi_search=44.2017, bi_subSolve=0.201583, bi_maintain_time=0.0940791, admm_maintain=0.171838, area4=-nan, infea=378.86, d_obj=-25966.8, overall time=6299.34
i=128, a_nnz=6.29513, ever_a_nnz=6.42318, b_nnz=67.0498, uni_search=3.55506, uni_subSolve=0.214996, uni_maintain_time=0.0459804, bi_search=44.2203, bi_subSolve=0.205179, bi_maintain_time=0.0970679, admm_maintain=0.14253, area4=-nan, infea=369.783, d_obj=-25997.2, overall time=6347.99
i=129, a_nnz=6.30185, ever_a_nnz=6.43043, b_nnz=67.3922, uni_search=3.38301, uni_subSolve=0.192484, uni_maintain_time=0.0398398, bi_search=44.2557, bi_subSolve=0.218543, bi_maintain_time=0.102376, admm_maintain=0.170199, area4=-nan, infea=373.758, d_obj=-26015.5, p_obj=20471.9.........., heldout Acc=0.997434, overall time=6396.56
i=130, a_nnz=6.30991, ever_a_nnz=6.43888, b_nnz=67.7809, uni_search=3.71496, uni_subSolve=0.237299, uni_maintain_time=0.0521769, bi_search=44.4282, bi_subSolve=0.210958, bi_maintain_time=0.102838, admm_maintain=0.139695, area4=-nan, infea=377.8, d_obj=-26032.3, overall time=6445.62
i=131, a_nnz=6.31673, ever_a_nnz=6.44665, b_nnz=68.1164, uni_search=3.46943, uni_subSolve=0.187953, uni_maintain_time=0.0412744, bi_search=44.6362, bi_subSolve=0.203385, bi_maintain_time=0.103428, admm_maintain=0.150759, area4=-nan, infea=372.971, d_obj=-26057.9, overall time=6494.59
i=132, a_nnz=6.32373, ever_a_nnz=6.45404, b_nnz=68.4638, uni_search=3.53483, uni_subSolve=0.200438, uni_maintain_time=0.0413889, bi_search=44.4897, bi_subSolve=0.234868, bi_maintain_time=0.117855, admm_maintain=0.146657, area4=-nan, infea=374.869, d_obj=-26077, overall time=6543.56
i=133, a_nnz=6.32973, ever_a_nnz=6.46052, b_nnz=68.7657, uni_search=3.72749, uni_subSolve=0.2379, uni_maintain_time=0.0498126, bi_search=44.2516, bi_subSolve=0.219691, bi_maintain_time=0.105023, admm_maintain=0.145189, area4=-nan, infea=368.215, d_obj=-26104.5, overall time=6592.48
i=134, a_nnz=6.33684, ever_a_nnz=6.46811, b_nnz=69.1386, uni_search=3.4063, uni_subSolve=0.194713, uni_maintain_time=0.0419848, bi_search=44.1956, bi_subSolve=0.19541, bi_maintain_time=0.0904403, admm_maintain=0.140452, area4=-nan, infea=369.641, d_obj=-26124.1, overall time=6640.91
i=135, a_nnz=6.34476, ever_a_nnz=6.47703, b_nnz=69.5579, uni_search=3.46457, uni_subSolve=0.195331, uni_maintain_time=0.041305, bi_search=44.2717, bi_subSolve=0.187137, bi_maintain_time=0.0883737, admm_maintain=0.146917, area4=-nan, infea=378.126, d_obj=-26136.2, overall time=6689.48
i=136, a_nnz=6.35152, ever_a_nnz=6.48428, b_nnz=69.9204, uni_search=3.42777, uni_subSolve=0.199318, uni_maintain_time=0.0425117, bi_search=44.2131, bi_subSolve=0.207657, bi_maintain_time=0.0985801, admm_maintain=0.145775, area4=-nan, infea=370.058, d_obj=-26164.8, overall time=6737.98
i=137, a_nnz=6.35853, ever_a_nnz=6.49143, b_nnz=70.2802, uni_search=3.38327, uni_subSolve=0.194111, uni_maintain_time=0.0405842, bi_search=44.197, bi_subSolve=0.206396, bi_maintain_time=0.0954357, admm_maintain=0.149259, area4=-nan, infea=366.411, d_obj=-26188.8, overall time=6786.42
i=138, a_nnz=6.36578, ever_a_nnz=6.49892, b_nnz=70.6237, uni_search=4.22661, uni_subSolve=0.247885, uni_maintain_time=0.0475178, bi_search=45.4064, bi_subSolve=0.295863, bi_maintain_time=0.163133, admm_maintain=0.194744, area4=-nan, infea=367.105, d_obj=-26207.5, overall time=6837.23
i=139, a_nnz=6.37202, ever_a_nnz=6.5054, b_nnz=70.9798, uni_search=3.87107, uni_subSolve=0.253956, uni_maintain_time=0.052347, bi_search=44.3923, bi_subSolve=0.206464, bi_maintain_time=0.09875, admm_maintain=0.153968, area4=-nan, infea=361.826, d_obj=-26233.2