using heldout data set: /scratch/cluster/ianyen/data/multilabel/rcv1_regions.subtest.1k
D=47237
K=226
N=20835
d=75.9802
r=6
i=0, a_nnz=1.98301, ever_a_nnz=1.98301, b_nnz=1.67099, uni_search=2.31813, uni_subSolve=0.129514, uni_maintain_time=0.0505952, bi_search=47.2891, bi_subSolve=0.0529376, bi_maintain_time=0.0500232, admm_maintain=0.0403089, area4=-nan, infea=20584.3, d_obj=14644.3, overall time=50.4183
i=1, a_nnz=2.60336, ever_a_nnz=2.60398, b_nnz=2.89484, uni_search=3.23244, uni_subSolve=0.184496, uni_maintain_time=0.0537668, bi_search=48.8526, bi_subSolve=0.104801, bi_maintain_time=0.0862071, admm_maintain=0.0241795, area4=-nan, infea=13443.2, d_obj=10359.2, overall time=103.095
i=2, a_nnz=3.09335, ever_a_nnz=3.09628, b_nnz=4.33924, uni_search=3.15923, uni_subSolve=0.179459, uni_maintain_time=0.0616568, bi_search=48.4992, bi_subSolve=0.123928, bi_maintain_time=0.109828, admm_maintain=0.0285431, area4=-nan, infea=9195.56, d_obj=3888.15, overall time=155.382
i=3, a_nnz=3.43945, ever_a_nnz=3.4454, b_nnz=5.69786, uni_search=3.35734, uni_subSolve=0.185992, uni_maintain_time=0.0571523, bi_search=47.8915, bi_subSolve=0.127409, bi_maintain_time=0.104808, admm_maintain=0.0341696, area4=-nan, infea=6630.95, d_obj=-280.33, overall time=207.247
i=4, a_nnz=3.721, ever_a_nnz=3.7294, b_nnz=7.02549, uni_search=3.74089, uni_subSolve=0.211878, uni_maintain_time=0.0552863, bi_search=46.0718, bi_subSolve=0.0844197, bi_maintain_time=0.0659583, admm_maintain=0.0464399, area4=-nan, infea=5001.19, d_obj=-2924.22, overall time=257.649
i=5, a_nnz=3.96482, ever_a_nnz=3.97552, b_nnz=8.38891, uni_search=3.61623, uni_subSolve=0.202861, uni_maintain_time=0.0746276, bi_search=46.0047, bi_subSolve=0.108035, bi_maintain_time=0.0816744, admm_maintain=0.0485055, area4=-nan, infea=4047.69, d_obj=-4707.57, overall time=307.916
i=6, a_nnz=4.17874, ever_a_nnz=4.19131, b_nnz=9.74711, uni_search=3.2471, uni_subSolve=0.169203, uni_maintain_time=0.0564629, bi_search=45.9538, bi_subSolve=0.123041, bi_maintain_time=0.088408, admm_maintain=0.0607202, area4=-nan, infea=3378.76, d_obj=-6054.02, overall time=357.761
i=7, a_nnz=4.37365, ever_a_nnz=4.3881, b_nnz=11.1253, uni_search=3.97071, uni_subSolve=0.228878, uni_maintain_time=0.0678356, bi_search=45.9258, bi_subSolve=0.125875, bi_maintain_time=0.0872485, admm_maintain=0.0565422, area4=-nan, infea=2900.04, d_obj=-7115.12, overall time=408.344
i=8, a_nnz=4.55848, ever_a_nnz=4.57447, b_nnz=12.574, uni_search=3.20507, uni_subSolve=0.17197, uni_maintain_time=0.0722716, bi_search=47.933, bi_subSolve=0.210831, bi_maintain_time=0.14481, admm_maintain=0.106373, area4=-nan, infea=2648.55, d_obj=-7880.94, overall time=460.31
i=9, a_nnz=4.73026, ever_a_nnz=4.74749, b_nnz=14.0112, uni_search=3.85588, uni_subSolve=0.213467, uni_maintain_time=0.0607095, bi_search=48.7577, bi_subSolve=0.256348, bi_maintain_time=0.186572, admm_maintain=0.0558611, area4=-nan, infea=2335.4, d_obj=-8664.65, p_obj=92007.3.........., heldout Acc=0.976637, overall time=513.891
i=10, a_nnz=4.89129, ever_a_nnz=4.91044, b_nnz=15.5167, uni_search=3.86071, uni_subSolve=0.184397, uni_maintain_time=0.0557991, bi_search=45.9873, bi_subSolve=0.128845, bi_maintain_time=0.0959577, admm_maintain=0.090218, area4=-nan, infea=2170.11, d_obj=-9257.29, overall time=564.431
i=11, a_nnz=5.0396, ever_a_nnz=5.0599, b_nnz=16.9865, uni_search=3.2843, uni_subSolve=0.153564, uni_maintain_time=0.0552226, bi_search=46.7299, bi_subSolve=0.192212, bi_maintain_time=0.131995, admm_maintain=0.0661211, area4=-nan, infea=1992.57, d_obj=-9820.26, overall time=615.187
i=12, a_nnz=5.18133, ever_a_nnz=5.20278, b_nnz=18.5198, uni_search=3.30941, uni_subSolve=0.155809, uni_maintain_time=0.0555524, bi_search=47.8018, bi_subSolve=0.215586, bi_maintain_time=0.146905, admm_maintain=0.161276, area4=-nan, infea=1894.19, d_obj=-10278.1, overall time=667.184
i=13, a_nnz=5.31246, ever_a_nnz=5.33497, b_nnz=20.0331, uni_search=6.05035, uni_subSolve=0.311107, uni_maintain_time=0.065367, bi_search=48.4308, bi_subSolve=0.257266, bi_maintain_time=0.176337, admm_maintain=0.164734, area4=-nan, infea=1783.36, d_obj=-10718.8, overall time=722.798
i=14, a_nnz=5.4383, ever_a_nnz=5.46201, b_nnz=21.5909, uni_search=7.44685, uni_subSolve=0.388368, uni_maintain_time=0.073042, bi_search=48.3815, bi_subSolve=0.273932, bi_maintain_time=0.178821, admm_maintain=0.101518, area4=-nan, infea=1744.54, d_obj=-11067, overall time=779.81
i=15, a_nnz=5.558, ever_a_nnz=5.58325, b_nnz=23.1537, uni_search=6.33334, uni_subSolve=0.333291, uni_maintain_time=0.0760311, bi_search=48.5815, bi_subSolve=0.296626, bi_maintain_time=0.200374, admm_maintain=0.16016, area4=-nan, infea=1693.64, d_obj=-11408.8, overall time=836.133
i=16, a_nnz=5.67415, ever_a_nnz=5.70074, b_nnz=24.756, uni_search=4.1953, uni_subSolve=0.217762, uni_maintain_time=0.0628681, bi_search=47.8993, bi_subSolve=0.280368, bi_maintain_time=0.176625, admm_maintain=0.181422, area4=-nan, infea=1679.45, d_obj=-11694.3, overall time=889.458
i=17, a_nnz=5.78402, ever_a_nnz=5.81171, b_nnz=26.3438, uni_search=7.12737, uni_subSolve=0.386433, uni_maintain_time=0.0731162, bi_search=49.7272, bi_subSolve=0.384292, bi_maintain_time=0.256015, admm_maintain=0.174659, area4=-nan, infea=1593.66, d_obj=-12037.3, overall time=947.957
i=18, a_nnz=5.89114, ever_a_nnz=5.91965, b_nnz=27.9451, uni_search=7.68856, uni_subSolve=0.422099, uni_maintain_time=0.0747883, bi_search=47.6384, bi_subSolve=0.379746, bi_maintain_time=0.238127, admm_maintain=0.213245, area4=-nan, infea=1594.92, d_obj=-12283.7, overall time=1004.94
i=19, a_nnz=5.99184, ever_a_nnz=6.02145, b_nnz=29.5436, uni_search=7.35728, uni_subSolve=0.445026, uni_maintain_time=0.0750777, bi_search=47.0565, bi_subSolve=0.393311, bi_maintain_time=0.24418, admm_maintain=0.218889, area4=-nan, infea=1542.26, d_obj=-12569.7, p_obj=58447.2.........., heldout Acc=0.99, overall time=1061.06
i=20, a_nnz=6.0909, ever_a_nnz=6.12114, b_nnz=31.1859, uni_search=7.86613, uni_subSolve=0.446358, uni_maintain_time=0.0768088, bi_search=48.4361, bi_subSolve=0.374212, bi_maintain_time=0.212014, admm_maintain=0.161805, area4=-nan, infea=1548.62, d_obj=-12789.4, overall time=1118.9
i=21, a_nnz=6.18402, ever_a_nnz=6.2155, b_nnz=32.7669, uni_search=6.43727, uni_subSolve=0.371427, uni_maintain_time=0.0787095, bi_search=48.4303, bi_subSolve=0.390247, bi_maintain_time=0.222787, admm_maintain=0.146428, area4=-nan, infea=1487.24, d_obj=-13065.9, overall time=1175.22
i=22, a_nnz=6.27622, ever_a_nnz=6.30823, b_nnz=34.382, uni_search=5.15667, uni_subSolve=0.30042, uni_maintain_time=0.0816733, bi_search=48.0858, bi_subSolve=0.389216, bi_maintain_time=0.219807, admm_maintain=0.175563, area4=-nan, infea=1469.34, d_obj=-13291.7, overall time=1229.89
i=23, a_nnz=6.36597, ever_a_nnz=6.39952, b_nnz=36.0346, uni_search=6.49286, uni_subSolve=0.382795, uni_maintain_time=0.0795024, bi_search=48.1719, bi_subSolve=0.405303, bi_maintain_time=0.22181, admm_maintain=0.184584, area4=-nan, infea=1478.32, d_obj=-13481.8, overall time=1286.04
i=24, a_nnz=6.4516, ever_a_nnz=6.4863, b_nnz=37.6612, uni_search=6.10256, uni_subSolve=0.368853, uni_maintain_time=0.0784089, bi_search=47.7931, bi_subSolve=0.391634, bi_maintain_time=0.208885, admm_maintain=0.182421, area4=-nan, infea=1456.29, d_obj=-13695.2, overall time=1341.48
i=25, a_nnz=6.5342, ever_a_nnz=6.56991, b_nnz=39.2907, uni_search=6.87879, uni_subSolve=0.412237, uni_maintain_time=0.0779572, bi_search=47.1957, bi_subSolve=0.379687, bi_maintain_time=0.19728, admm_maintain=0.130736, area4=-nan, infea=1413.13, d_obj=-13920.5, overall time=1396.93
i=26, a_nnz=6.61392, ever_a_nnz=6.65083, b_nnz=40.9113, uni_search=4.44739, uni_subSolve=0.229332, uni_maintain_time=0.0534079, bi_search=46.7429, bi_subSolve=0.229231, bi_maintain_time=0.121907, admm_maintain=0.167689, area4=-nan, infea=1402.48, d_obj=-14109, overall time=1449.14
i=27, a_nnz=6.69249, ever_a_nnz=6.73007, b_nnz=42.5545, uni_search=5.76287, uni_subSolve=0.30096, uni_maintain_time=0.0626923, bi_search=46.054, bi_subSolve=0.274735, bi_maintain_time=0.142198, admm_maintain=0.157088, area4=-nan, infea=1364.07, d_obj=-14319.6, overall time=1502.11
i=28, a_nnz=6.76683, ever_a_nnz=6.80557, b_nnz=44.178, uni_search=4.82392, uni_subSolve=0.287843, uni_maintain_time=0.0615007, bi_search=46, bi_subSolve=0.319236, bi_maintain_time=0.154081, admm_maintain=0.156358, area4=-nan, infea=1340.33, d_obj=-14512.1, overall time=1554.16
i=29, a_nnz=6.83686, ever_a_nnz=6.87694, b_nnz=45.7544, uni_search=4.02119, uni_subSolve=0.224325, uni_maintain_time=0.0555571, bi_search=46.3877, bi_subSolve=0.30259, bi_maintain_time=0.140758, admm_maintain=0.105633, area4=-nan, infea=1364.89, d_obj=-14648.9, p_obj=70915.8.........., heldout Acc=0.991504, overall time=1605.54
i=30, a_nnz=6.90674, ever_a_nnz=6.94816, b_nnz=47.3762, uni_search=4.1793, uni_subSolve=0.257319, uni_maintain_time=0.0705103, bi_search=45.3337, bi_subSolve=0.19069, bi_maintain_time=0.0837897, admm_maintain=0.163331, area4=-nan, infea=1324.3, d_obj=-14841.6, overall time=1656.04
i=31, a_nnz=6.976, ever_a_nnz=7.01805, b_nnz=49.0122, uni_search=4.20428, uni_subSolve=0.26175, uni_maintain_time=0.0745559, bi_search=46.7789, bi_subSolve=0.377727, bi_maintain_time=0.172082, admm_maintain=0.217012, area4=-nan, infea=1334.58, d_obj=-14982.5, overall time=1708.44
i=32, a_nnz=7.04296, ever_a_nnz=7.08577, b_nnz=50.6491, uni_search=5.59524, uni_subSolve=0.361504, uni_maintain_time=0.0781693, bi_search=47.0827, bi_subSolve=0.429346, bi_maintain_time=0.197254, admm_maintain=0.29253, area4=-nan, infea=1275.6, d_obj=-15186.8, overall time=1762.86
i=33, a_nnz=7.10794, ever_a_nnz=7.15162, b_nnz=52.2476, uni_search=7.51106, uni_subSolve=0.481436, uni_maintain_time=0.0783559, bi_search=48.0012, bi_subSolve=0.517795, bi_maintain_time=0.258938, admm_maintain=0.274691, area4=-nan, infea=1274.23, d_obj=-15328.5, overall time=1820.37
i=34, a_nnz=7.17058, ever_a_nnz=7.2156, b_nnz=53.8512, uni_search=6.00162, uni_subSolve=0.400937, uni_maintain_time=0.0768256, bi_search=46.3596, bi_subSolve=0.364931, bi_maintain_time=0.169335, admm_maintain=0.160649, area4=-nan, infea=1250.72, d_obj=-15489.9, overall time=1874.13
i=35, a_nnz=7.23278, ever_a_nnz=7.27867, b_nnz=55.4535, uni_search=4.51154, uni_subSolve=0.264563, uni_maintain_time=0.0584739, bi_search=45.9824, bi_subSolve=0.345231, bi_maintain_time=0.16641, admm_maintain=0.211711, area4=-nan, infea=1248.7, d_obj=-15625.1, overall time=1925.95
i=36, a_nnz=7.29225, ever_a_nnz=7.33924, b_nnz=57.0498, uni_search=5.44241, uni_subSolve=0.35862, uni_maintain_time=0.0794102, bi_search=45.8887, bi_subSolve=0.349822, bi_maintain_time=0.163571, admm_maintain=0.183548, area4=-nan, infea=1199.59, d_obj=-15803.4, overall time=1978.65
i=37, a_nnz=7.35196, ever_a_nnz=7.40024, b_nnz=58.7032, uni_search=4.83538, uni_subSolve=0.295312, uni_maintain_time=0.0621033, bi_search=45.9611, bi_subSolve=0.313609, bi_maintain_time=0.140473, admm_maintain=0.148665, area4=-nan, infea=1219.01, d_obj=-15912.5, overall time=2030.91
i=38, a_nnz=7.41003, ever_a_nnz=7.4588, b_nnz=60.3069, uni_search=7.57414, uni_subSolve=0.554389, uni_maintain_time=0.0885428, bi_search=47.2313, bi_subSolve=0.550986, bi_maintain_time=0.265718, admm_maintain=0.338309, area4=-nan, infea=1164.88, d_obj=-16089.1, overall time=2087.95
i=39, a_nnz=7.46585, ever_a_nnz=7.51519, b_nnz=61.9009, uni_search=7.79553, uni_subSolve=0.525061, uni_maintain_time=0.0794849, bi_search=49.8892, bi_subSolve=0.719528, bi_maintain_time=0.354202, admm_maintain=0.261792, area4=-nan, infea=1183.8, d_obj=-16192.6, p_obj=32843.5.........., heldout Acc=0.993009, overall time=2147.94
i=40, a_nnz=7.51951, ever_a_nnz=7.57019, b_nnz=63.4759, uni_search=9.85289, uni_subSolve=4.86199, uni_maintain_time=0.229428, bi_search=45.76, bi_subSolve=0.28567, bi_maintain_time=0.151659, admm_maintain=0.296945, area4=-nan, infea=1147.91, d_obj=-16344.6, overall time=2209.73
i=41, a_nnz=7.57144, ever_a_nnz=7.62347, b_nnz=65.0124, uni_search=8.6794, uni_subSolve=0.634394, uni_maintain_time=0.0889476, bi_search=47.5537, bi_subSolve=0.777711, bi_maintain_time=0.384822, admm_maintain=0.430299, area4=-nan, infea=1119.01, d_obj=-16490.3, overall time=2268.81
i=42, a_nnz=7.62525, ever_a_nnz=7.67761, b_nnz=66.6106, uni_search=9.3203, uni_subSolve=0.705747, uni_maintain_time=0.0909983, bi_search=48.5712, bi_subSolve=0.768466, bi_maintain_time=0.362584, admm_maintain=0.434728, area4=-nan, infea=1145.86, d_obj=-16575, overall time=2329.65
i=43, a_nnz=7.6766, ever_a_nnz=7.72988, b_nnz=68.1805, uni_search=7.32789, uni_subSolve=0.534995, uni_maintain_time=0.0891546, bi_search=47.7668, bi_subSolve=0.640577, bi_maintain_time=0.315462, admm_maintain=0.482533, area4=-nan, infea=1120.27, d_obj=-16709.4, overall time=2387.2
i=44, a_nnz=7.72786, ever_a_nnz=7.78205, b_nnz=69.7913, uni_search=6.49983, uni_subSolve=0.480799, uni_maintain_time=0.0875044, bi_search=48.2657, bi_subSolve=0.613475, bi_maintain_time=0.288036, admm_maintain=0.293303, area4=-nan, infea=1128.02, d_obj=-16808.2, overall time=2444.04
i=45, a_nnz=7.77653, ever_a_nnz=7.8324, b_nnz=71.3712, uni_search=5.99737, uni_subSolve=0.398765, uni_maintain_time=0.0624848, bi_search=49.6825, bi_subSolve=0.778761, bi_maintain_time=0.378054, admm_maintain=0.419353, area4=-nan, infea=1103.49, d_obj=-16937.3, overall time=2502.32
i=46, a_nnz=7.824, ever_a_nnz=7.88054, b_nnz=72.9194, uni_search=7.43362, uni_subSolve=0.535174, uni_maintain_time=0.0761638, bi_search=48.8265, bi_subSolve=0.714531, bi_maintain_time=0.334388, admm_maintain=0.31541, area4=-nan, infea=1070.24, d_obj=-17070.9, overall time=2560.92
i=47, a_nnz=7.86887, ever_a_nnz=7.92661, b_nnz=74.4465, uni_search=6.82715, uni_subSolve=0.492019, uni_maintain_time=0.0714454, bi_search=47.877, bi_subSolve=0.62202, bi_maintain_time=0.286615, admm_maintain=0.249928, area4=-nan, infea=1063.36, d_obj=-17177.8, overall time=2617.64
i=48, a_nnz=7.91701, ever_a_nnz=7.97528, b_nnz=76.0587, uni_search=5.7709, uni_subSolve=0.390498, uni_maintain_time=0.0665383, bi_search=47.3744, bi_subSolve=0.580397, bi_maintain_time=0.266488, admm_maintain=0.34241, area4=-nan, infea=1069.42, d_obj=-17269.2, overall time=2672.8
i=49, a_nnz=7.96194, ever_a_nnz=8.02126, b_nnz=77.5802, uni_search=9.70863, uni_subSolve=0.723658, uni_maintain_time=0.0943126, bi_search=50.4525, bi_subSolve=0.902668, bi_maintain_time=0.435436, admm_maintain=0.468075, area4=-nan, infea=1035.61, d_obj=-17396.6, p_obj=28530.8.........., heldout Acc=0.994336, overall time=2736.25
i=50, a_nnz=8.0073, ever_a_nnz=8.06763, b_nnz=79.1585, uni_search=6.44139, uni_subSolve=0.495769, uni_maintain_time=0.0834387, bi_search=47.4071, bi_subSolve=0.60044, bi_maintain_time=0.27079, admm_maintain=0.168894, area4=-nan, infea=1050.27, d_obj=-17476.3, overall time=2791.92
i=51, a_nnz=8.04915, ever_a_nnz=8.11049, b_nnz=80.6518, uni_search=3.91343, uni_subSolve=0.2387, uni_maintain_time=0.0498323, bi_search=45.417, bi_subSolve=0.291107, bi_maintain_time=0.12623, admm_maintain=0.265214, area4=-nan, infea=1012, d_obj=-17603.9, overall time=2842.53
i=52, a_nnz=8.08822, ever_a_nnz=8.15018, b_nnz=82.0513, uni_search=5.49114, uni_subSolve=0.405823, uni_maintain_time=0.0711036, bi_search=46.1935, bi_subSolve=0.519565, bi_maintain_time=0.225604, admm_maintain=0.527899, area4=-nan, infea=986.865, d_obj=-17717.5, overall time=2896.35
i=53, a_nnz=8.12853, ever_a_nnz=8.19184, b_nnz=83.5446, uni_search=6.25227, uni_subSolve=0.498669, uni_maintain_time=0.0843875, bi_search=46.4238, bi_subSolve=0.584943, bi_maintain_time=0.254627, admm_maintain=0.422217, area4=-nan, infea=1008.59, d_obj=-17782.8, overall time=2951.32
i=54, a_nnz=8.16952, ever_a_nnz=8.23403, b_nnz=85.0675, uni_search=8.15622, uni_subSolve=0.588639, uni_maintain_time=0.0785387, bi_search=47.5932, bi_subSolve=0.580065, bi_maintain_time=0.266865, admm_maintain=0.246894, area4=-nan, infea=1016.53, d_obj=-17860.7, overall time=3009.12
i=55, a_nnz=8.20998, ever_a_nnz=8.27483, b_nnz=86.5404, uni_search=4.65559, uni_subSolve=0.351059, uni_maintain_time=0.0671305, bi_search=46.0696, bi_subSolve=0.46529, bi_maintain_time=0.195096, admm_maintain=0.236794, area4=-nan, infea=960.486, d_obj=-18000.7, overall time=3061.48
i=56, a_nnz=8.24838, ever_a_nnz=8.31418, b_nnz=88.0443, uni_search=5.05623, uni_subSolve=0.37745, uni_maintain_time=0.0674066, bi_search=45.9869, bi_subSolve=0.423593, bi_maintain_time=0.175452, admm_maintain=0.284426, area4=-nan, infea=971.843, d_obj=-18074, overall time=3114.18
i=57, a_nnz=8.28831, ever_a_nnz=8.35508, b_nnz=89.5904, uni_search=5.48346, uni_subSolve=0.426452, uni_maintain_time=0.0721409, bi_search=45.9049, bi_subSolve=0.42975, bi_maintain_time=0.182566, admm_maintain=0.218895, area4=-nan, infea=971.4, d_obj=-18154.7, overall time=3167.14
i=58, a_nnz=8.32609, ever_a_nnz=8.39357, b_nnz=91.076, uni_search=4.56869, uni_subSolve=0.329341, uni_maintain_time=0.0643603, bi_search=45.659, bi_subSolve=0.402031, bi_maintain_time=0.166326, admm_maintain=0.238488, area4=-nan, infea=949.866, d_obj=-18255.6, overall time=3218.82
i=59, a_nnz=8.36491, ever_a_nnz=8.43302, b_nnz=92.5953, uni_search=6.04921, uni_subSolve=0.437425, uni_maintain_time=0.0632942, bi_search=48.3722, bi_subSolve=0.767081, bi_maintain_time=0.341783, admm_maintain=0.643591, area4=-nan, infea=948.967, d_obj=-18334.9, p_obj=21607.2.........., heldout Acc=0.995044, overall time=3276.25
i=60, a_nnz=8.40379, ever_a_nnz=8.47276, b_nnz=94.137, uni_search=6.67033, uni_subSolve=0.552705, uni_maintain_time=0.0849216, bi_search=46.8687, bi_subSolve=0.618669, bi_maintain_time=0.264089, admm_maintain=0.259882, area4=-nan, infea=954.547, d_obj=-18406.2, overall time=3331.86
i=61, a_nnz=8.43984, ever_a_nnz=8.50986, b_nnz=95.5921, uni_search=5.08546, uni_subSolve=0.358647, uni_maintain_time=0.0590232, bi_search=45.8413, bi_subSolve=0.459392, bi_maintain_time=0.197665, admm_maintain=0.233818, area4=-nan, infea=932.652, d_obj=-18505.5, overall time=3384.45
i=62, a_nnz=8.47449, ever_a_nnz=8.54524, b_nnz=97.0217, uni_search=5.0095, uni_subSolve=0.374189, uni_maintain_time=0.0623623, bi_search=46.2351, bi_subSolve=0.595363, bi_maintain_time=0.2598, admm_maintain=0.433726, area4=-nan, infea=897.683, d_obj=-18615, overall time=3437.88
i=63, a_nnz=8.50958, ever_a_nnz=8.58138, b_nnz=98.4856, uni_search=6.45001, uni_subSolve=0.537007, uni_maintain_time=0.0847937, bi_search=46.4986, bi_subSolve=0.60645, bi_maintain_time=0.270922, admm_maintain=0.782558, area4=-nan, infea=914.547, d_obj=-18672.7, overall time=3493.8
i=64, a_nnz=8.54404, ever_a_nnz=8.61709, b_nnz=99.9909, uni_search=4.88245, uni_subSolve=0.390308, uni_maintain_time=0.0731052, bi_search=46.0566, bi_subSolve=0.492305, bi_maintain_time=0.214719, admm_maintain=0.324395, area4=-nan, infea=893.214, d_obj=-18766.1, overall time=3546.59
i=65, a_nnz=8.57639, ever_a_nnz=8.6502, b_nnz=101.394, uni_search=5.6029, uni_subSolve=0.442833, uni_maintain_time=0.0800145, bi_search=45.9499, bi_subSolve=0.48427, bi_maintain_time=0.214902, admm_maintain=0.320999, area4=-nan, infea=883.953, d_obj=-18846.4, overall time=3600.03
i=66, a_nnz=8.6108, ever_a_nnz=8.68515, b_nnz=102.884, uni_search=5.75958, uni_subSolve=0.459504, uni_maintain_time=0.082599, bi_search=46.8644, bi_subSolve=0.590456, bi_maintain_time=0.262861, admm_maintain=0.430933, area4=-nan, infea=907.544, d_obj=-18893.7, overall time=3654.92
i=67, a_nnz=8.64204, ever_a_nnz=8.71735, b_nnz=104.299, uni_search=8.19193, uni_subSolve=0.60571, uni_maintain_time=0.077238, bi_search=47.7743, bi_subSolve=0.603062, bi_maintain_time=0.274543, admm_maintain=0.236614, area4=-nan, infea=860.91, d_obj=-19008.2, overall time=3712.96
i=68, a_nnz=8.67387, ever_a_nnz=8.75018, b_nnz=105.72, uni_search=4.61773, uni_subSolve=0.341517, uni_maintain_time=0.0577834, bi_search=47.4185, bi_subSolve=0.688275, bi_maintain_time=0.299553, admm_maintain=0.401706, area4=-nan, infea=903.366, d_obj=-19033.5, overall time=3767.41
i=69, a_nnz=8.70506, ever_a_nnz=8.78243, b_nnz=107.159, uni_search=8.92346, uni_subSolve=0.736459, uni_maintain_time=0.0866009, bi_search=48.0917, bi_subSolve=0.889221, bi_maintain_time=0.394538, admm_maintain=0.416034, area4=-nan, infea=862.929, d_obj=-19139.8, p_obj=18578.1.........., heldout Acc=0.995044 (1/50), overall time=3827.42
i=70, a_nnz=8.73751, ever_a_nnz=8.81565, b_nnz=108.588, uni_search=9.80641, uni_subSolve=0.79626, uni_maintain_time=0.0878978, bi_search=48.4165, bi_subSolve=0.893189, bi_maintain_time=0.41534, admm_maintain=0.496327, area4=-nan, infea=865.789, d_obj=-19202.8, overall time=3888.88
i=71, a_nnz=8.76765, ever_a_nnz=8.84723, b_nnz=110.039, uni_search=8.87716, uni_subSolve=0.737179, uni_maintain_time=0.089602, bi_search=47.9442, bi_subSolve=0.925333, bi_maintain_time=0.415765, admm_maintain=0.534046, area4=-nan, infea=841.967, d_obj=-19290.9, overall time=3949.03
i=72, a_nnz=8.79842, ever_a_nnz=8.87862, b_nnz=111.453, uni_search=8.80718, uni_subSolve=0.730031, uni_maintain_time=0.0872331, bi_search=49.8947, bi_subSolve=1.05192, bi_maintain_time=0.475917, admm_maintain=0.56164, area4=-nan, infea=858.397, d_obj=-19337.2, overall time=4011.28
i=73, a_nnz=8.82971, ever_a_nnz=8.91121, b_nnz=112.888, uni_search=8.30673, uni_subSolve=0.687631, uni_maintain_time=0.0834362, bi_search=48.0941, bi_subSolve=0.931338, bi_maintain_time=0.410907, admm_maintain=0.574108, area4=-nan, infea=848.428, d_obj=-19410.4, overall time=4070.97
i=74, a_nnz=8.86177, ever_a_nnz=8.94394, b_nnz=114.373, uni_search=8.80677, uni_subSolve=0.739346, uni_maintain_time=0.0879023, bi_search=49.655, bi_subSolve=1.0428, bi_maintain_time=0.461963, admm_maintain=0.533311, area4=-nan, infea=849.05, d_obj=-19471.9, overall time=4132.87
i=75, a_nnz=8.89278, ever_a_nnz=8.97591, b_nnz=115.827, uni_search=8.07549, uni_subSolve=0.638048, uni_maintain_time=0.0893218, bi_search=45.5545, bi_subSolve=0.347356, bi_maintain_time=0.162876, admm_maintain=0.269367, area4=-nan, infea=878.576, d_obj=-19502.7, overall time=4188.3
i=76, a_nnz=8.92335, ever_a_nnz=9.00754, b_nnz=117.266, uni_search=4.99601, uni_subSolve=0.35746, uni_maintain_time=0.0608395, bi_search=45.9529, bi_subSolve=0.544269, bi_maintain_time=0.235976, admm_maintain=0.305696, area4=-nan, infea=854.662, d_obj=-19586.8, overall time=4241.08
i=77, a_nnz=8.95268, ever_a_nnz=9.03796, b_nnz=118.712, uni_search=5.25788, uni_subSolve=0.406372, uni_maintain_time=0.06636, bi_search=45.7586, bi_subSolve=0.40985, bi_maintain_time=0.17801, admm_maintain=0.291273, area4=-nan, infea=845.574, d_obj=-19654.9, overall time=4293.76
i=78, a_nnz=8.98047, ever_a_nnz=9.0671, b_nnz=120.11, uni_search=4.84976, uni_subSolve=0.358008, uni_maintain_time=0.060701, bi_search=45.7933, bi_subSolve=0.468831, bi_maintain_time=0.203601, admm_maintain=0.289498, area4=-nan, infea=843.479, d_obj=-19714.9, overall time=4346.09
i=79, a_nnz=9.00826, ever_a_nnz=9.09566, b_nnz=121.496, uni_search=5.07667, uni_subSolve=0.382924, uni_maintain_time=0.0630004, bi_search=45.6251, bi_subSolve=0.458254, bi_maintain_time=0.194017, admm_maintain=0.270309, area4=-nan, infea=798.719, d_obj=-19815.9, p_obj=19526.5.....