#train_samples=3808
#test_samples=2018
d=2122605
K=45
lambda=0.000262605
running SSG on 3808 examples...

#pass=0-2018, test_acc=0.858856, time=111.208, testPredTime=0.479351, p-obj=496375

#pass=1-228, test_acc=0.894392, time=199.934, testPredTime=0.459045, p-obj=192482

#pass=1-2246, test_acc=0.911804, time=291.396, testPredTime=0.46138, p-obj=118493

#pass=2-456, test_acc=0.919554, time=390.313, testPredTime=0.488286, p-obj=86629.7

#pass=2-2474, test_acc=0.92355, time=478.322, testPredTime=0.470065, p-obj=69355

#pass=3-684, test_acc=0.92604, time=581.554, testPredTime=0.467807, p-obj=58975.1

#pass=3-2702, test_acc=0.927285, time=690.799, testPredTime=0.460742, p-obj=51677.7

#pass=4-912, test_acc=0.928656, time=804.289, testPredTime=0.482897, p-obj=46649.3

#pass=4-2930, test_acc=0.929523, time=912.595, testPredTime=0.433055, p-obj=43013.1

#pass=5-1140, test_acc=0.930091, time=1016.22, testPredTime=0.445978, p-obj=40365.2

#pass=5-3158, test_acc=0.930542, time=1123.54, testPredTime=0.45067, p-obj=37905.4

#pass=6-1368, test_acc=0.930993, time=1230.08, testPredTime=0.444996, p-obj=36336.7

#pass=6-3386, test_acc=0.93121, time=1328.46, testPredTime=0.488009, p-obj=34537.9

#pass=7-1596, test_acc=0.93157, time=1422.79, testPredTime=0.465417, p-obj=33574.5

#pass=7-3614, test_acc=0.931778, time=1574.15, testPredTime=0.482705, p-obj=32450.8

#pass=8-1824, test_acc=0.932094, time=1674.71, testPredTime=0.43518, p-obj=31287.1

#pass=9-34, test_acc=0.932166, time=1781.7, testPredTime=0.446672, p-obj=30988.4

#pass=9-2052, test_acc=0.932166, time=1886.8, testPredTime=0.445372, p-obj=29651.5

#pass=10-262, test_acc=0.93231, time=1970.07, testPredTime=0.421465, p-obj=29487.4

#pass=10-2280, test_acc=0.932446, time=2036.38, testPredTime=0.42033, p-obj=28613.8

#pass=11-490, test_acc=0.932608, time=2141.71, testPredTime=0.444898, p-obj=28288

#pass=11-2508, test_acc=0.932563, time=2251.14, testPredTime=0.439847, p-obj=28045.1

#pass=12-718, test_acc=0.932599, time=2362.22, testPredTime=0.477324, p-obj=27352.9

#pass=12-2736, test_acc=0.932581, time=2462.48, testPredTime=0.477985, p-obj=27238.4

#pass=13-946, test_acc=0.932725, time=2551.49, testPredTime=0.447145, p-obj=26672.6

#pass=13-2964, test_acc=0.932707, time=2659.57, testPredTime=0.445699, p-obj=26643.5

#pass=14-1174, test_acc=0.932707, time=2760.7, testPredTime=0.441941, p-obj=26067.8

#pass=14-3192, test_acc=0.932825, time=2869.73, testPredTime=0.469382, p-obj=26256.1

#pass=15-1402, test_acc=0.932915, time=2975.45, testPredTime=0.446132, p-obj=25582.8

#pass=15-3420, test_acc=0.932888, time=3094.31, testPredTime=0.466508, p-obj=25572.2

#pass=16-1630, test_acc=0.932915, time=3203.07, testPredTime=0.483597, p-obj=25555.3

#pass=16-3648, test_acc=0.933014, time=3280.26, testPredTime=0.44536, p-obj=25402.8

#pass=17-1858, test_acc=0.932951, time=3365.47, testPredTime=0.436494, p-obj=24833.1

#pass=18-68, test_acc=0.932969, time=3470.32, testPredTime=0.447156, p-obj=24922.3

#pass=18-2086, test_acc=0.932942, time=3579.93, testPredTime=0.469949, p-obj=24700.7

#pass=19-296, test_acc=0.932951, time=3701.74, testPredTime=0.487606, p-obj=24727

#pass=19-2314, test_acc=0.93296, time=3860.83, testPredTime=0.481214, p-obj=24753.6

#pass=20-524, test_acc=0.932897, time=4026.39, testPredTime=0.492431, p-obj=24684.3

#pass=20-2542, test_acc=0.93296, time=4199.12, testPredTime=0.493049, p-obj=24767.9

#pass=21-752, test_acc=0.932815, time=4372.54, testPredTime=0.495255, p-obj=23951.6

#pass=21-2770, test_acc=0.932834, time=4544.96, testPredTime=0.492273, p-obj=24153.9

#pass=22-980, test_acc=0.932897, time=4718.02, testPredTime=0.493012, p-obj=23875.4

#pass=22-2998, test_acc=0.932861, time=4890.99, testPredTime=0.48783, p-obj=23940.3

#pass=23-1208, test_acc=0.932834, time=5063.4, testPredTime=0.495682, p-obj=23592.9

#pass=23-3226, test_acc=0.932734, time=5235.8, testPredTime=0.493654, p-obj=23815.2

#pass=24-1436, test_acc=0.932707, time=5403.66, testPredTime=0.485832, p-obj=23877.3

#pass=24-3454, test_acc=0.932707, time=5568.57, testPredTime=0.484691, p-obj=23789.3

#pass=25-1664, test_acc=0.932644, time=5727.94, testPredTime=0.484287, p-obj=23506.1

#pass=25-3682, test_acc=0.932644, time=5888.6, testPredTime=0.488573, p-obj=23729.6

#pass=26-1892, test_acc=0.932635, time=6052.23, testPredTime=0.489431, p-obj=23832.1

#pass=27-102, test_acc=0.932644, time=6214.59, testPredTime=0.487651, p-obj=23343

#pass=27-2120, test_acc=0.932662, time=6377.79, testPredTime=0.487258, p-obj=23292.4

#pass=28-330, test_acc=0.932698, time=6540.83, testPredTime=0.490337, p-obj=23376.1

#pass=28-2348, test_acc=0.932698, time=6707.28, testPredTime=0.48805, p-obj=23075

#pass=29-558, test_acc=0.932725, time=6874.01, testPredTime=0.479998, p-obj=23241.1

#pass=29-2576, test_acc=0.932671, time=7032.95, testPredTime=0.476193, p-obj=23036

#pass=30-786, test_acc=0.932689, time=7198.27, testPredTime=0.48858, p-obj=22978.6

#pass=30-2804, test_acc=0.932653, time=7361, testPredTime=0.490073, p-obj=23128.4

#pass=31-1014, test_acc=0.932671, time=7520.28, testPredTime=0.486086, p-obj=23052

#pass=31-3032, test_acc=0.932626, time=7673.99, testPredTime=0.484477, p-obj=23115

#pass=32-1242, test_acc=0.932626, time=7827.37, testPredTime=0.484401, p-obj=23128.1

#pass=32-3260, test_acc=0.932653, time=7980.7, testPredTime=0.487328, p-obj=23013.5

#pass=33-1470, test_acc=0.932581, time=8134.81, testPredTime=0.488229, p-obj=22898.8

#pass=33-3488, test_acc=0.932563, time=8288.15, testPredTime=0.484932, p-obj=22472.4

#pass=34-1698, test_acc=0.932527, time=8441.12, testPredTime=0.488718, p-obj=22788.2

#pass=34-3716, test_acc=0.9325, time=8594.22, testPredTime=0.485427, p-obj=22599

#pass=35-1926, test_acc=0.9325, time=8749.93, testPredTime=0.490015, p-obj=22546

#pass=36-136, test_acc=0.932536, time=8917.9, testPredTime=0.491591, p-obj=22423.8

#pass=36-2154, test_acc=0.932509, time=9086.06, testPredTime=0.498101, p-obj=22417.6

#pass=37-364, test_acc=0.932419, time=9253.31, testPredTime=0.492454, p-obj=22365

#pass=37-2382, test_acc=0.93241, time=9422.42, testPredTime=0.490982, p-obj=22381.7

#pass=38-592, test_acc=0.932355, time=9590.47, testPredTime=0.494912, p-obj=22454.2

#pass=38-2610, test_acc=0.932337, time=9757.58, testPredTime=0.492598, p-obj=22827.7

#pass=39-820, test_acc=0.932319, time=9926.02, testPredTime=0.49058, p-obj=22546.1

#pass=39-2838, test_acc=0.932337, time=10094.7, testPredTime=0.491183, p-obj=22400.9

#pass=40-1048, test_acc=0.932265, time=10262.7, testPredTime=0.48787, p-obj=22528.9

#pass=40-3066, test_acc=0.932274, time=10430.7, testPredTime=0.50459, p-obj=22141.4

#pass=41-1276, test_acc=0.932283, time=10599.1, testPredTime=0.489736, p-obj=22084.8

#pass=41-3294, test_acc=0.932265, time=10766.7, testPredTime=0.508216, p-obj=22394.5

#pass=42-1504, test_acc=0.932265, time=10934.6, testPredTime=0.489042, p-obj=22777.1

#pass=42-3522, test_acc=0.932193, time=11103.3, testPredTime=0.491608, p-obj=22377

#pass=43-1732, test_acc=0.932202, time=11258, testPredTime=0.500382, p-obj=22460.9

#pass=43-3750, test_acc=0.932175, time=11410.6, testPredTime=0.492035, p-obj=22296.5

#pass=44-1960, test_acc=0.932139, time=11564.2, testPredTime=0.501853, p-obj=22317

#pass=45-170, test_acc=0.932175, time=11716.8, testPredTime=0.49208, p-obj=22477.3

#pass=45-2188, test_acc=0.932175, time=11869.7, testPredTime=0.508525, p-obj=21905.5

#pass=46-398, test_acc=0.932166, time=12023.7, testPredTime=0.491311, p-obj=22223.4

#pass=46-2416, test_acc=0.932112, time=12177.2, testPredTime=0.505005, p-obj=22011.3

#pass=47-626, test_acc=0.93204, time=12329.7, testPredTime=0.490614, p-obj=21986.3

#pass=47-2644, test_acc=0.932031, time=12481.6, testPredTime=0.487475, p-obj=22097.2

#pass=48-854, test_acc=0.932067, time=12635.9, testPredTime=0.488444, p-obj=22441

#pass=48-2872, test_acc=0.932049, time=12784.5, testPredTime=0.486513, p-obj=22104.5

#pass=49-1082, test_acc=0.932049, time=12931.9, testPredTime=0.456719, p-obj=22045.1

#pass=49-3100, test_acc=0.931949, time=13070, testPredTime=0.549384, p-obj=22049.7

#pass=50-1310, test_acc=0.931976, time=13204.7, testPredTime=0.483947, p-obj=22180.3

#pass=50-3328, test_acc=0.931949, time=13345.7, testPredTime=0.440804, p-obj=22232.7

#pass=51-1538, test_acc=0.931922, time=13460.1, testPredTime=0.441439, p-obj=22072.3

#pass=51-3556, test_acc=0.931913, time=13563.2, testPredTime=0.447796, p-obj=22077

#pass=52-1766, test_acc=0.931904, time=13675.9, testPredTime=0.477918, p-obj=21987.3

#pass=52-3784, test_acc=0.931904, time=13795.9, testPredTime=0.440765, p-obj=22150.7

#pass=53-1994, test_acc=0.931922, time=13924.8, testPredTime=0.480298, p-obj=21728.7

#pass=54-204, test_acc=0.931922, time=14052.5, testPredTime=0.467649, p-obj=21990.9

#pass=54-2222, test_acc=0.931895, time=14198.8, testPredTime=0.497657, p-obj=21881.9

#pass=55-432, test_acc=0.931805, time=14334.9, testPredTime=0.499132, p-obj=22180.1

#pass=55-2450, test_acc=0.931805, time=14435.4, testPredTime=0.448215, p-obj=21978.5

#pass=56-660, test_acc=0.931778, time=14535.9, testPredTime=0.484175, p-obj=21992.2

#pass=56-2678, test_acc=0.931769, time=14658.7, testPredTime=0.452426, p-obj=22216.3

#pass=57-888, test_acc=0.931796, time=14789, testPredTime=0.50229, p-obj=21898.9

#pass=57-2906, test_acc=0.931796, time=14926.3, testPredTime=0.47628, p-obj=21849.6

#pass=58-1116, test_acc=0.931742, time=15061.9, testPredTime=0.484513, p-obj=22132.7

#pass=58-3134, test_acc=0.931769, time=15198.4, testPredTime=0.483333, p-obj=21977.4

#pass=59-1344, test_acc=0.931769, time=15333.9, testPredTime=0.47721, p-obj=21903.2

#pass=59-3362, test_acc=0.931778, time=15476.8, testPredTime=0.498442, p-obj=21926.2

#pass=60-1572, test_acc=0.931769, time=15619.5, testPredTime=0.505568, p-obj=22038.7

#pass=60-3590, test_acc=0.931751, time=15760.1, testPredTime=0.663492, p-obj=21916.2

#pass=61-1800, test_acc=0.931742, time=15908.6, testPredTime=0.489217, p-obj=21660.8

#pass=62-10, test_acc=0.931715, time=16057.8, testPredTime=0.464445, p-obj=21509.7

#pass=62-2028, test_acc=0.931688, time=16207.6, testPredTime=0.486113, p-obj=21853.7

#pass=63-238, test_acc=0.931697, time=16341.8, testPredTime=0.467109, p-obj=21720.4

#pass=63-2256, test_acc=0.931688, time=16473.9, testPredTime=0.467748, p-obj=21724.4

#pass=64-466, test_acc=0.93167, time=16606.1, testPredTime=0.463835, p-obj=21338.2

#pass=64-2484, test_acc=0.93167, time=16738, testPredTime=0.464457, p-obj=21757.1

#pass=65-694, test_acc=0.931661, time=16869.9, testPredTime=0.461686, p-obj=21824.4

#pass=65-2712, test_acc=0.931661, time=17001.8, testPredTime=0.462389, p-obj=21775.8

#pass=66-922, test_acc=0.931643, time=17133.5, testPredTime=0.46708, p-obj=21806.8

#pass=66-2940, test_acc=0.931634, time=17265.5, testPredTime=0.464596, p-obj=21713.9

#pass=67-1150, test_acc=0.931345, time=17351.8, testPredTime=0.447764, p-obj=21808.4

#pass=67-3168, test_acc=0.931345, time=17487.3, testPredTime=0.472895, p-obj=21673.2

#pass=68-1378, test_acc=0.931327, time=17622.5, testPredTime=0.464843, p-obj=21437.9

#pass=68-3396, test_acc=0.931318, time=17757.3, testPredTime=0.460875, p-obj=22046.1

#pass=69-1606, test_acc=0.9313, time=17892.9, testPredTime=0.469005, p-obj=21656.5

#pass=69-3624, test_acc=0.931246, time=18027.7, testPredTime=0.459915, p-obj=21556.5

#pass=70-1834, test_acc=0.931246, time=18161.3, testPredTime=0.468442, p-obj=22363.6

#pass=71-44, test_acc=0.931237, time=18324.5, testPredTime=0.487496, p-obj=21777.3

#pass=71-2062, test_acc=0.931246, time=18496.9, testPredTime=0.485364, p-obj=21723.6

#pass=72-272, test_acc=0.931201, time=18671.3, testPredTime=0.485599, p-obj=21367.8

#pass=72-2290, test_acc=0.931192, time=18845.2, testPredTime=0.485982, p-obj=21636.1

#pass=73-500, test_acc=0.931201, time=19017.6, testPredTime=0.486123, p-obj=21276.5

#pass=73-2518, test_acc=0.931228, time=19189.1, testPredTime=0.486023, p-obj=21692.6

#pass=74-728, test_acc=0.93121, time=19360.6, testPredTime=0.485263, p-obj=21620.6

#pass=74-2746, test_acc=0.931192, time=19531.2, testPredTime=0.487011, p-obj=21401.7

#pass=75-956, test_acc=0.931201, time=19704.2, testPredTime=0.488045, p-obj=21371.2

#pass=75-2974, test_acc=0.93121, time=19874.6, testPredTime=0.486195, p-obj=21635.8

#pass=76-1184, test_acc=0.931201, time=20047.7, testPredTime=0.488715, p-obj=21554.6

#pass=76-3202, test_acc=0.931201, time=20214.1, testPredTime=0.465103, p-obj=21146.6

#pass=77-1412, test_acc=0.93121, time=20362.6, testPredTime=0.465743, p-obj=21449.9

#pass=77-3430, test_acc=0.93121, time=20511.6, testPredTime=0.466359, p-obj=21453.6

#pass=78-1640, test_acc=0.931201, time=20660, testPredTime=0.463785, p-obj=21447.8

#pass=78-3658, test_acc=0.931192, time=20808.3, testPredTime=0.458329, p-obj=21488.5

#pass=79-1868, test_acc=0.931219, time=20957.5, testPredTime=0.465126, p-obj=21359.5

#pass=80-78, test_acc=0.93121, time=21108.9, testPredTime=0.491004, p-obj=21810.9

#pass=80-2096, test_acc=0.931219, time=21261.6, testPredTime=0.464795, p-obj=21559.8

#pass=81-306, test_acc=0.93121, time=21394.8, testPredTime=0.466238, p-obj=21429.1

#pass=81-2324, test_acc=0.931192, time=21539.8, testPredTime=0.465593, p-obj=21407.8

#pass=82-534, test_acc=0.931192, time=21655.7, testPredTime=0.446523, p-obj=21736.8

#pass=82-2552, test_acc=0.931183, time=21766.3, testPredTime=0.438591, p-obj=21857.4

#pass=83-762, test_acc=0.931183, time=21887.1, testPredTime=0.446787, p-obj=21805.8

#pass=83-2780, test_acc=0.931201, time=21997.8, testPredTime=0.4503, p-obj=21409.6

#pass=84-990, test_acc=0.931155, time=22131.4, testPredTime=0.487901, p-obj=21566.5

#pass=84-3008, test_acc=0.931137, time=22283.7, testPredTime=0.48628, p-obj=21685.1

#pass=85-1218, test_acc=0.931119, time=22376.6, testPredTime=0.450277, p-obj=21505.5

#pass=85-3236, test_acc=0.931119, time=22479.6, testPredTime=0.484293, p-obj=21535.9

#pass=86-1446, test_acc=0.931101, time=22619.9, testPredTime=0.465374, p-obj=21701.1

#pass=86-3464, test_acc=0.931083, time=22761.6, testPredTime=0.48465, p-obj=21405.1

#pass=87-1674, test_acc=0.93111, time=22936, testPredTime=0.483171, p-obj=21306

#pass=87-3692, test_acc=0.93111, time=23103.7, testPredTime=0.487351, p-obj=21289.9

#pass=88-1902, test_acc=0.931101, time=23274.4, testPredTime=0.489809, p-obj=21440.3

#pass=89-112, test_acc=0.931092, time=23420.9, testPredTime=0.494382, p-obj=21313.2

#pass=89-2130, test_acc=0.931092, time=23557.6, testPredTime=0.48398, p-obj=21524.6

#pass=90-340, test_acc=0.931101, time=23709.1, testPredTime=0.484407, p-obj=21436.1

#pass=90-2358, test_acc=0.931137, time=23850, testPredTime=0.505448, p-obj=21663

#pass=91-568, test_acc=0.93111, time=23980.9, testPredTime=0.493498, p-obj=21672.4

#pass=91-2586, test_acc=0.931092, time=24105.9, testPredTime=0.448821, p-obj=21481.7

#pass=92-796, test_acc=0.931056, time=24219.4, testPredTime=0.46743, p-obj=21275.2

#pass=92-2814, test_acc=0.931056, time=24334.7, testPredTime=0.450791, p-obj=21738.3

#pass=93-1024, test_acc=0.931047, time=24458.1, testPredTime=0.450058, p-obj=21338.1

#pass=93-3042, test_acc=0.931074, time=24572.9, testPredTime=0.488792, p-obj=21569.9

#pass=94-1252, test_acc=0.931074, time=24688.4, testPredTime=0.449957, p-obj=21545

#pass=94-3270, test_acc=0.931047, time=24800.2, testPredTime=0.450124, p-obj=21284.9

#pass=95-1480, test_acc=0.931038, time=24909.8, testPredTime=0.449985, p-obj=21363.4

#pass=95-3498, test_acc=0.931038, time=25017.9, testPredTime=0.449843, p-obj=21619.8

#pass=96-1708, test_acc=0.931074, time=25130.9, testPredTime=0.445616, p-obj=21524

#pass=96-3726, test_acc=0.931065, time=25241.2, testPredTime=0.449, p-obj=21550.7

#pass=97-1936, test_acc=0.931047, time=25347.6, testPredTime=0.445479, p-obj=21347.9

#pass=98-146, test_acc=0.931056, time=25464, testPredTime=0.443301, p-obj=21556.3

#pass=98-2164, test_acc=0.931056, time=25591, testPredTime=0.448376, p-obj=21521

#pass=99-374, test_acc=0.931029, time=25688.7, testPredTime=0.482154, p-obj=21438.1

#pass=99-2392, test_acc=0.931038, time=25789.3, testPredTime=0.449174, p-obj=21201.1

#pass=100-602, test_acc=0.93102, time=25885, testPredTime=0.448445, p-obj=21363.6

#pass=100-2620, test_acc=0.931029, time=25990.1, testPredTime=0.455932, p-obj=21237.1

#pass=101-830, test_acc=0.931047, time=26113.8, testPredTime=0.450991, p-obj=21423.6

#pass=101-2848, test_acc=0.931056, time=26223.6, testPredTime=0.447952, p-obj=21345.9

#pass=102-1058, test_acc=0.931038, time=26322.9, testPredTime=0.449881, p-obj=21352.7

#pass=102-3076, test_acc=0.931029, time=26444.5, testPredTime=0.451752, p-obj=21430.3

#pass=103-1286, test_acc=0.931047, time=26556, testPredTime=0.482979, p-obj=21680.6

#pass=103-3304, test_acc=0.931056, time=26707.9, testPredTime=0.485675, p-obj=21253.6

#pass=104-1514, test_acc=0.931038, time=26866.2, testPredTime=0.487608, p-obj=21315.2

#pass=104-3532, test_acc=0.931011, time=27024.6, testPredTime=0.48584, p-obj=21648.9

#pass=105-1742, test_acc=0.931011, time=27184.7, testPredTime=0.488202, p-obj=21169

#pass=105-3760, test_acc=0.930993, time=27318.5, testPredTime=0.486745, p-obj=21444.3

#pass=106-1970, test_acc=0.930984, time=27464.2, testPredTime=0.485476, p-obj=21438.5

#pass=107-180, test_acc=0.930984, time=27610.9, testPredTime=0.488514, p-obj=21165.1

#pass=107-2198, test_acc=0.930984, time=27757.4, testPredTime=0.506323, p-obj=21440.4

#pass=108-408, test_acc=0.930993, time=27903.6, testPredTime=0.486035, p-obj=21170.2

#pass=108-2426, test_acc=0.930984, time=28051, testPredTime=0.486741, p-obj=21302.1

#pass=109-636, test_acc=0.930975, time=28197, testPredTime=0.464892, p-obj=21263.9

#pass=109-2654, test_acc=0.930957, time=28339.2, testPredTime=0.503285, p-obj=21532.5

#pass=110-864, test_acc=0.930966, time=28481, testPredTime=0.466097, p-obj=21157.1

#pass=110-2882, test_acc=0.930966, time=28625.6, testPredTime=0.464654, p-obj=21255.6

#pass=111-1092, test_acc=0.930966, time=28768.3, testPredTime=0.471206, p-obj=21194.7

#pass=111-3110, test_acc=0.930957, time=28907.3, testPredTime=0.461708, p-obj=21343.7

#pass=112-1320, test_acc=0.930957, time=29050.6, testPredTime=0.483551, p-obj=21092.5

#pass=112-3338, test_acc=0.930957, time=29193.7, testPredTime=0.50096, p-obj=21458.7

#pass=113-1548, test_acc=0.930957, time=29334.8, testPredTime=0.463483, p-obj=21251.9

#pass=113-3566, test_acc=0.930948, time=29474.6, testPredTime=0.45505, p-obj=21140

#pass=114-1776, test_acc=0.93093, time=29612.6, testPredTime=0.49341, p-obj=21329.1

#pass=114-3794, test_acc=0.930921, time=29761.4, testPredTime=0.476554, p-obj=21434.3

#pass=115-2004, test_acc=0.930921, time=29912.5, testPredTime=0.485764, p-obj=21336.3

#pass=116-214, test_acc=0.930894, time=30062.2, testPredTime=0.50581, p-obj=21402.8

#pass=116-2232, test_acc=0.930894, time=30222.5, testPredTime=0.48751, p-obj=21278.8

#pass=117-442, test_acc=0.930903, time=30363.8, testPredTime=0.485314, p-obj=21348.5

#pass=117-2460, test_acc=0.930894, time=30496.4, testPredTime=0.442858, p-obj=21405.6

#pass=118-670, test_acc=0.930894, time=30619.9, testPredTime=0.474596, p-obj=21459.3

#pass=118-2688, test_acc=0.930894, time=30747.1, testPredTime=0.437209, p-obj=21276.9

#pass=119-898, test_acc=0.930876, time=30868.9, testPredTime=0.448875, p-obj=21363.9

#pass=119-2916, test_acc=0.930858, time=30981.7, testPredTime=0.479935, p-obj=21274.6

#pass=120-1126, test_acc=0.930858, time=31123.9, testPredTime=0.48511, p-obj=21280.2

#pass=120-3144, test_acc=0.930849, time=31266, testPredTime=0.484972, p-obj=21515.4

#pass=121-1354, test_acc=0.93084, time=31407.1, testPredTime=0.511025, p-obj=21367.8

#pass=121-3372, test_acc=0.930822, time=31565.6, testPredTime=0.488632, p-obj=21489.6

#pass=122-1582, test_acc=0.930822, time=31724.7, testPredTime=0.485414, p-obj=21269.8

#pass=122-3600, test_acc=0.930822, time=31897.6, testPredTime=0.488071, p-obj=21233.4

#pass=123-1810, test_acc=0.930822, time=32047.1, testPredTime=0.433129, p-obj=21404.3

#pass=124-20, test_acc=0.930822, time=32160.6, testPredTime=0.477253, p-obj=21280.1

#pass=124-2038, test_acc=0.930822, time=32310.1, testPredTime=0.491814, p-obj=21419.5

#pass=125-248, test_acc=0.930822, time=32478.8, testPredTime=0.488744, p-obj=21451.1

#pass=125-2266, test_acc=0.930804, time=32606.5, testPredTime=0.45791, p-obj=21251.3

#pass=126-476, test_acc=0.930804, time=32713.8, testPredTime=0.486973, p-obj=21235.6

#pass=126-2494, test_acc=0.930804, time=32858.9, testPredTime=0.447752, p-obj=21244.1

#pass=127-704, test_acc=0.930804, time=33004.3, testPredTime=0.439847, p-obj=21419.8

#pass=127-2722, test_acc=0.930804, time=33109.4, testPredTime=0.456182, p-obj=21281.6

#pass=128-932, test_acc=0.930795, time=33228.5, testPredTime=0.49553, p-obj=21371.7

#pass=128-2950, test_acc=0.930795, time=33340.7, testPredTime=0.493372, p-obj=21388

#pass=129-1160, test_acc=0.930795, time=33478.3, testPredTime=0.462718, p-obj=21163.5

#pass=129-3178, test_acc=0.930795, time=33627.3, testPredTime=0.463958, p-obj=21188.1

#pass=130-1388, test_acc=0.930804, time=33790.2, testPredTime=0.491538, p-obj=21065.6

#pass=130-3406, test_acc=0.930804, time=33937.1, testPredTime=0.474924, p-obj=21094.1

#pass=131-1616, test_acc=0.930804, time=34073.7, testPredTime=0.634197, p-obj=21491.4

#pass=131-3634, test_acc=0.930804, time=34199.2, testPredTime=1.6416, p-obj=21291.2

#pass=132-1844, test_acc=0.930795, time=34355.4, testPredTime=0.502092, p-obj=21216

#pass=133-54, test_acc=0.930804, time=34527.9, testPredTime=0.494987, p-obj=21478

#pass=133-2072, test_acc=0.930804, time=34694.4, testPredTime=0.474568, p-obj=21148.8

#pass=134-282, test_acc=0.930804, time=34857, testPredTime=0.485932, p-obj=21447

#pass=134-2300, test_acc=0.930804, time=35024.7, testPredTime=0.817751, p-obj=21245.9

#pass=135-510, test_acc=0.930804, time=35195.3, testPredTime=0.492976, p-obj=21448.6

#pass=135-2528, test_acc=0.930804, time=35356.6, testPredTime=0.487557, p-obj=21262.9

#pass=136-738, test_acc=0.930804, time=35498, testPredTime=0.492065, p-obj=21402.9

#pass=136-2756, test_acc=0.930795, time=35648.5, testPredTime=0.50222, p-obj=21519.4

#pass=137-966, test_acc=0.930795, time=35795.4, testPredTime=0.471769, p-obj=21311.6

#pass=137-2984, test_acc=0.930795, time=35907.8, testPredTime=0.480112, p-obj=21020.3

#pass=138-1194, test_acc=0.930795, time=36022.3, testPredTime=0.45494, p-obj=21223.5

#pass=138-3212, test_acc=0.930795, time=36113.5, testPredTime=0.450954, p-obj=21331

#pass=139-1422, test_acc=0.930786, time=36218.3, testPredTime=0.462015, p-obj=21225.8

#pass=139-3440, test_acc=0.930786, time=36339.8, testPredTime=0.447573, p-obj=21332.1

#pass=140-1650, test_acc=0.930777, time=36482.3, testPredTime=0.484517, p-obj=21313.6

#pass=140-3668, test_acc=0.930768, time=36627.3, testPredTime=0.495316, p-obj=20971.9

#pass=141-1878, test_acc=0.930768, time=36787.4, testPredTime=0.480029, p-obj=21118.6

#pass=142-88, test_acc=0.930759, time=36941.2, testPredTime=0.504823, p-obj=21305.6

#pass=142-2106, test_acc=0.930768, time=37089.2, testPredTime=0.466754, p-obj=21232.8

#pass=143-316, test_acc=0.930768, time=37213.1, testPredTime=0.471939, p-obj=21063.4

#pass=143-2334, test_acc=0.930768, time=37288.2, testPredTime=0.455205, p-obj=21055.4

#pass=144-544, test_acc=0.930768, time=37398.9, testPredTime=0.491112, p-obj=21290.6

#pass=144-2562, test_acc=0.930768, time=37551.3, testPredTime=0.479767, p-obj=21097

#pass=145-772, test_acc=0.930759, time=37688.5, testPredTime=0.466806, p-obj=20975.7

#pass=145-2790, test_acc=0.930759, time=37827.6, testPredTime=0.485252, p-obj=21485.9

#pass=146-1000, test_acc=0.930759, time=37974.7, testPredTime=0.484172, p-obj=21461.2

#pass=146-3018, test_acc=0.930759, time=38106.7, testPredTime=0.451259, p-obj=20970.4

#pass=147-1228, test_acc=0.930759, time=38267.5, testPredTime=0.522367, p-obj=20932.2

#pass=147-3246, test_acc=0.930759, time=38419.6, testPredTime=0.453815, p-obj=21193.2

#pass=148-1456, test_acc=0.930768, time=38586.1, testPredTime=0.489277, p-obj=20996.7

#pass=148-3474, test_acc=0.930768, time=38716.5, testPredTime=0.533083, p-obj=20927.1

#pass=149-1684, test_acc=0.930768, time=38859.2, testPredTime=0.451497, p-obj=21041.7

#pass=149-3702, test_acc=0.930768, time=38979.2, testPredTime=0.470184, p-obj=21024.6

#pass=150-1912, test_acc=0.930768, time=39092.4, testPredTime=0.492129, p-obj=21228.6

#pass=151-122, test_acc=0.930768, time=39216.3, testPredTime=0.466453, p-obj=20975.7

#pass=151-2140, test_acc=0.930759, time=39328.3, testPredTime=0.474626, p-obj=21328.6

#pass=152-350, test_acc=0.930741, time=39470.9, testPredTime=0.478409, p-obj=21194.7

#pass=152-2368, test_acc=0.930759, time=39598.4, testPredTime=0.467976, p-obj=21266.3

#pass=153-578, test_acc=0.93075, time=39749.1, testPredTime=0.46632, p-obj=21220.1

#pass=153-2596, test_acc=0.93075, time=39897.5, testPredTime=0.485394, p-obj=21333.7

#pass=154-806, test_acc=0.93075, time=40047.2, testPredTime=0.479605, p-obj=20771.3

#pass=154-2824, test_acc=0.93075, time=40148.3, testPredTime=0.45975, p-obj=21055.6

#pass=155-1034, test_acc=0.93075, time=40301.3, testPredTime=0.52297, p-obj=21596.4

#pass=155-3052, test_acc=0.93075, time=40508.3, testPredTime=0.523287, p-obj=20951.3

#pass=156-1262, test_acc=0.930759, time=40713.9, testPredTime=0.525944, p-obj=21275.8

#pass=156-3280, test_acc=0.930759, time=40894.7, testPredTime=0.524179, p-obj=21019.9

#pass=157-1490, test_acc=0.930759, time=41098.8, testPredTime=0.521244, p-obj=21142.2

#pass=157-3508, test_acc=0.930759, time=41305.4, testPredTime=0.527468, p-obj=21185.1

#pass=158-1718, test_acc=0.930759, time=41511.3, testPredTime=0.524051, p-obj=21029.6

#pass=158-3736, test_acc=0.930759, time=41683.6, testPredTime=0.46832, p-obj=21075.8

#pass=159-1946, test_acc=0.93075, time=41838.6, testPredTime=0.488788, p-obj=21131.7

#pass=160-156, test_acc=0.930759, time=41991.1, testPredTime=0.446032, p-obj=21127.1

#pass=160-2174, test_acc=0.930759, time=42141.4, testPredTime=0.489473, p-obj=20890.8

#pass=161-384, test_acc=0.930759, time=42296.2, testPredTime=0.488526, p-obj=21112.9

#pass=161-2402, test_acc=0.930759, time=42449.7, testPredTime=0.486923, p-obj=20878.6

#pass=162-612, test_acc=0.930759, time=42603.2, testPredTime=0.488388, p-obj=21085.2

#pass=162-2630, test_acc=0.930759, time=42757.5, testPredTime=0.489513, p-obj=21263.4

#pass=163-840, test_acc=0.930759, time=42900.8, testPredTime=0.486374, p-obj=21122.1

#pass=163-2858, test_acc=0.930759, time=43054.8, testPredTime=0.483868, p-obj=21016.7

#pass=164-1068, test_acc=0.930759, time=43209.5, testPredTime=0.495844, p-obj=21236.4

#pass=164-3086, test_acc=0.930759, time=43362.6, testPredTime=0.487654, p-obj=21101.1

#pass=165-1296, test_acc=0.93075, time=43515.9, testPredTime=0.486174, p-obj=21074.9

#pass=165-3314, test_acc=0.93075, time=43668, testPredTime=0.491355, p-obj=21325.8

#pass=166-1524, test_acc=0.93075, time=43817, testPredTime=0.48557, p-obj=21290.6

#pass=166-3542, test_acc=0.930731, time=43970.7, testPredTime=0.487377, p-obj=20884.1

#pass=167-1752, test_acc=0.930731, time=44122.5, testPredTime=0.490715, p-obj=21059.6

#pass=167-3770, test_acc=0.930722, time=44273.8, testPredTime=0.487931, p-obj=21120.7

#pass=168-1980, test_acc=0.930722, time=44426.7, testPredTime=0.48702, p-obj=21025.8

#pass=169-190, test_acc=0.930713, time=44580.3, testPredTime=0.476057, p-obj=21233.2

#pass=169-2208, test_acc=0.930713, time=44729.9, testPredTime=0.484946, p-obj=21181

#pass=170-418, test_acc=0.930713, time=44874, testPredTime=0.480896, p-obj=21272.7

#pass=170-2436, test_acc=0.930713, time=45045, testPredTime=0.483855, p-obj=21145.8

#pass=171-646, test_acc=0.930713, time=45216.3, testPredTime=0.490761, p-obj=20835.6

#pass=171-2664, test_acc=0.930713, time=45387.9, testPredTime=0.485503, p-obj=20937.3

#pass=172-874, test_acc=0.930713, time=45559, testPredTime=0.488606, p-obj=20991

#pass=172-2892, test_acc=0.930713, time=45719.4, testPredTime=0.482896, p-obj=20737

#pass=173-1102, test_acc=0.930722, time=45890.9, testPredTime=0.481493, p-obj=21373.8

#pass=173-3120, test_acc=0.930722, time=46060.8, testPredTime=0.480244, p-obj=21188.9

#pass=174-1330, test_acc=0.930722, time=46231.8, testPredTime=0.486883, p-obj=21074.9

#pass=174-3348, test_acc=0.930722, time=46401.9, testPredTime=0.508219, p-obj=21472.9

#pass=175-1558, test_acc=0.930722, time=46557.9, testPredTime=0.514783, p-obj=21152.3

#pass=175-3576, test_acc=0.930722, time=46718, testPredTime=0.493906, p-obj=21314.2

#pass=176-1786, test_acc=0.930722, time=46856.3, testPredTime=0.45426, p-obj=21058.6

#pass=176-3804, test_acc=0.930722, time=46987.3, testPredTime=0.492575, p-obj=21121.5

#pass=177-2014, test_acc=0.930713, time=47133.8, testPredTime=0.467162, p-obj=21236.5

#pass=178-224, test_acc=0.930713, time=47280.5, testPredTime=0.465744, p-obj=21025.1

#pass=178-2242, test_acc=0.930713, time=47427.6, testPredTime=0.476056, p-obj=20932.6

#pass=179-452, test_acc=0.930704, time=47574.6, testPredTime=0.449597, p-obj=20994.7

#pass=179-2470, test_acc=0.930704, time=47719.2, testPredTime=0.477116, p-obj=21207.3

#pass=180-680, test_acc=0.930695, time=47867.6, testPredTime=0.467007, p-obj=21239.3

#pass=180-2698, test_acc=0.930695, time=48021.6, testPredTime=0.492868, p-obj=20906.6

#pass=181-908, test_acc=0.930704, time=48171, testPredTime=0.476163, p-obj=20866

#pass=181-2926, test_acc=0.930677, time=48318.3, testPredTime=0.467128, p-obj=21097.4

#pass=182-1136, test_acc=0.930695, time=48465.8, testPredTime=0.466836, p-obj=21443.2

#pass=182-3154, test_acc=0.930686, time=48611, testPredTime=0.464614, p-obj=21215.3

#pass=183-1364, test_acc=0.930686, time=48758.7, testPredTime=0.467758, p-obj=20982.3

#pass=183-3382, test_acc=0.930677, time=48906.5, testPredTime=0.474767, p-obj=21065.9

#pass=184-1592, test_acc=0.930668, time=49058.4, testPredTime=0.484611, p-obj=20936.8

#pass=184-3610, test_acc=0.930695, time=49209.4, testPredTime=0.464618, p-obj=20936.8

#pass=185-1820, test_acc=0.930686, time=49356.9, testPredTime=0.46688, p-obj=20941.3

#pass=186-30, test_acc=0.930677, time=49502.3, testPredTime=0.477805, p-obj=20865.3

#pass=186-2048, test_acc=0.930677, time=49650.7, testPredTime=0.467003, p-obj=21131.5

#pass=187-258, test_acc=0.930668, time=49800, testPredTime=0.467866, p-obj=21253.6

#pass=187-2276, test_acc=0.930668, time=49947.1, testPredTime=0.466629, p-obj=21214.9

#pass=188-486, test_acc=0.930668, time=50095.8, testPredTime=0.485866, p-obj=20973

#pass=188-2504, test_acc=0.930668, time=50250.3, testPredTime=0.488391, p-obj=21005.9

#pass=189-714, test_acc=0.930677, time=50394.8, testPredTime=0.466808, p-obj=21220.2

#pass=189-2732, test_acc=0.930677, time=50543.3, testPredTime=0.465496, p-obj=21407.7

#pass=190-942, test_acc=0.930677, time=50692.5, testPredTime=0.46637, p-obj=20910.4

#pass=190-2960, test_acc=0.930677, time=50838.8, testPredTime=0.464755, p-obj=20843.8

#pass=191-1170, test_acc=0.930677, time=50986.9, testPredTime=0.466853, p-obj=21018.8

#pass=191-3188, test_acc=0.930677, time=51134.4, testPredTime=0.464379, p-obj=21019.3

#pass=192-1398, test_acc=0.930677, time=51284.9, testPredTime=0.492878, p-obj=20917.3

#pass=192-3416, test_acc=0.930677, time=51435.6, testPredTime=0.466709, p-obj=21182.3

#pass=193-1626, test_acc=0.930695, time=51583.6, testPredTime=0.466941, p-obj=21174

#pass=193-3644, test_acc=0.930695, time=51730.1, testPredTime=0.476288, p-obj=20861.2

#pass=194-1854, test_acc=0.930695, time=51878.1, testPredTime=0.472795, p-obj=21300.9

#pass=195-64, test_acc=0.930677, time=52044.4, testPredTime=0.519547, p-obj=20931.4

#pass=195-2082, test_acc=0.930677, time=52223, testPredTime=0.523115, p-obj=20877.2

#pass=196-292, test_acc=0.930677, time=52394.9, testPredTime=0.462534, p-obj=21341.2

#pass=196-2310, test_acc=0.930677, time=52551.5, testPredTime=0.49427, p-obj=21333.7

#pass=197-520, test_acc=0.930677, time=52706.7, testPredTime=0.495187, p-obj=21133.7

#pass=197-2538, test_acc=0.930686, time=52861.2, testPredTime=0.494015, p-obj=21264.8

#pass=198-748, test_acc=0.930686, time=53031.7, testPredTime=0.494387, p-obj=21293.1

#pass=198-2766, test_acc=0.930686, time=53186.3, testPredTime=0.495471, p-obj=20876.6

#pass=199-976, test_acc=0.930686, time=53349.4, testPredTime=0.491651, p-obj=20681.2

#pass=199-2994, test_acc=0.930686, time=53507.7, testPredTime=0.497638, p-obj=21119.2

#pass=200-1204, test_acc=0.930686, time=53658.9, testPredTime=0.494575, p-obj=21140.1

#pass=200-3222, test_acc=0.930695, time=53813.6, testPredTime=0.494793, p-obj=21043.3

#pass=201-1432, test_acc=0.930695, time=53985.2, testPredTime=0.494762, p-obj=21044.9

#pass=201-3450, test_acc=0.930686, time=54139.9, testPredTime=0.49479, p-obj=21166.5

#pass=202-1660, test_acc=0.930686, time=54294.6, testPredTime=0.495028, p-obj=20882.9

#pass=202-3678, test_acc=0.930686, time=54458.8, testPredTime=0.464299, p-obj=20821.9

#pass=203-1888, test_acc=0.930686, time=54621.8, testPredTime=0.494847, p-obj=21203.6

#pass=204-98, test_acc=0.930686, time=54776.8, testPredTime=0.494753, p-obj=21219

#pass=204-2116, test_acc=0.930686, time=54931.5, testPredTime=0.492368, p-obj=20861.4

#pass=205-326, test_acc=0.930686, time=55079.7, testPredTime=0.491998, p-obj=21176.7

#pass=205-2344, test_acc=0.930695, time=55241.3, testPredTime=0.504502, p-obj=21239.5

#pass=206-554, test_acc=0.930695, time=55403.5, testPredTime=0.4937, p-obj=21212.6

#pass=206-2572, test_acc=0.930695, time=55565.6, testPredTime=0.501742, p-obj=20946.2

#pass=207-782, test_acc=0.930695, time=55723.1, testPredTime=0.489373, p-obj=20915.8

#pass=207-2800, test_acc=0.930695, time=55877.1, testPredTime=0.484704, p-obj=21090.6

#pass=208-1010, test_acc=0.930695, time=56032.1, testPredTime=0.487502, p-obj=21192.9

#pass=208-3028, test_acc=0.930695, time=56186.9, testPredTime=0.487158, p-obj=20779.5

#pass=209-1238, test_acc=0.930695, time=56341.8, testPredTime=0.485397, p-obj=21303.8

#pass=209-3256, test_acc=0.930695, time=56504.1, testPredTime=0.491154, p-obj=20943.6

#pass=210-1466, test_acc=0.930695, time=56664, testPredTime=0.485158, p-obj=20986.3

#pass=210-3484, test_acc=0.930695, time=56825.5, testPredTime=0.475749, p-obj=21048.9

#pass=211-1694, test_acc=0.930695, time=56989.8, testPredTime=0.519514, p-obj=21047.4

#pass=211-3712, test_acc=0.930695, time=57165.2, testPredTime=0.522018, p-obj=21092.5

#pass=212-1922, test_acc=0.930695, time=57314, testPredTime=0.451038, p-obj=21009.7

#pass=213-132, test_acc=0.930695, time=57452.5, testPredTime=0.452002, p-obj=21062.9

#pass=213-2150, test_acc=0.930695, time=57598.6, testPredTime=0.452256, p-obj=21283.8

#pass=214-360, test_acc=0.930695, time=57737.7, testPredTime=0.451377, p-obj=21016.6

#pass=214-2378, test_acc=0.930695, time=57877.8, testPredTime=0.450746, p-obj=20939.9

#pass=215-588, test_acc=0.930695, time=58016.4, testPredTime=0.485851, p-obj=20646.1

#pass=215-2606, test_acc=0.930695, time=58172.2, testPredTime=0.476307, p-obj=20698.4

#pass=216-816, test_acc=0.930695, time=58304.3, testPredTime=0.48537, p-obj=20854.8

#pass=216-2834, test_acc=0.930695, time=58437.3, testPredTime=0.486367, p-obj=21061.3

#pass=217-1044, test_acc=0.930695, time=58572.2, testPredTime=0.597647, p-obj=21019.1

#pass=217-3062, test_acc=0.930695, time=58749.3, testPredTime=0.506496, p-obj=21049.3

#pass=218-1272, test_acc=0.930695, time=58928.6, testPredTime=0.48761, p-obj=20884.2

#pass=218-3290, test_acc=0.930695, time=59104.5, testPredTime=0.619394, p-obj=21085.7

#pass=219-1500, test_acc=0.930695, time=59283.2, testPredTime=0.613654, p-obj=20970.3

#pass=219-3518, test_acc=0.930695, time=59454.6, testPredTime=0.613908, p-obj=20962.6

#pass=220-1728, test_acc=0.930695, time=59634.1, testPredTime=0.489847, p-obj=20870.2

#pass=220-3746, test_acc=0.930695, time=59806.2, testPredTime=0.471637, p-obj=20930.5

#pass=221-1956, test_acc=0.930695, time=59990.1, testPredTime=0.468887, p-obj=20927.3

#pass=222-166, test_acc=0.930695, time=60187, testPredTime=0.647758, p-obj=20810.1

#pass=222-2184, test_acc=0.930695, time=60385.3, testPredTime=0.488602, p-obj=21016.8

#pass=223-394, test_acc=0.930695, time=60585.6, testPredTime=1.45744, p-obj=21016.4

#pass=223-2412, test_acc=0.930695, time=60749.4, testPredTime=0.815586, p-obj=21050

#pass=224-622, test_acc=0.930695, time=60924.7, testPredTime=0.488179, p-obj=21332.5

#pass=224-2640, test_acc=0.930686, time=61111.7, testPredTime=0.469897, p-obj=21184.8

#pass=225-850, test_acc=0.930686, time=61281.7, testPredTime=0.48476, p-obj=20966.5

#pass=225-2868, test_acc=0.930686, time=61451.2, testPredTime=0.46371, p-obj=21226

#pass=226-1078, test_acc=0.930686, time=61629.5, testPredTime=0.547332, p-obj=21169.9

#pass=226-3096, test_acc=0.930686, time=61826.1, testPredTime=0.581057, p-obj=21183.1

#pass=227-1306, test_acc=0.930686, time=62035.6, testPredTime=0.854167, p-obj=20883

#pass=227-3324, test_acc=0.930686, time=62236.4, testPredTime=0.550864, p-obj=20981.2

#pass=228-1534, test_acc=0.930686, time=62428.5, testPredTime=0.608744, p-obj=21022.4

#pass=228-3552, test_acc=0.930686, time=62634.4, testPredTime=0.634911, p-obj=20919.3

#pass=229-1762, test_acc=0.930677, time=62836.9, testPredTime=0.566489, p-obj=20703.2

#pass=229-3780, test_acc=0.930668, time=63037.3, testPredTime=0.660919, p-obj=20478.7

#pass=230-1990, test_acc=0.930668, time=63229.2, testPredTime=0.460974, p-obj=21274.7

#pass=231-200, test_acc=0.930668, time=63404, testPredTime=0.5202, p-obj=21093.4

#pass=231-2218, test_acc=0.930668, time=63590.3, testPredTime=0.542512, p-obj=21053.7

#pass=232-428, test_acc=0.930668, time=63777.7, testPredTime=0.490908, p-obj=21196.7

#pass=232-2446, test_acc=0.930668, time=63955, testPredTime=0.5832, p-obj=21000.7

#pass=233-656, test_acc=0.930668, time=64133, testPredTime=0.750405, p-obj=21018.6

#pass=233-2674, test_acc=0.930668, time=64313.3, testPredTime=0.682338, p-obj=20993.8

#pass=234-884, test_acc=0.930668, time=64501.2, testPredTime=0.492038, p-obj=20674.5

#pass=234-2902, test_acc=0.930668, time=64678.3, testPredTime=0.550742, p-obj=21108.5

#pass=235-1112, test_acc=0.930668, time=64849.8, testPredTime=0.541085, p-obj=20831.8

#pass=235-3130, test_acc=0.930668, time=65025.3, testPredTime=0.486701, p-obj=21278

#pass=236-1340, test_acc=0.930668, time=65213.4, testPredTime=0.49041, p-obj=20921.1

#pass=236-3358, test_acc=0.930668, time=65385.4, testPredTime=0.494682, p-obj=21358.1

#pass=237-1568, test_acc=0.930668, time=65556.1, testPredTime=0.496804, p-obj=20900

#pass=237-3586, test_acc=0.930677, time=65739.3, testPredTime=0.616328, p-obj=20792.6

#pass=238-1796, test_acc=0.930668, time=65920.8, testPredTime=0.487131, p-obj=20644.6

#pass=239-6, test_acc=0.930668, time=66099.7, testPredTime=0.699296, p-obj=21082.9

#pass=239-2024, test_acc=0.930668, time=66270.4, testPredTime=0.644233, p-obj=20989.7

#pass=240-234, test_acc=0.930668, time=66442.8, testPredTime=0.478555, p-obj=21010

#pass=240-2252, test_acc=0.930668, time=66619.5, testPredTime=0.541353, p-obj=20579.6

#pass=241-462, test_acc=0.930668, time=66787.1, testPredTime=0.517629, p-obj=21204.7

#pass=241-2480, test_acc=0.930668, time=66969.6, testPredTime=0.520592, p-obj=20922.4

#pass=242-690, test_acc=0.93065, time=67149.6, testPredTime=0.543409, p-obj=21098

#pass=242-2708, test_acc=0.930605, time=67325.1, testPredTime=0.486229, p-obj=21137.6

#pass=243-918, test_acc=0.93065, time=67506.2, testPredTime=0.720683, p-obj=21135.6

#pass=243-2936, test_acc=0.93065, time=67673.9, testPredTime=0.464147, p-obj=20770.4

#pass=244-1146, test_acc=0.930605, time=67855.2, testPredTime=0.476701, p-obj=20952.9

#pass=244-3164, test_acc=0.930605, time=68028.5, testPredTime=0.491322, p-obj=20816

#pass=245-1374, test_acc=0.930605, time=68209, testPredTime=0.500886, p-obj=21129.2

#pass=245-3392, test_acc=0.930605, time=68386.4, testPredTime=0.494206, p-obj=20901.2

#pass=246-1602, test_acc=0.930605, time=68563.8, testPredTime=0.593006, p-obj=20906.2

#pass=246-3620, test_acc=0.930605, time=68734.8, testPredTime=0.484572, p-obj=21001.3

#pass=247-1830, test_acc=0.930605, time=68917.6, testPredTime=0.733856, p-obj=21126.3

#pass=248-40, test_acc=0.930605, time=69084.1, testPredTime=0.686983, p-obj=20918.9

#pass=248-2058, test_acc=0.930605, time=69256.3, testPredTime=0.466406, p-obj=21015.4

#pass=249-268, test_acc=0.930605, time=69437, testPredTime=0.488887, p-obj=20954.8

#pass=249-2286, test_acc=0.930605, time=69621.5, testPredTime=0.490433, p-obj=21138.9

#pass=250-496, test_acc=0.930605, time=69803.5, testPredTime=0.719892, p-obj=21106.9

#pass=250-2514, test_acc=0.930605, time=69980.9, testPredTime=0.50942, p-obj=20900.5

#pass=251-724, test_acc=0.930605, time=70155.3, testPredTime=0.738173, p-obj=20913.7

#pass=251-2742, test_acc=0.930596, time=70327.3, testPredTime=0.645867, p-obj=21316.9

#pass=252-952, test_acc=0.930596, time=70495.4, testPredTime=0.482614, p-obj=21311.9

#pass=252-2970, test_acc=0.930596, time=70669.8, testPredTime=0.486481, p-obj=21301.2

#pass=253-1180, test_acc=0.930596, time=70865.8, testPredTime=0.552346, p-obj=20997.6

#pass=253-3198, test_acc=0.930596, time=71064.4, testPredTime=0.934136, p-obj=20993.4

#pass=254-1408, test_acc=0.930596, time=71264.1, testPredTime=0.674254, p-obj=20831.3

#pass=254-3426, test_acc=0.930596, time=71465, testPredTime=0.488436, p-obj=21077.3

#pass=255-1636, test_acc=0.930587, time=71668.3, testPredTime=0.644735, p-obj=20683.7

#pass=255-3654, test_acc=0.930587, time=71849.5, testPredTime=0.588774, p-obj=20749.9

#pass=256-1864, test_acc=0.930569, time=72054.7, testPredTime=0.487748, p-obj=21055.8

#pass=257-74, test_acc=0.930569, time=72259.1, testPredTime=0.85914, p-obj=20824

#pass=257-2092, test_acc=0.930569, time=72458.5, testPredTime=0.615375, p-obj=20993.2

#pass=258-302, test_acc=0.930569, time=72657.5, testPredTime=0.632513, p-obj=21276.2

#pass=258-2320, test_acc=0.930569, time=72852.7, testPredTime=0.493803, p-obj=20787.9

#pass=259-530, test_acc=0.930569, time=73051.4, testPredTime=0.509302, p-obj=21035.3

#pass=259-2548, test_acc=0.93056, time=73242.1, testPredTime=0.549255, p-obj=20789.1

#pass=260-758, test_acc=0.93056, time=73431.5, testPredTime=0.541338, p-obj=21146

#pass=260-2776, test_acc=0.93056, time=73621.1, testPredTime=0.557721, p-obj=21088.5

#pass=261-986, test_acc=0.93056, time=73813.1, testPredTime=0.552888, p-obj=21001.7

#pass=261-3004, test_acc=0.93056, time=73985.2, testPredTime=0.488896, p-obj=21132.9

#pass=262-1214, test_acc=0.93056, time=74171.9, testPredTime=0.472942, p-obj=21017.9

#pass=262-3232, test_acc=0.930569, time=74354.5, testPredTime=0.537196, p-obj=20949.5

#pass=263-1442, test_acc=0.930569, time=74542.4, testPredTime=0.575965, p-obj=21297.8

#pass=263-3460, test_acc=0.93056, time=74714.8, testPredTime=0.745908, p-obj=20988.6

#pass=264-1670, test_acc=0.930569, time=74898.6, testPredTime=0.502681, p-obj=20911.1

#pass=264-3688, test_acc=0.930569, time=75074.7, testPredTime=0.808765, p-obj=21162.8

#pass=265-1898, test_acc=0.930569, time=75265.6, testPredTime=0.543721, p-obj=20946.9

#pass=266-108, test_acc=0.930569, time=75446.4, testPredTime=0.486965, p-obj=20928

#pass=266-2126, test_acc=0.930569, time=75629.8, testPredTime=0.507881, p-obj=20833.7

#pass=267-336, test_acc=0.930569, time=75812.2, testPredTime=0.568431, p-obj=20680.9

#pass=267-2354, test_acc=0.930569, time=75990.5, testPredTime=0.627334, p-obj=21049.8

#pass=268-564, test_acc=0.930569, time=76172.4, testPredTime=0.485235, p-obj=20772.5

#pass=268-2582, test_acc=0.930596, time=76350.8, testPredTime=0.536544, p-obj=20750.3

#pass=269-792, test_acc=0.930569, time=76532.8, testPredTime=0.665613, p-obj=21254.1

#pass=269-2810, test_acc=0.930569, time=76709.7, testPredTime=0.538743, p-obj=21084.5

#pass=270-1020, test_acc=0.930569, time=76881.6, testPredTime=0.525012, p-obj=21019.9

#pass=270-3038, test_acc=0.930596, time=77066, testPredTime=0.486405, p-obj=20805

#pass=271-1248, test_acc=0.930587, time=77241.4, testPredTime=0.692199, p-obj=20985.7

#pass=271-3266, test_acc=0.930578, time=77414.6, testPredTime=0.457898, p-obj=20931.7

#pass=272-1476, test_acc=0.930578, time=77598.9, testPredTime=0.487791, p-obj=21296.9

#pass=272-3494, test_acc=0.930578, time=77785.5, testPredTime=0.59332, p-obj=21288.4

#pass=273-1704, test_acc=0.930578, time=77972.8, testPredTime=0.576846, p-obj=20851

#pass=273-3722, test_acc=0.930578, time=78159.1, testPredTime=0.469098, p-obj=21053.9

#pass=274-1932, test_acc=0.930578, time=78330.9, testPredTime=0.691334, p-obj=20857.8

#pass=275-142, test_acc=0.930578, time=78511.7, testPredTime=0.685328, p-obj=21314.8

#pass=275-2160, test_acc=0.930578, time=78699.6, testPredTime=0.483941, p-obj=21063.9

#pass=276-370, test_acc=0.930578, time=78889.8, testPredTime=0.494167, p-obj=21018.1

#pass=276-2388, test_acc=0.930569, time=79069.3, testPredTime=0.484803, p-obj=20668.1

#pass=277-598, test_acc=0.930569, time=79248.6, testPredTime=0.718415, p-obj=20890.2

#pass=277-2616, test_acc=0.930569, time=79427, testPredTime=0.469736, p-obj=21157.8

#pass=278-826, test_acc=0.930569, time=79610, testPredTime=0.567409, p-obj=21054.4

#pass=278-2844, test_acc=0.930569, time=79794.5, testPredTime=0.778468, p-obj=20987.4

#pass=279-1054, test_acc=0.930569, time=79976.7, testPredTime=0.498509, p-obj=20890.8

#pass=279-3072, test_acc=0.930569, time=80163.1, testPredTime=0.48314, p-obj=21248.8

#pass=280-1282, test_acc=0.930569, time=80348.9, testPredTime=0.672068, p-obj=20824

#pass=280-3300, test_acc=0.930569, time=80525.2, testPredTime=0.478786, p-obj=20970.5

#pass=281-1510, test_acc=0.93056, time=80708, testPredTime=0.689576, p-obj=21017.1

#pass=281-3528, test_acc=0.93056, time=80890.5, testPredTime=0.477953, p-obj=21109.4

#pass=282-1738, test_acc=0.93056, time=81081.2, testPredTime=0.769092, p-obj=21262.9

#pass=282-3756, test_acc=0.93056, time=81261.4, testPredTime=0.51016, p-obj=20875.2

#pass=283-1966, test_acc=0.93056, time=81444, testPredTime=0.660571, p-obj=21143.7

#pass=284-176, test_acc=0.93056, time=81627.6, testPredTime=0.743613, p-obj=21001.8

#pass=284-2194, test_acc=0.93056, time=81812.9, testPredTime=0.492563, p-obj=21132.4

#pass=285-404, test_acc=0.93056, time=81992.7, testPredTime=0.504739, p-obj=21087.7
