using heldout data set: /scratch/cluster/ianyen/data/speech/speech.test, early_terminate=100
D=118
K=878
N=13491
nSeq=912
split_up_rate=1, admm_step_size=1, C=1, eta=0.1
i=0, infea=0.0115919, nnz_a=1.99622, nnz_b=2, uni_search=1.1423, uni_subSolve=0.0171495, uni_maintain=0.00917134, bi_search=0.106792, bi_subSolve=0.00763553, bi_maintain=0.0492835, admm_maintain=0.0140578, area1=0.995946, area23=1.0047, area4=1.007, dual_obj=-5.56081, overall time=1.70756
i=1, infea=0.0206121, nnz_a=2.93032, nnz_b=2.95103, uni_search=1.14805, uni_subSolve=0.0223678, uni_maintain=0.0131738, bi_search=0.123279, bi_subSolve=0.00687257, bi_maintain=0.0479216, admm_maintain=0.0193457, area1=3.97869, area23=1.03296, area4=1.01367, dual_obj=-10.907, overall time=3.16313
i=2, infea=0.0280685, nnz_a=3.76303, nnz_b=3.84983, uni_search=1.13949, uni_subSolve=0.0277056, uni_maintain=0.0206543, bi_search=0.126643, bi_subSolve=0.00825747, bi_maintain=0.0485321, admm_maintain=0.0234525, area1=8.92074, area23=1.03777, area4=1.02639, dual_obj=-15.9995, overall time=4.63497
i=3, infea=0.0343162, nnz_a=4.53035, nnz_b=4.72454, uni_search=1.13802, uni_subSolve=0.0321941, uni_maintain=0.029593, bi_search=0.132773, bi_subSolve=0.00934477, bi_maintain=0.0526114, admm_maintain=0.0242011, area1=15.7244, area23=1.03336, area4=1.03196, dual_obj=-20.8471, overall time=6.1325
i=4, infea=0.0397781, nnz_a=5.23475, nnz_b=5.56618, uni_search=1.11886, uni_subSolve=0.0359375, uni_maintain=0.0355183, bi_search=0.147252, bi_subSolve=0.0106895, bi_maintain=0.053432, admm_maintain=0.0324964, area1=24.2027, area23=1.03023, area4=1.03895, dual_obj=-25.5185, p_obj=614.918, heldout Acc=0.212221, overall time=78.3936
i=5, infea=0.0445066, nnz_a=5.88748, nnz_b=6.37698, uni_search=1.13661, uni_subSolve=0.0392908, uni_maintain=0.0402446, bi_search=0.156193, bi_subSolve=0.0114207, bi_maintain=0.0517532, admm_maintain=0.0367423, area1=34.2473, area23=1.02728, area4=1.04134, dual_obj=-29.9221, overall time=79.9456
i=6, infea=0.0488228, nnz_a=6.4927, nnz_b=7.15089, uni_search=1.13303, uni_subSolve=0.0423107, uni_maintain=0.0445944, bi_search=0.162114, bi_subSolve=0.0123701, bi_maintain=0.0527898, admm_maintain=0.0432275, area1=45.709, area23=1.02649, area4=1.04118, dual_obj=-34.0854, overall time=81.5166
i=7, infea=0.052855, nnz_a=7.04648, nnz_b=7.88632, uni_search=1.13313, uni_subSolve=0.0452386, uni_maintain=0.0484631, bi_search=0.210055, bi_subSolve=0.0150997, bi_maintain=0.063094, admm_maintain=0.0647277, area1=58.4926, area23=1.02613, area4=1.0415, dual_obj=-38.0587, overall time=83.1844
i=8, infea=0.056664, nnz_a=7.58409, nnz_b=8.57437, uni_search=1.35503, uni_subSolve=0.0602671, uni_maintain=0.0660572, bi_search=0.260146, bi_subSolve=0.0183538, bi_maintain=0.0740877, admm_maintain=0.086703, area1=72.5613, area23=1.02749, area4=1.04547, dual_obj=-41.7801, overall time=85.2038
i=9, infea=0.0603391, nnz_a=8.07798, nnz_b=9.1989, uni_search=1.35971, uni_subSolve=0.0630759, uni_maintain=0.0713286, bi_search=0.26835, bi_subSolve=0.0194087, bi_maintain=0.075098, admm_maintain=0.069333, area1=87.9206, area23=1.02803, area4=1.04659, dual_obj=-45.3794, p_obj=472.997, heldout Acc=0.330486, overall time=185.298
i=10, infea=0.0637232, nnz_a=8.53021, nnz_b=9.75785, uni_search=1.31839, uni_subSolve=0.0633464, uni_maintain=0.0721851, bi_search=0.274077, bi_subSolve=0.0193231, bi_maintain=0.0714829, admm_maintain=0.0664736, area1=104.311, area23=1.03085, area4=1.03689, dual_obj=-48.8152, overall time=187.273
i=11, infea=0.0667525, nnz_a=8.95945, nnz_b=10.2415, uni_search=1.30969, uni_subSolve=0.0654031, uni_maintain=0.0748781, bi_search=0.273865, bi_subSolve=0.0198367, bi_maintain=0.0711094, admm_maintain=0.0779718, area1=121.596, area23=1.035, area4=1.03164, dual_obj=-52.1669, overall time=189.258
i=12, infea=0.069417, nnz_a=9.3569, nnz_b=10.6668, uni_search=1.31836, uni_subSolve=0.0684503, uni_maintain=0.0792208, bi_search=0.298517, bi_subSolve=0.0211979, bi_maintain=0.0757885, admm_maintain=0.0719547, area1=139.717, area23=1.03831, area4=1.03355, dual_obj=-55.4219, overall time=191.283
i=13, infea=0.071714, nnz_a=9.70907, nnz_b=11.0394, uni_search=1.30827, uni_subSolve=0.0702467, uni_maintain=0.0812771, bi_search=0.292832, bi_subSolve=0.0211319, bi_maintain=0.0732398, admm_maintain=0.0804961, area1=158.509, area23=1.04241, area4=1.02735, dual_obj=-58.6168, overall time=193.303
i=14, infea=0.0737031, nnz_a=10.0441, nnz_b=11.367, uni_search=1.32022, uni_subSolve=0.0728792, uni_maintain=0.0854313, bi_search=0.320964, bi_subSolve=0.0227179, bi_maintain=0.0786886, admm_maintain=0.070637, area1=177.814, area23=1.04857, area4=1.0248, dual_obj=-61.7615, p_obj=380.986, heldout Acc=0.343627, overall time=288.116
i=15, infea=0.0755111, nnz_a=10.3415, nnz_b=11.6691, uni_search=1.28663, uni_subSolve=0.0724279, uni_maintain=0.0850254, bi_search=0.316587, bi_subSolve=0.0223774, bi_maintain=0.076162, admm_maintain=0.0714548, area1=197.515, area23=1.05385, area4=1.01828, dual_obj=-64.8684, overall time=290.137
i=16, infea=0.0771268, nnz_a=10.6188, nnz_b=11.9728, uni_search=1.28414, uni_subSolve=0.0739262, uni_maintain=0.0869093, bi_search=0.322252, bi_subSolve=0.0230284, bi_maintain=0.0771097, admm_maintain=0.0716596, area1=217.502, area23=1.05998, area4=1.01654, dual_obj=-67.9138, overall time=292.168
i=17, infea=0.0786745, nnz_a=10.8825, nnz_b=12.3009, uni_search=1.28306, uni_subSolve=0.0752077, uni_maintain=0.0886619, bi_search=0.330767, bi_subSolve=0.0233244, bi_maintain=0.0788375, admm_maintain=0.0741529, area1=237.535, area23=1.06725, area4=1.0132, dual_obj=-70.8665, overall time=294.213
i=18, infea=0.0801086, nnz_a=11.1288, nnz_b=12.6429, uni_search=1.2882, uni_subSolve=0.0769171, uni_maintain=0.0915203, bi_search=0.345834, bi_subSolve=0.0240909, bi_maintain=0.0811545, admm_maintain=0.0745405, area1=257.639, area23=1.07345, area4=1.01479, dual_obj=-73.7424, overall time=296.287
i=19, infea=0.0815818, nnz_a=11.3653, nnz_b=13.0027, uni_search=1.28644, uni_subSolve=0.0780663, uni_maintain=0.0930813, bi_search=0.354054, bi_subSolve=0.0246345, bi_maintain=0.0826007, admm_maintain=0.0751974, area1=277.803, area23=1.07996, area4=1.01049, dual_obj=-76.5506, p_obj=294.037, heldout Acc=0.407359, overall time=390.945
i=20, infea=0.0830793, nnz_a=11.5931, nnz_b=13.3571, uni_search=1.41566, uni_subSolve=0.0894482, uni_maintain=0.115244, bi_search=0.364228, bi_subSolve=0.0253171, bi_maintain=0.0841328, admm_maintain=0.0724675, area1=297.595, area23=1.08836, area4=1.01113, dual_obj=-79.2931, overall time=393.208
i=21, infea=0.0844895, nnz_a=11.7962, nnz_b=13.7243, uni_search=1.3012, uni_subSolve=0.081751, uni_maintain=0.0986829, bi_search=0.379482, bi_subSolve=0.0261381, bi_maintain=0.0872566, admm_maintain=0.0732966, area1=317.317, area23=1.09657, area4=1.00986, dual_obj=-81.9543, overall time=395.347
i=22, infea=0.0858158, nnz_a=12.0037, nnz_b=14.1044, uni_search=1.30097, uni_subSolve=0.0827826, uni_maintain=0.100022, bi_search=0.388092, bi_subSolve=0.0267667, bi_maintain=0.0885209, admm_maintain=0.074639, area1=336.992, area23=1.10596, area4=1.01002, dual_obj=-84.5403, overall time=397.503
i=23, infea=0.0871597, nnz_a=12.2018, nnz_b=14.4759, uni_search=1.29847, uni_subSolve=0.0839065, uni_maintain=0.101083, bi_search=0.401512, bi_subSolve=0.0278495, bi_maintain=0.0907519, admm_maintain=0.0740428, area1=356.232, area23=1.1175, area4=1.00843, dual_obj=-87.0344, overall time=399.673
i=24, infea=0.08848, nnz_a=12.3934, nnz_b=14.8541, uni_search=1.30073, uni_subSolve=0.0850614, uni_maintain=0.103018, bi_search=0.359055, bi_subSolve=0.0250562, bi_maintain=0.077696, admm_maintain=0.0694056, area1=375.11, area23=1.12933, area4=1.01177, dual_obj=-89.4741, p_obj=261.854, heldout Acc=0.443495, overall time=486.749
i=25, infea=0.0897382, nnz_a=12.5687, nnz_b=15.2185, uni_search=1.33736, uni_subSolve=0.0902975, uni_maintain=0.110035, bi_search=0.375512, bi_subSolve=0.0289525, bi_maintain=0.0909403, admm_maintain=0.0766526, area1=393.322, area23=1.14186, area4=1.01177, dual_obj=-91.8143, overall time=488.951
i=26, infea=0.0909772, nnz_a=12.755, nnz_b=15.5942, uni_search=1.3366, uni_subSolve=0.0911295, uni_maintain=0.110985, bi_search=0.376329, bi_subSolve=0.0290668, bi_maintain=0.0902508, admm_maintain=0.0776559, area1=411.446, area23=1.15581, area4=1.01049, dual_obj=-94.0831, overall time=491.154
i=27, infea=0.0921139, nnz_a=12.9202, nnz_b=15.953, uni_search=1.33729, uni_subSolve=0.0926856, uni_maintain=0.112956, bi_search=0.385571, bi_subSolve=0.0300235, bi_maintain=0.0915597, admm_maintain=0.0800393, area1=429.015, area23=1.16897, area4=1.01065, dual_obj=-96.2939, overall time=493.376
i=28, infea=0.0931854, nnz_a=13.0809, nnz_b=16.3245, uni_search=1.33805, uni_subSolve=0.0934074, uni_maintain=0.11429, bi_search=0.39288, bi_subSolve=0.0306822, bi_maintain=0.09332, admm_maintain=0.0833222, area1=446.022, area23=1.18446, area4=1.00827, dual_obj=-98.4372, overall time=495.614
i=29, infea=0.0942047, nnz_a=13.235, nnz_b=16.6896, uni_search=1.3392, uni_subSolve=0.0944705, uni_maintain=0.115724, bi_search=0.408834, bi_subSolve=0.031903, bi_maintain=0.095768, admm_maintain=0.0881587, area1=462.754, area23=1.20147, area4=1.01336, dual_obj=-100.492, p_obj=190.078, heldout Acc=0.498686, overall time=586.026
i=30, infea=0.0951149, nnz_a=13.4017, nnz_b=17.058, uni_search=1.42758, uni_subSolve=0.0968284, uni_maintain=0.1247, bi_search=0.412502, bi_subSolve=0.0325554, bi_maintain=0.0969927, admm_maintain=0.0837005, area1=479.316, area23=1.21744, area4=1.01288, dual_obj=-102.462, overall time=588.397
i=31, infea=0.0959669, nnz_a=13.5539, nnz_b=17.4139, uni_search=1.33924, uni_subSolve=0.0965361, uni_maintain=0.11837, bi_search=0.443199, bi_subSolve=0.0344992, bi_maintain=0.103359, admm_maintain=0.0860234, area1=495.574, area23=1.23579, area4=1.01431, dual_obj=-104.366, overall time=590.713
i=32, infea=0.0967568, nnz_a=13.7034, nnz_b=17.7607, uni_search=1.34264, uni_subSolve=0.0975777, uni_maintain=0.119822, bi_search=0.437507, bi_subSolve=0.0345118, bi_maintain=0.101902, admm_maintain=0.0852712, area1=511.193, area23=1.25378, area4=1.01972, dual_obj=-106.215, overall time=593.025
i=33, infea=0.0974659, nnz_a=13.8597, nnz_b=18.1072, uni_search=1.34234, uni_subSolve=0.0983779, uni_maintain=0.121274, bi_search=0.454489, bi_subSolve=0.0359641, bi_maintain=0.105115, admm_maintain=0.0884278, area1=526.357, area23=1.26996, area4=1.01892, dual_obj=-107.985, overall time=595.366
i=34, infea=0.0981474, nnz_a=14.0129, nnz_b=18.4526, uni_search=1.34219, uni_subSolve=0.0991201, uni_maintain=0.122562, bi_search=0.453473, bi_subSolve=0.0362291, bi_maintain=0.10493, admm_maintain=0.0865738, area1=541.084, area23=1.28868, area4=1.02464, dual_obj=-109.688, p_obj=156.684, heldout Acc=0.519711, overall time=686.39
i=35, infea=0.0987969, nnz_a=14.1584, nnz_b=18.7939, uni_search=1.34584, uni_subSolve=0.100858, uni_maintain=0.124456, bi_search=0.500514, bi_subSolve=0.0390346, bi_maintain=0.114192, admm_maintain=0.0907576, area1=555.481, area23=1.30671, area4=1.02767, dual_obj=-111.336, overall time=688.799
i=36, infea=0.0994631, nnz_a=14.318, nnz_b=19.113, uni_search=1.34846, uni_subSolve=0.101752, uni_maintain=0.125966, bi_search=0.486093, bi_subSolve=0.0385613, bi_maintain=0.110743, admm_maintain=0.0809923, area1=569.117, area23=1.32664, area4=1.03466, dual_obj=-112.929, overall time=691.185
i=37, infea=0.100032, nnz_a=14.4622, nnz_b=19.4366, uni_search=1.33929, uni_subSolve=0.101688, uni_maintain=0.12575, bi_search=0.473406, bi_subSolve=0.038324, bi_maintain=0.107392, admm_maintain=0.0848801, area1=582.417, area23=1.34739, area4=1.04293, dual_obj=-114.454, overall time=693.55
i=38, infea=0.100521, nnz_a=14.5997, nnz_b=19.7327, uni_search=1.33874, uni_subSolve=0.102388, uni_maintain=0.126668, bi_search=0.465212, bi_subSolve=0.0380285, bi_maintain=0.105154, admm_maintain=0.0963005, area1=595.381, area23=1.36521, area4=1.05613, dual_obj=-115.91, overall time=695.917
i=39, infea=0.100912, nnz_a=14.7527, nnz_b=20.0421, uni_search=1.33836, uni_subSolve=0.10332, uni_maintain=0.128148, bi_search=0.495709, bi_subSolve=0.0405364, bi_maintain=0.110751, admm_maintain=0.0930927, area1=607.915, area23=1.38487, area4=1.06058, dual_obj=-117.31, p_obj=144.262, heldout Acc=0.558476, overall time=787.648
i=40, infea=0.101239, nnz_a=14.896, nnz_b=20.3456, uni_search=1.3385, uni_subSolve=0.104198, uni_maintain=0.129413, bi_search=0.492351, bi_subSolve=0.0401915, bi_maintain=0.110058, admm_maintain=0.08846, area1=619.894, area23=1.40679, area4=1.06312, dual_obj=-118.651, overall time=790.046
i=41, infea=0.101494, nnz_a=15.0377, nnz_b=20.6324, uni_search=1.34119, uni_subSolve=0.104958, uni_maintain=0.130859, bi_search=0.481282, bi_subSolve=0.0400103, bi_maintain=0.107308, admm_maintain=0.0983301, area1=631.802, area23=1.42525, area4=1.08125, dual_obj=-119.935, overall time=792.446
i=42, infea=0.101764, nnz_a=15.1741, nnz_b=20.9172, uni_search=1.34196, uni_subSolve=0.106085, uni_maintain=0.132005, bi_search=0.496002, bi_subSolve=0.0410943, bi_maintain=0.110451, admm_maintain=0.0877897, area1=643.634, area23=1.44686, area4=1.1008, dual_obj=-121.178, overall time=794.855
i=43, infea=0.101951, nnz_a=15.3084, nnz_b=21.1988, uni_search=1.34262, uni_subSolve=0.107066, uni_maintain=0.133237, bi_search=0.516809, bi_subSolve=0.0423954, bi_maintain=0.114059, admm_maintain=0.0935203, area1=655.307, area23=1.466, area4=1.1132, dual_obj=-122.344, overall time=797.3
i=44, infea=0.10209, nnz_a=15.4544, nnz_b=21.4702, uni_search=1.34327, uni_subSolve=0.108098, uni_maintain=0.134487, bi_search=0.528547, bi_subSolve=0.0432992, bi_maintain=0.11655, admm_maintain=0.0884074, area1=666.782, area23=1.48567, area4=1.13483, dual_obj=-123.459, p_obj=147.926, heldout Acc=0.558476 (1/100), overall time=887.947
i=45, infea=0.102187, nnz_a=15.5878, nnz_b=21.7516, uni_search=1.2841, uni_subSolve=0.102823, uni_maintain=0.126411, bi_search=0.554909, bi_subSolve=0.0458135, bi_maintain=0.123768, admm_maintain=0.0886729, area1=677.641, area23=1.50511, area4=1.15454, dual_obj=-124.537, overall time=890.366
i=46, infea=0.102269, nnz_a=15.7315, nnz_b=21.9976, uni_search=1.28477, uni_subSolve=0.103756, uni_maintain=0.127363, bi_search=0.553543, bi_subSolve=0.0459706, bi_maintain=0.122577, admm_maintain=0.0910376, area1=688.051, area23=1.52436, area4=1.17187, dual_obj=-125.556, overall time=892.789
i=47, infea=0.102328, nnz_a=15.8639, nnz_b=22.2431, uni_search=1.28138, uni_subSolve=0.104265, uni_maintain=0.128169, bi_search=0.524845, bi_subSolve=0.0442841, bi_maintain=0.115129, admm_maintain=0.0931458, area1=698.666, area23=1.54548, area4=1.19445, dual_obj=-126.532, overall time=895.174
i=48, infea=0.102389, nnz_a=16.0082, nnz_b=22.492, uni_search=1.28601, uni_subSolve=0.105234, uni_maintain=0.129272, bi_search=0.538832, bi_subSolve=0.0456084, bi_maintain=0.118355, admm_maintain=0.093252, area1=708.784, area23=1.56672, area4=1.23547, dual_obj=-127.463, overall time=897.583
i=49, infea=0.102362, nnz_a=16.1339, nnz_b=22.7395, uni_search=1.28825, uni_subSolve=0.106635, uni_maintain=0.131091, bi_search=0.574611, bi_subSolve=0.0478467, bi_maintain=0.126003, admm_maintain=0.0812077, area1=718.81, area23=1.5861, area4=1.24453, dual_obj=-128.342, p_obj=128.103, heldout Acc=0.551248 (2/100), overall time=985.821
i=50, infea=0.102313, nnz_a=16.2597, nnz_b=22.958, uni_search=1.2859, uni_subSolve=0.10727, uni_maintain=0.132503, bi_search=0.530917, bi_subSolve=0.0455351, bi_maintain=0.115548, admm_maintain=0.089857, area1=728.503, area23=1.60603, area4=1.2943, dual_obj=-129.18, overall time=988.22
i=51, infea=0.102186, nnz_a=16.384, nnz_b=23.1841, uni_search=1.28567, uni_subSolve=0.10758, uni_maintain=0.13267, bi_search=0.582282, bi_subSolve=0.0486112, bi_maintain=0.126356, admm_maintain=0.0911633, area1=738.133, area23=1.62517, area4=1.32276, dual_obj=-129.977, overall time=990.688
i=52, infea=0.102063, nnz_a=16.5083, nnz_b=23.3945, uni_search=1.28729, uni_subSolve=0.108618, uni_maintain=0.13359, bi_search=0.58583, bi_subSolve=0.0491009, bi_maintain=0.127105, admm_maintain=0.0953348, area1=747.603, area23=1.64517, area4=1.36171, dual_obj=-130.746, overall time=993.17
i=53, infea=0.10188, nnz_a=16.6374, nnz_b=23.5978, uni_search=1.28586, uni_subSolve=0.10903, uni_maintain=0.13387, bi_search=0.550954, bi_subSolve=0.0472174, bi_maintain=0.118394, admm_maintain=0.0977984, area1=756.723, area23=1.6639, area4=1.41561, dual_obj=-131.472, overall time=995.607
i=54, infea=0.101667, nnz_a=16.7592, nnz_b=23.8075, uni_search=1.28839, uni_subSolve=0.109965, uni_maintain=0.135165, bi_search=0.615733, bi_subSolve=0.0512555, bi_maintain=0.132075, admm_maintain=0.0895877, area1=765.958, area23=1.68268, area4=1.45489, dual_obj=-132.172, p_obj=123.321, heldout Acc=0.5841, overall time=1084.64
i=55, infea=0.10141, nnz_a=16.8831, nnz_b=24.019, uni_search=1.28343, uni_subSolve=0.110374, uni_maintain=0.135698, bi_search=0.567544, bi_subSolve=0.0484705, bi_maintain=0.121385, admm_maintain=0.0862508, area1=774.866, area23=1.70027, area4=1.50783, dual_obj=-132.826, overall time=1087.09
i=56, infea=0.101156, nnz_a=17.0071, nnz_b=24.222, uni_search=1.28324, uni_subSolve=0.110756, uni_maintain=0.135904, bi_search=0.624742, bi_subSolve=0.051962, bi_maintain=0.132882, admm_maintain=0.0974597, area1=783.612, area23=1.71967, area4=1.56014, dual_obj=-133.454, overall time=1089.62
i=57, infea=0.100864, nnz_a=17.1296, nnz_b=24.4124, uni_search=1.28485, uni_subSolve=0.111729, uni_maintain=0.137126, bi_search=0.569442, bi_subSolve=0.0489643, bi_maintain=0.12044, admm_maintain=0.100062, area1=792.166, area23=1.73606, area4=1.6072, dual_obj=-134.052, overall time=1092.09
i=58, infea=0.100565, nnz_a=17.2492, nnz_b=24.6172, uni_search=1.28866, uni_subSolve=0.112871, uni_maintain=0.1385, bi_search=0.637103, bi_subSolve=0.0531638, bi_maintain=0.135008, admm_maintain=0.0897897, area1=800.919, area23=1.75494, area4=1.64266, dual_obj=-134.633, overall time=1094.64
i=59, infea=0.100238, nnz_a=17.3762, nnz_b=24.7929, uni_search=1.28481, uni_subSolve=0.113781, uni_maintain=0.138435, bi_search=0.593278, bi_subSolve=0.0507398, bi_maintain=0.124734, admm_maintain=0.103125, area1=809.106, area23=1.77361, area4=1.71564, dual_obj=-135.167, p_obj=117.183, heldout Acc=0.586071, overall time=1186.78
i=60, infea=0.0998969, nnz_a=17.4834, nnz_b=24.9618, uni_search=1.34041, uni_subSolve=0.119711, uni_maintain=0.14831, bi_search=0.677413, bi_subSolve=0.0546939, bi_maintain=0.13813, admm_maintain=0.0988118, area1=817.53, area23=1.7885, area4=1.75888, dual_obj=-135.679, overall time=1189.45
i=61, infea=0.0995214, nnz_a=17.6004, nnz_b=25.1492, uni_search=1.34044, uni_subSolve=0.120326, uni_maintain=0.148968, bi_search=0.632851, bi_subSolve=0.0526153, bi_maintain=0.129983, admm_maintain=0.105254, area1=825.85, area23=1.80797, area4=1.83854, dual_obj=-136.163, overall time=1192.08
i=62, infea=0.0991181, nnz_a=17.7056, nnz_b=25.3057, uni_search=1.3436, uni_subSolve=0.121341, uni_maintain=0.150375, bi_search=0.692776, bi_subSolve=0.0556662, bi_maintain=0.140511, admm_maintain=0.0984238, area1=834.063, area23=1.82232, area4=1.89848, dual_obj=-136.633, overall time=1194.78
i=63, infea=0.0987374, nnz_a=17.8063, nnz_b=25.4642, uni_search=1.34116, uni_subSolve=0.121825, uni_maintain=0.150633, bi_search=0.634665, bi_subSolve=0.0532422, bi_maintain=0.129751, admm_maintain=0.107797, area1=842.338, area23=1.83943, area4=1.9616, dual_obj=-137.104, overall time=1197.42
i=64, infea=0.098341, nnz_a=17.9146, nnz_b=25.6199, uni_search=1.34239, uni_subSolve=0.122475, uni_maintain=0.151705, bi_search=0.700771, bi_subSolve=0.0565686, bi_maintain=0.141842, admm_maintain=0.100198, area1=850.269, area23=1.85732, area4=2.04253, dual_obj=-137.528, p_obj=109.632, heldout Acc=0.588699, overall time=1290.37
i=65, infea=0.0979387, nnz_a=18.0071, nnz_b=25.7786, uni_search=1.33948, uni_subSolve=0.122889, uni_maintain=0.151928, bi_search=0.651167, bi_subSolve=0.054552, bi_maintain=0.132366, admm_maintain=0.107797, area1=857.96, area23=1.87051, area4=2.1074, dual_obj=-137.946, overall time=1293.02
i=66, infea=0.0975263, nnz_a=18.106, nnz_b=25.9376, uni_search=1.33903, uni_subSolve=0.123316, uni_maintain=0.152525, bi_search=0.715874, bi_subSolve=0.0575619, bi_maintain=0.142867, admm_maintain=0.107212, area1=866.092, area23=1.88456, area4=2.17116, dual_obj=-138.34, overall time=1295.76
i=67, infea=0.0971041, nnz_a=18.2058, nnz_b=26.0821, uni_search=1.34102, uni_subSolve=0.124108, uni_maintain=0.153789, bi_search=0.679471, bi_subSolve=0.0559491, bi_maintain=0.13675, admm_maintain=0.105279, area1=874.096, area23=1.90067, area4=2.24239, dual_obj=-138.721, overall time=1298.46
i=68, infea=0.0966513, nnz_a=18.2993, nnz_b=26.2323, uni_search=1.33935, uni_subSolve=0.12455, uni_maintain=0.153635, bi_search=0.707384, bi_subSolve=0.0577397, bi_maintain=0.141187, admm_maintain=0.10819, area1=881.983, area23=1.91442, area4=2.32427, dual_obj=-139.066, overall time=1301.19
i=69, infea=0.0961796, nnz_a=18.3681, nnz_b=26.3689, uni_search=1.33641, uni_subSolve=0.124907, uni_maintain=0.154295, bi_search=0.731713, bi_subSolve=0.0588124, bi_maintain=0.145012, admm_maintain=0.109303, area1=890.041, area23=1.92682, area4=2.39264, dual_obj=-139.404, p_obj=102.084, heldout Acc=0.602497, overall time=1395.15
i=70, infea=0.0957079, nnz_a=18.4591, nnz_b=26.517, uni_search=1.34091, uni_subSolve=0.12546, uni_maintain=0.154781, bi_search=0.745688, bi_subSolve=0.0594953, bi_maintain=0.14615, admm_maintain=0.10769, area1=897.72, area23=1.93984, area4=2.47341, dual_obj=-139.731, overall time=1397.93
i=71, infea=0.0952011, nnz_a=18.5539, nnz_b=26.6484, uni_search=1.33983, uni_subSolve=0.127293, uni_maintain=0.15558, bi_search=0.73114, bi_subSolve=0.0589244, bi_maintain=0.143787, admm_maintain=0.0996763, area1=905.42, area23=1.95234, area4=2.53621, dual_obj=-140.033, overall time=1400.68
i=72, infea=0.0947008, nnz_a=18.6312, nnz_b=26.7836, uni_search=1.34827, uni_subSolve=0.127102, uni_maintain=0.157832, bi_search=0.68608, bi_subSolve=0.0569756, bi_maintain=0.136501, admm_maintain=0.116564, area1=913.448, area23=1.96624, area4=2.63288, dual_obj=-140.312, overall time=1403.41
i=73, infea=0.0941975, nnz_a=18.7074, nnz_b=26.9048, uni_search=1.3385, uni_subSolve=0.126714, uni_maintain=0.156201, bi_search=0.757052, bi_subSolve=0.0603067, bi_maintain=0.147509, admm_maintain=0.112035, area1=921.226, area23=1.9776, area4=2.76024, dual_obj=-140.58, overall time=1406.21
i=74, infea=0.0936998, nnz_a=18.7988, nnz_b=27.0248, uni_search=1.33914, uni_subSolve=0.127554, uni_maintain=0.157527, bi_search=0.739526, bi_subSolve=0.0594361, bi_maintain=0.145334, admm_maintain=0.104685, area1=928.869, area23=1.98851, area4=2.82367, dual_obj=-140.827, p_obj=105.429, heldout Acc=0.615637, overall time=1499.45
i=75, infea=0.0931991, nnz_a=18.8742, nnz_b=27.1444, uni_search=1.28293, uni_subSolve=0.121509, uni_maintain=0.148091, bi_search=0.668695, bi_subSolve=0.0568826, bi_maintain=0.13408, admm_maintain=0.110243, area1=936.264, area23=1.9992, area4=2.93783, dual_obj=-141.08, overall time=1502.07
i=76, infea=0.0927211, nnz_a=18.941, nnz_b=27.2672, uni_search=1.28316, uni_subSolve=0.121724, uni_maintain=0.14835, bi_search=0.723739, bi_subSolve=0.0598229, bi_maintain=0.143224, admm_maintain=0.107305, area1=943.645, area23=2.0129, area4=3.0442, dual_obj=-141.309, overall time=1504.75
i=77, infea=0.0922333, nnz_a=19.0322, nnz_b=27.3854, uni_search=1.28625, uni_subSolve=0.122723, uni_maintain=0.149451, bi_search=0.747556, bi_subSolve=0.0611888, bi_maintain=0.14833, admm_maintain=0.0991899, area1=950.846, area23=2.02318, area4=3.15295, dual_obj=-141.537, overall time=1507.46
i=78, infea=0.0917107, nnz_a=19.1049, nnz_b=27.5012, uni_search=1.28729, uni_subSolve=0.123168, uni_maintain=0.14983, bi_search=0.716499, bi_subSolve=0.059737, bi_maintain=0.141954, admm_maintain=0.104477, area1=958.599, area23=2.03545, area4=3.23452, dual_obj=-141.742, overall time=1510.14
i=79, infea=0.0911599, nnz_a=19.1731, nnz_b=27.6224, uni_search=1.28345, uni_subSolve=0.123142, uni_maintain=0.149879, bi_search=0.695502, bi_subSolve=0.0588063, bi_maintain=0.136847, admm_maintain=0.1093, area1=966.265, area23=2.04478, area4=3.28921, dual_obj=-141.927, p_obj=101.055, heldout Acc=0.61498 (1/100), overall time=1599.86
i=80, infea=0.0905936, nnz_a=19.2492, nnz_b=27.7555, uni_search=1.28131, uni_subSolve=0.123482, uni_maintain=0.150944, bi_search=0.739594, bi_subSolve=0.0611792, bi_maintain=0.145333, admm_maintain=0.109254, area1=973.591, area23=2.05525, area4=3.46522, dual_obj=-142.093, overall time=1602.57
i=81, infea=0.0900325, nnz_a=19.3204, nnz_b=27.8602, uni_search=1.28539, uni_subSolve=0.124224, uni_maintain=0.151794, bi_search=0.768084, bi_subSolve=0.0625652, bi_maintain=0.150401, admm_maintain=0.108995, area1=981.107, area23=2.06492, area4=3.5638, dual_obj=-142.255, overall time=1605.31
i=82, infea=0.0894838, nnz_a=19.3943, nnz_b=27.9776, uni_search=1.28338, uni_subSolve=0.124828, uni_maintain=0.1507, bi_search=0.759173, bi_subSolve=0.062317, bi_maintain=0.14825, admm_maintain=0.0996092, area1=988.862, area23=2.07285, area4=3.69958, dual_obj=-142.412, overall time=1608.04
i=83, infea=0.0889162, nnz_a=19.4577, nnz_b=28.0962, uni_search=1.28671, uni_subSolve=0.125017, uni_maintain=0.151939, bi_search=0.715916, bi_subSolve=0.0601945, bi_maintain=0.139627, admm_maintain=0.107127, area1=996.066, area23=2.08085, area4=3.80881, dual_obj=-142.537, overall time=1610.72
i=84, infea=0.0883856, nnz_a=19.5171, nnz_b=28.1934, uni_search=1.28186, uni_subSolve=0.125347, uni_maintain=0.151525, bi_search=0.75267, bi_subSolve=0.0622571, bi_maintain=0.146739, admm_maintain=0.109154, area1=1003.6, area23=2.09171, area4=3.94809, dual_obj=-142.677, p_obj=97.2579, heldout Acc=0.609067 (2/100), overall time=1701.47
i=85, infea=0.0878471, nnz_a=19.5871, nnz_b=28.2953, uni_search=1.28154, uni_subSolve=0.125382, uni_maintain=0.153107, bi_search=0.721445, bi_subSolve=0.060476, bi_maintain=0.140337, admm_maintain=0.109099, area1=1011.02, area23=2.09927, area4=4.0659, dual_obj=-142.806, overall time=1704.16
i=86, infea=0.0872863, nnz_a=19.6381, nnz_b=28.3896, uni_search=1.28224, uni_subSolve=0.126171, uni_maintain=0.153875, bi_search=0.782416, bi_subSolve=0.0638689, bi_maintain=0.151973, admm_maintain=0.100776, area1=1018.29, area23=2.10755, area4=4.28055, dual_obj=-142.906, overall time=1706.92
i=87, infea=0.0867297, nnz_a=19.6859, nnz_b=28.4979, uni_search=1.28332, uni_subSolve=0.126458, uni_maintain=0.154207, bi_search=0.790424, bi_subSolve=0.0642594, bi_maintain=0.152858, admm_maintain=0.108109, area1=1025.56, area23=2.1164, area4=4.40854, dual_obj=-143.018, overall time=1709.7
i=88, infea=0.0861666, nnz_a=19.746, nnz_b=28.5914, uni_search=1.28228, uni_subSolve=0.126538, uni_maintain=0.154569, bi_search=0.795414, bi_subSolve=0.0645094, bi_maintain=0.153166, admm_maintain=0.102096, area1=1032.96, area23=2.12526, area4=4.56229, dual_obj=-143.122, overall time=1712.47
i=89, infea=0.0856414, nnz_a=19.8011, nnz_b=28.6659, uni_search=1.28402, uni_subSolve=0.127064, uni_maintain=0.155271, bi_search=0.746132, bi_subSolve=0.0619915, bi_maintain=0.144476, admm_maintain=0.11036, area1=1040.49, area23=2.13143, area4=4.75244, dual_obj=-143.202, p_obj=99.2599, heldout Acc=0.625493, overall time=1806.99
i=90, infea=0.0851018, nnz_a=19.8538, nnz_b=28.7481, uni_search=1.33575, uni_subSolve=0.134609, uni_maintain=0.164768, bi_search=0.832843, bi_subSolve=0.0656982, bi_maintain=0.155825, admm_maintain=0.119719, area1=1047.84, area23=2.13921, area4=4.84085, dual_obj=-143.298, overall time=1809.9
i=91, infea=0.084553, nnz_a=19.8965, nnz_b=28.8342, uni_search=1.33622, uni_subSolve=0.133784, uni_maintain=0.165167, bi_search=0.793061, bi_subSolve=0.0639464, bi_maintain=0.148726, admm_maintain=0.116265, area1=1055.07, area23=2.14604, area4=4.99459, dual_obj=-143.378, overall time=1812.75
i=92, infea=0.0840112, nnz_a=19.9424, nnz_b=28.9101, uni_search=1.3351, uni_subSolve=0.133629, uni_maintain=0.165184, bi_search=0.770566, bi_subSolve=0.0629331, bi_maintain=0.145523, admm_maintain=0.120693, area1=1062.09, area23=2.15353, area4=5.16949, dual_obj=-143.437, overall time=1815.59
i=93, infea=0.0834639, nnz_a=19.9835, nnz_b=28.9868, uni_search=1.33584, uni_subSolve=0.134152, uni_maintain=0.165755, bi_search=0.81442, bi_subSolve=0.0652292, bi_maintain=0.152305, admm_maintain=0.118214, area1=1069.41, area23=2.15868, area4=5.23452, dual_obj=-143.499, overall time=1818.47
i=94, infea=0.082925, nnz_a=20.0431, nnz_b=29.0797, uni_search=1.33586, uni_subSolve=0.134486, uni_maintain=0.165895, bi_search=0.852716, bi_subSolve=0.0668909, bi_maintain=0.158311, admm_maintain=0.11736, area1=1076.89, area23=2.16565, area4=5.48573, dual_obj=-143.56, p_obj=94.498, heldout Acc=0.613666 (1/100), overall time=1909.41
i=95, infea=0.0823512, nnz_a=20.0813, nnz_b=29.1527, uni_search=1.26389, uni_subSolve=0.126936, uni_maintain=0.154107, bi_search=0.83985, bi_subSolve=0.066784, bi_maintain=0.15798, admm_maintain=0.104056, area1=1083.89, area23=2.17261, area4=5.66905, dual_obj=-143.626, overall time=1912.22
i=96, infea=0.0817954, nnz_a=20.1132, nnz_b=29.2472, uni_search=1.25951, uni_subSolve=0.126634, uni_maintain=0.153646, bi_search=0.809302, bi_subSolve=0.0657003, bi_maintain=0.153685, admm_maintain=0.0957139, area1=1091.42, area23=2.17852, area4=5.83695, dual_obj=-143.667, overall time=1914.98
i=97, infea=0.0812687, nnz_a=20.1593, nnz_b=29.3254, uni_search=1.29243, uni_subSolve=0.130179, uni_maintain=0.158619, bi_search=0.864708, bi_subSolve=0.0676798, bi_maintain=0.159297, admm_maintain=0.104377, area1=1098.54, area23=2.18504, area4=5.9713, dual_obj=-143.732, overall time=1917.85
i=98, infea=0.0807463, nnz_a=20.2026, nnz_b=29.4019, uni_search=1.3378, uni_subSolve=0.135783, uni_maintain=0.167493, bi_search=0.825099, bi_subSolve=0.0656818, bi_maintain=0.152678, admm_maintain=0.109717, area1=1105.8, area23=2.18979, area4=6.20343, dual_obj=-143.777, overall time=1920.75
i=99, infea=0.0802162, nnz_a=20.2546, nnz_b=29.4995, uni_search=1.33415, uni_subSolve=0.135477, uni_maintain=0.166915, bi_search=0.794702, bi_subSolve=0.0645153, bi_maintain=0.147583, admm_maintain=0.117254, area1=1113.27, area23=2.19544, area4=6.29708, dual_obj=-143.807, p_obj=96.1828, heldout Acc=0.617608 (2/100), overall time=2016.02
i=100, infea=0.0796893, nnz_a=20.3141, nnz_b=29.59, uni_search=1.33738, uni_subSolve=0.136136, uni_maintain=0.16713, bi_search=0.823692, bi_subSolve=0.0659008, bi_maintain=0.151827, admm_maintain=0.107443, area1=1120.58, area23=2.20293, area4=6.53096, dual_obj=-143.843, overall time=2018.91
i=101, infea=0.0791794, nnz_a=20.3596, nnz_b=29.6652, uni_search=1.33378, uni_subSolve=0.136261, uni_maintain=0.167434, bi_search=0.814341, bi_subSolve=0.0655401, bi_maintain=0.150097, admm_maintain=0.116826, area1=1127.7, area23=2.20585, area4=6.61316, dual_obj=-143.871, overall time=2021.79
i=102, infea=0.0786668, nnz_a=20.4023, nnz_b=29.7396, uni_search=1.33389, uni_subSolve=0.136482, uni_maintain=0.168227, bi_search=0.827227, bi_subSolve=0.0664844, bi_maintain=0.15247, admm_maintain=0.108512, area1=1134.91, area23=2.21148, area4=6.84403, dual_obj=-143.898, overall time=2024.68
i=103, infea=0.0781523, nnz_a=20.4416, nnz_b=29.816, uni_search=1.3349, uni_subSolve=0.136671, uni_maintain=0.168459, bi_search=0.869703, bi_subSolve=0.0681766, bi_maintain=0.158094, admm_maintain=0.11706, area1=1142.27, area23=2.2159, area4=7.08029, dual_obj=-143.94, overall time=2027.64
i=104, infea=0.077642, nnz_a=20.4659, nnz_b=29.8881, uni_search=1.33983, uni_subSolve=0.137688, uni_maintain=0.169513, bi_search=0.898355, bi_subSolve=0.0697982, bi_maintain=0.163147, admm_maintain=0.116707, area1=1149.02, area23=2.22115, area4=7.20574, dual_obj=-143.957, p_obj=93.2286, heldout Acc=0.610381 (3/100), overall time=2120.36
i=105, infea=0.0771556, nnz_a=20.5166, nnz_b=29.9644, uni_search=1.28468, uni_subSolve=0.13152, uni_maintain=0.159362, bi_search=0.861984, bi_subSolve=0.0687895, bi_maintain=0.160125, admm_maintain=0.114351, area1=1156.06, area23=2.22503, area4=7.3827, dual_obj=-143.972, overall time=2123.24
i=106, infea=0.0766564, nnz_a=20.5579, nnz_b=30.0456, uni_search=1.29201, uni_subSolve=0.132467, uni_maintain=0.161094, bi_search=0.865128, bi_subSolve=0.0690147, bi_maintain=0.160083, admm_maintain=0.11101, area1=1162.7, area23=2.2308, area4=7.57238, dual_obj=-143.982, overall time=2126.13
i=107, infea=0.076151, nnz_a=20.5942, nnz_b=30.115, uni_search=1.28374, uni_subSolve=0.132045, uni_maintain=0.15985, bi_search=0.864458, bi_subSolve=0.0688679, bi_maintain=0.159739, admm_maintain=0.103772, area1=1169.68, area23=2.23511, area4=7.69401, dual_obj=-143.995, overall time=2129
i=108, infea=0.0756292, nnz_a=20.6311, nnz_b=30.1707, uni_search=1.28371, uni_subSolve=0.131984, uni_maintain=0.160277, bi_search=0.834233, bi_subSolve=0.0676301, bi_maintain=0.154593, admm_maintain=0.110835, area1=1176.95, area23=2.24104, area4=7.85698, dual_obj=-143.997, overall time=2131.84
i=109, infea=0.0751255, nnz_a=20.6527, nnz_b=30.2445, uni_search=1.2825, uni_subSolve=0.132061, uni_maintain=0.16093, bi_search=0.818851, bi_subSolve=0.0667389, bi_maintain=0.151383, admm_maintain=0.110511, area1=1184.14, area23=2.24461, area4=8.04921, dual_obj=-144.005, p_obj=93.7142, heldout Acc=0.620894 (4/100), overall time=2222.75
i=110, infea=0.0746168, nnz_a=20.6836, nnz_b=30.3111, uni_search=1.2837, uni_subSolve=0.132661, uni_maintain=0.161102, bi_search=0.872211, bi_subSolve=0.0696721, bi_maintain=0.16029, admm_maintain=0.101672, area1=1191.18, area23=2.248, area4=8.25495, dual_obj=-143.997, overall time=2225.63
i=111, infea=0.0741348, nnz_a=20.7117, nnz_b=30.3849, uni_search=1.28504, uni_subSolve=0.133049, uni_maintain=0.161768, bi_search=0.873805, bi_subSolve=0.0697272, bi_maintain=0.16064, admm_maintain=0.11034, area1=1198.11, area23=2.25218, area4=8.46753, dual_obj=-143.985, overall time=2228.52
i=112, infea=0.0736484, nnz_a=20.7501, nnz_b=30.4473, uni_search=1.28473, uni_subSolve=0.13354, uni_maintain=0.162306, bi_search=0.876522, bi_subSolve=0.0699226, bi_maintain=0.160666, admm_maintain=0.113794, area1=1205.02, area23=2.25563, area4=8.52985, dual_obj=-143.974, overall time=2231.42
i=113, infea=0.073161, nnz_a=20.7828, nnz_b=30.5241, uni_search=1.28418, uni_subSolve=0.133279, uni_maintain=0.161893, bi_search=0.866182, bi_subSolve=0.0692767, bi_maintain=0.158737, admm_maintain=0.0977607, area1=1211.68, area23=2.25914, area4=8.71206, dual_obj=-143.951, overall time=2234.29
i=114, infea=0.0726854, nnz_a=20.8149, nnz_b=30.5975, uni_search=1.28617, uni_subSolve=0.133721, uni_maintain=0.162398, bi_search=0.849404, bi_subSolve=0.0687232, bi_maintain=0.155729, admm_maintain=0.107349, area1=1218.45, area23=2.26467, area4=8.89729, dual_obj=-143.917, p_obj=92.917, heldout Acc=0.630092, overall time=2324.59
i=115, infea=0.0722222, nnz_a=20.857, nnz_b=30.6721, uni_search=1.2837, uni_subSolve=0.133451, uni_maintain=0.161461, bi_search=0.825186, bi_subSolve=0.0677847, bi_maintain=0.150733, admm_maintain=0.109127, area1=1224.96, area23=2.26755, area4=9.14564, dual_obj=-143.888, overall time=2327.42
i=116, infea=0.0717736, nnz_a=20.888, nnz_b=30.7307, uni_search=1.28193, uni_subSolve=0.1334, uni_maintain=0.162012, bi_search=0.825605, bi_subSolve=0.0675214, bi_maintain=0.150997, admm_maintain=0.109407, area1=1231.89, area23=2.27238, area4=9.25725, dual_obj=-143.855, overall time=2330.25
i=117, infea=0.071322, nnz_a=20.9224, nnz_b=30.7885, uni_search=1.28257, uni_subSolve=0.13423, uni_maintain=0.162312, bi_search=0.832498, bi_subSolve=0.0677305, bi_maintain=0.151812, admm_maintain=0.115748, area1=1238.78, area23=2.27448, area4=9.46299, dual_obj=-143.822, overall time=2333.09
i=118, infea=0.0708598, nnz_a=20.9518, nnz_b=30.8504, uni_search=1.33305, uni_subSolve=0.140241, uni_maintain=0.17196, bi_search=0.859165, bi_subSolve=0.0687227, bi_maintain=0.154052, admm_maintain=0.120266, area1=1245.55, area23=2.27769, area4=9.57318, dual_obj=-143.785, overall time=2336.04
i=119, infea=0.0704108, nnz_a=20.983, nnz_b=30.904, uni_search=1.33802, uni_subSolve=0.141012, uni_maintain=0.173433, bi_search=0.868648, bi_subSolve=0.0694126, bi_maintain=0.15571, admm_maintain=0.121863, area1=1252.51, area23=2.28119, area4=9.86032, dual_obj=-143.745, p_obj=91.2927, heldout Acc=0.632063, overall time=2430.25
i=120, infea=0.0699551, nnz_a=21.0117, nnz_b=30.965, uni_search=1.33779, uni_subSolve=0.141274, uni_maintain=0.173159, bi_search=0.939946, bi_subSolve=0.0724443, bi_maintain=0.166143, admm_maintain=0.119422, area1=1259.32, area23=2.28488, area4=9.9837, dual_obj=-143.702, overall time=2433.3
i=121, infea=0.0695142, nnz_a=21.0319, nnz_b=31.0227, uni_search=1.34071, uni_subSolve=0.141834, uni_maintain=0.173312, bi_search=0.947646, bi_subSolve=0.0725934, bi_maintain=0.166724, admm_maintain=0.118268, area1=1266.29, area23=2.28805, area4=10.1165, dual_obj=-143.663, overall time=2436.36
i=122, infea=0.0690618, nnz_a=21.0678, nnz_b=31.0907, uni_search=1.34005, uni_subSolve=0.141769, uni_maintain=0.17374, bi_search=0.943939, bi_subSolve=0.0725054, bi_maintain=0.16631, admm_maintain=0.119897, area1=1272.72, area23=2.29049, area4=10.2313, dual_obj=-143.617, overall time=2439.42
i=123, infea=0.0686209, nnz_a=21.0969, nnz_b=31.1545, uni_search=1.33913, uni_subSolve=0.141724, uni_maintain=0.173556, bi_search=0.947103, bi_subSolve=0.0727328, bi_maintain=0.167098, admm_maintain=0.109076, area1=1279.42, area23=2.29439, area4=10.4454, dual_obj=-143.564, overall time=2442.47
i=124, infea=0.0682005, nnz_a=21.126, nnz_b=31.2158, uni_search=1.34116, uni_subSolve=0.14204, uni_maintain=0.174032, bi_search=0.953851, bi_subSolve=0.07309, bi_maintain=0.167383, admm_maintain=0.120717, area1=1286.57, area23=2.2973, area4=10.6909, dual_obj=-143.524, p_obj=90.4949, heldout Acc=0.634691, overall time=2537.03
i=125, infea=0.0677624, nnz_a=21.1732, nnz_b=31.2803, uni_search=1.37957, uni_subSolve=0.140314, uni_maintain=0.178174, bi_search=0.990874, bi_subSolve=0.0724272, bi_maintain=0.169472, admm_maintain=0.118132, area1=1293.32, area23=2.29929, area4=10.8857, dual_obj=-143.472, overall time=2540.19
i=126, infea=0.067323, nnz_a=21.1864, nnz_b=31.3434, uni_search=1.34149, uni_subSolve=0.143151, uni_maintain=0.174345, bi_search=0.959673, bi_subSolve=0.0736114, bi_maintain=0.168071, admm_maintain=0.118862, area1=1300.13, area23=2.30091, area4=10.9622, dual_obj=-143.421, overall time=2543.27
i=127, infea=0.0668978, nnz_a=21.2227, nnz_b=31.3969, uni_search=1.34253, uni_subSolve=0.143075, uni_maintain=0.174701, bi_search=0.963502, bi_subSolve=0.0738643, bi_maintain=0.169024, admm_maintain=0.116048, area1=1306.68, area23=2.30489, area4=11.1359, dual_obj=-143.369, overall time=2546.35
i=128, infea=0.0664816, nnz_a=21.2384, nnz_b=31.4668, uni_search=1.34349, uni_subSolve=0.14346, uni_maintain=0.176145, bi_search=0.963851, bi_subSolve=0.073851, bi_maintain=0.167877, admm_maintain=0.121702, area1=1313.63, area23=2.30713, area4=11.3092, dual_obj=-143.319, overall time=2549.44
i=129, infea=0.0660619, nnz_a=21.2657, nnz_b=31.5376, uni_search=1.34404, uni_subSolve=0.14371, uni_maintain=0.176111, bi_search=0.964667, bi_subSolve=0.0740988, bi_maintain=0.167756, admm_maintain=0.0975476, area1=1320.43, area23=2.3092, area4=11.5091, dual_obj=-143.256, p_obj=89.566, heldout Acc=0.639947, overall time=2644.36
i=130, infea=0.065636, nnz_a=21.2852, nnz_b=31.6016, uni_search=1.33811, uni_subSolve=0.142323, uni_maintain=0.173709, bi_search=0.950833, bi_subSolve=0.0735805, bi_maintain=0.165567, admm_maintain=0.115414, area1=1327.07, area23=2.31184, area4=11.6905, dual_obj=-143.193, overall time=2647.42
i=131, infea=0.0652304, nnz_a=21.3173, nnz_b=31.6644, uni_search=1.33943, uni_subSolve=0.14277, uni_maintain=0.174223, bi_search=0.896235, bi_subSolve=0.0704895, bi_maintain=0.156908, admm_maintain=0.112423, area1=1333.99, area23=2.31471, area4=11.8808, dual_obj=-143.129, overall time=2650.41
i=132, infea=0.0648307, nnz_a=21.3471, nnz_b=31.7277, uni_search=1.3403, uni_subSolve=0.143558, uni_maintain=0.175279, bi_search=0.926517, bi_subSolve=0.0722126, bi_maintain=0.161305, admm_maintain=0.12592, area1=1340.59, area23=2.3171, area4=12.0395, dual_obj=-143.067, overall time=2653.46
i=133, infea=0.0644164, nnz_a=21.3763, nnz_b=31.7839, uni_search=1.33884, uni_subSolve=0.143045, uni_maintain=0.174859, bi_search=0.937762, bi_subSolve=0.0727091, bi_maintain=0.163001, admm_maintain=0.11236, area1=1346.98, area23=2.31879, area4=12.1686, dual_obj=-142.997, overall time=2656.5
i=134, infea=0.0640269, nnz_a=21.3992, nnz_b=31.8331, uni_search=1.33978, uni_subSolve=0.143304, uni_maintain=0.17529, bi_search=0.929283, bi_subSolve=0.0726095, bi_maintain=0.161647, admm_maintain=0.103264, area1=1353.74, area23=2.32209, area4=12.4182, dual_obj=-142.946, p_obj=87.4936, heldout Acc=0.633377 (1/100), overall time=2750.7
i=135, infea=0.0636334, nnz_a=21.4322, nnz_b=31.8936, uni_search=1.28352, uni_subSolve=0.136775, uni_maintain=0.164606, bi_search=0.984844, bi_subSolve=0.0760238, bi_maintain=0.171201, admm_maintain=0.112163, area1=1360.3, area23=2.32211, area4=12.5787, dual_obj=-142.884, overall time=2753.72
i=136, infea=0.0632312, nnz_a=21.4688, nnz_b=31.9548, uni_search=1.28465, uni_subSolve=0.136669, uni_maintain=0.163487, bi_search=0.942386, bi_subSolve=0.0739784, bi_maintain=0.16466, admm_maintain=0.108676, area1=1366.84, area23=2.32565, area4=12.8025, dual_obj=-142.816, overall time=2756.7
i=137, infea=0.0628448, nnz_a=21.4912, nnz_b=32.0219, uni_search=1.28138, uni_subSolve=0.136416, uni_maintain=0.163376, bi_search=0.92995, bi_subSolve=0.0733411, bi_maintain=0.163288, admm_maintain=0.0868797, area1=1373.78, area23=2.32713, area4=12.9133, dual_obj=-142.743, overall time=2759.63
i=138, infea=0.0624597, nnz_a=21.5268, nnz_b=32.0957, uni_search=1.28468, uni_subSolve=0.137195, uni_maintain=0.164919, bi_search=0.928958, bi_subSolve=0.0735055, bi_maintain=0.162625, admm_maintain=0.117312, area1=1380.46, area23=2.33095, area4=13.1835, dual_obj=-142.669, overall time=2762.6
i=139, infea=0.0620806, nnz_a=21.5491, nnz_b=32.1389, uni_search=1.28381, uni_subSolve=0.137464, uni_maintain=0.165276, bi_search=0.971519, bi_subSolve=0.0757104, bi_maintain=0.169007, admm_maintain=0.114668, area1=1386.69, area23=2.33401, area4=13.3015, dual_obj=-142.6, p_obj=90.0849, heldout Acc=0.635348 (2/100), overall time=2856.22
i=140, infea=0.0616975, nnz_a=21.5825, nnz_b=32.1917, uni_search=1.28354, uni_subSolve=0.137561, uni_maintain=0.165662, bi_search=1.00195, bi_subSolve=0.0766956, bi_maintain=0.17217, admm_maintain=0.120867, area1=1393.17, area23=2.3352, area4=13.5212, dual_obj=-142.527, overall time=2859.28
i=141, infea=0.0613229, nnz_a=21.6103, nnz_b=32.2482, uni_search=1.28414, uni_subSolve=0.137671, uni_maintain=0.165186, bi_search=0.9623, bi_subSolve=0.0747642, bi_maintain=0.166246, admm_maintain=0.103013, area1=1399.59, area23=2.33772, area4=13.6404, dual_obj=-142.449, overall time=2862.27
i=142, infea=0.0609543, nnz_a=21.6444, nnz_b=32.286, uni_search=1.28484, uni_subSolve=0.137522, uni_maintain=0.164972, bi_search=0.961418, bi_subSolve=0.0748547, bi_maintain=0.166123, admm_maintain=0.119183, area1=1405.75, area23=2.33868, area4=13.884, dual_obj=-142.365, overall time=2865.28
i=143, infea=0.0605784, nnz_a=21.6734, nnz_b=32.3461, uni_search=1.2839, uni_subSolve=0.138056, uni_maintain=0.165743, bi_search=0.994965, bi_subSolve=0.0765807, bi_maintain=0.170722, admm_maintain=0.112384, area1=1412.44, area23=2.34044, area4=14.0786, dual_obj=-142.291, overall time=2868.33
i=144, infea=0.0602093, nnz_a=21.6946, nnz_b=32.3977, uni_search=1.28552, uni_subSolve=0.138528, uni_maintain=0.165723, bi_search=1.02839, bi_subSolve=0.0776993, bi_maintain=0.175041, admm_maintain=0.115295, area1=1419.19, area23=2.34247, area4=14.163, dual_obj=-142.225, p_obj=89.5264, heldout Acc=0.641262, overall time=2967.92
i=145, infea=0.0598613, nnz_a=21.724, nnz_b=32.4475, uni_search=1.35861, uni_subSolve=0.14555, uni_maintain=0.180492, bi_search=1.10708, bi_subSolve=0.0743287, bi_maintain=0.178774, admm_maintain=0.121779, area1=1425.37, area23=2.34416, area4=14.3998, dual_obj=-142.148, overall time=2971.19
i=146, infea=0.0595206, nnz_a=21.7567, nnz_b=32.4915, uni_search=1.35078, uni_subSolve=0.144492, uni_maintain=0.178514, bi_search=1.11197, bi_subSolve=0.0747543, bi_maintain=0.17931, admm_maintain=0.120839, area1=1431.6, area23=2.34618, area4=14.5685, dual_obj=-142.073, overall time=2974.45
i=147, infea=0.0591696, nnz_a=21.7737, nnz_b=32.5441, uni_search=1.35169, uni_subSolve=0.1447, uni_maintain=0.178187, bi_search=1.10759, bi_subSolve=0.0746454, bi_maintain=0.177715, admm_maintain=0.116678, area1=1438.32, area23=2.34832, area4=14.7712, dual_obj=-141.996, overall time=2977.71
i=148, infea=0.0588206, nnz_a=21.8012, nnz_b=32.5919, uni_search=1.3527, uni_subSolve=0.144708, uni_maintain=0.177776, bi_search=1.11157, bi_subSolve=0.074542, bi_maintain=0.178285, admm_maintain=0.117009, area1=1444.84, area23=2.35014, area4=14.9833, dual_obj=-141.922, overall time=2980.97
i=149, infea=0.0584791, nnz_a=21.8297, nnz_b=32.64, uni_search=1.35162, uni_subSolve=0.144935, uni_maintain=0.178294, bi_search=1.10693, bi_subSolve=0.0744918, bi_maintain=0.177754, admm_maintain=0.119167, area1=1451.32, area23=2.35102, area4=15.2054, dual_obj=-141.844, p_obj=87.7117, heldout Acc=0.617608 (1/100), overall time=3089.34
i=150, infea=0.0581353, nnz_a=21.8559, nnz_b=32.683, uni_search=1.35867, uni_subSolve=0.145473, uni_maintain=0.17872, bi_search=1.1204, bi_subSolve=0.0750611, bi_maintain=0.179054, admm_maintain=0.123706, area1=1457.3, area23=2.35316, area4=15.307, dual_obj=-141.765, overall time=3092.63
i=151, infea=0.0577825, nnz_a=21.8788, nnz_b=32.7433, uni_search=1.35577, uni_subSolve=0.145043, uni_maintain=0.178848, bi_search=1.16089, bi_subSolve=0.0765085, bi_maintain=0.184287, admm_maintain=0.124668, area1=1463.8, area23=2.35443, area4=15.5427, dual_obj=-141.673, overall time=3095.96
i=152, infea=0.057442, nnz_a=21.9033, nnz_b=32.8012, uni_search=1.35545, uni_subSolve=0.145213, uni_maintain=0.178244, bi_search=1.15878, bi_subSolve=0.0769482, bi_maintain=0.184221, admm_maintain=0.123809, area1=1470.28, area23=2.35602, area4=15.7423, dual_obj=-141.594, overall time=3099.29
i=153, infea=0.0571082, nnz_a=21.9307, nnz_b=32.8486, uni_search=1.35561, uni_subSolve=0.145565, uni_maintain=0.178671, bi_search=1.16285, bi_subSolve=0.0764919, bi_maintain=0.184979, admm_maintain=0.125152, area1=1476.69, area23=2.35857, area4=15.9583, dual_obj=-141.515, overall time=3102.63
i=154, infea=0.0567862, nnz_a=21.9656, nnz_b=32.8893, uni_search=1.35515, uni_subSolve=0.145764, uni_maintain=0.178804, bi_search=1.15868, bi_subSolve=0.0761698, bi_maintain=0.18362, admm_maintain=0.126742, area1=1483.05, area23=2.36013, area4=16.1696, dual_obj=-141.427, p_obj=88.8413, heldout Acc=0.618922 (2/100), overall time=3209.34
i=155, infea=0.0564541, nnz_a=21.9952, nnz_b=32.9399, uni_search=1.36216, uni_subSolve=0.147361, uni_maintain=0.180411, bi_search=1.13923, bi_subSolve=0.0761287, bi_maintain=0.182183, admm_maintain=0.132136, area1=1489.45, area23=2.36089, area4=16.3608, dual_obj=-141.344, overall time=3212.67
i=156, infea=0.0561327, nnz_a=22.0271, nnz_b=32.982, uni_search=1.36413, uni_subSolve=0.147767, uni_maintain=0.182251, bi_search=1.13549, bi_subSolve=0.0762206, bi_maintain=0.180337, admm_maintain=0.134857, area1=1495.74, area23=2.3633, area4=16.5184, dual_obj=-141.26, overall time=3215.99
i=157, infea=0.0558115, nnz_a=22.0392, nnz_b=33.0401, uni_search=1.36194, uni_subSolve=0.147598, uni_maintain=0.181844, bi_search=1.12666, bi_subSolve=0.0757657, bi_maintain=0.178358, admm_maintain=0.133229, area1=1501.86, area23=2.36353, area4=16.7149, dual_obj=-141.175, overall time=3219.3
i=158, infea=0.0554988, nnz_a=22.0612, nnz_b=33.087, uni_search=1.37434, uni_subSolve=0.149511, uni_maintain=0.183942, bi_search=1.13381, bi_subSolve=0.0762447, bi_maintain=0.17998, admm_maintain=0.133118, area1=1507.94, area23=2.36525, area4=16.9256, dual_obj=-141.099, overall time=3222.64
i=159, infea=0.055181, nnz_a=22.0901, nnz_b=33.158, uni_search=1.37692, uni_subSolve=0.150504, uni_maintain=0.185076, bi_search=1.13668, bi_subSolve=0.076172, bi_maintain=0.178847, admm_maintain=0.130711, area1=1514.57, area23=2.3667, area4=17.0765, dual_obj=-141.009, p_obj=89.474, heldout Acc=0.625493 (3/100), overall time=3327.66
i=160, infea=0.0548708, nnz_a=22.1103, nnz_b=33.2267, uni_search=1.30619, uni_subSolve=0.141089, uni_maintain=0.170388, bi_search=1.10764, bi_subSolve=0.075434, bi_maintain=0.176495, admm_maintain=0.123969, area1=1520.72, area23=2.36711, area4=17.2848, dual_obj=-140.931, overall time=3330.87
i=161, infea=0.0545601, nnz_a=22.1405, nnz_b=33.2896, uni_search=1.30662, uni_subSolve=0.141245, uni_maintain=0.171592, bi_search=1.1079, bi_subSolve=0.0752783, bi_maintain=0.175566, admm_maintain=0.122249, area1=1526.72, area23=2.36894, area4=17.4899, dual_obj=-140.848, overall time=3334.08
i=162, infea=0.0542452, nnz_a=22.1647, nnz_b=33.3618, uni_search=1.31179, uni_subSolve=0.141795, uni_maintain=0.172642, bi_search=1.11148, bi_subSolve=0.075749, bi_maintain=0.175988, admm_maintain=0.123242, area1=1533.04, area23=2.36925, area4=17.6665, dual_obj=-140.761, overall time=3337.29
i=163, infea=0.0539404, nnz_a=22.1985, nnz_b=33.4254, uni_search=1.30587, uni_subSolve=0.141218, uni_maintain=0.171756, bi_search=1.11115, bi_subSolve=0.07573, bi_maintain=0.175313, admm_maintain=0.123908, area1=1538.89, area23=2.37093, area4=17.9109, dual_obj=-140.678, overall time=3340.5
i=164, infea=0.0536261, nnz_a=22.2379, nnz_b=33.4843, uni_search=1.30756, uni_subSolve=0.141693, uni_maintain=0.171123, bi_search=1.0994, bi_subSolve=0.0762592, bi_maintain=0.173358, admm_maintain=0.128487, area1=1545.43, area23=2.37258, area4=18.0864, dual_obj=-140.601, p_obj=86.5111, heldout Acc=0.631406 (4/100), overall time=3439.56
i=165, infea=0.0533273, nnz_a=22.2604, nnz_b=33.5278, uni_search=1.43138, uni_subSolve=0.15572, uni_maintain=0.198052, bi_search=1.34285, bi_subSolve=0.0868694, bi_maintain=0.209673, admm_maintain=0.122209, area1=1551.82, area23=2.37489, area4=18.3713, dual_obj=-140.511, overall time=3443.21
i=166, infea=0.0530339, nnz_a=22.2864, nnz_b=33.5713, uni_search=1.3182, uni_subSolve=0.143408, uni_maintain=0.173671, bi_search=1.08598, bi_subSolve=0.0750233, bi_maintain=0.17182, admm_maintain=0.121296, area1=1557.92, area23=2.37518, area4=18.5216, dual_obj=-140.423, overall time=3446.41
i=167, infea=0.0527376, nnz_a=22.3189, nnz_b=33.6198, uni_search=1.30438, uni_subSolve=0.141953, uni_maintain=0.171361, bi_search=1.09181, bi_subSolve=0.0750008, bi_maintain=0.172607, admm_maintain=0.118182, area1=1564.32, area23=2.37718, area4=18.7653, dual_obj=-140.347, overall time=3449.59
i=168, infea=0.0524476, nnz_a=22.3526, nnz_b=33.6673, uni_search=1.30515, uni_subSolve=0.142164, uni_maintain=0.171291, bi_search=1.09237, bi_subSolve=0.075295, bi_maintain=0.172253, admm_maintain=0.119821, area1=1570.53, area23=2.37784, area4=18.9199, dual_obj=-140.268, overall time=3452.77
i=169, infea=0.0521538, nnz_a=22.3754, nnz_b=33.7187, uni_search=1.30456, uni_subSolve=0.142098, uni_maintain=0.171963, bi_search=1.09214, bi_subSolve=0.075399, bi_maintain=0.172244, admm_maintain=0.123045, area1=1576.66, area23=2.37867, area4=19.1297, dual_obj=-140.181, p_obj=86.9721, heldout Acc=0.623522 (5/100), overall time=3552.06
i=170, infea=0.0518634, nnz_a=22.4109, nnz_b=33.7745, uni_search=1.35967, uni_subSolve=0.149836, uni_maintain=0.18159, bi_search=1.12958, bi_subSolve=0.0766099, bi_maintain=0.177588, admm_maintain=0.127933, area1=1582.77, area23=2.37971, area4=19.2569, dual_obj=-140.082, overall time=3555.37
i=171, infea=0.0515743, nnz_a=22.4369, nnz_b=33.8242, uni_search=1.35391, uni_subSolve=0.149029, uni_maintain=0.183288, bi_search=1.19359, bi_subSolve=0.0789248, bi_maintain=0.185981, admm_maintain=0.125612, area1=1589.04, area23=2.38165, area4=19.49, dual_obj=-139.99, overall time=3558.75
i=172, infea=0.051301, nnz_a=22.4659, nnz_b=33.8742, uni_search=1.35649, uni_subSolve=0.148932, uni_maintain=0.183497, bi_search=1.17833, bi_subSolve=0.0783233, bi_maintain=0.183615, admm_maintain=0.124755, area1=1595.12, area23=2.38219, area4=19.6808, dual_obj=-139.904, overall time=3562.11
i=173, infea=0.0510353, nnz_a=22.5019, nnz_b=33.9163, uni_search=1.35646, uni_subSolve=0.150412, uni_maintain=0.184548, bi_search=1.18003, bi_subSolve=0.0783983, bi_maintain=0.183534, admm_maintain=0.123489, area1=1600.93, area23=2.38292, area4=19.8643, dual_obj=-139.813, overall time=3565.47
i=174, infea=0.0507681, nnz_a=22.5406, nnz_b=33.975, uni_search=1.35749, uni_subSolve=0.15014, uni_maintain=0.18442, bi_search=1.179, bi_subSolve=0.0782911, bi_maintain=0.182749, admm_maintain=0.124937, area1=1607.02, area23=2.3841, area4=20.0494, dual_obj=-139.715, p_obj=86.7897, heldout Acc=0.626807 (6/100), overall time=3670.65
i=175, infea=0.050496, nnz_a=22.566, nnz_b=34.0432, uni_search=1.36122, uni_subSolve=0.151421, uni_maintain=0.18409, bi_search=1.19724, bi_subSolve=0.079307, bi_maintain=0.186012, admm_maintain=0.127044, area1=1613.29, area23=2.38388, area4=20.1947, dual_obj=-139.642, overall time=3674.04
i=176, infea=0.0502139, nnz_a=22.5975, nnz_b=34.1033, uni_search=1.36194, uni_subSolve=0.150979, uni_maintain=0.186271, bi_search=1.18923, bi_subSolve=0.0788396, bi_maintain=0.185047, admm_maintain=0.129777, area1=1619.55, area23=2.3853, area4=20.3984, dual_obj=-139.542, overall time=3677.43
i=177, infea=0.0499375, nnz_a=22.618, nnz_b=34.1494, uni_search=1.36208, uni_subSolve=0.15163, uni_maintain=0.186589, bi_search=1.17692, bi_subSolve=0.0786841, bi_maintain=0.1827, admm_maintain=0.134999, area1=1625.51, area23=2.38695, area4=20.5868, dual_obj=-139.454, overall time=3680.81
i=178, infea=0.0496717, nnz_a=22.6475, nnz_b=34.2063, uni_search=1.36299, uni_subSolve=0.151984, uni_maintain=0.186135, bi_search=1.173, bi_subSolve=0.0784349, bi_maintain=0.182327, admm_maintain=0.136416, area1=1631.66, area23=2.38842, area4=20.7963, dual_obj=-139.357, overall time=3684.19
i=179, infea=0.0494145, nnz_a=22.6735, nnz_b=34.2546, uni_search=1.36495, uni_subSolve=0.151862, uni_maintain=0.186904, bi_search=1.16471, bi_subSolve=0.0781616, bi_maintain=0.180956, admm_maintain=0.134939, area1=1637.81, area23=2.38966, area4=20.9669, dual_obj=-139.266, p_obj=87.1443, heldout Acc=0.63929 (7/100), overall time=3789.6
i=180, infea=0.049159, nnz_a=22.7107, nnz_b=34.3079, uni_search=1.36234, uni_subSolve=0.151669, uni_maintain=0.186155, bi_search=1.19332, bi_subSolve=0.0789817, bi_maintain=0.185088, admm_maintain=0.125357, area1=1643.68, area23=2.38993, area4=21.1544, dual_obj=-139.175, overall time=3792.98
i=181, infea=0.0489107, nnz_a=22.7533, nnz_b=34.3584, uni_search=1.36125, uni_subSolve=0.151913, uni_maintain=0.187363, bi_search=1.19382, bi_subSolve=0.0792199, bi_maintain=0.187007, admm_maintain=0.124228, area1=1649.72, area23=2.39045, area4=21.3013, dual_obj=-139.086, overall time=3796.37
i=182, infea=0.0486562, nnz_a=22.7827, nnz_b=34.4297, uni_search=1.36066, uni_subSolve=0.15151, uni_maintain=0.187308, bi_search=1.24001, bi_subSolve=0.0809551, bi_maintain=0.192604, admm_maintain=0.127964, area1=1655.7, area23=2.39166, area4=21.4662, dual_obj=-139.003, overall time=3799.82
i=183, infea=0.0483932, nnz_a=22.808, nnz_b=34.4781, uni_search=1.36046, uni_subSolve=0.151663, uni_maintain=0.186096, bi_search=1.23496, bi_subSolve=0.0816737, bi_maintain=0.191544, admm_maintain=0.12313, area1=1661.64, area23=2.39252, area4=21.6974, dual_obj=-138.919, overall time=3803.26
i=184, infea=0.0481441, nnz_a=22.8482, nnz_b=34.5462, uni_search=1.35907, uni_subSolve=0.151725, uni_maintain=0.18517, bi_search=1.21958, bi_subSolve=0.0804179, bi_maintain=0.186177, admm_maintain=0.126098, area1=1668.02, area23=2.39347, area4=21.9226, dual_obj=-138.824, p_obj=87.6282, heldout Acc=0.614323 (8/100), overall time=3904.98
i=185, infea=0.0478931, nnz_a=22.8707, nnz_b=34.6065, uni_search=1.30446, uni_subSolve=0.14547, uni_maintain=0.17492, bi_search=1.1319, bi_subSolve=0.0777293, bi_maintain=0.17481, admm_maintain=0.113009, area1=1673.85, area23=2.39386, area4=22.0497, dual_obj=-138.742, overall time=3908.21
i=186, infea=0.0476409, nnz_a=22.9065, nnz_b=34.656, uni_search=1.30243, uni_subSolve=0.145262, uni_maintain=0.175731, bi_search=1.12489, bi_subSolve=0.0775238, bi_maintain=0.174321, admm_maintain=0.11498, area1=1679.83, area23=2.39387, area4=22.2076, dual_obj=-138.644, overall time=3911.42
i=187, infea=0.0473907, nnz_a=22.9417, nnz_b=34.6944, uni_search=1.30119, uni_subSolve=0.145593, uni_maintain=0.175229, bi_search=1.13229, bi_subSolve=0.0777153, bi_maintain=0.174593, admm_maintain=0.114028, area1=1685.69, area23=2.39494, area4=22.4507, dual_obj=-138.569, overall time=3914.64
i=188, infea=0.0471501, nnz_a=22.9807, nnz_b=34.7497, uni_search=1.30966, uni_subSolve=0.14664, uni_maintain=0.177368, bi_search=1.13658, bi_subSolve=0.0779657, bi_maintain=0.174866, admm_maintain=0.110212, area1=1691.64, area23=2.39589, area4=22.6305, dual_obj=-138.484, overall time=3917.88
i=189, infea=0.0468973, nnz_a=23.0327, nnz_b=34.8052, uni_search=1.31141, uni_subSolve=0.14742, uni_maintain=0.177198, bi_search=1.13129, bi_subSolve=0.0778286, bi_maintain=0.173895, admm_maintain=0.110332, area1=1697.72, area23=2.39653, area4=22.841, dual_obj=-138.393, p_obj=86.3867, heldout Acc=0.620894 (9/100), overall time=4014.64
i=190, infea=0.046653, nnz_a=23.0648, nnz_b=34.8768, uni_search=1.39379, uni_subSolve=0.153721, uni_maintain=0.193891, bi_search=1.18245, bi_subSolve=0.0796953, bi_maintain=0.178666, admm_maintain=0.120109, area1=1703.67, area23=2.39795, area4=23.1393, dual_obj=-138.305, overall time=4018.05
i=191, infea=0.0464221, nnz_a=23.0994, nnz_b=34.9312, uni_search=1.31004, uni_subSolve=0.147175, uni_maintain=0.17822, bi_search=1.11928, bi_subSolve=0.0777301, bi_maintain=0.17263, admm_maintain=0.124545, area1=1709.2, area23=2.3991, area4=23.2065, dual_obj=-138.216, overall time=4021.28
i=192, infea=0.0461902, nnz_a=23.1233, nnz_b=34.994, uni_search=1.29551, uni_subSolve=0.146374, uni_maintain=0.175746, bi_search=1.16792, bi_subSolve=0.0798635, bi_maintain=0.179048, admm_maintain=0.122109, area1=1714.58, area23=2.39927, area4=23.4043, dual_obj=-138.135, overall time=4024.55
i=193, infea=0.0459545, nnz_a=23.1503, nnz_b=35.0579, uni_search=1.30101, uni_subSolve=0.146028, uni_maintain=0.176092, bi_search=1.15315, bi_subSolve=0.0789692, bi_maintain=0.176329, admm_maintain=0.123565, area1=1720.58, area23=2.40003, area4=23.6101, dual_obj=-138.046, overall time=4027.81
i=194, infea=0.0457233, nnz_a=23.1805, nnz_b=35.1293, uni_search=1.30103, uni_subSolve=0.146781, uni_maintain=0.177085, bi_search=1.14555, bi_subSolve=0.079327, bi_maintain=0.175294, admm_maintain=0.121892, area1=1726.59, area23=2.40104, area4=23.8432, dual_obj=-137.96, p_obj=85.8658, heldout Acc=0.628121 (10/100), overall time=4124.78
i=195, infea=0.04551, nnz_a=23.2044, nnz_b=35.2003, uni_search=1.30412, uni_subSolve=0.147424, uni_maintain=0.178279, bi_search=1.15944, bi_subSolve=0.0796733, bi_maintain=0.177596, admm_maintain=0.126578, area1=1732.13, area23=2.40191, area4=24.0293, dual_obj=-137.879, overall time=4128.06
i=196, infea=0.0452989, nnz_a=23.2364, nnz_b=35.2648, uni_search=1.30127, uni_subSolve=0.14721, uni_maintain=0.178153, bi_search=1.15648, bi_subSolve=0.0792191, bi_maintain=0.177997, admm_maintain=0.12195, area1=1737.93, area23=2.40268, area4=24.2559, dual_obj=-137.799, overall time=4131.32
i=197, infea=0.0450786, nnz_a=23.2636, nnz_b=35.3271, uni_search=1.30405, uni_subSolve=0.147818, uni_maintain=0.179346, bi_search=1.15467, bi_subSolve=0.0793488, bi_maintain=0.176973, admm_maintain=0.115726, area1=1744.07, area23=2.40313, area4=24.4483, dual_obj=-137.719, overall time=4134.58
i=198, infea=0.0448598, nnz_a=23.2963, nnz_b=35.3844, uni_search=1.30315, uni_subSolve=0.147906, uni_maintain=0.17922, bi_search=1.1482, bi_subSolve=0.0796012, bi_maintain=0.176001, admm_maintain=0.112657, area1=1749.62, area23=2.40414, area4=24.6082, dual_obj=-137.637, overall time=4137.83
i=199, infea=0.04464, nnz_a=23.3221, nnz_b=35.4508, uni_search=1.29802, uni_subSolve=0.1474, uni_maintain=0.178608, bi_search=1.19662, bi_subSolve=0.0804614, bi_maintain=0.181921, admm_maintain=0.117138, area1=1755.55, area23=2.40493, area4=24.7959, dual_obj=-137.547, p_obj=85.2445, heldout Acc=0.628121 (11/100), overall time=4240.23
i=200, infea=0.0444182, nnz_a=23.3621, nnz_b=35.511, uni_search=1.3582, uni_subSolve=0.155681, uni_maintain=0.190791, bi_search=1.19951, bi_subSolve=0.0808718, bi_maintain=0.18243, admm_maintain=0.121783, area1=1761.16, area23=2.40552, area4=25.0448, dual_obj=-137.467, overall time=4243.63
i=201, infea=0.0442022, nnz_a=23.4081, nnz_b=35.5725, uni_search=1.35553, uni_subSolve=0.155836, uni_maintain=0.191011, bi_search=1.18431, bi_subSolve=0.0807035, bi_maintain=0.180218, admm_maintain=0.130378, area1=1767.09, area23=2.4063, area4=25.2255, dual_obj=-137.385, overall time=4247.01
i=202, infea=0.0439848, nnz_a=23.4298, nnz_b=35.6377, uni_search=1.35692, uni_subSolve=0.156165, uni_maintain=0.191655, bi_search=1.18331, bi_subSolve=0.0804804, bi_maintain=0.179243, admm_maintain=0.136202, area1=1772.85, area23=2.40673, area4=25.3845, dual_obj=-137.299, overall time=4250.4
i=203, infea=0.0437672, nnz_a=23.4633, nnz_b=35.6901, uni_search=1.35661, uni_subSolve=0.156201, uni_maintain=0.191485, bi_search=1.2602, bi_subSolve=0.0830483, bi_maintain=0.189363, admm_maintain=0.129209, area1=1778.95, area23=2.40762, area4=25.6641, dual_obj=-137.219, overall time=4253.87
i=204, infea=0.0435476, nnz_a=23.5049, nnz_b=35.7427, uni_search=1.35453, uni_subSolve=0.156093, uni_maintain=0.191124, bi_search=1.25472, bi_subSolve=0.0830263, bi_maintain=0.188239, admm_maintain=0.13573, area1=1784.54, area23=2.40916, area4=25.8974, dual_obj=-137.138