using heldout data set: /scratch/cluster/ianyen/data/speech/speech.test, early_terminate=10
D=118
K=878
N=13491
nSeq=912
split_up_rate=1, admm_step_size=1, C=1, eta=0.1
i=0, infea=0.0115996, nnz_a=1.99689, nnz_b=2, uni_search=0.831472, uni_subSolve=0.0115413, uni_maintain=0.00873474, bi_search=17.4432, bi_subSolve=0.00582816, bi_maintain=0.0399491, admm_maintain=0.0071816, area1=-nan, area23=-nan, area4=-nan, dual_obj=-5.55749, overall time=18.533
i=1, infea=0.0206327, nnz_a=2.93262, nnz_b=2.95254, uni_search=0.831033, uni_subSolve=0.0153762, uni_maintain=0.0122417, bi_search=17.4518, bi_subSolve=0.00485583, bi_maintain=0.0415673, admm_maintain=0.00868818, area1=-nan, area23=-nan, area4=-nan, dual_obj=-10.9181, overall time=36.9536
i=2, infea=0.0281652, nnz_a=3.76614, nnz_b=3.85182, uni_search=0.831476, uni_subSolve=0.0191394, uni_maintain=0.0161042, bi_search=17.443, bi_subSolve=0.00538777, bi_maintain=0.0444416, admm_maintain=0.0104192, area1=-nan, area23=-nan, area4=-nan, dual_obj=-16.0485, overall time=55.3777
i=3, infea=0.0344418, nnz_a=4.52561, nnz_b=4.72144, uni_search=0.834773, uni_subSolve=0.0223462, uni_maintain=0.0225084, bi_search=17.4493, bi_subSolve=0.00638466, bi_maintain=0.0472374, admm_maintain=0.0123867, area1=-nan, area23=-nan, area4=-nan, dual_obj=-20.9212, overall time=73.8285
i=4, infea=0.0397961, nnz_a=5.23416, nnz_b=5.56165, uni_search=0.825349, uni_subSolve=0.0251255, uni_maintain=0.0269947, bi_search=17.4454, bi_subSolve=0.00720822, bi_maintain=0.048912, admm_maintain=0.0134826, area1=-nan, area23=-nan, area4=-nan, dual_obj=-25.5292, p_obj=651.209, heldout Acc=0.175427, overall time=111.968
i=5, infea=0.0445083, nnz_a=5.88489, nnz_b=6.3668, uni_search=0.832633, uni_subSolve=0.028019, uni_maintain=0.0306529, bi_search=17.448, bi_subSolve=0.00801735, bi_maintain=0.0526663, admm_maintain=0.0146496, area1=-nan, area23=-nan, area4=-nan, dual_obj=-29.9261, overall time=130.439
i=6, infea=0.0487623, nnz_a=6.48744, nnz_b=7.14516, uni_search=0.832529, uni_subSolve=0.0305067, uni_maintain=0.031769, bi_search=17.4468, bi_subSolve=0.00880431, bi_maintain=0.0553982, admm_maintain=0.0156143, area1=-nan, area23=-nan, area4=-nan, dual_obj=-34.0986, overall time=148.917
i=7, infea=0.0527099, nnz_a=7.04981, nnz_b=7.87503, uni_search=0.833372, uni_subSolve=0.0329381, uni_maintain=0.0342798, bi_search=17.4498, bi_subSolve=0.00970207, bi_maintain=0.0574089, admm_maintain=0.0175863, area1=-nan, area23=-nan, area4=-nan, dual_obj=-38.0392, overall time=167.409
i=8, infea=0.056579, nnz_a=7.57735, nnz_b=8.55871, uni_search=0.833553, uni_subSolve=0.035053, uni_maintain=0.0367306, bi_search=17.4509, bi_subSolve=0.01054, bi_maintain=0.0598115, admm_maintain=0.0185149, area1=-nan, area23=-nan, area4=-nan, dual_obj=-41.783, overall time=185.911
i=9, infea=0.060201, nnz_a=8.06271, nnz_b=9.17497, uni_search=0.833437, uni_subSolve=0.0369979, uni_maintain=0.0407804, bi_search=17.4504, bi_subSolve=0.0112809, bi_maintain=0.0613205, admm_maintain=0.0191333, area1=-nan, area23=-nan, area4=-nan, dual_obj=-45.3685, p_obj=516.906, heldout Acc=0.214849, overall time=225.296
i=10, infea=0.0635801, nnz_a=8.52509, nnz_b=9.74012, uni_search=0.833423, uni_subSolve=0.0387899, uni_maintain=0.0407914, bi_search=17.4499, bi_subSolve=0.0120222, bi_maintain=0.0625329, admm_maintain=0.019569, area1=-nan, area23=-nan, area4=-nan, dual_obj=-48.8492, overall time=243.811
i=11, infea=0.0666032, nnz_a=8.96042, nnz_b=10.2193, uni_search=0.82565, uni_subSolve=0.0404068, uni_maintain=0.0447691, bi_search=17.4501, bi_subSolve=0.0127827, bi_maintain=0.0640076, admm_maintain=0.019887, area1=-nan, area23=-nan, area4=-nan, dual_obj=-52.2191, overall time=262.328
i=12, infea=0.0693081, nnz_a=9.35602, nnz_b=10.64, uni_search=0.833065, uni_subSolve=0.0420761, uni_maintain=0.0444064, bi_search=17.45, bi_subSolve=0.0133444, bi_maintain=0.0648238, admm_maintain=0.0201732, area1=-nan, area23=-nan, area4=-nan, dual_obj=-55.479, overall time=280.854
i=13, infea=0.0716833, nnz_a=9.7167, nnz_b=11.0111, uni_search=0.832901, uni_subSolve=0.0435361, uni_maintain=0.0482214, bi_search=17.4498, bi_subSolve=0.0138562, bi_maintain=0.0663295, admm_maintain=0.0204129, area1=-nan, area23=-nan, area4=-nan, dual_obj=-58.6765, overall time=299.388
i=14, infea=0.0737039, nnz_a=10.0523, nnz_b=11.3388, uni_search=0.832876, uni_subSolve=0.044837, uni_maintain=0.0474363, bi_search=17.4492, bi_subSolve=0.0143063, bi_maintain=0.0671678, admm_maintain=0.0205415, area1=-nan, area23=-nan, area4=-nan, dual_obj=-61.8204, p_obj=385.757, heldout Acc=0.366623, overall time=338.675
i=15, infea=0.0755019, nnz_a=10.349, nnz_b=11.6671, uni_search=0.826141, uni_subSolve=0.0460843, uni_maintain=0.0492542, bi_search=17.4519, bi_subSolve=0.0148146, bi_maintain=0.0682294, admm_maintain=0.0208885, area1=-nan, area23=-nan, area4=-nan, dual_obj=-64.8965, overall time=357.211
i=16, infea=0.0771611, nnz_a=10.6355, nnz_b=12.0025, uni_search=0.825463, uni_subSolve=0.0471026, uni_maintain=0.0523136, bi_search=17.4529, bi_subSolve=0.0151311, bi_maintain=0.0687313, admm_maintain=0.0211564, area1=-nan, area23=-nan, area4=-nan, dual_obj=-67.9448, overall time=375.752
i=17, infea=0.078687, nnz_a=10.889, nnz_b=12.334, uni_search=0.833305, uni_subSolve=0.0482091, uni_maintain=0.0512255, bi_search=17.4529, bi_subSolve=0.0155436, bi_maintain=0.0691013, admm_maintain=0.0214597, area1=-nan, area23=-nan, area4=-nan, dual_obj=-70.904, overall time=394.303
i=18, infea=0.0801786, nnz_a=11.1417, nnz_b=12.6724, uni_search=0.833524, uni_subSolve=0.0491122, uni_maintain=0.0545289, bi_search=17.4513, bi_subSolve=0.0160586, bi_maintain=0.0707198, admm_maintain=0.0216495, area1=-nan, area23=-nan, area4=-nan, dual_obj=-73.7932, overall time=412.859
i=19, infea=0.0815756, nnz_a=11.3806, nnz_b=13.0397, uni_search=0.833277, uni_subSolve=0.0500501, uni_maintain=0.0532488, bi_search=17.4533, bi_subSolve=0.0164093, bi_maintain=0.0712839, admm_maintain=0.0219859, area1=-nan, area23=-nan, area4=-nan, dual_obj=-76.6221, p_obj=270.38, heldout Acc=0.488173, overall time=452.001
i=20, infea=0.0830554, nnz_a=11.5839, nnz_b=13.4035, uni_search=0.833575, uni_subSolve=0.0509121, uni_maintain=0.0542025, bi_search=17.4565, bi_subSolve=0.0168781, bi_maintain=0.071791, admm_maintain=0.0222358, area1=-nan, area23=-nan, area4=-nan, dual_obj=-79.3802, overall time=470.566
i=21, infea=0.0845776, nnz_a=11.7795, nnz_b=13.7637, uni_search=0.833447, uni_subSolve=0.0516615, uni_maintain=0.0550683, bi_search=17.4548, bi_subSolve=0.0172816, bi_maintain=0.0727874, admm_maintain=0.0224909, area1=-nan, area23=-nan, area4=-nan, dual_obj=-82.0598, overall time=489.133
i=22, infea=0.0859966, nnz_a=11.9766, nnz_b=14.1236, uni_search=0.833386, uni_subSolve=0.0523298, uni_maintain=0.0582798, bi_search=17.4578, bi_subSolve=0.0178999, bi_maintain=0.0754668, admm_maintain=0.022713, area1=-nan, area23=-nan, area4=-nan, dual_obj=-84.644, overall time=507.711
i=23, infea=0.087314, nnz_a=12.177, nnz_b=14.4868, uni_search=0.833932, uni_subSolve=0.0530684, uni_maintain=0.0587657, bi_search=17.4644, bi_subSolve=0.0183018, bi_maintain=0.0761609, admm_maintain=0.0230811, area1=-nan, area23=-nan, area4=-nan, dual_obj=-87.1444, overall time=526.299
i=24, infea=0.0886244, nnz_a=12.37, nnz_b=14.8603, uni_search=0.833264, uni_subSolve=0.0537737, uni_maintain=0.060003, bi_search=17.4561, bi_subSolve=0.0187385, bi_maintain=0.076035, admm_maintain=0.0232826, area1=-nan, area23=-nan, area4=-nan, dual_obj=-89.5641, p_obj=237.844, heldout Acc=0.442181 (1/10), overall time=565.6
i=25, infea=0.0898544, nnz_a=12.5415, nnz_b=15.238, uni_search=0.833494, uni_subSolve=0.0545033, uni_maintain=0.0598327, bi_search=17.4576, bi_subSolve=0.0192113, bi_maintain=0.0768143, admm_maintain=0.0235672, area1=-nan, area23=-nan, area4=-nan, dual_obj=-91.9156, overall time=584.186
i=26, infea=0.0910319, nnz_a=12.7264, nnz_b=15.6128, uni_search=0.833429, uni_subSolve=0.0550854, uni_maintain=0.0588122, bi_search=17.4563, bi_subSolve=0.0195878, bi_maintain=0.0772454, admm_maintain=0.023841, area1=-nan, area23=-nan, area4=-nan, dual_obj=-94.1852, overall time=602.77
i=27, infea=0.0922062, nnz_a=12.9075, nnz_b=15.9807, uni_search=0.83364, uni_subSolve=0.055802, uni_maintain=0.0620934, bi_search=17.4577, bi_subSolve=0.0203359, bi_maintain=0.079711, admm_maintain=0.0241287, area1=-nan, area23=-nan, area4=-nan, dual_obj=-96.3842, overall time=621.363
i=28, infea=0.0933162, nnz_a=13.0712, nnz_b=16.3387, uni_search=0.833547, uni_subSolve=0.0564702, uni_maintain=0.062809, bi_search=17.4576, bi_subSolve=0.0207507, bi_maintain=0.0796181, admm_maintain=0.024361, area1=-nan, area23=-nan, area4=-nan, dual_obj=-98.5163, overall time=639.959
i=29, infea=0.0943236, nnz_a=13.2338, nnz_b=16.7005, uni_search=0.833535, uni_subSolve=0.057062, uni_maintain=0.0609018, bi_search=17.4587, bi_subSolve=0.0212076, bi_maintain=0.0803826, admm_maintain=0.0245453, area1=-nan, area23=-nan, area4=-nan, dual_obj=-100.554, p_obj=196.471, heldout Acc=0.488173 (2/10), overall time=679.459
i=30, infea=0.0952564, nnz_a=13.3929, nnz_b=17.0502, uni_search=0.825864, uni_subSolve=0.0576025, uni_maintain=0.0623803, bi_search=17.4429, bi_subSolve=0.0217663, bi_maintain=0.0807535, admm_maintain=0.0248381, area1=-nan, area23=-nan, area4=-nan, dual_obj=-102.543, overall time=698.036
i=31, infea=0.0960972, nnz_a=13.5541, nnz_b=17.3993, uni_search=0.833503, uni_subSolve=0.0582031, uni_maintain=0.0621134, bi_search=17.4567, bi_subSolve=0.0221676, bi_maintain=0.0812212, admm_maintain=0.025045, area1=-nan, area23=-nan, area4=-nan, dual_obj=-104.449, overall time=716.635
i=32, infea=0.096907, nnz_a=13.7073, nnz_b=17.7474, uni_search=0.83353, uni_subSolve=0.0588474, uni_maintain=0.0627402, bi_search=17.4588, bi_subSolve=0.0226604, bi_maintain=0.0820998, admm_maintain=0.0253069, area1=-nan, area23=-nan, area4=-nan, dual_obj=-106.284, overall time=735.239
i=33, infea=0.0976872, nnz_a=13.8639, nnz_b=18.0858, uni_search=0.833406, uni_subSolve=0.0594313, uni_maintain=0.0659878, bi_search=17.4568, bi_subSolve=0.0232137, bi_maintain=0.0832867, admm_maintain=0.0254863, area1=-nan, area23=-nan, area4=-nan, dual_obj=-108.044, overall time=753.847
i=34, infea=0.0984141, nnz_a=14.0152, nnz_b=18.4318, uni_search=0.826787, uni_subSolve=0.0598748, uni_maintain=0.0667505, bi_search=17.4622, bi_subSolve=0.0237619, bi_maintain=0.0846993, admm_maintain=0.0257472, area1=-nan, area23=-nan, area4=-nan, dual_obj=-109.744, p_obj=163.871, heldout Acc=0.562418, overall time=793.842
i=35, infea=0.0990507, nnz_a=14.1819, nnz_b=18.7679, uni_search=0.833589, uni_subSolve=0.0604804, uni_maintain=0.0650447, bi_search=17.4601, bi_subSolve=0.0243036, bi_maintain=0.0861784, admm_maintain=0.0259942, area1=-nan, area23=-nan, area4=-nan, dual_obj=-111.393, overall time=812.458
i=36, infea=0.0996024, nnz_a=14.3196, nnz_b=19.0979, uni_search=0.833652, uni_subSolve=0.0611012, uni_maintain=0.0678169, bi_search=17.4606, bi_subSolve=0.0247023, bi_maintain=0.0864867, admm_maintain=0.0261264, area1=-nan, area23=-nan, area4=-nan, dual_obj=-112.975, overall time=831.079
i=37, infea=0.100081, nnz_a=14.4692, nnz_b=19.4269, uni_search=0.83371, uni_subSolve=0.0616481, uni_maintain=0.0682758, bi_search=17.4622, bi_subSolve=0.0252733, bi_maintain=0.0878894, admm_maintain=0.0264729, area1=-nan, area23=-nan, area4=-nan, dual_obj=-114.481, overall time=849.705
i=38, infea=0.10053, nnz_a=14.6095, nnz_b=19.735, uni_search=0.833994, uni_subSolve=0.0621558, uni_maintain=0.0664096, bi_search=17.4606, bi_subSolve=0.0257722, bi_maintain=0.0888591, admm_maintain=0.0266005, area1=-nan, area23=-nan, area4=-nan, dual_obj=-115.954, overall time=868.33
i=39, infea=0.10092, nnz_a=14.7565, nnz_b=20.0491, uni_search=0.833522, uni_subSolve=0.0626858, uni_maintain=0.0668605, bi_search=17.462, bi_subSolve=0.0262241, bi_maintain=0.0896077, admm_maintain=0.0268054, area1=-nan, area23=-nan, area4=-nan, dual_obj=-117.347, p_obj=142.718, heldout Acc=0.553219 (1/10), overall time=908.245
i=40, infea=0.101285, nnz_a=14.8904, nnz_b=20.3472, uni_search=0.833692, uni_subSolve=0.0632752, uni_maintain=0.0681574, bi_search=17.4607, bi_subSolve=0.0265914, bi_maintain=0.0897995, admm_maintain=0.0269972, area1=-nan, area23=-nan, area4=-nan, dual_obj=-118.695, overall time=926.875
i=41, infea=0.10161, nnz_a=15.0387, nnz_b=20.6368, uni_search=0.834014, uni_subSolve=0.0637578, uni_maintain=0.0700217, bi_search=17.4612, bi_subSolve=0.0271071, bi_maintain=0.0909172, admm_maintain=0.0271774, area1=-nan, area23=-nan, area4=-nan, dual_obj=-119.968, overall time=945.51
i=42, infea=0.101846, nnz_a=15.1907, nnz_b=20.9209, uni_search=0.83373, uni_subSolve=0.0642904, uni_maintain=0.0711475, bi_search=17.4632, bi_subSolve=0.0274581, bi_maintain=0.0903721, admm_maintain=0.0274459, area1=-nan, area23=-nan, area4=-nan, dual_obj=-121.182, overall time=964.15
i=43, infea=0.102083, nnz_a=15.3264, nnz_b=21.2035, uni_search=0.833755, uni_subSolve=0.0648877, uni_maintain=0.0691471, bi_search=17.4621, bi_subSolve=0.0279341, bi_maintain=0.091012, admm_maintain=0.0275358, area1=-nan, area23=-nan, area4=-nan, dual_obj=-122.362, overall time=982.787
i=44, infea=0.102243, nnz_a=15.4724, nnz_b=21.4736, uni_search=0.833649, uni_subSolve=0.0653479, uni_maintain=0.072214, bi_search=17.4671, bi_subSolve=0.0284899, bi_maintain=0.0940061, admm_maintain=0.0278279, area1=-nan, area23=-nan, area4=-nan, dual_obj=-123.49, p_obj=134.048, heldout Acc=0.570302, overall time=1022.95
i=45, infea=0.102338, nnz_a=15.5979, nnz_b=21.7346, uni_search=0.833746, uni_subSolve=0.0658898, uni_maintain=0.0701919, bi_search=17.4662, bi_subSolve=0.0290474, bi_maintain=0.095238, admm_maintain=0.0279652, area1=-nan, area23=-nan, area4=-nan, dual_obj=-124.57, overall time=1041.6
i=46, infea=0.102394, nnz_a=15.7383, nnz_b=21.9815, uni_search=0.833928, uni_subSolve=0.0664247, uni_maintain=0.0730995, bi_search=17.4651, bi_subSolve=0.0292721, bi_maintain=0.0936659, admm_maintain=0.028129, area1=-nan, area23=-nan, area4=-nan, dual_obj=-125.585, overall time=1060.25
i=47, infea=0.102452, nnz_a=15.8802, nnz_b=22.2437, uni_search=0.833614, uni_subSolve=0.0669426, uni_maintain=0.0711258, bi_search=17.4654, bi_subSolve=0.0297049, bi_maintain=0.094681, admm_maintain=0.0283033, area1=-nan, area23=-nan, area4=-nan, dual_obj=-126.561, overall time=1078.9
i=48, infea=0.102447, nnz_a=16.0161, nnz_b=22.4845, uni_search=0.834282, uni_subSolve=0.067486, uni_maintain=0.0716842, bi_search=17.4616, bi_subSolve=0.0300652, bi_maintain=0.0945491, admm_maintain=0.0284142, area1=-nan, area23=-nan, area4=-nan, dual_obj=-127.488, overall time=1097.55
i=49, infea=0.102407, nnz_a=16.1519, nnz_b=22.7312, uni_search=0.833761, uni_subSolve=0.0679603, uni_maintain=0.0720726, bi_search=18.2742, bi_subSolve=0.03746, bi_maintain=0.137089, admm_maintain=0.0392685, area1=-nan, area23=-nan, area4=-nan, dual_obj=-128.376, p_obj=118.847, heldout Acc=0.596583, overall time=1156.19
i=50, infea=0.102339, nnz_a=16.2763, nnz_b=22.978, uni_search=0.835872, uni_subSolve=0.0688139, uni_maintain=0.0733052, bi_search=19.6489, bi_subSolve=0.0497319, bi_maintain=0.19486, admm_maintain=0.0418402, area1=-nan, area23=-nan, area4=-nan, dual_obj=-129.211, overall time=1177.18
i=51, infea=0.10224, nnz_a=16.3943, nnz_b=23.2014, uni_search=0.945419, uni_subSolve=0.0778199, uni_maintain=0.087719, bi_search=22.7529, bi_subSolve=0.0674056, bi_maintain=0.290741, admm_maintain=0.0599408, area1=-nan, area23=-nan, area4=-nan, dual_obj=-130.004, overall time=1201.56
i=52, infea=0.102109, nnz_a=16.5157, nnz_b=23.4236, uni_search=1.28813, uni_subSolve=0.0977274, uni_maintain=0.12179, bi_search=22.4533, bi_subSolve=0.0678815, bi_maintain=0.268447, admm_maintain=0.0413612, area1=-nan, area23=-nan, area4=-nan, dual_obj=-130.764, overall time=1225.99
i=53, infea=0.101921, nnz_a=16.6546, nnz_b=23.6398, uni_search=0.983023, uni_subSolve=0.0819879, uni_maintain=0.0938926, bi_search=22.1399, bi_subSolve=0.0674491, bi_maintain=0.265482, admm_maintain=0.0392697, area1=-nan, area23=-nan, area4=-nan, dual_obj=-131.495, overall time=1249.75
i=54, infea=0.101719, nnz_a=16.7622, nnz_b=23.837, uni_search=0.981241, uni_subSolve=0.0825024, uni_maintain=0.0945682, bi_search=22.872, bi_subSolve=0.0683877, bi_maintain=0.256074, admm_maintain=0.0375871, area1=-nan, area23=-nan, area4=-nan, dual_obj=-132.194, p_obj=117.35, heldout Acc=0.578844 (1/10), overall time=1310.05
i=55, infea=0.101481, nnz_a=16.8884, nnz_b=24.0406, uni_search=0.916446, uni_subSolve=0.077013, uni_maintain=0.0854932, bi_search=18.1639, bi_subSolve=0.0482254, bi_maintain=0.231525, admm_maintain=0.0399023, area1=-nan, area23=-nan, area4=-nan, dual_obj=-132.842, overall time=1329.69
i=56, infea=0.101208, nnz_a=17.0012, nnz_b=24.2145, uni_search=0.916591, uni_subSolve=0.0777063, uni_maintain=0.0858763, bi_search=18.1494, bi_subSolve=0.0483296, bi_maintain=0.231023, admm_maintain=0.0363531, area1=-nan, area23=-nan, area4=-nan, dual_obj=-133.472, overall time=1349.31
i=57, infea=0.100917, nnz_a=17.1178, nnz_b=24.4244, uni_search=0.975861, uni_subSolve=0.0839345, uni_maintain=0.0960317, bi_search=22.5254, bi_subSolve=0.0711005, bi_maintain=0.260444, admm_maintain=0.0557357, area1=-nan, area23=-nan, area4=-nan, dual_obj=-134.065, overall time=1373.47
i=58, infea=0.100613, nnz_a=17.2388, nnz_b=24.6084, uni_search=1.16784, uni_subSolve=0.0956139, uni_maintain=0.117329, bi_search=20.221, bi_subSolve=0.06438, bi_maintain=0.249102, admm_maintain=0.0384182, area1=-nan, area23=-nan, area4=-nan, dual_obj=-134.639, overall time=1395.51
i=59, infea=0.100277, nnz_a=17.3628, nnz_b=24.7784, uni_search=0.980057, uni_subSolve=0.085131, uni_maintain=0.0973508, bi_search=21.6028, bi_subSolve=0.0678488, bi_maintain=0.256183, admm_maintain=0.0386322, area1=-nan, area23=-nan, area4=-nan, dual_obj=-135.181, p_obj=112.639, heldout Acc=0.576873 (2/10), overall time=1455.53
i=60, infea=0.0999466, nnz_a=17.4778, nnz_b=24.9563, uni_search=1.23078, uni_subSolve=0.100454, uni_maintain=0.124871, bi_search=19.3738, bi_subSolve=0.0533141, bi_maintain=0.194971, admm_maintain=0.035853, area1=-nan, area23=-nan, area4=-nan, dual_obj=-135.707, overall time=1476.73
i=61, infea=0.0996035, nnz_a=17.5749, nnz_b=25.1155, uni_search=0.843561, uni_subSolve=0.0745931, uni_maintain=0.0788387, bi_search=17.474, bi_subSolve=0.0361573, bi_maintain=0.111597, admm_maintain=0.0359383, area1=-nan, area23=-nan, area4=-nan, dual_obj=-136.205, overall time=1495.45
i=62, infea=0.0992303, nnz_a=17.674, nnz_b=25.2877, uni_search=0.843614, uni_subSolve=0.074991, uni_maintain=0.0791303, bi_search=17.4753, bi_subSolve=0.0365168, bi_maintain=0.112194, admm_maintain=0.0342406, area1=-nan, area23=-nan, area4=-nan, dual_obj=-136.694, overall time=1514.17
i=63, infea=0.0988382, nnz_a=17.782, nnz_b=25.4627, uni_search=0.840366, uni_subSolve=0.0750012, uni_maintain=0.079158, bi_search=17.4748, bi_subSolve=0.0366747, bi_maintain=0.111864, admm_maintain=0.0361479, area1=-nan, area23=-nan, area4=-nan, dual_obj=-137.137, overall time=1532.89
i=64, infea=0.0984331, nnz_a=17.8892, nnz_b=25.6152, uni_search=0.843549, uni_subSolve=0.0758081, uni_maintain=0.0799019, bi_search=17.474, bi_subSolve=0.0371202, bi_maintain=0.112538, admm_maintain=0.0363112, area1=-nan, area23=-nan, area4=-nan, dual_obj=-137.571, p_obj=112.399, heldout Acc=0.600526, overall time=1576.21
i=65, infea=0.0979921, nnz_a=17.989, nnz_b=25.7778, uni_search=0.843652, uni_subSolve=0.076246, uni_maintain=0.0803632, bi_search=17.4746, bi_subSolve=0.0374051, bi_maintain=0.113775, admm_maintain=0.0376762, area1=-nan, area23=-nan, area4=-nan, dual_obj=-137.974, overall time=1594.94
i=66, infea=0.0975659, nnz_a=18.0864, nnz_b=25.9248, uni_search=0.846314, uni_subSolve=0.0769229, uni_maintain=0.0811636, bi_search=17.4754, bi_subSolve=0.0375574, bi_maintain=0.112832, admm_maintain=0.036571, area1=-nan, area23=-nan, area4=-nan, dual_obj=-138.377, overall time=1613.67
i=67, infea=0.0971424, nnz_a=18.183, nnz_b=26.0824, uni_search=0.843564, uni_subSolve=0.0770199, uni_maintain=0.0810292, bi_search=17.4862, bi_subSolve=0.0378508, bi_maintain=0.113597, admm_maintain=0.0366429, area1=-nan, area23=-nan, area4=-nan, dual_obj=-138.756, overall time=1632.41
i=68, infea=0.0966751, nnz_a=18.2834, nnz_b=26.2393, uni_search=0.843661, uni_subSolve=0.0774028, uni_maintain=0.0814436, bi_search=17.484, bi_subSolve=0.0382657, bi_maintain=0.11506, admm_maintain=0.0350266, area1=-nan, area23=-nan, area4=-nan, dual_obj=-139.108, overall time=1651.15
i=69, infea=0.0962024, nnz_a=18.3672, nnz_b=26.3714, uni_search=0.840414, uni_subSolve=0.0774284, uni_maintain=0.0813766, bi_search=17.4838, bi_subSolve=0.0384562, bi_maintain=0.114007, admm_maintain=0.0368374, area1=-nan, area23=-nan, area4=-nan, dual_obj=-139.432, p_obj=102.675, heldout Acc=0.611038, overall time=1694.09
i=70, infea=0.0957376, nnz_a=18.458, nnz_b=26.5013, uni_search=0.843862, uni_subSolve=0.0781094, uni_maintain=0.0821434, bi_search=17.4836, bi_subSolve=0.0387019, bi_maintain=0.115307, admm_maintain=0.0370332, area1=-nan, area23=-nan, area4=-nan, dual_obj=-139.759, overall time=1712.84
i=71, infea=0.095254, nnz_a=18.5508, nnz_b=26.6225, uni_search=0.84363, uni_subSolve=0.0784941, uni_maintain=0.0824406, bi_search=17.485, bi_subSolve=0.03908, bi_maintain=0.11607, admm_maintain=0.0389403, area1=-nan, area23=-nan, area4=-nan, dual_obj=-140.068, overall time=1731.59
i=72, infea=0.0947693, nnz_a=18.6402, nnz_b=26.7462, uni_search=0.841229, uni_subSolve=0.07855, uni_maintain=0.082523, bi_search=17.4837, bi_subSolve=0.0390801, bi_maintain=0.114845, admm_maintain=0.0372532, area1=-nan, area23=-nan, area4=-nan, dual_obj=-140.35, overall time=1750.33
i=73, infea=0.0942874, nnz_a=18.71, nnz_b=26.8807, uni_search=0.843704, uni_subSolve=0.0791743, uni_maintain=0.0832025, bi_search=17.484, bi_subSolve=0.0393679, bi_maintain=0.116264, admm_maintain=0.0372954, area1=-nan, area23=-nan, area4=-nan, dual_obj=-140.611, overall time=1769.08
i=74, infea=0.0937818, nnz_a=18.7958, nnz_b=27.0027, uni_search=0.844044, uni_subSolve=0.0794856, uni_maintain=0.0833428, bi_search=17.4845, bi_subSolve=0.0396747, bi_maintain=0.116285, admm_maintain=0.0356166, area1=-nan, area23=-nan, area4=-nan, dual_obj=-140.856, p_obj=97.3352, heldout Acc=0.607096 (1/10), overall time=1811.42
i=75, infea=0.0932867, nnz_a=18.8704, nnz_b=27.1322, uni_search=0.847436, uni_subSolve=0.0802649, uni_maintain=0.0842224, bi_search=17.4842, bi_subSolve=0.0399057, bi_maintain=0.116069, admm_maintain=0.0375051, area1=-nan, area23=-nan, area4=-nan, dual_obj=-141.099, overall time=1830.17
i=76, infea=0.0927634, nnz_a=18.9351, nnz_b=27.2587, uni_search=0.843846, uni_subSolve=0.0801547, uni_maintain=0.0839534, bi_search=17.4844, bi_subSolve=0.0400777, bi_maintain=0.116657, admm_maintain=0.0376288, area1=-nan, area23=-nan, area4=-nan, dual_obj=-141.327, overall time=1848.93
i=77, infea=0.0922343, nnz_a=19.0255, nnz_b=27.3865, uni_search=0.84373, uni_subSolve=0.0803782, uni_maintain=0.0840698, bi_search=17.486, bi_subSolve=0.0405424, bi_maintain=0.118083, admm_maintain=0.0395887, area1=-nan, area23=-nan, area4=-nan, dual_obj=-141.547, overall time=1867.68
i=78, infea=0.0917015, nnz_a=19.0958, nnz_b=27.5202, uni_search=0.846702, uni_subSolve=0.0811356, uni_maintain=0.0849425, bi_search=17.4849, bi_subSolve=0.040514, bi_maintain=0.117069, admm_maintain=0.0377997, area1=-nan, area23=-nan, area4=-nan, dual_obj=-141.755, overall time=1886.44
i=79, infea=0.0911572, nnz_a=19.1748, nnz_b=27.6602, uni_search=0.843935, uni_subSolve=0.0810262, uni_maintain=0.0846869, bi_search=17.4859, bi_subSolve=0.040869, bi_maintain=0.117569, admm_maintain=0.0378817, area1=-nan, area23=-nan, area4=-nan, dual_obj=-141.944, p_obj=100.267, heldout Acc=0.606439 (2/10), overall time=1931.77
i=80, infea=0.0906151, nnz_a=19.2476, nnz_b=27.771, uni_search=0.877352, uni_subSolve=0.0839122, uni_maintain=0.0901537, bi_search=18.0919, bi_subSolve=0.0545452, bi_maintain=0.238341, admm_maintain=0.0373646, area1=-nan, area23=-nan, area4=-nan, dual_obj=-142.141, overall time=1951.31
i=81, infea=0.0900641, nnz_a=19.2956, nnz_b=27.891, uni_search=0.871301, uni_subSolve=0.0837874, uni_maintain=0.0899456, bi_search=18.0774, bi_subSolve=0.0543707, bi_maintain=0.236845, admm_maintain=0.0399097, area1=-nan, area23=-nan, area4=-nan, dual_obj=-142.307, overall time=1970.84
i=82, infea=0.0894958, nnz_a=19.3725, nnz_b=27.987, uni_search=0.878556, uni_subSolve=0.084541, uni_maintain=0.0904944, bi_search=18.0871, bi_subSolve=0.0549345, bi_maintain=0.239227, admm_maintain=0.0400196, area1=-nan, area23=-nan, area4=-nan, dual_obj=-142.468, overall time=1990.39
i=83, infea=0.0889412, nnz_a=19.4257, nnz_b=28.0821, uni_search=0.878154, uni_subSolve=0.0848206, uni_maintain=0.0907985, bi_search=18.0844, bi_subSolve=0.0549838, bi_maintain=0.238186, admm_maintain=0.0400952, area1=-nan, area23=-nan, area4=-nan, dual_obj=-142.611, overall time=2009.94
i=84, infea=0.0884026, nnz_a=19.4955, nnz_b=28.2076, uni_search=0.877757, uni_subSolve=0.0855071, uni_maintain=0.0906709, bi_search=17.516, bi_subSolve=0.0436262, bi_maintain=0.129936, admm_maintain=0.0447017, area1=-nan, area23=-nan, area4=-nan, dual_obj=-142.747, p_obj=97.1191, heldout Acc=0.612352, overall time=2053.42
i=85, infea=0.0878579, nnz_a=19.565, nnz_b=28.3088, uni_search=0.886557, uni_subSolve=0.0861161, uni_maintain=0.0931893, bi_search=18.078, bi_subSolve=0.055353, bi_maintain=0.239365, admm_maintain=0.0404276, area1=-nan, area23=-nan, area4=-nan, dual_obj=-142.879, overall time=2072.97
i=86, infea=0.0873146, nnz_a=19.6243, nnz_b=28.4169, uni_search=0.877594, uni_subSolve=0.0855391, uni_maintain=0.0920274, bi_search=18.0907, bi_subSolve=0.0559208, bi_maintain=0.241942, admm_maintain=0.040309, area1=-nan, area23=-nan, area4=-nan, dual_obj=-142.982, overall time=2092.53
i=87, infea=0.086776, nnz_a=19.6803, nnz_b=28.5194, uni_search=0.87775, uni_subSolve=0.0858743, uni_maintain=0.0922677, bi_search=18.0853, bi_subSolve=0.0558807, bi_maintain=0.241242, admm_maintain=0.040375, area1=-nan, area23=-nan, area4=-nan, dual_obj=-143.09, overall time=2112.09
i=88, infea=0.0862511, nnz_a=19.7385, nnz_b=28.6163, uni_search=0.875717, uni_subSolve=0.0864186, uni_maintain=0.0919115, bi_search=17.5153, bi_subSolve=0.0445004, bi_maintain=0.132613, admm_maintain=0.0457466, area1=-nan, area23=-nan, area4=-nan, dual_obj=-143.188, overall time=2130.95
i=89, infea=0.0857029, nnz_a=19.7833, nnz_b=28.6963, uni_search=0.885642, uni_subSolve=0.087087, uni_maintain=0.0971948, bi_search=18.0808, bi_subSolve=0.0563394, bi_maintain=0.242103, admm_maintain=0.0406422, area1=-nan, area23=-nan, area4=-nan, dual_obj=-143.284, p_obj=95.3692, heldout Acc=0.617608, overall time=2182.9
i=90, infea=0.0851637, nnz_a=19.8449, nnz_b=28.7916, uni_search=0.877394, uni_subSolve=0.0866142, uni_maintain=0.0925988, bi_search=17.8483, bi_subSolve=0.052714, bi_maintain=0.186248, admm_maintain=0.0416495, area1=-nan, area23=-nan, area4=-nan, dual_obj=-143.366, overall time=2202.16
i=91, infea=0.0846135, nnz_a=19.8861, nnz_b=28.8895, uni_search=0.877233, uni_subSolve=0.0871944, uni_maintain=0.0922644, bi_search=17.5353, bi_subSolve=0.0445254, bi_maintain=0.113553, admm_maintain=0.0416165, area1=-nan, area23=-nan, area4=-nan, dual_obj=-143.438, overall time=2221.01
i=92, infea=0.0840617, nnz_a=19.9472, nnz_b=28.9704, uni_search=0.876623, uni_subSolve=0.0873913, uni_maintain=0.0922544, bi_search=17.5299, bi_subSolve=0.0447044, bi_maintain=0.113372, admm_maintain=0.0452359, area1=-nan, area23=-nan, area4=-nan, dual_obj=-143.502, overall time=2239.87
i=93, infea=0.0835176, nnz_a=20.0075, nnz_b=29.0603, uni_search=0.879821, uni_subSolve=0.0879058, uni_maintain=0.0930952, bi_search=17.4725, bi_subSolve=0.0452174, bi_maintain=0.113172, admm_maintain=0.0414364, area1=-nan, area23=-nan, area4=-nan, dual_obj=-143.557, overall time=2258.67
i=94, infea=0.0829709, nnz_a=20.0633, nnz_b=29.1301, uni_search=0.873193, uni_subSolve=0.0871709, uni_maintain=0.0922435, bi_search=17.4388, bi_subSolve=0.0438497, bi_maintain=0.107267, admm_maintain=0.0415138, area1=-nan, area23=-nan, area4=-nan, dual_obj=-143.621, p_obj=94.9893, heldout Acc=0.625493, overall time=2301.18
i=95, infea=0.0824257, nnz_a=20.1051, nnz_b=29.22, uni_search=1.01952, uni_subSolve=0.103897, uni_maintain=0.116917, bi_search=17.6846, bi_subSolve=0.0459254, bi_maintain=0.115271, admm_maintain=0.0427177, area1=-nan, area23=-nan, area4=-nan, dual_obj=-143.664, overall time=2320.38
i=96, infea=0.0818676, nnz_a=20.155, nnz_b=29.3192, uni_search=0.929129, uni_subSolve=0.0934198, uni_maintain=0.101406, bi_search=17.5715, bi_subSolve=0.0456932, bi_maintain=0.11311, admm_maintain=0.0486957, area1=-nan, area23=-nan, area4=-nan, dual_obj=-143.706, overall time=2339.35
i=97, infea=0.0813204, nnz_a=20.2024, nnz_b=29.4109, uni_search=0.87388, uni_subSolve=0.0876849, uni_maintain=0.096741, bi_search=17.7038, bi_subSolve=0.0546316, bi_maintain=0.184997, admm_maintain=0.0406058, area1=-nan, area23=-nan, area4=-nan, dual_obj=-143.742, overall time=2358.47
i=98, infea=0.0807769, nnz_a=20.2422, nnz_b=29.4785, uni_search=0.874469, uni_subSolve=0.0879658, uni_maintain=0.0935675, bi_search=17.7006, bi_subSolve=0.0547577, bi_maintain=0.183827, admm_maintain=0.0405217, area1=-nan, area23=-nan, area4=-nan, dual_obj=-143.771, overall time=2377.57
i=99, infea=0.0802421, nnz_a=20.2759, nnz_b=29.5508, uni_search=0.87456, uni_subSolve=0.0880371, uni_maintain=0.0935571, bi_search=17.7067, bi_subSolve=0.0553006, bi_maintain=0.187466, admm_maintain=0.0434046, area1=-nan, area23=-nan, area4=-nan, dual_obj=-143.795, p_obj=93.2511, heldout Acc=0.612352 (1/10), overall time=2420.33
i=100, infea=0.079706, nnz_a=20.3118, nnz_b=29.624, uni_search=0.882378, uni_subSolve=0.0891342, uni_maintain=0.0944638, bi_search=17.4595, bi_subSolve=0.0444367, bi_maintain=0.106763, admm_maintain=0.0417434, area1=-nan, area23=-nan, area4=-nan, dual_obj=-143.83, overall time=2439.12
i=101, infea=0.0791803, nnz_a=20.366, nnz_b=29.7103, uni_search=0.87423, uni_subSolve=0.0882741, uni_maintain=0.0972865, bi_search=17.7024, bi_subSolve=0.0552659, bi_maintain=0.18623, admm_maintain=0.040625, area1=-nan, area23=-nan, area4=-nan, dual_obj=-143.865, overall time=2458.23
i=102, infea=0.0786695, nnz_a=20.3969, nnz_b=29.7805, uni_search=0.874112, uni_subSolve=0.0883764, uni_maintain=0.094162, bi_search=17.6797, bi_subSolve=0.0552268, bi_maintain=0.183778, admm_maintain=0.0379503, area1=-nan, area23=-nan, area4=-nan, dual_obj=-143.887, overall time=2477.32
i=103, infea=0.0781685, nnz_a=20.438, nnz_b=29.865, uni_search=0.867599, uni_subSolve=0.0879509, uni_maintain=0.0929971, bi_search=17.6987, bi_subSolve=0.0554561, bi_maintain=0.185679, admm_maintain=0.0409969, area1=-nan, area23=-nan, area4=-nan, dual_obj=-143.911, overall time=2496.42
i=104, infea=0.077646, nnz_a=20.4791, nnz_b=29.9345, uni_search=0.881057, uni_subSolve=0.0894258, uni_maintain=0.0948029, bi_search=17.7, bi_subSolve=0.0558919, bi_maintain=0.186373, admm_maintain=0.0407599, area1=-nan, area23=-nan, area4=-nan, dual_obj=-143.927, p_obj=93.4751, heldout Acc=0.630749, overall time=2547.99
i=105, infea=0.0771372, nnz_a=20.5181, nnz_b=30.0027, uni_search=0.87392, uni_subSolve=0.0889692, uni_maintain=0.094472, bi_search=17.6955, bi_subSolve=0.0561018, bi_maintain=0.187137, admm_maintain=0.0408543, area1=-nan, area23=-nan, area4=-nan, dual_obj=-143.949, overall time=2567.1
i=106, infea=0.0766224, nnz_a=20.5614, nnz_b=30.066, uni_search=0.873755, uni_subSolve=0.0891836, uni_maintain=0.0946339, bi_search=17.6929, bi_subSolve=0.0558585, bi_maintain=0.186119, admm_maintain=0.0408931, area1=-nan, area23=-nan, area4=-nan, dual_obj=-143.96, overall time=2586.21
i=107, infea=0.0761123, nnz_a=20.5951, nnz_b=30.1278, uni_search=0.873841, uni_subSolve=0.0894032, uni_maintain=0.0949297, bi_search=17.7012, bi_subSolve=0.0564208, bi_maintain=0.188019, admm_maintain=0.043786, area1=-nan, area23=-nan, area4=-nan, dual_obj=-143.967, overall time=2605.33
i=108, infea=0.075608, nnz_a=20.6418, nnz_b=30.2003, uni_search=0.881098, uni_subSolve=0.0900383, uni_maintain=0.0957918, bi_search=17.6864, bi_subSolve=0.0561608, bi_maintain=0.185592, admm_maintain=0.0409302, area1=-nan, area23=-nan, area4=-nan, dual_obj=-143.967, overall time=2624.44
i=109, infea=0.0751106, nnz_a=20.6735, nnz_b=30.2569, uni_search=0.873973, uni_subSolve=0.0896958, uni_maintain=0.0951533, bi_search=17.686, bi_subSolve=0.0563065, bi_maintain=0.186281, admm_maintain=0.0409611, area1=-nan, area23=-nan, area4=-nan, dual_obj=-143.965, p_obj=92.3608, heldout Acc=0.625493 (1/10), overall time=2667.95
i=110, infea=0.0746101, nnz_a=20.7128, nnz_b=30.3197, uni_search=0.873102, uni_subSolve=0.0900584, uni_maintain=0.0947888, bi_search=17.4583, bi_subSolve=0.0457027, bi_maintain=0.10735, admm_maintain=0.039356, area1=-nan, area23=-nan, area4=-nan, dual_obj=-143.949, overall time=2686.73
i=111, infea=0.0741302, nnz_a=20.736, nnz_b=30.372, uni_search=0.868394, uni_subSolve=0.0898144, uni_maintain=0.0944225, bi_search=17.4582, bi_subSolve=0.0457729, bi_maintain=0.10772, admm_maintain=0.0422761, area1=-nan, area23=-nan, area4=-nan, dual_obj=-143.942, overall time=2705.5
i=112, infea=0.073644, nnz_a=20.7708, nnz_b=30.4481, uni_search=0.873908, uni_subSolve=0.0900388, uni_maintain=0.0988173, bi_search=17.6886, bi_subSolve=0.0569007, bi_maintain=0.188096, admm_maintain=0.0409791, area1=-nan, area23=-nan, area4=-nan, dual_obj=-143.927, overall time=2724.61
i=113, infea=0.0731599, nnz_a=20.792, nnz_b=30.5147, uni_search=0.873152, uni_subSolve=0.0905066, uni_maintain=0.0953112, bi_search=17.4474, bi_subSolve=0.046054, bi_maintain=0.107559, admm_maintain=0.0422341, area1=-nan, area23=-nan, area4=-nan, dual_obj=-143.916, overall time=2743.38
i=114, infea=0.0726914, nnz_a=20.8214, nnz_b=30.5958, uni_search=0.876677, uni_subSolve=0.0910233, uni_maintain=0.096114, bi_search=17.7595, bi_subSolve=0.048817, bi_maintain=0.119194, admm_maintain=0.0582438, area1=-nan, area23=-nan, area4=-nan, dual_obj=-143.904, p_obj=91.917, heldout Acc=0.630092 (2/10), overall time=2790.13
i=115, infea=0.0722259, nnz_a=20.8528, nnz_b=30.6658, uni_search=1.33384, uni_subSolve=0.149549, uni_maintain=0.181789, bi_search=17.5618, bi_subSolve=0.0477736, bi_maintain=0.112435, admm_maintain=0.0494061, area1=-nan, area23=-nan, area4=-nan, dual_obj=-143.877, overall time=2809.63
i=116, infea=0.0717574, nnz_a=20.8999, nnz_b=30.7391, uni_search=1.01929, uni_subSolve=0.107395, uni_maintain=0.119621, bi_search=17.7634, bi_subSolve=0.0488059, bi_maintain=0.115676, admm_maintain=0.0496394, area1=-nan, area23=-nan, area4=-nan, dual_obj=-143.858, overall time=2828.93
i=117, infea=0.0713031, nnz_a=20.9258, nnz_b=30.8032, uni_search=1.01906, uni_subSolve=0.107731, uni_maintain=0.119874, bi_search=17.6511, bi_subSolve=0.0485186, bi_maintain=0.114796, admm_maintain=0.0497848, area1=-nan, area23=-nan, area4=-nan, dual_obj=-143.824, overall time=2848.1
i=118, infea=0.0708496, nnz_a=20.9554, nnz_b=30.8874, uni_search=1.01899, uni_subSolve=0.107842, uni_maintain=0.120095, bi_search=17.646, bi_subSolve=0.0489195, bi_maintain=0.115547, admm_maintain=0.0604598, area1=-nan, area23=-nan, area4=-nan, dual_obj=-143.792, overall time=2867.29
i=119, infea=0.070408, nnz_a=20.9835, nnz_b=30.9435, uni_search=1.322, uni_subSolve=0.147958, uni_maintain=0.178145, bi_search=17.5868, bi_subSolve=0.04841, bi_maintain=0.113301, admm_maintain=0.049507, area1=-nan, area23=-nan, area4=-nan, dual_obj=-143.76, p_obj=90.3575, heldout Acc=0.640604, overall time=2914.7
i=120, infea=0.0699559, nnz_a=21.0199, nnz_b=31.0277, uni_search=0.873815, uni_subSolve=0.0914246, uni_maintain=0.0968369, bi_search=17.4497, bi_subSolve=0.0468912, bi_maintain=0.107091, admm_maintain=0.0427377, area1=-nan, area23=-nan, area4=-nan, dual_obj=-143.718, overall time=2933.48
i=121, infea=0.0695066, nnz_a=21.0569, nnz_b=31.0791, uni_search=0.876317, uni_subSolve=0.0919605, uni_maintain=0.0967531, bi_search=17.4452, bi_subSolve=0.0471846, bi_maintain=0.108019, admm_maintain=0.0399119, area1=-nan, area23=-nan, area4=-nan, dual_obj=-143.671, overall time=2952.25
i=122, infea=0.0690741, nnz_a=21.0875, nnz_b=31.1386, uni_search=0.930214, uni_subSolve=0.0978407, uni_maintain=0.108905, bi_search=17.5561, bi_subSolve=0.0490903, bi_maintain=0.116313, admm_maintain=0.0500277, area1=-nan, area23=-nan, area4=-nan, dual_obj=-143.639, overall time=2971.22
i=123, infea=0.0686315, nnz_a=21.1254, nnz_b=31.197, uni_search=1.01796, uni_subSolve=0.108542, uni_maintain=0.120306, bi_search=17.7576, bi_subSolve=0.049775, bi_maintain=0.117067, admm_maintain=0.0499288, area1=-nan, area23=-nan, area4=-nan, dual_obj=-143.588, overall time=2990.51
i=124, infea=0.0682039, nnz_a=21.1594, nnz_b=31.2556, uni_search=1.0182, uni_subSolve=0.108625, uni_maintain=0.120451, bi_search=17.6549, bi_subSolve=0.0496243, bi_maintain=0.116258, admm_maintain=0.0500104, area1=-nan, area23=-nan, area4=-nan, dual_obj=-143.542, p_obj=90.5369, heldout Acc=0.642576, overall time=3038.68
i=125, infea=0.067776, nnz_a=21.186, nnz_b=31.3305, uni_search=1.01834, uni_subSolve=0.108905, uni_maintain=0.1209, bi_search=17.6397, bi_subSolve=0.0498276, bi_maintain=0.117311, admm_maintain=0.0590158, area1=-nan, area23=-nan, area4=-nan, dual_obj=-143.487, overall time=3057.86
i=126, infea=0.0673535, nnz_a=21.2052, nnz_b=31.413, uni_search=1.08548, uni_subSolve=0.118228, uni_maintain=0.133891, bi_search=17.5406, bi_subSolve=0.0493301, bi_maintain=0.114538, admm_maintain=0.0499948, area1=-nan, area23=-nan, area4=-nan, dual_obj=-143.435, overall time=3077.02
i=127, infea=0.0669294, nnz_a=21.2335, nnz_b=31.4783, uni_search=1.01768, uni_subSolve=0.10908, uni_maintain=0.120725, bi_search=17.7606, bi_subSolve=0.0504592, bi_maintain=0.117251, admm_maintain=0.0501701, area1=-nan, area23=-nan, area4=-nan, dual_obj=-143.384, overall time=3096.32
i=128, infea=0.0665073, nnz_a=21.2719, nnz_b=31.5429, uni_search=1.01918, uni_subSolve=0.109336, uni_maintain=0.120961, bi_search=17.6535, bi_subSolve=0.0501748, bi_maintain=0.116636, admm_maintain=0.0501545, area1=-nan, area23=-nan, area4=-nan, dual_obj=-143.32, overall time=3115.51
i=129, infea=0.0660828, nnz_a=21.2881, nnz_b=31.5927, uni_search=0.872316, uni_subSolve=0.0922367, uni_maintain=0.100036, bi_search=17.6625, bi_subSolve=0.0596342, bi_maintain=0.193747, admm_maintain=0.0449376, area1=-nan, area23=-nan, area4=-nan, dual_obj=-143.273, p_obj=89.7262, heldout Acc=0.638633 (1/10), overall time=3166.84
i=130, infea=0.0656619, nnz_a=21.3223, nnz_b=31.6474, uni_search=0.866165, uni_subSolve=0.0916954, uni_maintain=0.0965378, bi_search=17.6517, bi_subSolve=0.0593875, bi_maintain=0.191848, admm_maintain=0.0418036, area1=-nan, area23=-nan, area4=-nan, dual_obj=-143.204, overall time=3185.92
i=131, infea=0.0652587, nnz_a=21.3536, nnz_b=31.7101, uni_search=0.874026, uni_subSolve=0.092907, uni_maintain=0.0977554, bi_search=17.4599, bi_subSolve=0.0483607, bi_maintain=0.108438, admm_maintain=0.0427961, area1=-nan, area23=-nan, area4=-nan, dual_obj=-143.139, overall time=3204.7
i=132, infea=0.0648628, nnz_a=21.3795, nnz_b=31.7675, uni_search=0.875115, uni_subSolve=0.0931491, uni_maintain=0.0976484, bi_search=17.452, bi_subSolve=0.0485266, bi_maintain=0.108852, admm_maintain=0.043019, area1=-nan, area23=-nan, area4=-nan, dual_obj=-143.092, overall time=3223.49
i=133, infea=0.0644542, nnz_a=21.4143, nnz_b=31.8145, uni_search=0.878497, uni_subSolve=0.0936554, uni_maintain=0.0980533, bi_search=17.4466, bi_subSolve=0.0486186, bi_maintain=0.108391, admm_maintain=0.0465614, area1=-nan, area23=-nan, area4=-nan, dual_obj=-143.026, overall time=3242.27
i=134, infea=0.0640557, nnz_a=21.4321, nnz_b=31.8928, uni_search=0.869351, uni_subSolve=0.0928768, uni_maintain=0.0965001, bi_search=17.4568, bi_subSolve=0.048416, bi_maintain=0.107057, admm_maintain=0.043112, area1=-nan, area23=-nan, area4=-nan, dual_obj=-142.961, p_obj=93.5983, heldout Acc=0.623522 (2/10), overall time=3285.79
i=135, infea=0.0636675, nnz_a=21.4722, nnz_b=31.9561, uni_search=0.873088, uni_subSolve=0.0932764, uni_maintain=0.0973139, bi_search=17.4603, bi_subSolve=0.0487236, bi_maintain=0.107901, admm_maintain=0.0432013, area1=-nan, area23=-nan, area4=-nan, dual_obj=-142.904, overall time=3304.58
i=136, infea=0.0632959, nnz_a=21.4995, nnz_b=32.0104, uni_search=0.874705, uni_subSolve=0.0936406, uni_maintain=0.0975878, bi_search=17.4464, bi_subSolve=0.0488197, bi_maintain=0.107322, admm_maintain=0.0403386, area1=-nan, area23=-nan, area4=-nan, dual_obj=-142.83, overall time=3323.35
i=137, infea=0.0629292, nnz_a=21.535, nnz_b=32.0704, uni_search=0.875859, uni_subSolve=0.0939451, uni_maintain=0.0981918, bi_search=17.4465, bi_subSolve=0.0488314, bi_maintain=0.107321, admm_maintain=0.0474871, area1=-nan, area23=-nan, area4=-nan, dual_obj=-142.752, overall time=3342.15
i=138, infea=0.0625753, nnz_a=21.5685, nnz_b=32.1287, uni_search=0.881546, uni_subSolve=0.0942077, uni_maintain=0.103053, bi_search=17.6863, bi_subSolve=0.0606608, bi_maintain=0.193717, admm_maintain=0.0419609, area1=-nan, area23=-nan, area4=-nan, dual_obj=-142.682, overall time=3361.28
i=139, infea=0.0622128, nnz_a=21.6102, nnz_b=32.1908, uni_search=1.02083, uni_subSolve=0.111341, uni_maintain=0.12318, bi_search=17.6473, bi_subSolve=0.0514351, bi_maintain=0.117509, admm_maintain=0.0507969, area1=-nan, area23=-nan, area4=-nan, dual_obj=-142.608, p_obj=88.5211, heldout Acc=0.638633 (3/10), overall time=3409.44
i=140, infea=0.0618377, nnz_a=21.6333, nnz_b=32.2514, uni_search=1.01839, uni_subSolve=0.111023, uni_maintain=0.123369, bi_search=17.6643, bi_subSolve=0.0517147, bi_maintain=0.118265, admm_maintain=0.0445733, area1=-nan, area23=-nan, area4=-nan, dual_obj=-142.522, overall time=3428.64
i=141, infea=0.0614512, nnz_a=21.664, nnz_b=32.2889, uni_search=0.927925, uni_subSolve=0.100239, uni_maintain=0.107524, bi_search=17.5455, bi_subSolve=0.0513545, bi_maintain=0.117416, admm_maintain=0.0508978, area1=-nan, area23=-nan, area4=-nan, dual_obj=-142.445, overall time=3447.61
i=142, infea=0.06109, nnz_a=21.6925, nnz_b=32.3418, uni_search=1.0193, uni_subSolve=0.111443, uni_maintain=0.123397, bi_search=17.7606, bi_subSolve=0.0522349, bi_maintain=0.119575, admm_maintain=0.0510655, area1=-nan, area23=-nan, area4=-nan, dual_obj=-142.381, overall time=3466.91
i=143, infea=0.0607132, nnz_a=21.7226, nnz_b=32.4136, uni_search=1.02057, uni_subSolve=0.111855, uni_maintain=0.123414, bi_search=17.6369, bi_subSolve=0.051553, bi_maintain=0.11615, admm_maintain=0.0435837, area1=-nan, area23=-nan, area4=-nan, dual_obj=-142.295, overall time=3486.08
i=144, infea=0.0603425, nnz_a=21.7476, nnz_b=32.4673, uni_search=0.872862, uni_subSolve=0.094481, uni_maintain=0.0983689, bi_search=22.304, bi_subSolve=0.0717415, bi_maintain=0.191711, admm_maintain=0.0420724, area1=-nan, area23=-nan, area4=-nan, dual_obj=-142.218, p_obj=89.5544, heldout Acc=0.641919 (4/10), overall time=3546.41
i=145, infea=0.0599822, nnz_a=21.7664, nnz_b=32.5198, uni_search=1.02125, uni_subSolve=0.112215, uni_maintain=0.123557, bi_search=17.746, bi_subSolve=0.0526363, bi_maintain=0.118815, admm_maintain=0.0602096, area1=-nan, area23=-nan, area4=-nan, dual_obj=-142.138, overall time=3565.72
i=146, infea=0.0596115, nnz_a=21.7922, nnz_b=32.5856, uni_search=0.879041, uni_subSolve=0.0950597, uni_maintain=0.102488, bi_search=17.6303, bi_subSolve=0.0559726, bi_maintain=0.148889, admm_maintain=0.0510405, area1=-nan, area23=-nan, area4=-nan, dual_obj=-142.057, overall time=3584.75
i=147, infea=0.0592592, nnz_a=21.8011, nnz_b=32.6258, uni_search=1.02086, uni_subSolve=0.112395, uni_maintain=0.123964, bi_search=17.6498, bi_subSolve=0.0524499, bi_maintain=0.118272, admm_maintain=0.0506721, area1=-nan, area23=-nan, area4=-nan, dual_obj=-141.981, overall time=3603.95
i=148, infea=0.058892, nnz_a=21.8169, nnz_b=32.6736, uni_search=1.01904, uni_subSolve=0.112366, uni_maintain=0.123627, bi_search=17.7609, bi_subSolve=0.0530776, bi_maintain=0.120362, admm_maintain=0.0513222, area1=-nan, area23=-nan, area4=-nan, dual_obj=-141.905, overall time=3623.26
i=149, infea=0.058522, nnz_a=21.8439, nnz_b=32.724, uni_search=1.02155, uni_subSolve=0.112587, uni_maintain=0.123889, bi_search=17.666, bi_subSolve=0.0529109, bi_maintain=0.119114, admm_maintain=0.0447899, area1=-nan, area23=-nan, area4=-nan, dual_obj=-141.82, p_obj=89.7182, heldout Acc=0.629435 (5/10), overall time=3671.78
i=150, infea=0.0581402, nnz_a=21.871, nnz_b=32.7769, uni_search=1.10574, uni_subSolve=0.124586, uni_maintain=0.141476, bi_search=17.5414, bi_subSolve=0.0522797, bi_maintain=0.117136, admm_maintain=0.0512517, area1=-nan, area23=-nan, area4=-nan, dual_obj=-141.738, overall time=3690.98
i=151, infea=0.0577971, nnz_a=21.887, nnz_b=32.8274, uni_search=1.02326, uni_subSolve=0.112999, uni_maintain=0.124421, bi_search=17.6549, bi_subSolve=0.0528009, bi_maintain=0.118017, admm_maintain=0.0515966, area1=-nan, area23=-nan, area4=-nan, dual_obj=-141.669, overall time=3710.19
i=152, infea=0.0574499, nnz_a=21.9235, nnz_b=32.8846, uni_search=1.0224, uni_subSolve=0.113093, uni_maintain=0.124534, bi_search=17.7643, bi_subSolve=0.0533429, bi_maintain=0.119095, admm_maintain=0.0512152, area1=-nan, area23=-nan, area4=-nan, dual_obj=-141.586, overall time=3729.51
i=153, infea=0.0570991, nnz_a=21.9412, nnz_b=32.9347, uni_search=1.02278, uni_subSolve=0.113352, uni_maintain=0.124826, bi_search=17.6602, bi_subSolve=0.0533209, bi_maintain=0.119601, admm_maintain=0.0449263, area1=-nan, area23=-nan, area4=-nan, dual_obj=-141.497, overall time=3748.71
i=154, infea=0.0567683, nnz_a=21.9615, nnz_b=32.9742, uni_search=0.927815, uni_subSolve=0.101585, uni_maintain=0.108249, bi_search=17.569, bi_subSolve=0.053156, bi_maintain=0.119811, admm_maintain=0.0627644, area1=-nan, area23=-nan, area4=-nan, dual_obj=-141.409, p_obj=87.28, heldout Acc=0.618922 (6/10), overall time=3797.25
i=155, infea=0.0564387, nnz_a=21.9804, nnz_b=33.017, uni_search=1.02417, uni_subSolve=0.113557, uni_maintain=0.125201, bi_search=17.6348, bi_subSolve=0.0528508, bi_maintain=0.11697, admm_maintain=0.0439762, area1=-nan, area23=-nan, area4=-nan, dual_obj=-141.326, overall time=3816.43
i=156, infea=0.0561274, nnz_a=22.0007, nnz_b=33.078, uni_search=1.03833, uni_subSolve=0.113043, uni_maintain=0.131982, bi_search=23.4657, bi_subSolve=0.0846699, bi_maintain=0.243662, admm_maintain=0.0480314, area1=-nan, area23=-nan, area4=-nan, dual_obj=-141.24, overall time=3841.64
i=157, infea=0.0558093, nnz_a=22.027, nnz_b=33.1173, uni_search=0.872949, uni_subSolve=0.0953155, uni_maintain=0.099605, bi_search=17.681, bi_subSolve=0.062517, bi_maintain=0.196109, admm_maintain=0.0426615, area1=-nan, area23=-nan, area4=-nan, dual_obj=-141.15, overall time=3860.76
i=158, infea=0.0554942, nnz_a=22.0511, nnz_b=33.1602, uni_search=0.873042, uni_subSolve=0.0955054, uni_maintain=0.0999115, bi_search=17.6471, bi_subSolve=0.0631824, bi_maintain=0.198882, admm_maintain=0.0458771, area1=-nan, area23=-nan, area4=-nan, dual_obj=-141.064, overall time=3879.86
i=159, infea=0.0551779, nnz_a=22.0716, nnz_b=33.2001, uni_search=0.878859, uni_subSolve=0.0961208, uni_maintain=0.100663, bi_search=17.6297, bi_subSolve=0.0623712, bi_maintain=0.194529, admm_maintain=0.0427782, area1=-nan, area23=-nan, area4=-nan, dual_obj=-140.977, p_obj=87.8606, heldout Acc=0.634034 (7/10), overall time=3931.01
i=160, infea=0.0548573, nnz_a=22.1111, nnz_b=33.2615, uni_search=0.880427, uni_subSolve=0.0964251, uni_maintain=0.100338, bi_search=17.637, bi_subSolve=0.0627252, bi_maintain=0.196301, admm_maintain=0.0428216, area1=-nan, area23=-nan, area4=-nan, dual_obj=-140.887, overall time=3950.09
i=161, infea=0.0545419, nnz_a=22.1377, nnz_b=33.3221, uni_search=0.872848, uni_subSolve=0.0957911, uni_maintain=0.099902, bi_search=17.6362, bi_subSolve=0.0628566, bi_maintain=0.196269, admm_maintain=0.0428916, area1=-nan, area23=-nan, area4=-nan, dual_obj=-140.803, overall time=3969.17
i=162, infea=0.0542254, nnz_a=22.1769, nnz_b=33.3914, uni_search=0.872558, uni_subSolve=0.0958236, uni_maintain=0.100096, bi_search=17.6364, bi_subSolve=0.0632397, bi_maintain=0.198253, admm_maintain=0.0398697, area1=-nan, area23=-nan, area4=-nan, dual_obj=-140.715, overall time=3988.25
i=163, infea=0.0539146, nnz_a=22.2053, nnz_b=33.4411, uni_search=0.866287, uni_subSolve=0.095499, uni_maintain=0.0994306, bi_search=17.6378, bi_subSolve=0.0633603, bi_maintain=0.198057, admm_maintain=0.0429635, area1=-nan, area23=-nan, area4=-nan, dual_obj=-140.626, overall time=4007.33
i=164, infea=0.0536159, nnz_a=22.2247, nnz_b=33.4969, uni_search=0.880035, uni_subSolve=0.0968364, uni_maintain=0.10136, bi_search=17.6319, bi_subSolve=0.0630868, bi_maintain=0.196655, admm_maintain=0.0430524, area1=-nan, area23=-nan, area4=-nan, dual_obj=-140.549, p_obj=86.9053, heldout Acc=0.622865 (8/10), overall time=4058.71
i=165, infea=0.0533192, nnz_a=22.2749, nnz_b=33.5723, uni_search=0.872619, uni_subSolve=0.0962814, uni_maintain=0.0999688, bi_search=17.6388, bi_subSolve=0.0635207, bi_maintain=0.197447, admm_maintain=0.0431014, area1=-nan, area23=-nan, area4=-nan, dual_obj=-140.458, overall time=4077.79
i=166, infea=0.0530219, nnz_a=22.309, nnz_b=33.6282, uni_search=1.03836, uni_subSolve=0.115059, uni_maintain=0.128954, bi_search=17.7645, bi_subSolve=0.0577665, bi_maintain=0.14256, admm_maintain=0.0509818, area1=-nan, area23=-nan, area4=-nan, dual_obj=-140.38, overall time=4097.17
i=167, infea=0.0527329, nnz_a=22.3281, nnz_b=33.6773, uni_search=0.98568, uni_subSolve=0.110474, uni_maintain=0.11944, bi_search=17.5769, bi_subSolve=0.0540959, bi_maintain=0.1174, admm_maintain=0.0508652, area1=-nan, area23=-nan, area4=-nan, dual_obj=-140.283, overall time=4116.25
i=168, infea=0.052453, nnz_a=22.365, nnz_b=33.7279, uni_search=0.984324, uni_subSolve=0.11032, uni_maintain=0.119484, bi_search=17.6548, bi_subSolve=0.0548597, bi_maintain=0.118976, admm_maintain=0.0623398, area1=-nan, area23=-nan, area4=-nan, dual_obj=-140.196, overall time=4135.43
i=169, infea=0.0521797, nnz_a=22.3916, nnz_b=33.7741, uni_search=1.01323, uni_subSolve=0.110089, uni_maintain=0.127811, bi_search=18.6461, bi_subSolve=0.0664159, bi_maintain=0.173303, admm_maintain=0.0494337, area1=-nan, area23=-nan, area4=-nan, dual_obj=-140.109, p_obj=87.785, heldout Acc=0.624179 (9/10), overall time=4182.86
i=170, infea=0.0518862, nnz_a=22.4252, nnz_b=33.8174, uni_search=1.27953, uni_subSolve=0.151264, uni_maintain=0.179099, bi_search=17.5209, bi_subSolve=0.05393, bi_maintain=0.116601, admm_maintain=0.0513756, area1=-nan, area23=-nan, area4=-nan, dual_obj=-140.026, overall time=4202.28
i=171, infea=0.0516045, nnz_a=22.4552, nnz_b=33.8688, uni_search=0.985308, uni_subSolve=0.110809, uni_maintain=0.119706, bi_search=17.5723, bi_subSolve=0.0543357, bi_maintain=0.117083, admm_maintain=0.0514501, area1=-nan, area23=-nan, area4=-nan, dual_obj=-139.949, overall time=4221.36
i=172, infea=0.05133, nnz_a=22.4841, nnz_b=33.9194, uni_search=0.985319, uni_subSolve=0.111017, uni_maintain=0.119989, bi_search=17.6646, bi_subSolve=0.0549817, bi_maintain=0.118353, admm_maintain=0.0516395, area1=-nan, area23=-nan, area4=-nan, dual_obj=-139.854, overall time=4240.54
i=173, infea=0.0510393, nnz_a=22.5103, nnz_b=33.9786, uni_search=0.985535, uni_subSolve=0.111075, uni_maintain=0.120456, bi_search=17.5732, bi_subSolve=0.0545897, bi_maintain=0.117442, admm_maintain=0.0513299, area1=-nan, area23=-nan, area4=-nan, dual_obj=-139.76, overall time=4259.62
i=174, infea=0.0507706, nnz_a=22.559, nnz_b=34.0335, uni_search=0.986762, uni_subSolve=0.111465, uni_maintain=0.120871, bi_search=17.6766, bi_subSolve=0.055454, bi_maintain=0.119928, admm_maintain=0.043723, area1=-nan, area23=-nan, area4=-nan, dual_obj=-139.683, p_obj=87.2529, heldout Acc=0.624179 (10/10)
overall time=4307
