using heldout data set: /scratch/cluster/ianyen/data/speech/speech.test, early_terminate=10
D=118
K=878
N=13491
nSeq=912
split_up_rate=1, admm_step_size=1, C=1, eta=10
i=0, infea=0.00024277, nnz_a=2, nnz_b=2, uni_search=0.872355, uni_subSolve=0.0125651, uni_maintain=0.00878547, bi_search=17.5856, bi_subSolve=0.0192805, bi_maintain=0.0306141, admm_maintain=0.00623144, area1=-nan, area23=-nan, area4=-nan, dual_obj=-0.825023, overall time=18.7305
i=1, infea=0.000582399, nnz_a=2.96716, nnz_b=2.99849, uni_search=0.852276, uni_subSolve=0.0153321, uni_maintain=0.0141114, bi_search=17.4423, bi_subSolve=0.0164693, bi_maintain=0.0235405, admm_maintain=0.00748731, area1=-nan, area23=-nan, area4=-nan, dual_obj=-1.59421, overall time=37.1541
i=2, infea=0.000933097, nnz_a=3.88585, nnz_b=3.99396, uni_search=0.849117, uni_subSolve=0.0190534, uni_maintain=0.016173, bi_search=17.4374, bi_subSolve=0.0132403, bi_maintain=0.0280849, admm_maintain=0.00920301, area1=-nan, area23=-nan, area4=-nan, dual_obj=-2.31776, overall time=55.5791
i=3, infea=0.00128348, nnz_a=4.74828, nnz_b=4.98068, uni_search=0.852871, uni_subSolve=0.0222218, uni_maintain=0.0217892, bi_search=17.4474, bi_subSolve=0.0191497, bi_maintain=0.0327311, admm_maintain=0.010771, area1=-nan, area23=-nan, area4=-nan, dual_obj=-3.02361, overall time=74.0397
i=4, infea=0.00163225, nnz_a=5.55037, nnz_b=5.96367, uni_search=0.868562, uni_subSolve=0.0256064, uni_maintain=0.0297858, bi_search=17.4467, bi_subSolve=0.0164484, bi_maintain=0.0369609, admm_maintain=0.0117408, area1=-nan, area23=-nan, area4=-nan, dual_obj=-3.72976, p_obj=372.701, heldout Acc=0.288436, overall time=113.509
i=5, infea=0.00195497, nnz_a=6.30309, nnz_b=6.93815, uni_search=0.850315, uni_subSolve=0.0277267, uni_maintain=0.0300005, bi_search=17.4444, bi_subSolve=0.0163778, bi_maintain=0.0412177, admm_maintain=0.0126791, area1=-nan, area23=-nan, area4=-nan, dual_obj=-4.43688, overall time=131.986
i=6, infea=0.00226579, nnz_a=7.0066, nnz_b=7.90333, uni_search=0.850632, uni_subSolve=0.0303791, uni_maintain=0.0361826, bi_search=17.5321, bi_subSolve=0.0194083, bi_maintain=0.0493554, admm_maintain=0.0143967, area1=-nan, area23=-nan, area4=-nan, dual_obj=-5.14611, overall time=150.575
i=7, infea=0.00256881, nnz_a=7.66689, nnz_b=8.8573, uni_search=0.869694, uni_subSolve=0.0353707, uni_maintain=0.0386754, bi_search=17.6073, bi_subSolve=0.0300394, bi_maintain=0.058445, admm_maintain=0.0155689, area1=-nan, area23=-nan, area4=-nan, dual_obj=-5.8496, overall time=169.288
i=8, infea=0.00288525, nnz_a=8.30035, nnz_b=9.80213, uni_search=0.861997, uni_subSolve=0.0374898, uni_maintain=0.0412096, bi_search=17.5428, bi_subSolve=0.0230715, bi_maintain=0.0592995, admm_maintain=0.0159243, area1=-nan, area23=-nan, area4=-nan, dual_obj=-6.54043, overall time=187.926
i=9, infea=0.00320724, nnz_a=8.91357, nnz_b=10.7388, uni_search=0.854103, uni_subSolve=0.0377712, uni_maintain=0.0419037, bi_search=17.4469, bi_subSolve=0.0207528, bi_maintain=0.0571631, admm_maintain=0.0164822, area1=-nan, area23=-nan, area4=-nan, dual_obj=-7.21162, p_obj=318.502, heldout Acc=0.365309, overall time=227.438
i=10, infea=0.00353196, nnz_a=9.51279, nnz_b=11.6679, uni_search=0.85386, uni_subSolve=0.0394237, uni_maintain=0.04411, bi_search=17.5471, bi_subSolve=0.0236944, bi_maintain=0.0649028, admm_maintain=0.0174581, area1=-nan, area23=-nan, area4=-nan, dual_obj=-7.86833, overall time=246.085
i=11, infea=0.00385765, nnz_a=10.0991, nnz_b=12.5833, uni_search=0.858486, uni_subSolve=0.0415776, uni_maintain=0.0468824, bi_search=17.4678, bi_subSolve=0.0231275, bi_maintain=0.0670384, admm_maintain=0.0181505, area1=-nan, area23=-nan, area4=-nan, dual_obj=-8.50116, overall time=264.665
i=12, infea=0.00418029, nnz_a=10.6731, nnz_b=13.4922, uni_search=0.851376, uni_subSolve=0.0428444, uni_maintain=0.0516662, bi_search=17.4457, bi_subSolve=0.0227977, bi_maintain=0.0672243, admm_maintain=0.0186649, area1=-nan, area23=-nan, area4=-nan, dual_obj=-9.11842, overall time=283.221
i=13, infea=0.00450114, nnz_a=11.2279, nnz_b=14.3964, uni_search=0.8507, uni_subSolve=0.0446205, uni_maintain=0.0508128, bi_search=17.4461, bi_subSolve=0.0238133, bi_maintain=0.0709459, admm_maintain=0.0193157, area1=-nan, area23=-nan, area4=-nan, dual_obj=-9.72423, overall time=301.784
i=14, infea=0.00480857, nnz_a=11.7701, nnz_b=15.2918, uni_search=0.862897, uni_subSolve=0.048232, uni_maintain=0.058683, bi_search=17.644, bi_subSolve=0.0293828, bi_maintain=0.0853153, admm_maintain=0.0198655, area1=-nan, area23=-nan, area4=-nan, dual_obj=-10.3064, p_obj=295.022, heldout Acc=0.381735, overall time=341.927
i=15, infea=0.00512833, nnz_a=12.3002, nnz_b=16.1761, uni_search=0.85099, uni_subSolve=0.0479703, uni_maintain=0.0550601, bi_search=17.5597, bi_subSolve=0.030104, bi_maintain=0.0872835, admm_maintain=0.0216373, area1=-nan, area23=-nan, area4=-nan, dual_obj=-10.8819, overall time=360.639
i=16, infea=0.00544236, nnz_a=12.8131, nnz_b=17.056, uni_search=0.86905, uni_subSolve=0.0531786, uni_maintain=0.0609447, bi_search=17.6114, bi_subSolve=0.0334506, bi_maintain=0.0973883, admm_maintain=0.0225004, area1=-nan, area23=-nan, area4=-nan, dual_obj=-11.4257, overall time=379.447
i=17, infea=0.00575779, nnz_a=13.3155, nnz_b=17.9258, uni_search=0.879407, uni_subSolve=0.0556242, uni_maintain=0.0643399, bi_search=17.544, bi_subSolve=0.0309715, bi_maintain=0.0931829, admm_maintain=0.0217389, area1=-nan, area23=-nan, area4=-nan, dual_obj=-11.9515, overall time=398.196
i=18, infea=0.00608099, nnz_a=13.8102, nnz_b=18.7926, uni_search=0.848904, uni_subSolve=0.0531123, uni_maintain=0.0653673, bi_search=17.5246, bi_subSolve=0.0312495, bi_maintain=0.100136, admm_maintain=0.0222808, area1=-nan, area23=-nan, area4=-nan, dual_obj=-12.4569, overall time=416.902
i=19, infea=0.00639583, nnz_a=14.2965, nnz_b=19.6465, uni_search=0.863146, uni_subSolve=0.0563038, uni_maintain=0.0694948, bi_search=17.4951, bi_subSolve=0.0303453, bi_maintain=0.0994093, admm_maintain=0.0228516, area1=-nan, area23=-nan, area4=-nan, dual_obj=-12.941, p_obj=306.351, heldout Acc=0.379106 (1/10), overall time=457.903
i=20, infea=0.00671179, nnz_a=14.7721, nnz_b=20.4962, uni_search=0.851637, uni_subSolve=0.0555758, uni_maintain=0.0659225, bi_search=17.4526, bi_subSolve=0.029778, bi_maintain=0.0958757, admm_maintain=0.0236631, area1=-nan, area23=-nan, area4=-nan, dual_obj=-13.4041, overall time=476.536
i=21, infea=0.00704375, nnz_a=15.2385, nnz_b=21.3419, uni_search=0.852157, uni_subSolve=0.057027, uni_maintain=0.0673873, bi_search=17.4528, bi_subSolve=0.0304905, bi_maintain=0.0987409, admm_maintain=0.0242074, area1=-nan, area23=-nan, area4=-nan, dual_obj=-13.8379, overall time=495.177
i=22, infea=0.00737638, nnz_a=15.6962, nnz_b=22.1732, uni_search=0.85198, uni_subSolve=0.0583719, uni_maintain=0.0692824, bi_search=17.4563, bi_subSolve=0.0312887, bi_maintain=0.102588, admm_maintain=0.0243698, area1=-nan, area23=-nan, area4=-nan, dual_obj=-14.2507, overall time=513.83
i=23, infea=0.00769216, nnz_a=16.1422, nnz_b=23.0042, uni_search=0.851707, uni_subSolve=0.0596555, uni_maintain=0.0710358, bi_search=17.4565, bi_subSolve=0.0327498, bi_maintain=0.104911, admm_maintain=0.0248132, area1=-nan, area23=-nan, area4=-nan, dual_obj=-14.6402, overall time=532.489
i=24, infea=0.00801882, nnz_a=16.5745, nnz_b=23.8304, uni_search=0.851086, uni_subSolve=0.06089, uni_maintain=0.0727826, bi_search=17.459, bi_subSolve=0.0327606, bi_maintain=0.0964579, admm_maintain=0.0254846, area1=-nan, area23=-nan, area4=-nan, dual_obj=-14.9963, p_obj=301.562, heldout Acc=0.39816, overall time=572.212
i=25, infea=0.00834847, nnz_a=17.015, nnz_b=24.6466, uni_search=0.858113, uni_subSolve=0.0629073, uni_maintain=0.0754525, bi_search=17.4548, bi_subSolve=0.0344719, bi_maintain=0.0984493, admm_maintain=0.0255559, area1=-nan, area23=-nan, area4=-nan, dual_obj=-15.3299, overall time=590.879
i=26, infea=0.00868343, nnz_a=17.4462, nnz_b=25.4557, uni_search=0.851645, uni_subSolve=0.0628101, uni_maintain=0.0765673, bi_search=17.4554, bi_subSolve=0.0362246, bi_maintain=0.102652, admm_maintain=0.0272366, area1=-nan, area23=-nan, area4=-nan, dual_obj=-15.622, overall time=609.55
i=27, infea=0.00900293, nnz_a=17.8597, nnz_b=26.2557, uni_search=0.87857, uni_subSolve=0.0697317, uni_maintain=0.0838949, bi_search=17.5091, bi_subSolve=0.0393794, bi_maintain=0.112259, admm_maintain=0.0269188, area1=-nan, area23=-nan, area4=-nan, dual_obj=-15.8972, overall time=628.33
i=28, infea=0.00933878, nnz_a=18.2728, nnz_b=27.0542, uni_search=0.862799, uni_subSolve=0.0695975, uni_maintain=0.083473, bi_search=17.4749, bi_subSolve=0.0367075, bi_maintain=0.112685, admm_maintain=0.0272418, area1=-nan, area23=-nan, area4=-nan, dual_obj=-16.1367, overall time=647.056
i=29, infea=0.00967062, nnz_a=18.6835, nnz_b=27.8501, uni_search=0.859532, uni_subSolve=0.0672662, uni_maintain=0.0818154, bi_search=17.4219, bi_subSolve=0.0348786, bi_maintain=0.106835, admm_maintain=0.0274012, area1=-nan, area23=-nan, area4=-nan, dual_obj=-16.3518, p_obj=298.007, heldout Acc=0.43364, overall time=685.963
i=30, infea=0.0100219, nnz_a=19.0899, nnz_b=28.6442, uni_search=0.852061, uni_subSolve=0.0676186, uni_maintain=0.0843275, bi_search=17.4195, bi_subSolve=0.0353407, bi_maintain=0.109467, admm_maintain=0.0283749, area1=-nan, area23=-nan, area4=-nan, dual_obj=-16.5301, overall time=704.618
i=31, infea=0.0103498, nnz_a=19.4837, nnz_b=29.4267, uni_search=0.869424, uni_subSolve=0.0706027, uni_maintain=0.0865322, bi_search=17.4256, bi_subSolve=0.0370922, bi_maintain=0.112803, admm_maintain=0.0352714, area1=-nan, area23=-nan, area4=-nan, dual_obj=-16.6737, overall time=723.316
i=32, infea=0.0106837, nnz_a=19.8698, nnz_b=30.2093, uni_search=0.910955, uni_subSolve=0.0760707, uni_maintain=0.0952819, bi_search=17.4186, bi_subSolve=0.037631, bi_maintain=0.113364, admm_maintain=0.0288711, area1=-nan, area23=-nan, area4=-nan, dual_obj=-16.7864, overall time=742.055
i=33, infea=0.0110383, nnz_a=20.2573, nnz_b=30.9846, uni_search=0.851845, uni_subSolve=0.0710331, uni_maintain=0.0907744, bi_search=17.4131, bi_subSolve=0.0379777, bi_maintain=0.115062, admm_maintain=0.0290066, area1=-nan, area23=-nan, area4=-nan, dual_obj=-16.8783, overall time=760.722
i=34, infea=0.0113985, nnz_a=20.6404, nnz_b=31.756, uni_search=0.851324, uni_subSolve=0.0720712, uni_maintain=0.0887674, bi_search=17.4794, bi_subSolve=0.0402491, bi_maintain=0.121269, admm_maintain=0.0296288, area1=-nan, area23=-nan, area4=-nan, dual_obj=-16.9148, p_obj=315.676, heldout Acc=0.413272 (1/10), overall time=800.401
i=35, infea=0.0117605, nnz_a=21.0173, nnz_b=32.5202, uni_search=0.868616, uni_subSolve=0.0751048, uni_maintain=0.0935369, bi_search=17.5044, bi_subSolve=0.0426121, bi_maintain=0.127838, admm_maintain=0.0305917, area1=-nan, area23=-nan, area4=-nan, dual_obj=-16.9207, overall time=819.204
i=36, infea=0.0121228, nnz_a=21.386, nnz_b=33.2789, uni_search=0.871281, uni_subSolve=0.0774049, uni_maintain=0.0964504, bi_search=17.5648, bi_subSolve=0.046239, bi_maintain=0.140421, admm_maintain=0.0352787, area1=-nan, area23=-nan, area4=-nan, dual_obj=-16.8942, overall time=838.098
i=37, infea=0.0124728, nnz_a=21.7526, nnz_b=34.0288, uni_search=0.858403, uni_subSolve=0.0781491, uni_maintain=0.0967646, bi_search=17.4245, bi_subSolve=0.0410972, bi_maintain=0.128708, admm_maintain=0.0305504, area1=-nan, area23=-nan, area4=-nan, dual_obj=-16.8297, overall time=856.815
i=38, infea=0.0128431, nnz_a=22.1213, nnz_b=34.7791, uni_search=0.852338, uni_subSolve=0.0763949, uni_maintain=0.0941477, bi_search=17.4312, bi_subSolve=0.0419513, bi_maintain=0.131228, admm_maintain=0.0311944, area1=-nan, area23=-nan, area4=-nan, dual_obj=-16.7437, overall time=875.533
i=39, infea=0.0132169, nnz_a=22.4837, nnz_b=35.5248, uni_search=0.863598, uni_subSolve=0.0787179, uni_maintain=0.100696, bi_search=17.4326, bi_subSolve=0.0425161, bi_maintain=0.134266, admm_maintain=0.0343838, area1=-nan, area23=-nan, area4=-nan, dual_obj=-16.568, p_obj=290.19, heldout Acc=0.459921, overall time=918.73
i=40, infea=0.0136088, nnz_a=22.8428, nnz_b=36.268, uni_search=0.854469, uni_subSolve=0.0790628, uni_maintain=0.0982032, bi_search=17.5171, bi_subSolve=0.0469899, bi_maintain=0.148755, admm_maintain=0.0393915, area1=-nan, area23=-nan, area4=-nan, dual_obj=-16.368, overall time=937.576
i=41, infea=0.01398, nnz_a=23.1905, nnz_b=37.0064, uni_search=0.964379, uni_subSolve=0.0938091, uni_maintain=0.119743, bi_search=17.5665, bi_subSolve=0.0490221, bi_maintain=0.155305, admm_maintain=0.0385197, area1=-nan, area23=-nan, area4=-nan, dual_obj=-16.1327, overall time=956.627
i=42, infea=0.0143798, nnz_a=23.5442, nnz_b=37.7407, uni_search=0.956672, uni_subSolve=0.0940295, uni_maintain=0.120029, bi_search=17.5157, bi_subSolve=0.0481605, bi_maintain=0.154039, admm_maintain=0.0343967, area1=-nan, area23=-nan, area4=-nan, dual_obj=-15.8387, overall time=975.612
i=43, infea=0.0147768, nnz_a=23.8857, nnz_b=38.4752, uni_search=0.861433, uni_subSolve=0.0827832, uni_maintain=0.102837, bi_search=17.4279, bi_subSolve=0.0461036, bi_maintain=0.149173, admm_maintain=0.0364982, area1=-nan, area23=-nan, area4=-nan, dual_obj=-15.4909, overall time=994.38
i=44, infea=0.0151772, nnz_a=24.2247, nnz_b=39.1981, uni_search=0.878459, uni_subSolve=0.0873508, uni_maintain=0.113281, bi_search=17.563, bi_subSolve=0.0563972, bi_maintain=0.193953, admm_maintain=0.0351528, area1=-nan, area23=-nan, area4=-nan, dual_obj=-15.1045, p_obj=337.135, heldout Acc=0.435611 (1/10), overall time=1053.45
i=45, infea=0.0155894, nnz_a=24.5647, nnz_b=39.9143, uni_search=0.942894, uni_subSolve=0.0958078, uni_maintain=0.12235, bi_search=17.8019, bi_subSolve=0.057111, bi_maintain=0.174716, admm_maintain=0.035718, area1=-nan, area23=-nan, area4=-nan, dual_obj=-14.6631, overall time=1072.75
i=46, infea=0.016016, nnz_a=24.8979, nnz_b=40.6345, uni_search=0.865994, uni_subSolve=0.089993, uni_maintain=0.110342, bi_search=18.7155, bi_subSolve=0.0554945, bi_maintain=0.217323, admm_maintain=0.0385152, area1=-nan, area23=-nan, area4=-nan, dual_obj=-14.1485, overall time=1092.9
i=47, infea=0.0164408, nnz_a=25.216, nnz_b=41.3476, uni_search=0.886824, uni_subSolve=0.0932293, uni_maintain=0.115662, bi_search=17.7803, bi_subSolve=0.0603695, bi_maintain=0.190799, admm_maintain=0.0365698, area1=-nan, area23=-nan, area4=-nan, dual_obj=-13.597, overall time=1112.13
i=48, infea=0.0168612, nnz_a=25.5387, nnz_b=42.0523, uni_search=0.86634, uni_subSolve=0.0917236, uni_maintain=0.112885, bi_search=17.5781, bi_subSolve=0.0552053, bi_maintain=0.179863, admm_maintain=0.0369927, area1=-nan, area23=-nan, area4=-nan, dual_obj=-12.9977, overall time=1131.12
i=49, infea=0.0173031, nnz_a=25.8609, nnz_b=42.7486, uni_search=0.875433, uni_subSolve=0.0936912, uni_maintain=0.115854, bi_search=17.4667, bi_subSolve=0.0509491, bi_maintain=0.166284, admm_maintain=0.0365177, area1=-nan, area23=-nan, area4=-nan, dual_obj=-12.3146, p_obj=321.604, heldout Acc=0.441524 (2/10), overall time=1173.12
i=50, infea=0.0177397, nnz_a=26.1744, nnz_b=43.4395, uni_search=0.854598, uni_subSolve=0.0882314, uni_maintain=0.110345, bi_search=17.4313, bi_subSolve=0.0503234, bi_maintain=0.164634, admm_maintain=0.0386106, area1=-nan, area23=-nan, area4=-nan, dual_obj=-11.5786, overall time=1191.92
i=51, infea=0.0182085, nnz_a=26.4786, nnz_b=44.125, uni_search=0.854905, uni_subSolve=0.0891545, uni_maintain=0.111537, bi_search=17.4266, bi_subSolve=0.0509733, bi_maintain=0.168286, admm_maintain=0.0399505, area1=-nan, area23=-nan, area4=-nan, dual_obj=-10.784, overall time=1210.73
i=52, infea=0.0186837, nnz_a=26.782, nnz_b=44.8169, uni_search=0.855338, uni_subSolve=0.0900713, uni_maintain=0.112807, bi_search=17.4283, bi_subSolve=0.051506, bi_maintain=0.169635, admm_maintain=0.0384232, area1=-nan, area23=-nan, area4=-nan, dual_obj=-9.94904, overall time=1229.53
i=53, infea=0.0191794, nnz_a=27.0777, nnz_b=45.4928, uni_search=0.85439, uni_subSolve=0.0907007, uni_maintain=0.113722, bi_search=17.4269, bi_subSolve=0.0518264, bi_maintain=0.170369, admm_maintain=0.0377683, area1=-nan, area23=-nan, area4=-nan, dual_obj=-9.00466, overall time=1248.34
i=54, infea=0.0196686, nnz_a=27.3729, nnz_b=46.1631, uni_search=0.853749, uni_subSolve=0.091362, uni_maintain=0.114728, bi_search=17.529, bi_subSolve=0.0548218, bi_maintain=0.176869, admm_maintain=0.0389296, area1=-nan, area23=-nan, area4=-nan, dual_obj=-8.00531, p_obj=324.74, heldout Acc=0.490145, overall time=1290.95
i=55, infea=0.0201894, nnz_a=27.6652, nnz_b=46.8253, uni_search=0.87182, uni_subSolve=0.0945766, uni_maintain=0.119828, bi_search=17.4343, bi_subSolve=0.0540955, bi_maintain=0.180929, admm_maintain=0.0411764, area1=-nan, area23=-nan, area4=-nan, dual_obj=-6.87689, overall time=1309.81
i=56, infea=0.0207356, nnz_a=27.9552, nnz_b=47.495, uni_search=0.975878, uni_subSolve=0.111953, uni_maintain=0.147787, bi_search=20.2286, bi_subSolve=0.106407, bi_maintain=0.240363, admm_maintain=0.0411797, area1=-nan, area23=-nan, area4=-nan, dual_obj=-5.69955, overall time=1331.74
i=57, infea=0.0212676, nnz_a=28.2351, nnz_b=48.1536, uni_search=0.946948, uni_subSolve=0.110351, uni_maintain=0.141155, bi_search=17.5381, bi_subSolve=0.0611315, bi_maintain=0.206933, admm_maintain=0.0412565, area1=-nan, area23=-nan, area4=-nan, dual_obj=-4.44538, overall time=1350.85
i=58, infea=0.0218409, nnz_a=28.5171, nnz_b=48.8141, uni_search=0.875636, uni_subSolve=0.101453, uni_maintain=0.126662, bi_search=17.5439, bi_subSolve=0.061832, bi_maintain=0.204573, admm_maintain=0.0412724, area1=-nan, area23=-nan, area4=-nan, dual_obj=-3.12412, overall time=1369.87
i=59, infea=0.0224303, nnz_a=28.7963, nnz_b=49.4694, uni_search=0.865957, uni_subSolve=0.0968593, uni_maintain=0.122423, bi_search=17.4294, bi_subSolve=0.0557928, bi_maintain=0.185009, admm_maintain=0.0402054, area1=-nan, area23=-nan, area4=-nan, dual_obj=-1.68194, p_obj=349.752, heldout Acc=0.492116, overall time=1411.45
i=60, infea=0.0230484, nnz_a=29.064, nnz_b=50.1181, uni_search=0.969875, uni_subSolve=0.113523, uni_maintain=0.147898, bi_search=22.2024, bi_subSolve=0.131573, bi_maintain=0.282126, admm_maintain=0.0442024, area1=-nan, area23=-nan, area4=-nan, dual_obj=-0.102789, overall time=1435.42
i=61, infea=0.0236807, nnz_a=29.3298, nnz_b=50.756, uni_search=0.873133, uni_subSolve=0.0994104, uni_maintain=0.126007, bi_search=17.4285, bi_subSolve=0.0567597, bi_maintain=0.190368, admm_maintain=0.0403022, area1=-nan, area23=-nan, area4=-nan, dual_obj=1.53898, overall time=1454.3
i=62, infea=0.0243698, nnz_a=29.5907, nnz_b=51.3968, uni_search=0.88357, uni_subSolve=0.101702, uni_maintain=0.129715, bi_search=17.449, bi_subSolve=0.0587566, bi_maintain=0.196827, admm_maintain=0.0407888, area1=-nan, area23=-nan, area4=-nan, dual_obj=3.27042, overall time=1473.22
i=63, infea=0.0250436, nnz_a=29.8479, nnz_b=52.0293, uni_search=0.863329, uni_subSolve=0.0993875, uni_maintain=0.12598, bi_search=17.7386, bi_subSolve=0.0651751, bi_maintain=0.20734, admm_maintain=0.0428149, area1=-nan, area23=-nan, area4=-nan, dual_obj=5.07873, overall time=1492.43
i=64, infea=0.0257616, nnz_a=30.0975, nnz_b=52.6578, uni_search=0.865661, uni_subSolve=0.100336, uni_maintain=0.131187, bi_search=17.4602, bi_subSolve=0.0604966, bi_maintain=0.203759, admm_maintain=0.043956, area1=-nan, area23=-nan, area4=-nan, dual_obj=7.11948, p_obj=386.717, heldout Acc=0.453351 (1/10), overall time=1537.28
i=65, infea=0.026487, nnz_a=30.3442, nnz_b=53.2883, uni_search=0.927299, uni_subSolve=0.111547, uni_maintain=0.144415, bi_search=19.001, bi_subSolve=0.0713269, bi_maintain=0.23865, admm_maintain=0.0413912, area1=-nan, area23=-nan, area4=-nan, dual_obj=9.18578, overall time=1557.88
i=66, infea=0.027291, nnz_a=30.5927, nnz_b=53.9133, uni_search=0.866586, uni_subSolve=0.10598, uni_maintain=0.132505, bi_search=19.8001, bi_subSolve=0.102858, bi_maintain=0.283103, admm_maintain=0.0754903, area1=-nan, area23=-nan, area4=-nan, dual_obj=11.544, overall time=1579.34
i=67, infea=0.0281109, nnz_a=30.8291, nnz_b=54.5198, uni_search=1.26545, uni_subSolve=0.145053, uni_maintain=0.17317, bi_search=21.5135, bi_subSolve=0.0781933, bi_maintain=0.32369, admm_maintain=0.0587549, area1=-nan, area23=-nan, area4=-nan, dual_obj=14.0677, overall time=1602.99
i=68, infea=0.0289699, nnz_a=31.0636, nnz_b=55.1293, uni_search=1.12308, uni_subSolve=0.141568, uni_maintain=0.151339, bi_search=18.1125, bi_subSolve=0.0729903, bi_maintain=0.238597, admm_maintain=0.0465522, area1=-nan, area23=-nan, area4=-nan, dual_obj=16.7222, overall time=1622.94
i=69, infea=0.0298408, nnz_a=31.2937, nnz_b=55.7352, uni_search=0.861618, uni_subSolve=0.103567, uni_maintain=0.133415, bi_search=17.433, bi_subSolve=0.0620627, bi_maintain=0.207409, admm_maintain=0.0431399, area1=-nan, area23=-nan, area4=-nan, dual_obj=19.5644, p_obj=425.759, heldout Acc=0.448752 (2/10), overall time=1665.93
i=70, infea=0.0308177, nnz_a=31.5192, nnz_b=56.3325, uni_search=0.878632, uni_subSolve=0.108482, uni_maintain=0.140977, bi_search=17.5652, bi_subSolve=0.0729203, bi_maintain=0.250728, admm_maintain=0.0432174, area1=-nan, area23=-nan, area4=-nan, dual_obj=22.5352, overall time=1685.05
i=71, infea=0.0317762, nnz_a=31.7429, nnz_b=56.9153, uni_search=0.854749, uni_subSolve=0.103283, uni_maintain=0.13233, bi_search=17.4322, bi_subSolve=0.0629835, bi_maintain=0.208258, admm_maintain=0.0425071, area1=-nan, area23=-nan, area4=-nan, dual_obj=25.7239, overall time=1703.95
i=72, infea=0.0327903, nnz_a=31.9539, nnz_b=57.5205, uni_search=0.854091, uni_subSolve=0.103807, uni_maintain=0.133, bi_search=17.4268, bi_subSolve=0.0633499, bi_maintain=0.210299, admm_maintain=0.0432412, area1=-nan, area23=-nan, area4=-nan, dual_obj=29.2029, overall time=1722.85
i=73, infea=0.0339014, nnz_a=32.1646, nnz_b=58.0975, uni_search=0.853876, uni_subSolve=0.104242, uni_maintain=0.133628, bi_search=17.6, bi_subSolve=0.0737151, bi_maintain=0.251028, admm_maintain=0.045379, area1=-nan, area23=-nan, area4=-nan, dual_obj=33.0251, overall time=1741.98
i=74, infea=0.0350615, nnz_a=32.3723, nnz_b=58.6693, uni_search=0.878052, uni_subSolve=0.110705, uni_maintain=0.143401, bi_search=17.6397, bi_subSolve=0.0775416, bi_maintain=0.262187, admm_maintain=0.045307, area1=-nan, area23=-nan, area4=-nan, dual_obj=37.0322, p_obj=434.087, heldout Acc=0.517083, overall time=1798.07
i=75, infea=0.0363561, nnz_a=32.5739, nnz_b=59.2441, uni_search=0.917247, uni_subSolve=0.116186, uni_maintain=0.152026, bi_search=17.4741, bi_subSolve=0.0675118, bi_maintain=0.225826, admm_maintain=0.0441161, area1=-nan, area23=-nan, area4=-nan, dual_obj=41.5843, overall time=1817.13
i=76, infea=0.0376899, nnz_a=32.7669, nnz_b=59.8121, uni_search=0.853829, uni_subSolve=0.105935, uni_maintain=0.136149, bi_search=17.4287, bi_subSolve=0.0654601, bi_maintain=0.217522, admm_maintain=0.0457264, area1=-nan, area23=-nan, area4=-nan, dual_obj=46.3768, overall time=1836.05
i=77, infea=0.0391688, nnz_a=32.9579, nnz_b=60.3697, uni_search=0.854566, uni_subSolve=0.106529, uni_maintain=0.136879, bi_search=17.4296, bi_subSolve=0.0664433, bi_maintain=0.221846, admm_maintain=0.045334, area1=-nan, area23=-nan, area4=-nan, dual_obj=51.6067, overall time=1854.97
i=78, infea=0.0406226, nnz_a=33.1419, nnz_b=60.9137, uni_search=0.854851, uni_subSolve=0.107004, uni_maintain=0.141797, bi_search=17.5185, bi_subSolve=0.071341, bi_maintain=0.237034, admm_maintain=0.0487257, area1=-nan, area23=-nan, area4=-nan, dual_obj=57.0106, overall time=1874.02
i=79, infea=0.0422973, nnz_a=33.3195, nnz_b=61.4686, uni_search=0.864299, uni_subSolve=0.108869, uni_maintain=0.144475, bi_search=17.4446, bi_subSolve=0.0688117, bi_maintain=0.232579, admm_maintain=0.0463938, area1=-nan, area23=-nan, area4=-nan, dual_obj=63.3674, p_obj=441.678, heldout Acc=0.522996, overall time=1914.23
i=80, infea=0.0439811, nnz_a=33.4859, nnz_b=62.0083, uni_search=0.854219, uni_subSolve=0.107849, uni_maintain=0.139172, bi_search=17.4332, bi_subSolve=0.0679979, bi_maintain=0.229155, admm_maintain=0.0464862, area1=-nan, area23=-nan, area4=-nan, dual_obj=69.8867, overall time=1933.17
i=81, infea=0.0458086, nnz_a=33.6585, nnz_b=62.5469, uni_search=0.965511, uni_subSolve=0.127423, uni_maintain=0.172557, bi_search=17.5645, bi_subSolve=0.0747685, bi_maintain=0.250751, admm_maintain=0.0500721, area1=-nan, area23=-nan, area4=-nan, dual_obj=77.1826, overall time=1952.45
i=82, infea=0.0476995, nnz_a=33.8188, nnz_b=63.0721, uni_search=0.957504, uni_subSolve=0.126678, uni_maintain=0.167486, bi_search=17.5339, bi_subSolve=0.073833, bi_maintain=0.24819, admm_maintain=0.0481673, area1=-nan, area23=-nan, area4=-nan, dual_obj=85.334, overall time=1971.67
i=83, infea=0.0497608, nnz_a=33.9784, nnz_b=63.5918, uni_search=0.864511, uni_subSolve=0.110699, uni_maintain=0.147157, bi_search=17.4389, bi_subSolve=0.0700269, bi_maintain=0.236841, admm_maintain=0.0459433, area1=-nan, area23=-nan, area4=-nan, dual_obj=94.5239, overall time=1990.65
i=84, infea=0.0519456, nnz_a=34.1337, nnz_b=64.1177, uni_search=0.854509, uni_subSolve=0.10964, uni_maintain=0.141697, bi_search=17.4296, bi_subSolve=0.069597, bi_maintain=0.235319, admm_maintain=0.0458782, area1=-nan, area23=-nan, area4=-nan, dual_obj=104.066, p_obj=532.725, heldout Acc=0.492773 (1/10), overall time=2034.98
i=85, infea=0.0542738, nnz_a=34.2894, nnz_b=64.6336, uni_search=0.872706, uni_subSolve=0.112782, uni_maintain=0.148824, bi_search=17.4358, bi_subSolve=0.0709718, bi_maintain=0.239808, admm_maintain=0.0463126, area1=-nan, area23=-nan, area4=-nan, dual_obj=114.646, overall time=2053.97
i=86, infea=0.0567353, nnz_a=34.4274, nnz_b=65.1398, uni_search=0.854646, uni_subSolve=0.110449, uni_maintain=0.142874, bi_search=17.4567, bi_subSolve=0.0716776, bi_maintain=0.241803, admm_maintain=0.0503416, area1=-nan, area23=-nan, area4=-nan, dual_obj=126.55, overall time=2072.97
i=87, infea=0.059382, nnz_a=34.5718, nnz_b=65.6424, uni_search=0.921163, uni_subSolve=0.122893, uni_maintain=0.16182, bi_search=17.572, bi_subSolve=0.0781612, bi_maintain=0.26478, admm_maintain=0.0503826, area1=-nan, area23=-nan, area4=-nan, dual_obj=140, overall time=2092.2
i=88, infea=0.0623047, nnz_a=34.7025, nnz_b=66.13, uni_search=0.855858, uni_subSolve=0.11128, uni_maintain=0.148085, bi_search=17.4384, bi_subSolve=0.0719783, bi_maintain=0.244898, admm_maintain=0.0471199, area1=-nan, area23=-nan, area4=-nan, dual_obj=155.474, overall time=2111.19
i=89, infea=0.0655723, nnz_a=34.8287, nnz_b=66.6056, uni_search=0.85507, uni_subSolve=0.111593, uni_maintain=0.144682, bi_search=17.4297, bi_subSolve=0.0719994, bi_maintain=0.244103, admm_maintain=0.0472717, area1=-nan, area23=-nan, area4=-nan, dual_obj=172.19, p_obj=638.249, heldout Acc=0.497372 (2/10), overall time=2151.13
i=90, infea=0.0688717, nnz_a=34.9643, nnz_b=67.0739, uni_search=0.856288, uni_subSolve=0.112093, uni_maintain=0.14532, bi_search=17.4474, bi_subSolve=0.0736717, bi_maintain=0.252085, admm_maintain=0.0472056, area1=-nan, area23=-nan, area4=-nan, dual_obj=190.207, overall time=2170.13
i=91, infea=0.0725989, nnz_a=35.0792, nnz_b=67.534, uni_search=0.864571, uni_subSolve=0.113822, uni_maintain=0.147985, bi_search=17.6693, bi_subSolve=0.0890529, bi_maintain=0.309389, admm_maintain=0.0475347, area1=-nan, area23=-nan, area4=-nan, dual_obj=212.34, overall time=2189.44
i=92, infea=0.0763915, nnz_a=35.1972, nnz_b=67.999, uni_search=0.864363, uni_subSolve=0.114041, uni_maintain=0.148389, bi_search=17.4373, bi_subSolve=0.0739264, bi_maintain=0.253184, admm_maintain=0.047355, area1=-nan, area23=-nan, area4=-nan, dual_obj=235.547, overall time=2208.44
i=93, infea=0.0804431, nnz_a=35.3124, nnz_b=68.462, uni_search=0.854343, uni_subSolve=0.11275, uni_maintain=0.146411, bi_search=17.4329, bi_subSolve=0.0736091, bi_maintain=0.252203, admm_maintain=0.0473376, area1=-nan, area23=-nan, area4=-nan, dual_obj=261.133, overall time=2227.43
i=94, infea=0.0848598, nnz_a=35.4215, nnz_b=68.8986, uni_search=0.854853, uni_subSolve=0.113046, uni_maintain=0.146774, bi_search=17.4308, bi_subSolve=0.0740617, bi_maintain=0.25439, admm_maintain=0.0467904, area1=-nan, area23=-nan, area4=-nan, dual_obj=291.152, p_obj=879.087, heldout Acc=0.495401 (3/10), overall time=2267.28
i=95, infea=0.0895923, nnz_a=35.5355, nnz_b=69.3477, uni_search=0.86463, uni_subSolve=0.114924, uni_maintain=0.149704, bi_search=17.82, bi_subSolve=0.0857758, bi_maintain=0.28144, admm_maintain=0.0517345, area1=-nan, area23=-nan, area4=-nan, dual_obj=324.638, overall time=2286.71
i=96, infea=0.0947894, nnz_a=35.6472, nnz_b=69.7874, uni_search=0.854386, uni_subSolve=0.113446, uni_maintain=0.147381, bi_search=17.438, bi_subSolve=0.0748008, bi_maintain=0.256057, admm_maintain=0.0478405, area1=-nan, area23=-nan, area4=-nan, dual_obj=362.67, overall time=2305.71
i=97, infea=0.100256, nnz_a=35.7486, nnz_b=70.2177, uni_search=0.855506, uni_subSolve=0.113903, uni_maintain=0.152072, bi_search=17.4415, bi_subSolve=0.076086, bi_maintain=0.261384, admm_maintain=0.0493755, area1=-nan, area23=-nan, area4=-nan, dual_obj=406.787, overall time=2324.73
i=98, infea=0.106055, nnz_a=35.8517, nnz_b=70.6529, uni_search=0.872625, uni_subSolve=0.117197, uni_maintain=0.152833, bi_search=17.4426, bi_subSolve=0.0768211, bi_maintain=0.26577, admm_maintain=0.0541519, area1=-nan, area23=-nan, area4=-nan, dual_obj=453.64, overall time=2343.78
i=99, infea=0.112502, nnz_a=35.9411, nnz_b=71.0467, uni_search=0.87516, uni_subSolve=0.117875, uni_maintain=0.153981, bi_search=17.439, bi_subSolve=0.0768581, bi_maintain=0.264962, admm_maintain=0.0486294, area1=-nan, area23=-nan, area4=-nan, dual_obj=512.643, p_obj=1218.24, heldout Acc=0.442838 (4/10), overall time=2384.42
i=100, infea=0.119152, nnz_a=36.0347, nnz_b=71.4426, uni_search=0.864687, uni_subSolve=0.116274, uni_maintain=0.151676, bi_search=17.4428, bi_subSolve=0.0778635, bi_maintain=0.269336, admm_maintain=0.0500411, area1=-nan, area23=-nan, area4=-nan, dual_obj=577.164, overall time=2403.46
i=101, infea=0.126357, nnz_a=36.1243, nnz_b=71.8393, uni_search=0.870188, uni_subSolve=0.117513, uni_maintain=0.15331, bi_search=17.4425, bi_subSolve=0.0775077, bi_maintain=0.266744, admm_maintain=0.0494093, area1=-nan, area23=-nan, area4=-nan, dual_obj=648.773, overall time=2422.5
i=102, infea=0.133957, nnz_a=36.2094, nnz_b=72.2274, uni_search=0.855218, uni_subSolve=0.115212, uni_maintain=0.149891, bi_search=17.525, bi_subSolve=0.082197, bi_maintain=0.282402, admm_maintain=0.0545614, area1=-nan, area23=-nan, area4=-nan, dual_obj=726.618, overall time=2441.63
i=103, infea=0.142262, nnz_a=36.2969, nnz_b=72.6167, uni_search=0.860708, uni_subSolve=0.116327, uni_maintain=0.155669, bi_search=17.4505, bi_subSolve=0.0787038, bi_maintain=0.272534, admm_maintain=0.0499092, area1=-nan, area23=-nan, area4=-nan, dual_obj=822.314, overall time=2460.68
i=104, infea=0.150999, nnz_a=36.384, nnz_b=72.9901, uni_search=0.925753, uni_subSolve=0.12885, uni_maintain=0.174579, bi_search=17.5411, bi_subSolve=0.083452, bi_maintain=0.289429, admm_maintain=0.049815, area1=-nan, area23=-nan, area4=-nan, dual_obj=923.4, p_obj=1668.92, heldout Acc=0.368594 (5/10), overall time=2504.95
i=105, infea=0.16043, nnz_a=36.4649, nnz_b=73.3704, uni_search=0.937656, uni_subSolve=0.132163, uni_maintain=0.17586, bi_search=17.7088, bi_subSolve=0.0944004, bi_maintain=0.334828, admm_maintain=0.0537273, area1=-nan, area23=-nan, area4=-nan, dual_obj=1047.11, overall time=2524.46
i=106, infea=0.169848, nnz_a=36.5445, nnz_b=73.7102, uni_search=0.856719, uni_subSolve=0.116235, uni_maintain=0.155624, bi_search=17.4667, bi_subSolve=0.0810415, bi_maintain=0.278917, admm_maintain=0.0551822, area1=-nan, area23=-nan, area4=-nan, dual_obj=1173.22, overall time=2543.54
i=107, infea=0.180794, nnz_a=36.6242, nnz_b=74.0387, uni_search=0.875372, uni_subSolve=0.120053, uni_maintain=0.158253, bi_search=17.4444, bi_subSolve=0.0799177, bi_maintain=0.279401, admm_maintain=0.0490016, area1=-nan, area23=-nan, area4=-nan, dual_obj=1332.18, overall time=2562.61
i=108, infea=0.191349, nnz_a=36.702, nnz_b=74.384, uni_search=0.86529, uni_subSolve=0.118231, uni_maintain=0.154466, bi_search=17.4576, bi_subSolve=0.0809747, bi_maintain=0.28375, admm_maintain=0.0498619, area1=-nan, area23=-nan, area4=-nan, dual_obj=1496.92, overall time=2581.69
i=109, infea=0.202579, nnz_a=36.774, nnz_b=74.7298, uni_search=0.873711, uni_subSolve=0.120035, uni_maintain=0.158482, bi_search=17.4974, bi_subSolve=0.0832071, bi_maintain=0.291074, admm_maintain=0.0520304, area1=-nan, area23=-nan, area4=-nan, dual_obj=1679.32, p_obj=2403.28, heldout Acc=0.298949 (6/10), overall time=2623.72
i=110, infea=0.214565, nnz_a=36.8522, nnz_b=75.066, uni_search=0.873206, uni_subSolve=0.119918, uni_maintain=0.157474, bi_search=17.546, bi_subSolve=0.0859418, bi_maintain=0.301444, admm_maintain=0.0501335, area1=-nan, area23=-nan, area4=-nan, dual_obj=1892.24, overall time=2642.93
i=111, infea=0.227162, nnz_a=36.928, nnz_b=75.3689, uni_search=0.876909, uni_subSolve=0.123145, uni_maintain=0.161918, bi_search=17.7063, bi_subSolve=0.0970268, bi_maintain=0.356295, admm_maintain=0.0589644, area1=-nan, area23=-nan, area4=-nan, dual_obj=2131.54, overall time=2662.38
i=112, infea=0.239569, nnz_a=37.0045, nnz_b=75.7225, uni_search=0.94734, uni_subSolve=0.134715, uni_maintain=0.179965, bi_search=22.2031, bi_subSolve=0.177827, bi_maintain=0.409547, admm_maintain=0.0553564, area1=-nan, area23=-nan, area4=-nan, dual_obj=2384.28, overall time=2686.57
i=113, infea=0.253205, nnz_a=37.0792, nnz_b=76.0148, uni_search=0.878464, uni_subSolve=0.123769, uni_maintain=0.162799, bi_search=17.6447, bi_subSolve=0.0959557, bi_maintain=0.346559, admm_maintain=0.0519216, area1=-nan, area23=-nan, area4=-nan, dual_obj=2664.64, overall time=2705.95
i=114, infea=0.266974, nnz_a=37.1543, nnz_b=76.3054, uni_search=0.918804, uni_subSolve=0.130017, uni_maintain=0.172121, bi_search=17.4974, bi_subSolve=0.0840325, bi_maintain=0.293935, admm_maintain=0.0533183, area1=-nan, area23=-nan, area4=-nan, dual_obj=2977.56, p_obj=3247.08, heldout Acc=0.279238 (7/10), overall time=2747.95
i=115, infea=0.281234, nnz_a=37.2221, nnz_b=76.577, uni_search=0.85602, uni_subSolve=0.117996, uni_maintain=0.154026, bi_search=17.4415, bi_subSolve=0.0824556, bi_maintain=0.290568, admm_maintain=0.0502364, area1=-nan, area23=-nan, area4=-nan, dual_obj=3324.05, overall time=2767.01
i=116, infea=0.295114, nnz_a=37.294, nnz_b=76.8661, uni_search=0.926074, uni_subSolve=0.13163, uni_maintain=0.178642, bi_search=17.542, bi_subSolve=0.0870813, bi_maintain=0.303159, admm_maintain=0.0539316, area1=-nan, area23=-nan, area4=-nan, dual_obj=3692.09, overall time=2786.3
i=117, infea=0.309719, nnz_a=37.3625, nnz_b=77.1348, uni_search=0.878332, uni_subSolve=0.124483, uni_maintain=0.167466, bi_search=17.6548, bi_subSolve=0.0981679, bi_maintain=0.364868, admm_maintain=0.0514776, area1=-nan, area23=-nan, area4=-nan, dual_obj=4094.54, overall time=2805.71
i=118, infea=0.324659, nnz_a=37.4387, nnz_b=77.3124, uni_search=0.86955, uni_subSolve=0.122974, uni_maintain=0.161479, bi_search=17.5207, bi_subSolve=0.0862332, bi_maintain=0.300984, admm_maintain=0.0505616, area1=-nan, area23=-nan, area4=-nan, dual_obj=4524.57, overall time=2824.89
i=119, infea=0.339737, nnz_a=37.5155, nnz_b=77.5369, uni_search=0.865871, uni_subSolve=0.120518, uni_maintain=0.157395, bi_search=17.4633, bi_subSolve=0.0839414, bi_maintain=0.295614, admm_maintain=0.0498311, area1=-nan, area23=-nan, area4=-nan, dual_obj=4994.86, p_obj=4561.73, heldout Acc=0.272668 (8/10), overall time=2866.17
i=120, infea=0.354317, nnz_a=37.5902, nnz_b=77.7207, uni_search=0.854097, uni_subSolve=0.118467, uni_maintain=0.154481, bi_search=17.4344, bi_subSolve=0.0819029, bi_maintain=0.285221, admm_maintain=0.04942, area1=-nan, area23=-nan, area4=-nan, dual_obj=5462.75, overall time=2885.21
i=121, infea=0.368881, nnz_a=37.6635, nnz_b=77.9619, uni_search=0.854318, uni_subSolve=0.118827, uni_maintain=0.154946, bi_search=22.1165, bi_subSolve=0.175791, bi_maintain=0.410954, admm_maintain=0.0538591, area1=-nan, area23=-nan, area4=-nan, dual_obj=5963.78, overall time=2909.17
i=122, infea=0.384555, nnz_a=37.7416, nnz_b=78.1438, uni_search=0.854067, uni_subSolve=0.118927, uni_maintain=0.154866, bi_search=17.4713, bi_subSolve=0.0838977, bi_maintain=0.291445, admm_maintain=0.0543386, area1=-nan, area23=-nan, area4=-nan, dual_obj=6522.44, overall time=2928.27
i=123, infea=0.398331, nnz_a=37.8211, nnz_b=78.3602, uni_search=0.904208, uni_subSolve=0.128339, uni_maintain=0.168385, bi_search=17.4777, bi_subSolve=0.085708, bi_maintain=0.297017, admm_maintain=0.0498366, area1=-nan, area23=-nan, area4=-nan, dual_obj=7074.65, overall time=2947.44
i=124, infea=0.412873, nnz_a=37.8973, nnz_b=78.5408, uni_search=0.854175, uni_subSolve=0.119343, uni_maintain=0.155606, bi_search=17.4334, bi_subSolve=0.0825027, bi_maintain=0.288243, admm_maintain=0.0493595, area1=-nan, area23=-nan, area4=-nan, dual_obj=7644.01, p_obj=6267.27, heldout Acc=0.24113 (9/10), overall time=2988.2
i=125, infea=0.427718, nnz_a=37.9704, nnz_b=78.6562, uni_search=0.854487, uni_subSolve=0.119653, uni_maintain=0.15663, bi_search=17.4309, bi_subSolve=0.0825737, bi_maintain=0.289134, admm_maintain=0.0501185, area1=-nan, area23=-nan, area4=-nan, dual_obj=8260.02, overall time=3007.25
i=126, infea=0.441407, nnz_a=38.0424, nnz_b=78.7958, uni_search=0.92507, uni_subSolve=0.133718, uni_maintain=0.181744, bi_search=17.5352, bi_subSolve=0.0882511, bi_maintain=0.308219, admm_maintain=0.0516546, area1=-nan, area23=-nan, area4=-nan, dual_obj=8832.02, overall time=3026.54
i=127, infea=0.455869, nnz_a=38.1187, nnz_b=78.8806, uni_search=0.860025, uni_subSolve=0.121123, uni_maintain=0.158155, bi_search=17.4518, bi_subSolve=0.0827262, bi_maintain=0.288668, admm_maintain=0.0494711, area1=-nan, area23=-nan, area4=-nan, dual_obj=9468.19, overall time=3045.62
i=128, infea=0.469523, nnz_a=38.2044, nnz_b=79.0223, uni_search=0.926047, uni_subSolve=0.134282, uni_maintain=0.182451, bi_search=17.6827, bi_subSolve=0.0903779, bi_maintain=0.310381, admm_maintain=0.0485624, area1=-nan, area23=-nan, area4=-nan, dual_obj=10104.1, overall time=3065.06
i=129, infea=0.481902, nnz_a=38.2878, nnz_b=79.1691, uni_search=0.853249, uni_subSolve=0.120054, uni_maintain=0.156621, bi_search=17.4597, bi_subSolve=0.0841963, bi_maintain=0.294353, admm_maintain=0.0528757, area1=-nan, area23=-nan, area4=-nan, dual_obj=10720, p_obj=8083.87, heldout Acc=0.210907 (10/10)
overall time=3117.08
