using heldout data set: /scratch/cluster/ianyen/data/speech/speech.test, early_terminate=10
D=118
K=878
N=13491
nSeq=912
split_up_rate=1, admm_step_size=1, C=1, eta=1
i=0, infea=0.00430963, nnz_a=1.99911, nnz_b=2, uni_search=0.866148, uni_subSolve=0.011808, uni_maintain=0.00872586, bi_search=17.7491, bi_subSolve=0.0191518, bi_maintain=0.0388266, admm_maintain=0.00719833, area1=-nan, area23=-nan, area4=-nan, dual_obj=-3.47103, overall time=18.902
i=1, infea=0.00780998, nnz_a=2.97065, nnz_b=2.99499, uni_search=0.928075, uni_subSolve=0.0168991, uni_maintain=0.0125047, bi_search=17.5854, bi_subSolve=0.018417, bi_maintain=0.0328759, admm_maintain=0.00943478, area1=-nan, area23=-nan, area4=-nan, dual_obj=-6.54791, overall time=37.5639
i=2, infea=0.0112556, nnz_a=3.89704, nnz_b=3.9903, uni_search=0.858321, uni_subSolve=0.0191272, uni_maintain=0.0161838, bi_search=17.4802, bi_subSolve=0.0133904, bi_maintain=0.0346919, admm_maintain=0.0108791, area1=-nan, area23=-nan, area4=-nan, dual_obj=-9.31812, overall time=56.0511
i=3, infea=0.0149651, nnz_a=4.77615, nnz_b=4.9837, uni_search=0.864091, uni_subSolve=0.0223645, uni_maintain=0.0218624, bi_search=17.4766, bi_subSolve=0.019464, bi_maintain=0.0386344, admm_maintain=0.0128534, area1=-nan, area23=-nan, area4=-nan, dual_obj=-11.9796, overall time=74.5631
i=4, infea=0.0183418, nnz_a=5.61901, nnz_b=5.9748, uni_search=0.951875, uni_subSolve=0.0289404, uni_maintain=0.0313891, bi_search=17.5837, bi_subSolve=0.0190536, bi_maintain=0.0456233, admm_maintain=0.0162394, area1=-nan, area23=-nan, area4=-nan, dual_obj=-14.6361, p_obj=567.492, heldout Acc=0.256899, overall time=117.155
i=5, infea=0.0211862, nnz_a=6.41798, nnz_b=6.96272, uni_search=0.927852, uni_subSolve=0.0309567, uni_maintain=0.0335633, bi_search=17.5841, bi_subSolve=0.0186413, bi_maintain=0.0478768, admm_maintain=0.0165307, area1=-nan, area23=-nan, area4=-nan, dual_obj=-17.3364, overall time=135.872
i=6, infea=0.023703, nnz_a=7.17968, nnz_b=7.93934, uni_search=0.926606, uni_subSolve=0.0339077, uni_maintain=0.0374403, bi_search=17.5801, bi_subSolve=0.0191047, bi_maintain=0.0511682, admm_maintain=0.0177402, area1=-nan, area23=-nan, area4=-nan, dual_obj=-20.0224, overall time=154.595
i=7, infea=0.0261422, nnz_a=7.90868, nnz_b=8.90603, uni_search=0.929503, uni_subSolve=0.0369627, uni_maintain=0.0411103, bi_search=17.6005, bi_subSolve=0.0257801, bi_maintain=0.0546822, admm_maintain=0.0194398, area1=-nan, area23=-nan, area4=-nan, dual_obj=-22.6521, overall time=173.36
i=8, infea=0.0285601, nnz_a=8.6113, nnz_b=9.8581, uni_search=0.932549, uni_subSolve=0.0400913, uni_maintain=0.0447874, bi_search=17.5884, bi_subSolve=0.0223546, bi_maintain=0.0582706, admm_maintain=0.0211113, area1=-nan, area23=-nan, area4=-nan, dual_obj=-25.155, overall time=192.129
i=9, infea=0.0309738, nnz_a=9.29138, nnz_b=10.8011, uni_search=0.956074, uni_subSolve=0.0436045, uni_maintain=0.0498811, bi_search=20.9832, bi_subSolve=0.0808345, bi_maintain=0.111597, admm_maintain=0.020806, area1=-nan, area23=-nan, area4=-nan, dual_obj=-27.5583, p_obj=419.964, heldout Acc=0.362024, overall time=237.924
i=10, infea=0.0333405, nnz_a=9.94596, nnz_b=11.7392, uni_search=0.861595, uni_subSolve=0.0404502, uni_maintain=0.045979, bi_search=17.4795, bi_subSolve=0.0215634, bi_maintain=0.062222, admm_maintain=0.0212457, area1=-nan, area23=-nan, area4=-nan, dual_obj=-29.8396, overall time=256.514
i=11, infea=0.0357332, nnz_a=10.5756, nnz_b=12.6656, uni_search=0.861196, uni_subSolve=0.0424044, uni_maintain=0.0504942, bi_search=17.4782, bi_subSolve=0.0222032, bi_maintain=0.0641704, admm_maintain=0.0223393, area1=-nan, area23=-nan, area4=-nan, dual_obj=-32.0168, overall time=275.113
i=12, infea=0.0380693, nnz_a=11.1845, nnz_b=13.5847, uni_search=0.860671, uni_subSolve=0.044323, uni_maintain=0.0504427, bi_search=17.4849, bi_subSolve=0.0230165, bi_maintain=0.0669207, admm_maintain=0.0228061, area1=-nan, area23=-nan, area4=-nan, dual_obj=-34.1156, overall time=293.724
i=13, infea=0.0403745, nnz_a=11.7834, nnz_b=14.4902, uni_search=0.864153, uni_subSolve=0.0465426, uni_maintain=0.0530636, bi_search=17.4864, bi_subSolve=0.0237466, bi_maintain=0.0704764, admm_maintain=0.023603, area1=-nan, area23=-nan, area4=-nan, dual_obj=-36.1035, overall time=312.35
i=14, infea=0.0426406, nnz_a=12.3605, nnz_b=15.3824, uni_search=0.859941, uni_subSolve=0.0479994, uni_maintain=0.0551524, bi_search=17.6864, bi_subSolve=0.0293613, bi_maintain=0.0917936, admm_maintain=0.02524, area1=-nan, area23=-nan, area4=-nan, dual_obj=-37.9935, p_obj=348.756, heldout Acc=0.43364, overall time=357.748
i=15, infea=0.044895, nnz_a=12.923, nnz_b=16.262, uni_search=0.976686, uni_subSolve=0.0595957, uni_maintain=0.071, bi_search=21.0025, bi_subSolve=0.0874815, bi_maintain=0.148902, admm_maintain=0.0266961, area1=-nan, area23=-nan, area4=-nan, dual_obj=-39.7777, overall time=380.199
i=16, infea=0.047134, nnz_a=13.4697, nnz_b=17.1316, uni_search=0.949213, uni_subSolve=0.0582222, uni_maintain=0.0696298, bi_search=17.5412, bi_subSolve=0.0300764, bi_maintain=0.0870546, admm_maintain=0.0282274, area1=-nan, area23=-nan, area4=-nan, dual_obj=-41.439, overall time=399.024
i=17, infea=0.0494132, nnz_a=13.9914, nnz_b=17.9811, uni_search=0.880662, uni_subSolve=0.0545246, uni_maintain=0.0671277, bi_search=17.5046, bi_subSolve=0.0282213, bi_maintain=0.0843238, admm_maintain=0.0282075, area1=-nan, area23=-nan, area4=-nan, dual_obj=-43.0197, overall time=417.731
i=18, infea=0.0518166, nnz_a=14.5037, nnz_b=18.8137, uni_search=0.953592, uni_subSolve=0.0620925, uni_maintain=0.0748387, bi_search=17.4915, bi_subSolve=0.0284639, bi_maintain=0.08614, admm_maintain=0.0276479, area1=-nan, area23=-nan, area4=-nan, dual_obj=-44.4763, overall time=436.516
i=19, infea=0.0542818, nnz_a=15.0014, nnz_b=19.637, uni_search=0.868395, uni_subSolve=0.0567764, uni_maintain=0.0671811, bi_search=17.4984, bi_subSolve=0.029171, bi_maintain=0.0901781, admm_maintain=0.0287294, area1=-nan, area23=-nan, area4=-nan, dual_obj=-45.8199, p_obj=311.285, heldout Acc=0.467806, overall time=479.822
i=20, infea=0.0568468, nnz_a=15.4892, nnz_b=20.4472, uni_search=0.86965, uni_subSolve=0.0583866, uni_maintain=0.0693602, bi_search=17.4967, bi_subSolve=0.0306171, bi_maintain=0.0922232, admm_maintain=0.0297057, area1=-nan, area23=-nan, area4=-nan, dual_obj=-47.0557, overall time=498.536
i=21, infea=0.0594695, nnz_a=15.9546, nnz_b=21.2431, uni_search=0.953756, uni_subSolve=0.0662681, uni_maintain=0.0842629, bi_search=20.8124, bi_subSolve=0.086296, bi_maintain=0.183209, admm_maintain=0.0315259, area1=-nan, area23=-nan, area4=-nan, dual_obj=-48.1776, overall time=520.834
i=22, infea=0.0623448, nnz_a=16.4187, nnz_b=22.0164, uni_search=0.881559, uni_subSolve=0.062228, uni_maintain=0.0746284, bi_search=17.5048, bi_subSolve=0.0320352, bi_maintain=0.100182, admm_maintain=0.0331362, area1=-nan, area23=-nan, area4=-nan, dual_obj=-49.1182, overall time=539.584
i=23, infea=0.0653101, nnz_a=16.862, nnz_b=22.7705, uni_search=0.94579, uni_subSolve=0.0697306, uni_maintain=0.0858527, bi_search=17.5226, bi_subSolve=0.0341294, bi_maintain=0.104239, admm_maintain=0.0303887, area1=-nan, area23=-nan, area4=-nan, dual_obj=-49.9599, overall time=558.438
i=24, infea=0.0685362, nnz_a=17.2931, nnz_b=23.5109, uni_search=0.862247, uni_subSolve=0.0632363, uni_maintain=0.0758973, bi_search=17.4883, bi_subSolve=0.0323451, bi_maintain=0.10098, admm_maintain=0.0308966, area1=-nan, area23=-nan, area4=-nan, dual_obj=-50.6433, p_obj=279.804, heldout Acc=0.498029, overall time=600.321
i=25, infea=0.0720183, nnz_a=17.7128, nnz_b=24.2301, uni_search=0.964657, uni_subSolve=0.0734399, uni_maintain=0.0920925, bi_search=19.8197, bi_subSolve=0.0733634, bi_maintain=0.166954, admm_maintain=0.0315645, area1=-nan, area23=-nan, area4=-nan, dual_obj=-51.1343, overall time=621.618
i=26, infea=0.0758182, nnz_a=18.1153, nnz_b=24.9346, uni_search=0.860878, uni_subSolve=0.0655239, uni_maintain=0.079175, bi_search=17.4849, bi_subSolve=0.0331012, bi_maintain=0.10459, admm_maintain=0.0322175, area1=-nan, area23=-nan, area4=-nan, dual_obj=-51.3917, overall time=640.338
i=27, infea=0.0797716, nnz_a=18.5054, nnz_b=25.6102, uni_search=0.860982, uni_subSolve=0.0667066, uni_maintain=0.0808952, bi_search=17.4911, bi_subSolve=0.0339812, bi_maintain=0.107105, admm_maintain=0.0320587, area1=-nan, area23=-nan, area4=-nan, dual_obj=-51.4588, overall time=659.071
i=28, infea=0.0840438, nnz_a=18.8773, nnz_b=26.2757, uni_search=0.859952, uni_subSolve=0.0677396, uni_maintain=0.0853077, bi_search=17.4872, bi_subSolve=0.0352392, bi_maintain=0.11198, admm_maintain=0.0336371, area1=-nan, area23=-nan, area4=-nan, dual_obj=-51.3686, overall time=677.814
i=29, infea=0.088458, nnz_a=19.2411, nnz_b=26.9265, uni_search=0.862836, uni_subSolve=0.0690159, uni_maintain=0.0839831, bi_search=17.5072, bi_subSolve=0.0442903, bi_maintain=0.115514, admm_maintain=0.0356726, area1=-nan, area23=-nan, area4=-nan, dual_obj=-50.901, p_obj=326.578, heldout Acc=0.42707 (1/10), overall time=720.765
i=30, infea=0.0931128, nnz_a=19.5913, nnz_b=27.5671, uni_search=0.942547, uni_subSolve=0.0785653, uni_maintain=0.0988443, bi_search=17.5838, bi_subSolve=0.0381002, bi_maintain=0.121793, admm_maintain=0.0373705, area1=-nan, area23=-nan, area4=-nan, dual_obj=-50.3875, overall time=739.728
i=31, infea=0.0978806, nnz_a=19.93, nnz_b=28.2057, uni_search=0.877776, uni_subSolve=0.0726396, uni_maintain=0.0927079, bi_search=17.4967, bi_subSolve=0.0372663, bi_maintain=0.117562, admm_maintain=0.0344342, area1=-nan, area23=-nan, area4=-nan, dual_obj=-49.4743, overall time=758.519
i=32, infea=0.102936, nnz_a=20.2553, nnz_b=28.8247, uni_search=0.861183, uni_subSolve=0.0718626, uni_maintain=0.0888891, bi_search=17.5134, bi_subSolve=0.0385959, bi_maintain=0.120559, admm_maintain=0.0375835, area1=-nan, area23=-nan, area4=-nan, dual_obj=-48.4041, overall time=777.313
i=33, infea=0.107901, nnz_a=20.5736, nnz_b=29.4135, uni_search=0.929176, uni_subSolve=0.0801866, uni_maintain=0.100815, bi_search=18.1165, bi_subSolve=0.0583939, bi_maintain=0.193572, admm_maintain=0.0397169, area1=-nan, area23=-nan, area4=-nan, dual_obj=-47.0834, overall time=796.903
i=34, infea=0.112998, nnz_a=20.8724, nnz_b=29.9906, uni_search=0.971717, uni_subSolve=0.085002, uni_maintain=0.108444, bi_search=17.7062, bi_subSolve=0.0430557, bi_maintain=0.128275, admm_maintain=0.036306, area1=-nan, area23=-nan, area4=-nan, dual_obj=-45.6169, p_obj=372.73, heldout Acc=0.425099 (2/10), overall time=837.635
i=35, infea=0.118187, nnz_a=21.1579, nnz_b=30.5621, uni_search=0.863503, uni_subSolve=0.0747518, uni_maintain=0.0923946, bi_search=17.4903, bi_subSolve=0.0390835, bi_maintain=0.125083, admm_maintain=0.0368647, area1=-nan, area23=-nan, area4=-nan, dual_obj=-43.7195, overall time=856.419
i=36, infea=0.123522, nnz_a=21.4468, nnz_b=31.1274, uni_search=0.862845, uni_subSolve=0.0755099, uni_maintain=0.0932836, bi_search=17.5148, bi_subSolve=0.040947, bi_maintain=0.130652, admm_maintain=0.036688, area1=-nan, area23=-nan, area4=-nan, dual_obj=-41.6675, overall time=875.236
i=37, infea=0.12863, nnz_a=21.7187, nnz_b=31.6851, uni_search=0.871442, uni_subSolve=0.077291, uni_maintain=0.0959533, bi_search=17.5112, bi_subSolve=0.0406788, bi_maintain=0.130782, admm_maintain=0.0365851, area1=-nan, area23=-nan, area4=-nan, dual_obj=-39.4671, overall time=894.065
i=38, infea=0.134015, nnz_a=21.9881, nnz_b=32.2189, uni_search=0.953524, uni_subSolve=0.0861645, uni_maintain=0.113652, bi_search=19.2222, bi_subSolve=0.0721828, bi_maintain=0.197629, admm_maintain=0.040019, area1=-nan, area23=-nan, area4=-nan, dual_obj=-36.7767, overall time=914.826
i=39, infea=0.139362, nnz_a=22.2408, nnz_b=32.7492, uni_search=0.929164, uni_subSolve=0.0857098, uni_maintain=0.108265, bi_search=17.6013, bi_subSolve=0.0436697, bi_maintain=0.14296, admm_maintain=0.0405794, area1=-nan, area23=-nan, area4=-nan, dual_obj=-33.9543, p_obj=431.557, heldout Acc=0.455322 (3/10), overall time=956.489
i=40, infea=0.145021, nnz_a=22.4956, nnz_b=33.2539, uni_search=0.890099, uni_subSolve=0.0816642, uni_maintain=0.10319, bi_search=17.5026, bi_subSolve=0.0420698, bi_maintain=0.137569, admm_maintain=0.038677, area1=-nan, area23=-nan, area4=-nan, dual_obj=-30.5241, overall time=975.349
i=41, infea=0.15053, nnz_a=22.7392, nnz_b=33.754, uni_search=0.955489, uni_subSolve=0.0906423, uni_maintain=0.119449, bi_search=17.5542, bi_subSolve=0.0459042, bi_maintain=0.149638, admm_maintain=0.0432091, area1=-nan, area23=-nan, area4=-nan, dual_obj=-26.9612, overall time=994.374
i=42, infea=0.156059, nnz_a=22.9764, nnz_b=34.2157, uni_search=0.946217, uni_subSolve=0.0903551, uni_maintain=0.115342, bi_search=17.551, bi_subSolve=0.0456687, bi_maintain=0.151481, admm_maintain=0.0404072, area1=-nan, area23=-nan, area4=-nan, dual_obj=-23.0802, overall time=1013.38
i=43, infea=0.16155, nnz_a=23.2147, nnz_b=34.6837, uni_search=0.941716, uni_subSolve=0.0904908, uni_maintain=0.115591, bi_search=17.571, bi_subSolve=0.0454578, bi_maintain=0.150645, admm_maintain=0.0417966, area1=-nan, area23=-nan, area4=-nan, dual_obj=-18.7807, overall time=1032.4
i=44, infea=0.16776, nnz_a=23.4516, nnz_b=35.1455, uni_search=0.930824, uni_subSolve=0.0896868, uni_maintain=0.113963, bi_search=20.6572, bi_subSolve=0.101272, bi_maintain=0.268182, admm_maintain=0.0430023, area1=-nan, area23=-nan, area4=-nan, dual_obj=-13.8584, p_obj=476.329, heldout Acc=0.409987 (4/10), overall time=1092.07
i=45, infea=0.173613, nnz_a=23.6794, nnz_b=35.5695, uni_search=0.954032, uni_subSolve=0.0915489, uni_maintain=0.118444, bi_search=20.9305, bi_subSolve=0.102307, bi_maintain=0.282343, admm_maintain=0.0426538, area1=-nan, area23=-nan, area4=-nan, dual_obj=-8.38124, overall time=1114.68
i=46, infea=0.179469, nnz_a=23.8993, nnz_b=36.0138, uni_search=0.952687, uni_subSolve=0.092167, uni_maintain=0.119287, bi_search=20.0663, bi_subSolve=0.0879494, bi_maintain=0.254674, admm_maintain=0.045778, area1=-nan, area23=-nan, area4=-nan, dual_obj=-2.68085, overall time=1136.38
i=47, infea=0.185489, nnz_a=24.114, nnz_b=36.4358, uni_search=0.911943, uni_subSolve=0.0886842, uni_maintain=0.112588, bi_search=17.6455, bi_subSolve=0.0511443, bi_maintain=0.177244, admm_maintain=0.0553048, area1=-nan, area23=-nan, area4=-nan, dual_obj=3.34805, overall time=1155.49
i=48, infea=0.192028, nnz_a=24.3229, nnz_b=36.8521, uni_search=1.00034, uni_subSolve=0.101219, uni_maintain=0.131387, bi_search=17.7836, bi_subSolve=0.0547651, bi_maintain=0.18644, admm_maintain=0.0474651, area1=-nan, area23=-nan, area4=-nan, dual_obj=9.75201, overall time=1174.86
i=49, infea=0.19828, nnz_a=24.5338, nnz_b=37.2516, uni_search=0.916442, uni_subSolve=0.0906627, uni_maintain=0.115921, bi_search=17.6093, bi_subSolve=0.0518581, bi_maintain=0.180475, admm_maintain=0.054325, area1=-nan, area23=-nan, area4=-nan, dual_obj=16.6212, p_obj=551.107, heldout Acc=0.384363 (5/10), overall time=1221.51
i=50, infea=0.204478, nnz_a=24.7363, nnz_b=37.6406, uni_search=0.997779, uni_subSolve=0.10228, uni_maintain=0.132843, bi_search=17.7418, bi_subSolve=0.0544065, bi_maintain=0.184887, admm_maintain=0.0527565, area1=-nan, area23=-nan, area4=-nan, dual_obj=24.1774, overall time=1240.85
i=51, infea=0.210913, nnz_a=24.9423, nnz_b=38.0225, uni_search=0.994548, uni_subSolve=0.102667, uni_maintain=0.133588, bi_search=17.6658, bi_subSolve=0.0583918, bi_maintain=0.183803, admm_maintain=0.0532153, area1=-nan, area23=-nan, area4=-nan, dual_obj=31.7174, overall time=1260.11
i=52, infea=0.217262, nnz_a=25.1405, nnz_b=38.3961, uni_search=0.996394, uni_subSolve=0.103484, uni_maintain=0.134495, bi_search=17.5745, bi_subSolve=0.0505045, bi_maintain=0.176612, admm_maintain=0.046083, area1=-nan, area23=-nan, area4=-nan, dual_obj=40.4822, overall time=1279.26
i=53, infea=0.223883, nnz_a=25.3392, nnz_b=38.7276, uni_search=0.868616, uni_subSolve=0.0874775, uni_maintain=0.110204, bi_search=17.5098, bi_subSolve=0.0469386, bi_maintain=0.163, admm_maintain=0.0450678, area1=-nan, area23=-nan, area4=-nan, dual_obj=49.5002, overall time=1298.16
i=54, infea=0.230309, nnz_a=25.5245, nnz_b=39.0271, uni_search=0.867901, uni_subSolve=0.088012, uni_maintain=0.114451, bi_search=17.5159, bi_subSolve=0.0484035, bi_maintain=0.171674, admm_maintain=0.0457493, area1=-nan, area23=-nan, area4=-nan, dual_obj=59.3038, p_obj=601.881, heldout Acc=0.432983 (6/10), overall time=1346.1
i=55, infea=0.237487, nnz_a=25.7208, nnz_b=39.3542, uni_search=0.865768, uni_subSolve=0.0879312, uni_maintain=0.110914, bi_search=17.5132, bi_subSolve=0.0478631, bi_maintain=0.167663, admm_maintain=0.0454455, area1=-nan, area23=-nan, area4=-nan, dual_obj=70.3111, overall time=1365
i=56, infea=0.244098, nnz_a=25.9148, nnz_b=39.6922, uni_search=0.868506, uni_subSolve=0.0889935, uni_maintain=0.114457, bi_search=17.5143, bi_subSolve=0.0480812, bi_maintain=0.168457, admm_maintain=0.0446615, area1=-nan, area23=-nan, area4=-nan, dual_obj=80.8964, overall time=1383.92
i=57, infea=0.25108, nnz_a=26.1015, nnz_b=39.9818, uni_search=0.866997, uni_subSolve=0.0892106, uni_maintain=0.11254, bi_search=17.5261, bi_subSolve=0.0493636, bi_maintain=0.173149, admm_maintain=0.0438346, area1=-nan, area23=-nan, area4=-nan, dual_obj=92.8983, overall time=1402.84
i=58, infea=0.25814, nnz_a=26.288, nnz_b=40.2705, uni_search=0.873944, uni_subSolve=0.0904225, uni_maintain=0.114592, bi_search=17.5234, bi_subSolve=0.0499275, bi_maintain=0.175406, admm_maintain=0.047568, area1=-nan, area23=-nan, area4=-nan, dual_obj=104.878, overall time=1421.78
i=59, infea=0.264882, nnz_a=26.4771, nnz_b=40.5611, uni_search=0.887499, uni_subSolve=0.0928724, uni_maintain=0.117878, bi_search=17.5219, bi_subSolve=0.0503595, bi_maintain=0.176111, admm_maintain=0.0476353, area1=-nan, area23=-nan, area4=-nan, dual_obj=117.355, p_obj=656.004, heldout Acc=0.393561 (7/10), overall time=1465.17
i=60, infea=0.271759, nnz_a=26.6653, nnz_b=40.8097, uni_search=0.888001, uni_subSolve=0.0934554, uni_maintain=0.118612, bi_search=17.5765, bi_subSolve=0.0592338, bi_maintain=0.191236, admm_maintain=0.0501404, area1=-nan, area23=-nan, area4=-nan, dual_obj=130.234, overall time=1484.22
i=61, infea=0.278987, nnz_a=26.8577, nnz_b=41.0535, uni_search=0.974959, uni_subSolve=0.106185, uni_maintain=0.138096, bi_search=17.5144, bi_subSolve=0.0502408, bi_maintain=0.177385, admm_maintain=0.0471712, area1=-nan, area23=-nan, area4=-nan, dual_obj=144.03, overall time=1503.3
i=62, infea=0.286237, nnz_a=27.0368, nnz_b=41.3423, uni_search=0.878637, uni_subSolve=0.093329, uni_maintain=0.118357, bi_search=17.5174, bi_subSolve=0.0504735, bi_maintain=0.17937, admm_maintain=0.0482862, area1=-nan, area23=-nan, area4=-nan, dual_obj=158.915, overall time=1522.25
i=63, infea=0.292626, nnz_a=27.2244, nnz_b=41.6186, uni_search=1.13859, uni_subSolve=0.128649, uni_maintain=0.179668, bi_search=23.678, bi_subSolve=0.140101, bi_maintain=0.394378, admm_maintain=0.0522738, area1=-nan, area23=-nan, area4=-nan, dual_obj=172.673, overall time=1548.06
i=64, infea=0.300145, nnz_a=27.4164, nnz_b=41.8895, uni_search=0.875932, uni_subSolve=0.0939372, uni_maintain=0.119092, bi_search=17.516, bi_subSolve=0.0510798, bi_maintain=0.179161, admm_maintain=0.0486022, area1=-nan, area23=-nan, area4=-nan, dual_obj=188.616, p_obj=764.27, heldout Acc=0.429698 (8/10), overall time=1591.82
i=65, infea=0.307246, nnz_a=27.6007, nnz_b=42.1244, uni_search=0.887067, uni_subSolve=0.0958632, uni_maintain=0.122109, bi_search=17.5147, bi_subSolve=0.0508923, bi_maintain=0.179457, admm_maintain=0.0488383, area1=-nan, area23=-nan, area4=-nan, dual_obj=206.167, overall time=1610.79
i=66, infea=0.315064, nnz_a=27.7893, nnz_b=42.3557, uni_search=0.887265, uni_subSolve=0.0964716, uni_maintain=0.122612, bi_search=17.5198, bi_subSolve=0.0515824, bi_maintain=0.181888, admm_maintain=0.0627417, area1=-nan, area23=-nan, area4=-nan, dual_obj=222.989, overall time=1629.78
i=67, infea=0.321943, nnz_a=27.9741, nnz_b=42.607, uni_search=0.904428, uni_subSolve=0.0992154, uni_maintain=0.129005, bi_search=17.5225, bi_subSolve=0.051439, bi_maintain=0.18111, admm_maintain=0.0491593, area1=-nan, area23=-nan, area4=-nan, dual_obj=241.302, overall time=1648.78
i=68, infea=0.328938, nnz_a=28.1528, nnz_b=42.8278, uni_search=0.879926, uni_subSolve=0.0965694, uni_maintain=0.122701, bi_search=17.5176, bi_subSolve=0.0517214, bi_maintain=0.185517, admm_maintain=0.0489271, area1=-nan, area23=-nan, area4=-nan, dual_obj=259.375, overall time=1667.75
i=69, infea=0.336108, nnz_a=28.3303, nnz_b=43.0974, uni_search=0.878686, uni_subSolve=0.0967629, uni_maintain=0.123087, bi_search=17.5236, bi_subSolve=0.0523304, bi_maintain=0.187468, admm_maintain=0.0508161, area1=-nan, area23=-nan, area4=-nan, dual_obj=277.898, p_obj=929.82, heldout Acc=0.385677 (9/10), overall time=1716.56
i=70, infea=0.344407, nnz_a=28.5057, nnz_b=43.2944, uni_search=0.940366, uni_subSolve=0.106591, uni_maintain=0.140001, bi_search=17.6184, bi_subSolve=0.0584664, bi_maintain=0.207057, admm_maintain=0.0586259, area1=-nan, area23=-nan, area4=-nan, dual_obj=298.493, overall time=1735.76
i=71, infea=0.35193, nnz_a=28.6843, nnz_b=43.5128, uni_search=0.996278, uni_subSolve=0.114724, uni_maintain=0.151921, bi_search=17.7452, bi_subSolve=0.0592727, bi_maintain=0.209099, admm_maintain=0.0606529, area1=-nan, area23=-nan, area4=-nan, dual_obj=319.282, overall time=1755.17
i=72, infea=0.359459, nnz_a=28.8641, nnz_b=43.7453, uni_search=1.01019, uni_subSolve=0.117111, uni_maintain=0.153166, bi_search=17.674, bi_subSolve=0.0599886, bi_maintain=0.206809, admm_maintain=0.0575725, area1=-nan, area23=-nan, area4=-nan, dual_obj=339.935, overall time=1774.52
i=73, infea=0.366404, nnz_a=29.0477, nnz_b=43.9583, uni_search=0.996028, uni_subSolve=0.116239, uni_maintain=0.152119, bi_search=18.5883, bi_subSolve=0.0906062, bi_maintain=0.318149, admm_maintain=0.047736, area1=-nan, area23=-nan, area4=-nan, dual_obj=361.679, overall time=1794.91
i=74, infea=0.374809, nnz_a=29.2101, nnz_b=44.163, uni_search=0.88384, uni_subSolve=0.0998921, uni_maintain=0.127609, bi_search=17.5804, bi_subSolve=0.0540946, bi_maintain=0.190624, admm_maintain=0.0502018, area1=-nan, area23=-nan, area4=-nan, dual_obj=383.731, p_obj=991.753, heldout Acc=0.385677 (10/10)
overall time=1838.33
