using heldout data set: /scratch/cluster/ianyen/data/ChineseOCR/data.fea.test, early_terminate=100
D=86
K=3039
N=172318
nSeq=11954
split_up_rate=3, admm_step_size=1, C=1, eta=0.1
i=0, infea=0.0357306, nnz_a=1.98289, nnz_b=1.99999, uni_search=21.6283, uni_subSolve=0.206705, uni_maintain=0.0945087, bi_search=2.12669, bi_subSolve=0.105675, bi_maintain=1.04241, admm_maintain=0.221834, area1=0.981791, area23=1.00418, area4=1.0033, dual_obj=-2788.68, overall time=35.2075
i=1, infea=0.0642301, nnz_a=2.89602, nnz_b=2.97512, uni_search=22.0541, uni_subSolve=0.29607, uni_maintain=0.133466, bi_search=2.36161, bi_subSolve=0.111101, bi_maintain=1.17826, admm_maintain=0.277568, area1=3.92644, area23=1.01522, area4=1.00511, dual_obj=-5494.19, overall time=65.1407
i=2, infea=0.09047, nnz_a=3.71489, nnz_b=3.92478, uni_search=21.487, uni_subSolve=0.352777, uni_maintain=0.187136, bi_search=2.83231, bi_subSolve=0.151286, bi_maintain=1.49141, admm_maintain=0.308232, area1=8.83522, area23=1.01392, area4=1.00636, dual_obj=-8221.41, overall time=95.9454
i=3, infea=0.114714, nnz_a=4.46516, nnz_b=4.84288, uni_search=23.9401, uni_subSolve=0.532143, uni_maintain=0.298247, bi_search=3.65074, bi_subSolve=0.186291, bi_maintain=1.78757, admm_maintain=0.425689, area1=15.6519, area23=1.01215, area4=1.00717, dual_obj=-10978.5, overall time=130.92
i=4, infea=0.137027, nnz_a=5.15614, nnz_b=5.72746, uni_search=22.9731, uni_subSolve=0.557733, uni_maintain=0.330636, bi_search=4.71501, bi_subSolve=0.27746, bi_maintain=2.55373, admm_maintain=0.433652, area1=24.2524, area23=1.01062, area4=1.00678, dual_obj=-13767.3, overall time=166.789
i=5, infea=0.157552, nnz_a=5.79245, nnz_b=6.57666, uni_search=23.2207, uni_subSolve=0.608053, uni_maintain=0.435496, bi_search=6.92078, bi_subSolve=0.390259, bi_maintain=3.44056, admm_maintain=0.552268, area1=34.5341, area23=1.00979, area4=1.00742, dual_obj=-16576.8, overall time=206.589
i=6, infea=0.176745, nnz_a=6.38233, nnz_b=7.389, uni_search=23.213, uni_subSolve=0.656521, uni_maintain=0.504917, bi_search=6.06223, bi_subSolve=0.364475, bi_maintain=2.98995, admm_maintain=0.602829, area1=46.4916, area23=1.00905, area4=1.00752, dual_obj=-19404.3, overall time=245.109
i=7, infea=0.19489, nnz_a=6.9307, nnz_b=8.15811, uni_search=23.4779, uni_subSolve=0.714771, uni_maintain=0.564295, bi_search=6.31851, bi_subSolve=0.387899, bi_maintain=3.00277, admm_maintain=0.594822, area1=60.1279, area23=1.00871, area4=1.00718, dual_obj=-22236.3, overall time=284.503
i=8, infea=0.212447, nnz_a=7.44107, nnz_b=8.88121, uni_search=23.8495, uni_subSolve=0.809306, uni_maintain=0.664589, bi_search=6.2633, bi_subSolve=0.38725, bi_maintain=2.88549, admm_maintain=0.625302, area1=75.49, area23=1.00845, area4=1.00703, dual_obj=-25080.1, overall time=324.464
i=9, infea=0.229547, nnz_a=7.92005, nnz_b=9.5536, uni_search=24.1851, uni_subSolve=0.890615, uni_maintain=0.713367, bi_search=6.26635, bi_subSolve=0.3968, bi_maintain=2.84812, admm_maintain=0.762504, area1=92.5711, area23=1.00842, area4=1.00577, dual_obj=-27928.2, p_obj=235486, heldout Acc=0.169704, overall time=364.967
i=10, infea=0.246243, nnz_a=8.36207, nnz_b=10.1788, uni_search=22.8961, uni_subSolve=0.846731, uni_maintain=0.603768, bi_search=5.24391, bi_subSolve=0.382604, bi_maintain=2.4827, admm_maintain=0.55634, area1=111.364, area23=1.00867, area4=1.00562, dual_obj=-30779.5, overall time=401.821
i=11, infea=0.262563, nnz_a=8.78021, nnz_b=10.7587, uni_search=22.4289, uni_subSolve=0.848213, uni_maintain=0.581792, bi_search=5.05302, bi_subSolve=0.37645, bi_maintain=2.36422, admm_maintain=0.431485, area1=131.889, area23=1.00897, area4=1.00469, dual_obj=-33633.5, overall time=437.459
i=12, infea=0.27839, nnz_a=9.17316, nnz_b=11.3013, uni_search=21.1886, uni_subSolve=0.711219, uni_maintain=0.554696, bi_search=5.53298, bi_subSolve=0.405191, bi_maintain=2.52345, admm_maintain=0.580879, area1=154.149, area23=1.00922, area4=1.00388, dual_obj=-36486.9, overall time=473.08
i=13, infea=0.293621, nnz_a=9.54022, nnz_b=11.8061, uni_search=24.6861, uni_subSolve=1.15514, uni_maintain=0.899711, bi_search=7.19153, bi_subSolve=0.475588, bi_maintain=3.02563, admm_maintain=0.624464, area1=178.028, area23=1.00983, area4=1.00328, dual_obj=-39354.6, overall time=515.16
i=14, infea=0.308097, nnz_a=9.88793, nnz_b=12.2847, uni_search=23.185, uni_subSolve=0.960353, uni_maintain=0.784938, bi_search=7.55979, bi_subSolve=0.479256, bi_maintain=3.03543, admm_maintain=0.756817, area1=203.498, area23=1.01039, area4=1.00297, dual_obj=-42227.8, overall time=556.142
i=15, infea=0.321762, nnz_a=10.2176, nnz_b=12.7469, uni_search=20.837, uni_subSolve=0.718827, uni_maintain=0.610601, bi_search=4.51817, bi_subSolve=0.333567, bi_maintain=1.92665, admm_maintain=0.508508, area1=230.488, area23=1.01122, area4=1.00274, dual_obj=-45102.5, overall time=589.631
i=16, infea=0.334695, nnz_a=10.5313, nnz_b=13.1874, uni_search=24.493, uni_subSolve=1.21624, uni_maintain=1.01682, bi_search=5.6133, bi_subSolve=0.386903, bi_maintain=2.28415, admm_maintain=0.467494, area1=258.896, area23=1.01189, area4=1.00266, dual_obj=-47984.6, overall time=628.888
i=17, infea=0.347043, nnz_a=10.8249, nnz_b=13.6167, uni_search=20.0415, uni_subSolve=0.637849, uni_maintain=0.580822, bi_search=4.94766, bi_subSolve=0.354722, bi_maintain=2.01763, admm_maintain=0.52373, area1=288.823, area23=1.0127, area4=1.0021, dual_obj=-50866.9, overall time=661.262
i=18, infea=0.358922, nnz_a=11.1072, nnz_b=14.036, uni_search=21.418, uni_subSolve=0.822285, uni_maintain=0.700815, bi_search=8.87734, bi_subSolve=0.542875, bi_maintain=3.3464, admm_maintain=1.30828, area1=320.063, area23=1.0138, area4=1.00211, dual_obj=-53751.7, overall time=702.109
i=19, infea=0.370646, nnz_a=11.3784, nnz_b=14.4442, uni_search=22.2339, uni_subSolve=0.968167, uni_maintain=0.777421, bi_search=7.64471, bi_subSolve=0.459124, bi_maintain=2.73643, admm_maintain=0.789496, area1=352.621, area23=1.01469, area4=1.00187, dual_obj=-56630.6, p_obj=228238, heldout Acc=0.191913, overall time=741.686
i=20, infea=0.382102, nnz_a=11.6367, nnz_b=14.8404, uni_search=23.3514, uni_subSolve=1.02745, uni_maintain=1.0254, bi_search=11.9713, bi_subSolve=0.712055, bi_maintain=4.48144, admm_maintain=0.999645, area1=386.401, area23=1.01592, area4=1.00157, dual_obj=-59516, overall time=789.64
i=21, infea=0.393558, nnz_a=11.8845, nnz_b=15.2239, uni_search=24.135, uni_subSolve=1.26459, uni_maintain=0.999544, bi_search=12.8945, bi_subSolve=0.74414, bi_maintain=4.63288, admm_maintain=0.638588, area1=421.407, area23=1.01727, area4=1.00146, dual_obj=-62397.7, overall time=839.259
i=22, infea=0.405007, nnz_a=12.1224, nnz_b=15.5931, uni_search=22.3317, uni_subSolve=0.934695, uni_maintain=0.914607, bi_search=11.104, bi_subSolve=0.61309, bi_maintain=3.67393, admm_maintain=1.15243, area1=457.526, area23=1.01883, area4=1.00141, dual_obj=-65276.5, overall time=884.274
i=23, infea=0.416405, nnz_a=12.3543, nnz_b=15.946, uni_search=24.8632, uni_subSolve=1.41657, uni_maintain=1.17672, bi_search=16.0299, bi_subSolve=0.827649, bi_maintain=5.08776, admm_maintain=1.27831, area1=494.84, area23=1.02042, area4=1.00113, dual_obj=-68146.6, overall time=939.248
i=24, infea=0.427679, nnz_a=12.575, nnz_b=16.285, uni_search=22.0422, uni_subSolve=0.955674, uni_maintain=0.911667, bi_search=8.82304, bi_subSolve=0.476604, bi_maintain=2.71548, admm_maintain=0.807351, area1=533.189, area23=1.02239, area4=1.00121, dual_obj=-71016.6, overall time=980.016
i=25, infea=0.439028, nnz_a=12.796, nnz_b=16.6141, uni_search=23.2236, uni_subSolve=1.15358, uni_maintain=1.03164, bi_search=9.12492, bi_subSolve=0.499731, bi_maintain=2.82772, admm_maintain=0.824535, area1=572.727, area23=1.02425, area4=1.00132, dual_obj=-73871.7, overall time=1022.72
i=26, infea=0.450147, nnz_a=13.0027, nnz_b=16.9317, uni_search=22.2048, uni_subSolve=0.924598, uni_maintain=0.90551, bi_search=9.92023, bi_subSolve=0.506814, bi_maintain=2.95562, admm_maintain=0.899795, area1=613.399, area23=1.02641, area4=1.00104, dual_obj=-76725.8, overall time=1065.05
i=27, infea=0.461228, nnz_a=13.2033, nnz_b=17.2398, uni_search=24.1871, uni_subSolve=1.31344, uni_maintain=1.06984, bi_search=11.0853, bi_subSolve=0.566147, bi_maintain=3.30632, admm_maintain=0.844266, area1=655.138, area23=1.02848, area4=1.00089, dual_obj=-79576.1, overall time=1111.63
i=28, infea=0.472028, nnz_a=13.4001, nnz_b=17.5387, uni_search=22.1036, uni_subSolve=0.949856, uni_maintain=0.917799, bi_search=11.6349, bi_subSolve=0.554115, bi_maintain=3.24316, admm_maintain=0.877248, area1=697.958, area23=1.031, area4=1.00101, dual_obj=-82420.2, overall time=1155.72
i=29, infea=0.482772, nnz_a=13.5934, nnz_b=17.836, uni_search=21.2233, uni_subSolve=0.876304, uni_maintain=0.820729, bi_search=9.75173, bi_subSolve=0.492943, bi_maintain=2.69127, admm_maintain=0.895679, area1=741.809, area23=1.03331, area4=1.00106, dual_obj=-85258.6, p_obj=246903, heldout Acc=0.229499, overall time=1196.29
i=30, infea=0.493459, nnz_a=13.7781, nnz_b=18.1268, uni_search=22.6061, uni_subSolve=1.07466, uni_maintain=0.941305, bi_search=14.9124, bi_subSolve=0.693642, bi_maintain=4.13339, admm_maintain=0.855984, area1=786.708, area23=1.03594, area4=1.00115, dual_obj=-88088, overall time=1245.57
i=31, infea=0.504018, nnz_a=13.9605, nnz_b=18.4131, uni_search=21.9906, uni_subSolve=0.998378, uni_maintain=0.93865, bi_search=10.608, bi_subSolve=0.519991, bi_maintain=2.82275, admm_maintain=0.878364, area1=832.654, area23=1.03861, area4=1.0011, dual_obj=-90919.2, overall time=1288.24
i=32, infea=0.514468, nnz_a=14.1373, nnz_b=18.7008, uni_search=23.9999, uni_subSolve=1.31613, uni_maintain=1.24156, bi_search=12.353, bi_subSolve=0.570166, bi_maintain=3.16264, admm_maintain=1.11107, area1=879.754, area23=1.04146, area4=1.00111, dual_obj=-93723.3, overall time=1336.2
i=33, infea=0.524778, nnz_a=14.3113, nnz_b=18.9835, uni_search=23.2458, uni_subSolve=1.17403, uni_maintain=1.04519, bi_search=11.4192, bi_subSolve=0.563088, bi_maintain=3.03816, admm_maintain=0.612203, area1=927.707, area23=1.04452, area4=1.00147, dual_obj=-96519.4, overall time=1381.08
i=34, infea=0.534956, nnz_a=14.4801, nnz_b=19.2673, uni_search=20.8724, uni_subSolve=0.880717, uni_maintain=0.829171, bi_search=9.53676, bi_subSolve=0.491255, bi_maintain=2.48488, admm_maintain=0.618146, area1=976.768, area23=1.04764, area4=1.0013, dual_obj=-99292.9, overall time=1420.18
i=35, infea=0.545138, nnz_a=14.6413, nnz_b=19.5469, uni_search=22.6851, uni_subSolve=1.26921, uni_maintain=0.9705, bi_search=9.50343, bi_subSolve=0.491173, bi_maintain=2.44265, admm_maintain=0.621572, area1=1026.76, area23=1.05059, area4=1.00151, dual_obj=-102053, overall time=1461.75
i=36, infea=0.555075, nnz_a=14.8006, nnz_b=19.8243, uni_search=19.8121, uni_subSolve=0.789135, uni_maintain=0.709449, bi_search=9.80095, bi_subSolve=0.497564, bi_maintain=2.45705, admm_maintain=0.627532, area1=1077.72, area23=1.05407, area4=1.002, dual_obj=-104783, overall time=1499.71
i=37, infea=0.564914, nnz_a=14.9582, nnz_b=20.0948, uni_search=21.5109, uni_subSolve=1.02201, uni_maintain=0.915888, bi_search=11.968, bi_subSolve=0.546791, bi_maintain=2.80047, admm_maintain=0.781324, area1=1129.69, area23=1.05749, area4=1.00193, dual_obj=-107482, overall time=1542.94
i=38, infea=0.574523, nnz_a=15.1043, nnz_b=20.3625, uni_search=22.23, uni_subSolve=1.26925, uni_maintain=0.931438, bi_search=13.7992, bi_subSolve=0.634465, bi_maintain=3.31986, admm_maintain=0.751674, area1=1182.43, area23=1.0613, area4=1.00266, dual_obj=-110145, overall time=1589.75
i=39, infea=0.583842, nnz_a=15.2438, nnz_b=20.6223, uni_search=22.2227, uni_subSolve=1.2739, uni_maintain=0.942684, bi_search=14.7318, bi_subSolve=0.660347, bi_maintain=3.4548, admm_maintain=0.724625, area1=1235.9, area23=1.06496, area4=1.00273, dual_obj=-112753, p_obj=195163, heldout Acc=0.291572, overall time=1637.65
i=40, infea=0.592832, nnz_a=15.3815, nnz_b=20.8682, uni_search=21.799, uni_subSolve=1.05246, uni_maintain=1.02709, bi_search=11.3507, bi_subSolve=0.533113, bi_maintain=2.56803, admm_maintain=0.635118, area1=1290.41, area23=1.06877, area4=1.00298, dual_obj=-115304, overall time=1680.09
i=41, infea=0.601387, nnz_a=15.5092, nnz_b=21.1082, uni_search=20.4724, uni_subSolve=0.892804, uni_maintain=0.826262, bi_search=10.1875, bi_subSolve=0.506953, bi_maintain=2.34063, admm_maintain=0.596333, area1=1345.42, area23=1.07284, area4=1.00374, dual_obj=-117785, overall time=1719.19
i=42, infea=0.609348, nnz_a=15.6341, nnz_b=21.3424, uni_search=20.8835, uni_subSolve=0.957559, uni_maintain=0.89806, bi_search=13.5062, bi_subSolve=0.576079, bi_maintain=2.82859, admm_maintain=0.940198, area1=1401.11, area23=1.0769, area4=1.00389, dual_obj=-120201, overall time=1763.47
i=43, infea=0.616912, nnz_a=15.7586, nnz_b=21.564, uni_search=22.1498, uni_subSolve=1.10854, uni_maintain=1.08172, bi_search=16.1435, bi_subSolve=0.627716, bi_maintain=3.18226, admm_maintain=0.972871, area1=1457.4, area23=1.08118, area4=1.00429, dual_obj=-122510, overall time=1812.64
i=44, infea=0.623798, nnz_a=15.8731, nnz_b=21.7771, uni_search=22.3846, uni_subSolve=1.14371, uni_maintain=1.12721, bi_search=16.1974, bi_subSolve=0.634092, bi_maintain=3.15213, admm_maintain=0.964357, area1=1514.26, area23=1.08589, area4=1.00496, dual_obj=-124733, overall time=1862.38
i=45, infea=0.630016, nnz_a=15.9832, nnz_b=21.9805, uni_search=23.2366, uni_subSolve=1.26898, uni_maintain=1.31407, bi_search=16.8077, bi_subSolve=0.643025, bi_maintain=3.18531, admm_maintain=0.971711, area1=1571.77, area23=1.09034, area4=1.00556, dual_obj=-126846, overall time=1914.04
i=46, infea=0.635709, nnz_a=16.0891, nnz_b=22.1689, uni_search=21.9337, uni_subSolve=1.11458, uni_maintain=1.09661, bi_search=15.1842, bi_subSolve=0.60413, bi_maintain=2.88391, admm_maintain=0.843472, area1=1629.55, area23=1.09509, area4=1.00631, dual_obj=-128851, overall time=1961.42
i=47, infea=0.640696, nnz_a=16.1931, nnz_b=22.3421, uni_search=21.0332, uni_subSolve=1.01592, uni_maintain=0.955655, bi_search=15.7138, bi_subSolve=0.612043, bi_maintain=2.91078, admm_maintain=0.822609, area1=1687.66, area23=1.10002, area4=1.00802, dual_obj=-130721, overall time=2008.11
i=48, infea=0.64492, nnz_a=16.294, nnz_b=22.4995, uni_search=22.5476, uni_subSolve=1.21782, uni_maintain=1.1855, bi_search=18.3838, bi_subSolve=0.660139, bi_maintain=3.22535, admm_maintain=0.607804, area1=1746.06, area23=1.10511, area4=1.00762, dual_obj=-132474, overall time=2059.63
i=49, infea=0.648563, nnz_a=16.3875, nnz_b=22.6488, uni_search=20.9535, uni_subSolve=1.01113, uni_maintain=0.950666, bi_search=19.1939, bi_subSolve=0.726394, bi_maintain=3.50666, admm_maintain=1.01871, area1=1804.56, area23=1.11021, area4=1.00932, dual_obj=-134097, p_obj=215148, heldout Acc=0.323462, overall time=2110.89
i=50, infea=0.651649, nnz_a=16.481, nnz_b=22.781, uni_search=21.3721, uni_subSolve=1.0654, uni_maintain=1.01054, bi_search=19.9509, bi_subSolve=0.670795, bi_maintain=3.24847, admm_maintain=1.05436, area1=1863.21, area23=1.11552, area4=1.00937, dual_obj=-135594, overall time=2163.19
i=51, infea=0.654134, nnz_a=16.5733, nnz_b=22.905, uni_search=19.9597, uni_subSolve=0.906762, uni_maintain=0.817536, bi_search=14.5867, bi_subSolve=0.578904, bi_maintain=2.54654, admm_maintain=0.676654, area1=1921.65, area23=1.12087, area4=1.01003, dual_obj=-136971, overall time=2206.56
i=52, infea=0.656211, nnz_a=16.6681, nnz_b=23.0155, uni_search=19.8657, uni_subSolve=0.889388, uni_maintain=0.793983, bi_search=18.213, bi_subSolve=0.662507, bi_maintain=3.0438, admm_maintain=0.912379, area1=1980.02, area23=1.12618, area4=1.01209, dual_obj=-138245, overall time=2254.55
i=53, infea=0.657913, nnz_a=16.7618, nnz_b=23.1178, uni_search=20.755, uni_subSolve=1.07576, uni_maintain=0.903167, bi_search=15.2506, bi_subSolve=0.584373, bi_maintain=2.53027, admm_maintain=0.680302, area1=2038.29, area23=1.13197, area4=1.01326, dual_obj=-139401, overall time=2299.71
i=54, infea=0.659096, nnz_a=16.8531, nnz_b=23.2081, uni_search=20.6211, uni_subSolve=1.00414, uni_maintain=0.923485, bi_search=20.7862, bi_subSolve=0.668472, bi_maintain=3.10881, admm_maintain=0.694575, area1=2096.44, area23=1.13737, area4=1.01333, dual_obj=-140451, overall time=2351.08
i=55, infea=0.659892, nnz_a=16.9531, nnz_b=23.2951, uni_search=21.9944, uni_subSolve=1.17681, uni_maintain=1.15377, bi_search=21.5996, bi_subSolve=0.686113, bi_maintain=3.18574, admm_maintain=1.18311, area1=2154.28, area23=1.14331, area4=1.0151, dual_obj=-141415, overall time=2406.19
i=56, infea=0.660367, nnz_a=17.051, nnz_b=23.3764, uni_search=24.6692, uni_subSolve=1.79354, uni_maintain=1.60691, bi_search=27.2525, bi_subSolve=0.798122, bi_maintain=3.80782, admm_maintain=0.692952, area1=2211.84, area23=1.14857, area4=1.0157, dual_obj=-142291, overall time=2470.91
i=57, infea=0.660641, nnz_a=17.1532, nnz_b=23.4534, uni_search=19.9011, uni_subSolve=0.916207, uni_maintain=0.813541, bi_search=16.6834, bi_subSolve=0.595609, bi_maintain=2.51476, admm_maintain=0.685677, area1=2268.84, area23=1.15475, area4=1.01782, dual_obj=-143088, overall time=2516.31
i=58, infea=0.660634, nnz_a=17.2557, nnz_b=23.5235, uni_search=19.8286, uni_subSolve=0.921495, uni_maintain=0.817607, bi_search=17.6513, bi_subSolve=0.606736, bi_maintain=2.57423, admm_maintain=0.8757, area1=2325.4, area23=1.16035, area4=1.01842, dual_obj=-143809, overall time=2563.33
i=59, infea=0.660492, nnz_a=17.3593, nnz_b=23.5934, uni_search=23.1873, uni_subSolve=1.40786, uni_maintain=1.32612, bi_search=30.1874, bi_subSolve=0.850719, bi_maintain=4.00989, admm_maintain=0.853397, area1=2381.42, area23=1.16656, area4=1.01886, dual_obj=-144465, p_obj=213970, heldout Acc=0.415718, overall time=2629.32
i=60, infea=0.660105, nnz_a=17.4635, nnz_b=23.6589, uni_search=21.5351, uni_subSolve=1.19735, uni_maintain=1.03772, bi_search=23.3127, bi_subSolve=0.722191, bi_maintain=3.16577, admm_maintain=0.86388, area1=2437.07, area23=1.17224, area4=1.02068, dual_obj=-145056, overall time=2685.14
i=61, infea=0.659558, nnz_a=17.5653, nnz_b=23.7283, uni_search=21.9142, uni_subSolve=1.25845, uni_maintain=1.08117, bi_search=30.9389, bi_subSolve=0.842573, bi_maintain=3.90166, admm_maintain=0.773489, area1=2492.04, area23=1.1783, area4=1.02236, dual_obj=-145607, overall time=2749.68
i=62, infea=0.658876, nnz_a=17.6679, nnz_b=23.7966, uni_search=21.5929, uni_subSolve=1.17391, uni_maintain=1.10973, bi_search=21.6038, bi_subSolve=0.655197, bi_maintain=2.80604, admm_maintain=1.08563, area1=2546.46, area23=1.18427, area4=1.0229, dual_obj=-146092, overall time=2803.53
i=63, infea=0.658156, nnz_a=17.7723, nnz_b=23.8653, uni_search=20.7831, uni_subSolve=1.10341, uni_maintain=0.966036, bi_search=32.9738, bi_subSolve=0.90513, bi_maintain=4.19697, admm_maintain=1.13528, area1=2600.21, area23=1.19046, area4=1.02479, dual_obj=-146531, overall time=2869.72
i=64, infea=0.65715, nnz_a=17.8672, nnz_b=23.9341, uni_search=23.4038, uni_subSolve=1.48428, uni_maintain=1.48929, bi_search=35.4517, bi_subSolve=0.902821, bi_maintain=4.21623, admm_maintain=1.06303, area1=2653.24, area23=1.19681, area4=1.02802, dual_obj=-146936, overall time=2942.01
i=65, infea=0.656184, nnz_a=17.96, nnz_b=24.0094, uni_search=23.5064, uni_subSolve=1.59695, uni_maintain=1.41611, bi_search=26.8741, bi_subSolve=0.737139, bi_maintain=3.22729, admm_maintain=1.07062, area1=2705.68, area23=1.20313, area4=1.02824, dual_obj=-147305, overall time=3004.56
i=66, infea=0.655121, nnz_a=18.0536, nnz_b=24.0828, uni_search=22.6211, uni_subSolve=1.36985, uni_maintain=1.30116, bi_search=29.5095, bi_subSolve=0.76063, bi_maintain=3.39447, admm_maintain=0.846866, area1=2757.37, area23=1.20905, area4=1.032, dual_obj=-147633, overall time=3068.36
i=67, infea=0.653841, nnz_a=18.1448, nnz_b=24.1553, uni_search=22.1891, uni_subSolve=1.28618, uni_maintain=1.2476, bi_search=26.4112, bi_subSolve=0.69684, bi_maintain=3.00155, admm_maintain=1.08751, area1=2807.79, area23=1.2152, area4=1.03463, dual_obj=-147944, overall time=3128.35
i=68, infea=0.652508, nnz_a=18.2318, nnz_b=24.2328, uni_search=21.8748, uni_subSolve=1.31095, uni_maintain=1.17207, bi_search=25.6172, bi_subSolve=0.717839, bi_maintain=3.00491, admm_maintain=0.877127, area1=2857.7, area23=1.22151, area4=1.03644, dual_obj=-148219, overall time=3186.7
i=69, infea=0.651101, nnz_a=18.3196, nnz_b=24.309, uni_search=22.8119, uni_subSolve=1.48269, uni_maintain=1.2946, bi_search=21.1174, bi_subSolve=0.631645, bi_maintain=2.51464, admm_maintain=0.723877, area1=2906.84, area23=1.22759, area4=1.03774, dual_obj=-148467, p_obj=187531, heldout Acc=0.469248, overall time=3241
i=70, infea=0.649575, nnz_a=18.4058, nnz_b=24.3862, uni_search=22.1813, uni_subSolve=1.35608, uni_maintain=1.14953, bi_search=28.6394, bi_subSolve=0.777502, bi_maintain=3.25941, admm_maintain=1.73108, area1=2955.05, area23=1.234, area4=1.0393, dual_obj=-148687, overall time=3304.44
i=71, infea=0.648074, nnz_a=18.4859, nnz_b=24.4704, uni_search=23.4721, uni_subSolve=1.53481, uni_maintain=1.41866, bi_search=37.573, bi_subSolve=0.908213, bi_maintain=3.99775, admm_maintain=0.727145, area1=3002.3, area23=1.24062, area4=1.04288, dual_obj=-148891, overall time=3378.15
i=72, infea=0.646538, nnz_a=18.5643, nnz_b=24.5532, uni_search=19.8584, uni_subSolve=0.996298, uni_maintain=0.874624, bi_search=25.8737, bi_subSolve=0.687219, bi_maintain=2.81293, admm_maintain=0.920268, area1=3048.56, area23=1.24684, area4=1.0456, dual_obj=-149083, overall time=3433.73
i=73, infea=0.644805, nnz_a=18.6427, nnz_b=24.6335, uni_search=21.2126, uni_subSolve=1.17855, uni_maintain=1.09408, bi_search=25.8391, bi_subSolve=0.681834, bi_maintain=2.7768, admm_maintain=0.893042, area1=3094.02, area23=1.2534, area4=1.04808, dual_obj=-149251, overall time=3491.06
i=74, infea=0.643038, nnz_a=18.7161, nnz_b=24.7186, uni_search=20.6823, uni_subSolve=1.12034, uni_maintain=1.02527, bi_search=22.7363, bi_subSolve=0.641362, bi_maintain=2.48897, admm_maintain=0.731112, area1=3138.58, area23=1.25988, area4=1.05327, dual_obj=-149394, overall time=3544.24
i=75, infea=0.641187, nnz_a=18.7877, nnz_b=24.8041, uni_search=24.4923, uni_subSolve=1.87812, uni_maintain=1.74513, bi_search=38.5113, bi_subSolve=0.964872, bi_maintain=4.16828, admm_maintain=1.29252, area1=3181.99, area23=1.26654, area4=1.0542, dual_obj=-149526, overall time=3622.09
i=76, infea=0.639243, nnz_a=18.8632, nnz_b=24.8895, uni_search=24.5918, uni_subSolve=1.89919, uni_maintain=1.7496, bi_search=45.0781, bi_subSolve=1.08348, bi_maintain=4.80658, admm_maintain=1.53293, area1=3224.58, area23=1.27305, area4=1.05868, dual_obj=-149654, overall time=3707.68
i=77, infea=0.637149, nnz_a=18.9372, nnz_b=24.9782, uni_search=23.3721, uni_subSolve=1.54178, uni_maintain=1.55115, bi_search=30.252, bi_subSolve=0.734441, bi_maintain=3.02123, admm_maintain=1.09906, area1=3265.82, area23=1.27985, area4=1.05744, dual_obj=-149750, overall time=3773.36
i=78, infea=0.635128, nnz_a=19.0112, nnz_b=25.0671, uni_search=22.1768, uni_subSolve=1.34224, uni_maintain=1.29607, bi_search=30.5645, bi_subSolve=0.735531, bi_maintain=3.01658, admm_maintain=1.10422, area1=3306.37, area23=1.28686, area4=1.06684, dual_obj=-149846, overall time=3837.54
i=79, infea=0.633095, nnz_a=19.0808, nnz_b=25.156, uni_search=24.1119, uni_subSolve=1.82929, uni_maintain=1.55195, bi_search=46.47, bi_subSolve=1.09406, bi_maintain=4.79027, admm_maintain=1.57502, area1=3345.86, area23=1.29351, area4=1.06934, dual_obj=-149929, p_obj=194489, heldout Acc=0.485194, overall time=3923.71
i=80, infea=0.630936, nnz_a=19.1536, nnz_b=25.2467, uni_search=23.8202, uni_subSolve=1.79415, uni_maintain=1.54359, bi_search=44.3433, bi_subSolve=0.992187, bi_maintain=4.24063, admm_maintain=1.27283, area1=3384.56, area23=1.30037, area4=1.07448, dual_obj=-149997, overall time=4006.16
i=81, infea=0.628662, nnz_a=19.2268, nnz_b=25.3392, uni_search=22.1812, uni_subSolve=1.35517, uni_maintain=1.2985, bi_search=41.2597, bi_subSolve=0.968467, bi_maintain=4.11269, admm_maintain=1.08946, area1=3422.03, area23=1.30735, area4=1.07684, dual_obj=-150061, overall time=4082.58
i=82, infea=0.626417, nnz_a=19.3029, nnz_b=25.4339, uni_search=21.929, uni_subSolve=1.29003, uni_maintain=1.22118, bi_search=39.4149, bi_subSolve=0.821199, bi_maintain=3.51726, admm_maintain=1.46833, area1=3458.5, area23=1.3144, area4=1.08025, dual_obj=-150113, overall time=4156.14
i=83, infea=0.624069, nnz_a=19.382, nnz_b=25.5313, uni_search=22.2863, uni_subSolve=1.38178, uni_maintain=1.32818, bi_search=32.2137, bi_subSolve=0.752329, bi_maintain=3.02099, admm_maintain=1.11676, area1=3493.98, area23=1.32148, area4=1.08715, dual_obj=-150157, overall time=4222.18
i=84, infea=0.621665, nnz_a=19.457, nnz_b=25.6309, uni_search=22.1986, uni_subSolve=1.37324, uni_maintain=1.31487, bi_search=32.5144, bi_subSolve=0.755315, bi_maintain=3.02182, admm_maintain=1.15166, area1=3528.55, area23=1.32872, area4=1.09359, dual_obj=-150189, overall time=4288.86
i=85, infea=0.619332, nnz_a=19.5295, nnz_b=25.7283, uni_search=21.7298, uni_subSolve=1.32631, uni_maintain=1.23389, bi_search=52.7669, bi_subSolve=1.18571, bi_maintain=5.10712, admm_maintain=1.63809, area1=3562.21, area23=1.33583, area4=1.09482, dual_obj=-150214, overall time=4378.39
i=86, infea=0.616845, nnz_a=19.6026, nnz_b=25.8311, uni_search=24.7358, uni_subSolve=1.98023, uni_maintain=1.71356, bi_search=38.0165, bi_subSolve=0.882704, bi_maintain=3.57271, admm_maintain=0.970922, area1=3595.06, area23=1.34338, area4=1.10386, dual_obj=-150233, overall time=4454.59
i=87, infea=0.614358, nnz_a=19.6847, nnz_b=25.9295, uni_search=22.1116, uni_subSolve=1.44217, uni_maintain=1.21698, bi_search=55.6648, bi_subSolve=1.12797, bi_maintain=4.84804, admm_maintain=1.82758, area1=3626.84, area23=1.35034, area4=1.10693, dual_obj=-150247, overall time=4547.41
i=88, infea=0.61189, nnz_a=19.7643, nnz_b=26.0334, uni_search=22.5057, uni_subSolve=1.49429, uni_maintain=1.2822, bi_search=35.2544, bi_subSolve=0.841051, bi_maintain=3.28092, admm_maintain=0.978565, area1=3657.99, area23=1.35771, area4=1.10779, dual_obj=-150245, overall time=4617.08
i=89, infea=0.609353, nnz_a=19.8453, nnz_b=26.1393, uni_search=22.1046, uni_subSolve=1.45814, uni_maintain=1.21821, bi_search=27.735, bi_subSolve=0.710898, bi_maintain=2.63336, admm_maintain=0.767527, area1=3688.04, area23=1.36486, area4=1.11761, dual_obj=-150244, p_obj=181545, heldout Acc=0.490888, overall time=4677.33
i=90, infea=0.606857, nnz_a=19.9341, nnz_b=26.2414, uni_search=23.9101, uni_subSolve=1.90941, uni_maintain=1.75573, bi_search=38.8445, bi_subSolve=0.87686, bi_maintain=3.47766, admm_maintain=0.759101, area1=3717.42, area23=1.3723, area4=1.12348, dual_obj=-150236, overall time=4752.92
i=91, infea=0.604365, nnz_a=20.0219, nnz_b=26.3469, uni_search=19.8416, uni_subSolve=1.07286, uni_maintain=0.930875, bi_search=25.3756, bi_subSolve=0.671674, bi_maintain=2.40696, admm_maintain=0.7698, area1=3746.28, area23=1.3796, area4=1.13012, dual_obj=-150228, overall time=4807.3
i=92, infea=0.601773, nnz_a=20.1085, nnz_b=26.4558, uni_search=19.8833, uni_subSolve=1.05909, uni_maintain=0.937204, bi_search=29.9114, bi_subSolve=0.724012, bi_maintain=2.70021, admm_maintain=0.771014, area1=3773.88, area23=1.3873, area4=1.13651, dual_obj=-150216, overall time=4866.73
i=93, infea=0.599215, nnz_a=20.202, nnz_b=26.5629, uni_search=20.2178, uni_subSolve=1.10273, uni_maintain=0.987906, bi_search=39.2914, bi_subSolve=0.839971, bi_maintain=3.36709, admm_maintain=1.34557, area1=3801.09, area23=1.39464, area4=1.14258, dual_obj=-150192, overall time=4937.95
i=94, infea=0.596526, nnz_a=20.2958, nnz_b=26.672, uni_search=23.4937, uni_subSolve=1.60488, uni_maintain=1.64957, bi_search=49.7462, bi_subSolve=1.11542, bi_maintain=4.57962, admm_maintain=1.58178, area1=3827.41, area23=1.40251, area4=1.15507, dual_obj=-150160, overall time=5026.33
i=95, infea=0.593934, nnz_a=20.3906, nnz_b=26.7822, uni_search=24.1733, uni_subSolve=1.96394, uni_maintain=1.64406, bi_search=47.6375, bi_subSolve=1.06928, bi_maintain=4.3551, admm_maintain=1.20032, area1=3853.3, area23=1.40994, area4=1.15921, dual_obj=-150134, overall time=5112.86
i=96, infea=0.591272, nnz_a=20.4869, nnz_b=26.8928, uni_search=21.4524, uni_subSolve=1.34127, uni_maintain=1.25415, bi_search=36.8664, bi_subSolve=0.80909, bi_maintain=3.11478, admm_maintain=1.2491, area1=3878.39, area23=1.41754, area4=1.16522, dual_obj=-150105, overall time=5182.98
i=97, infea=0.588588, nnz_a=20.5877, nnz_b=27.007, uni_search=23.0189, uni_subSolve=1.59017, uni_maintain=1.59401, bi_search=35.6673, bi_subSolve=0.806656, bi_maintain=3.07072, admm_maintain=1.11191, area1=3902.75, area23=1.425, area4=1.17819, dual_obj=-150062, overall time=5254.05
i=98, infea=0.585982, nnz_a=20.6847, nnz_b=27.1203, uni_search=23.1504, uni_subSolve=1.61305, uni_maintain=1.63991, bi_search=41.7648, bi_subSolve=0.957866, bi_maintain=3.74833, admm_maintain=1.48558, area1=3926.69, area23=1.43291, area4=1.1868, dual_obj=-150027, overall time=5333
i=99, infea=0.583303, nnz_a=20.7881, nnz_b=27.238, uni_search=24.6298, uni_subSolve=2.0889, uni_maintain=1.91972, bi_search=51.0967, bi_subSolve=1.14571, bi_maintain=4.6337, admm_maintain=1.67283, area1=3950.21, area23=1.44057, area4=1.20001, dual_obj=-149986, p_obj=200207, heldout Acc=0.493166, overall time=5425.05
i=100, infea=0.580695, nnz_a=20.8936, nnz_b=27.3571, uni_search=21.1651, uni_subSolve=1.33168, uni_maintain=1.20604, bi_search=35.1091, bi_subSolve=0.787178, bi_maintain=2.94336, admm_maintain=1.34028, area1=3972.9, area23=1.44806, area4=1.20984, dual_obj=-149938, overall time=5492.56
i=101, infea=0.57804, nnz_a=21.0026, nnz_b=27.4738, uni_search=22.3793, uni_subSolve=1.54986, uni_maintain=1.40739, bi_search=37.3678, bi_subSolve=0.833413, bi_maintain=3.15684, admm_maintain=1.26466, area1=3995.26, area23=1.45574, area4=1.21461, dual_obj=-149887, overall time=5564.7
i=102, infea=0.575367, nnz_a=21.1125, nnz_b=27.5915, uni_search=23.9505, uni_subSolve=1.80065, uni_maintain=1.59608, bi_search=50.5846, bi_subSolve=1.05194, bi_maintain=4.18516, admm_maintain=1.48852, area1=4017.15, area23=1.4636, area4=1.22348, dual_obj=-149831, overall time=5653.88
i=103, infea=0.572775, nnz_a=21.2209, nnz_b=27.7055, uni_search=23.8854, uni_subSolve=1.82336, uni_maintain=1.67793, bi_search=48.972, bi_subSolve=1.0386, bi_maintain=4.10363, admm_maintain=1.35604, area1=4038.57, area23=1.47095, area4=1.22864, dual_obj=-149775, overall time=5741.07
i=104, infea=0.57009, nnz_a=21.3333, nnz_b=27.8226, uni_search=22.977, uni_subSolve=1.69022, uni_maintain=1.53124, bi_search=54.2979, bi_subSolve=1.11943, bi_maintain=4.47824, admm_maintain=1.88794, area1=4059.36, area23=1.47833, area4=1.2431, dual_obj=-149714, overall time=5833.41
i=105, infea=0.567456, nnz_a=21.4483, nnz_b=27.9424, uni_search=22.4083, uni_subSolve=1.54969, uni_maintain=1.48786, bi_search=37.9985, bi_subSolve=0.843365, bi_maintain=3.15956, admm_maintain=1.25366, area1=4079.81, area23=1.48573, area4=1.26399, dual_obj=-149657, overall time=5906.16
i=106, infea=0.564861, nnz_a=21.5616, nnz_b=28.0616, uni_search=22.1917, uni_subSolve=1.51881, uni_maintain=1.43758, bi_search=37.6653, bi_subSolve=0.837856, bi_maintain=3.12726, admm_maintain=0.772345, area1=4099.89, area23=1.49323, area4=1.2739, dual_obj=-149597, overall time=5977.61
i=107, infea=0.562158, nnz_a=21.6805, nnz_b=28.1835, uni_search=22.3315, uni_subSolve=1.54472, uni_maintain=1.46316, bi_search=51.9177, bi_subSolve=1.1519, bi_maintain=4.55588, admm_maintain=1.65576, area1=4119.58, area23=1.50108, area4=1.28337, dual_obj=-149528, overall time=6066.65
i=108, infea=0.559659, nnz_a=21.7978, nnz_b=28.304, uni_search=23.9026, uni_subSolve=2.01194, uni_maintain=1.71715, bi_search=59.0269, bi_subSolve=1.2969, bi_maintain=5.23141, admm_maintain=1.77713, area1=4139.14, area23=1.50835, area4=1.30023, dual_obj=-149463, overall time=6166.39
i=109, infea=0.557077, nnz_a=21.9155, nnz_b=28.4266, uni_search=23.8522, uni_subSolve=2.00763, uni_maintain=1.69397, bi_search=40.0025, bi_subSolve=0.896455, bi_maintain=3.35028, admm_maintain=1.26073, area1=4158.05, area23=1.51612, area4=1.31758, dual_obj=-149399, p_obj=186457, heldout Acc=0.514806, overall time=6243.67
i=110, infea=0.554491, nnz_a=22.0336, nnz_b=28.5445, uni_search=22.8598, uni_subSolve=1.7652, uni_maintain=1.55193, bi_search=50.912, bi_subSolve=1.11708, bi_maintain=4.36425, admm_maintain=1.34067, area1=4176.57, area23=1.52335, area4=1.35401, dual_obj=-149336, overall time=6331.96
i=111, infea=0.551969, nnz_a=22.1544, nnz_b=28.6713, uni_search=22.2029, uni_subSolve=1.56424, uni_maintain=1.47907, bi_search=37.8679, bi_subSolve=0.845653, bi_maintain=3.07977, admm_maintain=1.36731, area1=4195.07, area23=1.53077, area4=1.35643, dual_obj=-149276, overall time=6404.77
i=112, infea=0.549365, nnz_a=22.2736, nnz_b=28.7951, uni_search=23.6144, uni_subSolve=1.92305, uni_maintain=1.70697, bi_search=38.0485, bi_subSolve=0.855767, bi_maintain=3.12411, admm_maintain=1.27231, area1=4213.02, area23=1.53804, area4=1.37547, dual_obj=-149204, overall time=6479.47
i=113, infea=0.546908, nnz_a=22.3916, nnz_b=28.9138, uni_search=22.1437, uni_subSolve=1.57507, uni_maintain=1.47926, bi_search=38.2639, bi_subSolve=0.861201, bi_maintain=3.13625, admm_maintain=1.28034, area1=4230.62, area23=1.54518, area4=1.40296, dual_obj=-149135, overall time=6552.2
i=114, infea=0.544341, nnz_a=22.5103, nnz_b=29.0356, uni_search=23.0793, uni_subSolve=1.73089, uni_maintain=1.70721, bi_search=38.2497, bi_subSolve=0.862748, bi_maintain=3.13259, admm_maintain=1.28314, area1=4247.99, area23=1.55215, area4=1.42226, dual_obj=-149060, overall time=6626.3
i=115, infea=0.541823, nnz_a=22.6322, nnz_b=29.1598, uni_search=22.1402, uni_subSolve=1.60409, uni_maintain=1.49397, bi_search=39.2396, bi_subSolve=0.882895, bi_maintain=3.20835, admm_maintain=1.24188, area1=4265.3, area23=1.55941, area4=1.44181, dual_obj=-148988, overall time=6700.25
i=116, infea=0.539326, nnz_a=22.7491, nnz_b=29.2842, uni_search=22.4764, uni_subSolve=1.6639, uni_maintain=1.53105, bi_search=53.9093, bi_subSolve=1.19613, bi_maintain=4.63455, admm_maintain=1.84969, area1=4282.31, area23=1.56684, area4=1.4715, dual_obj=-148916, overall time=6791.96
i=117, infea=0.536844, nnz_a=22.8663, nnz_b=29.4051, uni_search=23.6845, uni_subSolve=1.89503, uni_maintain=1.66844, bi_search=44.4331, bi_subSolve=0.992982, bi_maintain=3.66723, admm_maintain=0.947692, area1=4299.13, area23=1.57385, area4=1.50175, dual_obj=-148835, overall time=6873.35
i=118, infea=0.53441, nnz_a=22.9841, nnz_b=29.5298, uni_search=20.7288, uni_subSolve=1.37844, uni_maintain=1.22955, bi_search=35.6387, bi_subSolve=0.908091, bi_maintain=3.1781, admm_maintain=0.965274, area1=4315.66, area23=1.58078, area4=1.52578, dual_obj=-148767, overall time=6941.13
i=119, infea=0.531959, nnz_a=23.0961, nnz_b=29.6549, uni_search=23.1466, uni_subSolve=2.01839, uni_maintain=1.6483, bi_search=58.458, bi_subSolve=1.31021, bi_maintain=5.10298, admm_maintain=1.73686, area1=4331.99, area23=1.58764, area4=1.55037, dual_obj=-148687, p_obj=191791, heldout Acc=0.519932, overall time=7039.26
i=120, infea=0.529616, nnz_a=23.212, nnz_b=29.7804, uni_search=22.3069, uni_subSolve=1.65752, uni_maintain=1.56434, bi_search=45.3735, bi_subSolve=1.01795, bi_maintain=3.7414, admm_maintain=2.01418, area1=4348.16, area23=1.59467, area4=1.58255, dual_obj=-148616, overall time=7121
i=121, infea=0.527184, nnz_a=23.3302, nnz_b=29.902, uni_search=23.7402, uni_subSolve=2.04072, uni_maintain=1.76105, bi_search=47.6946, bi_subSolve=1.06135, bi_maintain=3.93132, admm_maintain=1.4622, area1=4364.25, area23=1.60106, area4=1.61309, dual_obj=-148541, overall time=7207.17
i=122, infea=0.524781, nnz_a=23.4382, nnz_b=30.0243, uni_search=20.5752, uni_subSolve=1.40062, uni_maintain=1.2146, bi_search=38.729, bi_subSolve=0.894203, bi_maintain=3.15937, admm_maintain=1.38722, area1=4380.16, area23=1.60763, area4=1.6489, dual_obj=-148459, overall time=7278.48
i=123, infea=0.522491, nnz_a=23.5484, nnz_b=30.1499, uni_search=23.088, uni_subSolve=1.82007, uni_maintain=1.78933, bi_search=38.2255, bi_subSolve=0.88629, bi_maintain=3.10538, admm_maintain=1.33288, area1=4395.87, area23=1.61436, area4=1.67449, dual_obj=-148386, overall time=7352.94
i=124, infea=0.520194, nnz_a=23.6593, nnz_b=30.2736, uni_search=23.1241, uni_subSolve=1.88956, uni_maintain=1.59596, bi_search=41.2575, bi_subSolve=0.969294, bi_maintain=3.42086, admm_maintain=0.816748, area1=4411.22, area23=1.62094, area4=1.71626, dual_obj=-148312, overall time=7429.87
i=125, infea=0.517831, nnz_a=23.766, nnz_b=30.3957, uni_search=22.8367, uni_subSolve=2.01912, uni_maintain=1.71205, bi_search=46.7537, bi_subSolve=1.04712, bi_maintain=3.83421, admm_maintain=1.51132, area1=4426.23, area23=1.62692, area4=1.77045, dual_obj=-148232, overall time=7513.97
i=126, infea=0.515525, nnz_a=23.874, nnz_b=30.5203, uni_search=24.3515, uni_subSolve=2.17691, uni_maintain=1.98114, bi_search=58.6029, bi_subSolve=1.25529, bi_maintain=4.78154, admm_maintain=1.48752, area1=4441.15, area23=1.6333, area4=1.81588, dual_obj=-148151, overall time=7613.25
i=127, infea=0.513221, nnz_a=23.98, nnz_b=30.6426, uni_search=21.9624, uni_subSolve=1.69419, uni_maintain=1.49286, bi_search=42.7887, bi_subSolve=0.967668, bi_maintain=3.46421, admm_maintain=1.3558, area1=4456.11, area23=1.63954, area4=1.85993, dual_obj=-148070, overall time=7691.01
i=128, infea=0.510987, nnz_a=24.0859, nnz_b=30.7644, uni_search=23.643, uni_subSolve=1.95653, uni_maintain=1.77049, bi_search=48.5729, bi_subSolve=1.06068, bi_maintain=3.85169, admm_maintain=1.3826, area1=4471.02, area23=1.64614, area4=1.92261, dual_obj=-147993, overall time=7777.6
i=129, infea=0.508745, nnz_a=24.1901, nnz_b=30.8873, uni_search=23.2282, uni_subSolve=1.92667, uni_maintain=1.86671, bi_search=56.5666, bi_subSolve=1.20508, bi_maintain=4.50997, admm_maintain=2.46711, area1=4485.72, area23=1.65216, area4=1.96831, dual_obj=-147918, p_obj=184858, heldout Acc=0.513098 (1/100), overall time=7873.91
i=130, infea=0.506427, nnz_a=24.2922, nnz_b=31.0084, uni_search=23.292, uni_subSolve=1.93333, uni_maintain=1.90658, bi_search=46.6988, bi_subSolve=1.02895, bi_maintain=3.71382, admm_maintain=1.93899, area1=4500.24, area23=1.65782, area4=2.03245, dual_obj=-147837, overall time=7958.86
i=131, infea=0.504261, nnz_a=24.3948, nnz_b=31.132, uni_search=24.0489, uni_subSolve=2.26345, uni_maintain=1.91616, bi_search=61.6749, bi_subSolve=1.39222, bi_maintain=5.32915, admm_maintain=1.86277, area1=4514.67, area23=1.66385, area4=2.07174, dual_obj=-147759, overall time=8062.19
i=132, infea=0.502142, nnz_a=24.4928, nnz_b=31.2533, uni_search=24.0758, uni_subSolve=2.28499, uni_maintain=1.96529, bi_search=61.9415, bi_subSolve=1.40119, bi_maintain=5.34792, admm_maintain=1.81372, area1=4529, area23=1.6698, area4=2.14351, dual_obj=-147677, overall time=8165.87
i=133, infea=0.500003, nnz_a=24.5908, nnz_b=31.3722, uni_search=23.8049, uni_subSolve=2.18772, uni_maintain=1.92112, bi_search=49.9472, bi_subSolve=1.12241, bi_maintain=4.08071, admm_maintain=1.50054, area1=4543.13, area23=1.67557, area4=2.20481, dual_obj=-147598, overall time=8254.83
i=134, infea=0.497857, nnz_a=24.6877, nnz_b=31.4948, uni_search=23.5299, uni_subSolve=2.00239, uni_maintain=1.98668, bi_search=55.5189, bi_subSolve=1.19391, bi_maintain=4.40872, admm_maintain=1.97468, area1=4557.16, area23=1.68113, area4=2.2904, dual_obj=-147518, overall time=8349.93
i=135, infea=0.495744, nnz_a=24.784, nnz_b=31.6181, uni_search=23.6835, uni_subSolve=2.15748, uni_maintain=1.90852, bi_search=46.56, bi_subSolve=1.06398, bi_maintain=3.76928, admm_maintain=0.808985, area1=4571.06, area23=1.6865, area4=2.37043, dual_obj=-147440, overall time=8434.09
i=136, infea=0.493631, nnz_a=24.8794, nnz_b=31.7396, uni_search=20.7616, uni_subSolve=1.51476, uni_maintain=1.30682, bi_search=40.1779, bi_subSolve=0.934027, bi_maintain=3.18992, admm_maintain=1.60365, area1=4584.91, area23=1.69235, area4=2.47472, dual_obj=-147356, overall time=8507.49
i=137, infea=0.491547, nnz_a=24.969, nnz_b=31.8575, uni_search=21.3697, uni_subSolve=1.62148, uni_maintain=1.43865, bi_search=40.7639, bi_subSolve=0.94869, bi_maintain=3.24285, admm_maintain=1.3055, area1=4598.47, area23=1.69754, area4=2.51765, dual_obj=-147279, overall time=8581.96
i=138, infea=0.489555, nnz_a=25.06, nnz_b=31.9784, uni_search=21.3302, uni_subSolve=1.62077, uni_maintain=1.43157, bi_search=40.5967, bi_subSolve=0.944341, bi_maintain=3.21555, admm_maintain=1.5615, area1=4612, area23=1.70293, area4=2.61045, dual_obj=-147196, overall time=8656.49
i=139, infea=0.487485, nnz_a=25.1499, nnz_b=32.1015, uni_search=21.5308, uni_subSolve=1.66422, uni_maintain=1.48796, bi_search=39.7522, bi_subSolve=0.939418, bi_maintain=3.17143, admm_maintain=1.32244, area1=4625.49, area23=1.70791, area4=2.74821, dual_obj=-147113, p_obj=186364, heldout Acc=0.515945 (2/100), overall time=8730.11
i=140, infea=0.485415, nnz_a=25.2397, nnz_b=32.226, uni_search=23.5699, uni_subSolve=2.11651, uni_maintain=2.00754, bi_search=54.9667, bi_subSolve=1.22452, bi_maintain=4.44808, admm_maintain=1.70833, area1=4638.82, area23=1.71329, area4=2.85625, dual_obj=-147032, overall time=8824.9
i=141, infea=0.483436, nnz_a=25.3267, nnz_b=32.3454, uni_search=23.1754, uni_subSolve=1.99613, uni_maintain=1.74797, bi_search=61.5926, bi_subSolve=1.33411, bi_maintain=4.93227, admm_maintain=1.63366, area1=4652.19, area23=1.71834, area4=2.92937, dual_obj=-146951, overall time=8925.95
i=142, infea=0.481384, nnz_a=25.4119, nnz_b=32.4666, uni_search=23.6776, uni_subSolve=2.10151, uni_maintain=1.8023, bi_search=61.5585, bi_subSolve=1.32287, bi_maintain=4.87444, admm_maintain=2.21931, area1=4665.32, area23=1.72356, area4=3.06955, dual_obj=-146866, overall time=9028.09
i=143, infea=0.47935, nnz_a=25.4978, nnz_b=32.5831, uni_search=23.7465, uni_subSolve=2.10524, uni_maintain=1.80859, bi_search=61.9877, bi_subSolve=1.34405, bi_maintain=4.94248, admm_maintain=2.04578, area1=4678.55, area23=1.72849, area4=3.18343, dual_obj=-146779, overall time=9130.69
i=144, infea=0.47743, nnz_a=25.5831, nnz_b=32.6998, uni_search=23.2621, uni_subSolve=2.06847, uni_maintain=1.74283, bi_search=51.3283, bi_subSolve=1.16446, bi_maintain=4.10978, admm_maintain=1.31094, area1=4691.63, area23=1.73313, area4=3.30628, dual_obj=-146701, overall time=9219.88
i=145, infea=0.47549, nnz_a=25.6668, nnz_b=32.8141, uni_search=21.2162, uni_subSolve=1.64749, uni_maintain=1.44848, bi_search=41.2427, bi_subSolve=0.971901, bi_maintain=3.25895, admm_maintain=1.24529, area1=4704.47, area23=1.73782, area4=3.41782, dual_obj=-146624, overall time=9294.54
i=146, infea=0.473585, nnz_a=25.7513, nnz_b=32.9314, uni_search=21.3719, uni_subSolve=1.68736, uni_maintain=1.50223, bi_search=51.464, bi_subSolve=1.1588, bi_maintain=4.10227, admm_maintain=2.04063, area1=4717.19, area23=1.74287, area4=3.58135, dual_obj=-146541, overall time=9382.01
i=147, infea=0.471664, nnz_a=25.8354, nnz_b=33.0494, uni_search=23.3376, uni_subSolve=2.07255, uni_maintain=1.79241, bi_search=61.0585, bi_subSolve=1.33942, bi_maintain=4.89279, admm_maintain=1.31307, area1=4730.08, area23=1.74748, area4=3.73197, dual_obj=-146461, overall time=9482.13
i=148, infea=0.469751, nnz_a=25.9203, nnz_b=33.1598, uni_search=21.9555, uni_subSolve=1.80485, uni_maintain=1.66305, bi_search=42.0232, bi_subSolve=0.998508, bi_maintain=3.35491, admm_maintain=1.31212, area1=4742.78, area23=1.7521, area4=3.89114, dual_obj=-146376, overall time=9559.11
i=149, infea=0.467842, nnz_a=25.9959, nnz_b=33.2758, uni_search=23.8066, uni_subSolve=2.37207, uni_maintain=2.15763, bi_search=101.578, bi_subSolve=1.91312, bi_maintain=7.61327, admm_maintain=3.14793, area1=4755.45, area23=1.75692, area4=4.05087, dual_obj=-146288, p_obj=193376, heldout Acc=0.52221, overall time=9707.04
i=150, infea=0.466008, nnz_a=26.0748, nnz_b=33.3909, uni_search=23.8828, uni_subSolve=2.2129, uni_maintain=1.97211, bi_search=59.1463, bi_subSolve=1.3388, bi_maintain=4.81063, admm_maintain=1.66737, area1=4767.89, area23=1.76126, area4=4.21071, dual_obj=-146213, overall time=9806.69
i=151, infea=0.46418, nnz_a=26.1518, nnz_b=33.5036, uni_search=23.9059, uni_subSolve=2.221, uni_maintain=2.01484, bi_search=58.4631, bi_subSolve=1.33037, bi_maintain=4.76908, admm_maintain=2.10944, area1=4780.46, area23=1.76551, area4=4.40382, dual_obj=-146130, overall time=9906.11
i=152, infea=0.462344, nnz_a=26.2249, nnz_b=33.6182, uni_search=23.4549, uni_subSolve=2.13561, uni_maintain=1.86652, bi_search=59.951, bi_subSolve=1.34896, bi_maintain=4.8553, admm_maintain=1.68185, area1=4792.92, area23=1.76992, area4=4.57123, dual_obj=-146051, overall time=10005.9
i=153, infea=0.460535, nnz_a=26.3016, nnz_b=33.7282, uni_search=22.3423, uni_subSolve=1.89455, uni_maintain=1.75996, bi_search=43.7354, bi_subSolve=1.03878, bi_maintain=3.49518, admm_maintain=1.47185, area1=4805.1, area23=1.7741, area4=4.7565, dual_obj=-145963, overall time=10085.7
i=154, infea=0.458715, nnz_a=26.3797, nnz_b=33.8437, uni_search=22.235, uni_subSolve=1.87678, uni_maintain=1.73387, bi_search=43.7825, bi_subSolve=1.04201, bi_maintain=3.49718, admm_maintain=1.46872, area1=4817.31, area23=1.77838, area4=4.9286, dual_obj=-145886, overall time=10165.3
i=155, infea=0.456926, nnz_a=26.4524, nnz_b=33.9546, uni_search=22.2533, uni_subSolve=1.89192, uni_maintain=1.75193, bi_search=45.1546, bi_subSolve=1.06705, bi_maintain=3.59968, admm_maintain=1.53311, area1=4829.52, area23=1.78226, area4=5.1279, dual_obj=-145802, overall time=10246.7
i=156, infea=0.455132, nnz_a=26.5258, nnz_b=34.0622, uni_search=23.1615, uni_subSolve=2.08607, uni_maintain=2.03096, bi_search=45.4571, bi_subSolve=1.07454, bi_maintain=3.62262, admm_maintain=1.60613, area1=4841.75, area23=1.78629, area4=5.35766, dual_obj=-145723, overall time=10330.5
i=157, infea=0.453376, nnz_a=26.5987, nnz_b=34.1707, uni_search=23.2457, uni_subSolve=2.1841, uni_maintain=1.92736, bi_search=63.5406, bi_subSolve=1.42617, bi_maintain=5.14952, admm_maintain=2.45872, area1=4853.92, area23=1.79005, area4=5.55474, dual_obj=-145644, overall time=10435.2
i=158, infea=0.451608, nnz_a=26.6668, nnz_b=34.275, uni_search=23.3681, uni_subSolve=2.15524, uni_maintain=1.87412, bi_search=62.9086, bi_subSolve=1.41573, bi_maintain=5.05983, admm_maintain=2.3507, area1=4865.87, area23=1.79434, area4=5.7653, dual_obj=-145553, overall time=10538.8
i=159, infea=0.449917, nnz_a=26.7401, nnz_b=34.3809, uni_search=23.5353, uni_subSolve=2.31541, uni_maintain=1.99295, bi_search=64.2964, bi_subSolve=1.52288, bi_maintain=5.53267, admm_maintain=2.19667, area1=4877.92, area23=1.79789, area4=5.97879, dual_obj=-145477, p_obj=189557, heldout Acc=0.523918, overall time=10645
i=160, infea=0.448224, nnz_a=26.8094, nnz_b=34.4888, uni_search=23.3904, uni_subSolve=2.16303, uni_maintain=1.85291, bi_search=67.1408, bi_subSolve=1.47369, bi_maintain=5.34221, admm_maintain=2.26353, area1=4889.78, area23=1.80148, area4=6.18569, dual_obj=-145398, overall time=10753.2
i=161, infea=0.446513, nnz_a=26.8798, nnz_b=34.5886, uni_search=23.7476, uni_subSolve=2.22076, uni_maintain=1.89034, bi_search=66.6324, bi_subSolve=1.47055, bi_maintain=5.31123, admm_maintain=2.34461, area1=4901.68, area23=1.80536, area4=6.37831, dual_obj=-145316, overall time=10861.4
i=162, infea=0.444819, nnz_a=26.9473, nnz_b=34.6949, uni_search=23.6299, uni_subSolve=2.20532, uni_maintain=1.89505, bi_search=66.9861, bi_subSolve=1.49509, bi_maintain=5.39689, admm_maintain=1.94728, area1=4913.47, area23=1.80868, area4=6.62104, dual_obj=-145232, overall time=10969.6
i=163, infea=0.443144, nnz_a=27.0117, nnz_b=34.7975, uni_search=23.6782, uni_subSolve=2.24381, uni_maintain=1.98567, bi_search=64.9475, bi_subSolve=1.44816, bi_maintain=5.17402, admm_maintain=1.91885, area1=4925.24, area23=1.81213, area4=6.80433, dual_obj=-145150, overall time=11075.3
i=164, infea=0.441455, nnz_a=27.0759, nnz_b=34.9048, uni_search=21.1997, uni_subSolve=1.75034, uni_maintain=1.52808, bi_search=43.0218, bi_subSolve=1.04488, bi_maintain=3.39413, admm_maintain=1.44101, area1=4937.03, area23=1.81549, area4=7.05165, dual_obj=-145068, overall time=11152.7
i=165, infea=0.43983, nnz_a=27.1401, nnz_b=35.0063, uni_search=21.3579, uni_subSolve=1.77997, uni_maintain=1.57577, bi_search=43.3819, bi_subSolve=1.05582, bi_maintain=3.4342, admm_maintain=1.63559, area1=4948.81, area23=1.8191, area4=7.29195, dual_obj=-144990, overall time=11230.9
i=166, infea=0.438199, nnz_a=27.2053, nnz_b=35.1068, uni_search=23.1659, uni_subSolve=2.16648, uni_maintain=2.11422, bi_search=46.8133, bi_subSolve=1.10502, bi_maintain=3.66689, admm_maintain=1.59509, area1=4960.5, area23=1.82268, area4=7.52938, dual_obj=-144908, overall time=11316.1
i=167, infea=0.436578, nnz_a=27.272, nnz_b=35.2088, uni_search=22.6496, uni_subSolve=2.06452, uni_maintain=1.93764, bi_search=44.5757, bi_subSolve=1.07461, bi_maintain=3.50848, admm_maintain=1.35065, area1=4972.25, area23=1.82595, area4=7.74756, dual_obj=-144832, overall time=11397.2
i=168, infea=0.434985, nnz_a=27.3365, nnz_b=35.3081, uni_search=23.305, uni_subSolve=2.34474, uni_maintain=2.2026, bi_search=69.0282, bi_subSolve=1.48068, bi_maintain=5.32935, admm_maintain=2.2291, area1=4983.85, area23=1.82908, area4=7.98614, dual_obj=-144750, overall time=11507.9
i=169, infea=0.433382, nnz_a=27.4, nnz_b=35.4067, uni_search=23.6665, uni_subSolve=2.23519, uni_maintain=1.94264, bi_search=63.3326, bi_subSolve=1.45297, bi_maintain=5.11872, admm_maintain=0.946484, area1=4995.41, area23=1.83245, area4=8.20771, dual_obj=-144668, p_obj=181807, heldout Acc=0.529613, overall time=11610.8
i=170, infea=0.431813, nnz_a=27.4659, nnz_b=35.5007, uni_search=22.7155, uni_subSolve=2.16622, uni_maintain=1.84947, bi_search=57.8807, bi_subSolve=1.23179, bi_maintain=4.27473, admm_maintain=1.85316, area1=5006.96, area23=1.83548, area4=8.46523, dual_obj=-144590, overall time=11707
i=171, infea=0.430264, nnz_a=27.5283, nnz_b=35.596, uni_search=22.6709, uni_subSolve=2.15537, uni_maintain=1.83447, bi_search=58.3702, bi_subSolve=1.23903, bi_maintain=4.30175, admm_maintain=1.73842, area1=5018.38, area23=1.83876, area4=8.70834, dual_obj=-144508, overall time=11803.5
i=172, infea=0.428724, nnz_a=27.5868, nnz_b=35.6885, uni_search=22.6435, uni_subSolve=2.15741, uni_maintain=1.84128, bi_search=57.121, bi_subSolve=1.22923, bi_maintain=4.2423, admm_maintain=2.11883, area1=5029.73, area23=1.84164, area4=8.94821, dual_obj=-144433, overall time=11899
i=173, infea=0.427165, nnz_a=27.6487, nnz_b=35.7782, uni_search=22.738, uni_subSolve=2.16437, uni_maintain=1.86011, bi_search=56.8622, bi_subSolve=1.2442, bi_maintain=4.23374, admm_maintain=2.31955, area1=5041.2, area23=1.84474, area4=9.18337, dual_obj=-144353, overall time=11994.8
i=174, infea=0.425626, nnz_a=27.7104, nnz_b=35.8707, uni_search=27.0509, uni_subSolve=2.73493, uni_maintain=2.47596, bi_search=70.414, bi_subSolve=1.49012, bi_maintain=5.59985, admm_maintain=2.29646, area1=5052.51, area23=1.84768, area4=9.44691, dual_obj=-144273, overall time=12111.7
i=175, infea=0.424127, nnz_a=27.7711, nnz_b=35.9601, uni_search=23.6826, uni_subSolve=2.58231, uni_maintain=2.22843, bi_search=86.1502, bi_subSolve=1.79482, bi_maintain=6.66749, admm_maintain=2.52965, area1=5063.77, area23=1.85056, area4=9.70582, dual_obj=-144192, overall time=12242.6
i=176, infea=0.422613, nnz_a=27.8274, nnz_b=36.0496, uni_search=24.0039, uni_subSolve=2.67124, uni_maintain=2.30329, bi_search=72.0162, bi_subSolve=1.49152, bi_maintain=5.3601, admm_maintain=1.99106, area1=5075.04, area23=1.85335, area4=9.96363, dual_obj=-144116, overall time=12357.2
i=177, infea=0.421097, nnz_a=27.8894, nnz_b=36.1367, uni_search=23.6727, uni_subSolve=2.39629, uni_maintain=2.18375, bi_search=61.7199, bi_subSolve=1.2876, bi_maintain=4.47454, admm_maintain=2.03156, area1=5086.14, area23=1.85622, area4=10.2264, dual_obj=-144032, overall time=12459.6
i=178, infea=0.419659, nnz_a=27.9507, nnz_b=36.223, uni_search=23.6193, uni_subSolve=2.3705, uni_maintain=2.15707, bi_search=60.39, bi_subSolve=1.27852, bi_maintain=4.40806, admm_maintain=1.93187, area1=5097.55, area23=1.85876, area4=10.479, dual_obj=-143960, overall time=12560.2
i=179, infea=0.418164, nnz_a=28.0068, nnz_b=36.3075, uni_search=23.9885, uni_subSolve=2.4775, uni_maintain=2.31421, bi_search=64.7483, bi_subSolve=1.31247, bi_maintain=4.5934, admm_maintain=1.91504, area1=5108.6, area23=1.86147, area4=10.7602, dual_obj=-143885, p_obj=188849, heldout Acc=0.530182, overall time=12666.1
i=180, infea=0.416711, nnz_a=28.0659, nnz_b=36.3928, uni_search=24.0215, uni_subSolve=2.56601, uni_maintain=2.22266, bi_search=70.1255, bi_subSolve=1.70072, bi_maintain=6.08304, admm_maintain=2.50648, area1=5119.8, area23=1.86416, area4=11.042, dual_obj=-143804, overall time=12780.3
i=181, infea=0.415287, nnz_a=28.1187, nnz_b=36.4762, uni_search=24.0444, uni_subSolve=2.57422, uni_maintain=2.26272, bi_search=70.3625, bi_subSolve=1.71031, bi_maintain=6.11209, admm_maintain=2.23222, area1=5131.1, area23=1.86666, area4=11.2634, dual_obj=-143730, overall time=12894.4
i=182, infea=0.41387, nnz_a=28.1795, nnz_b=36.5633, uni_search=24.2004, uni_subSolve=2.60576, uni_maintain=2.27176, bi_search=70.3543, bi_subSolve=1.71226, bi_maintain=6.15317, admm_maintain=2.24345, area1=5142.34, area23=1.86943, area4=11.5378, dual_obj=-143646, overall time=13008.9
i=183, infea=0.412453, nnz_a=28.2371, nnz_b=36.6437, uni_search=24.4517, uni_subSolve=2.66477, uni_maintain=2.41628, bi_search=71.9339, bi_subSolve=1.75372, bi_maintain=6.2644, admm_maintain=2.28457, area1=5153.42, area23=1.87183, area4=11.8309, dual_obj=-143569, overall time=13125.8
i=184, infea=0.411055, nnz_a=28.293, nnz_b=36.728, uni_search=24.4623, uni_subSolve=2.65647, uni_maintain=2.37634, bi_search=71.6216, bi_subSolve=1.74013, bi_maintain=6.22933, admm_maintain=2.27704, area1=5164.62, area23=1.87427, area4=12.091, dual_obj=-143494, overall time=13242.1
i=185, infea=0.409637, nnz_a=28.349, nnz_b=36.8077, uni_search=23.9517, uni_subSolve=2.56938, uni_maintain=2.22819, bi_search=72.1429, bi_subSolve=1.75031, bi_maintain=6.26466, admm_maintain=2.24084, area1=5175.52, area23=1.87688, area4=12.3759, dual_obj=-143418, overall time=13358.2
i=186, infea=0.408256, nnz_a=28.4038, nnz_b=36.892, uni_search=23.9438, uni_subSolve=2.56908, uni_maintain=2.23414, bi_search=72.1233, bi_subSolve=1.75273, bi_maintain=6.27275, admm_maintain=2.18613, area1=5186.61, area23=1.87938, area4=12.6182, dual_obj=-143345, overall time=13474.1
i=187, infea=0.406775, nnz_a=28.456, nnz_b=36.9704, uni_search=23.9546, uni_subSolve=2.59427, uni_maintain=2.24601, bi_search=73.2599, bi_subSolve=1.77503, bi_maintain=6.35506, admm_maintain=2.28702, area1=5197.5, area23=1.88179, area4=12.9169, dual_obj=-143273, overall time=13591.5
i=188, infea=0.405283, nnz_a=28.5127, nnz_b=37.0536, uni_search=23.9312, uni_subSolve=2.57449, uni_maintain=2.22215, bi_search=73.2829, bi_subSolve=1.77781, bi_maintain=6.35515, admm_maintain=2.17, area1=5208.45, area23=1.88393, area4=13.1686, dual_obj=-143204, overall time=13708.7
i=189, infea=0.403809, nnz_a=28.5683, nnz_b=37.1294, uni_search=24.1121, uni_subSolve=2.62303, uni_maintain=2.28174, bi_search=72.2856, bi_subSolve=1.75322, bi_maintain=6.24573, admm_maintain=1.55247, area1=5219.45, area23=1.88648, area4=13.4488, dual_obj=-143130, p_obj=184820, heldout Acc=0.530752, overall time=13824.2
i=190, infea=0.402354, nnz_a=28.6189, nnz_b=37.2118, uni_search=21.462, uni_subSolve=1.96654, uni_maintain=1.5833, bi_search=44.3395, bi_subSolve=1.21776, bi_maintain=3.81438, admm_maintain=1.12879, area1=5230.14, area23=1.88872, area4=13.6851, dual_obj=-143051, overall time=13903.6
i=191, infea=0.400904, nnz_a=28.6709, nnz_b=37.2899, uni_search=21.6999, uni_subSolve=2.03147, uni_maintain=1.6073, bi_search=43.5211, bi_subSolve=1.20298, bi_maintain=3.74647, admm_maintain=2.41458, area1=5240.9, area23=1.89114, area4=13.9757, dual_obj=-142984, overall time=13984.3
i=192, infea=0.399463, nnz_a=28.724, nnz_b=37.3653, uni_search=23.8191, uni_subSolve=2.39008, uni_maintain=2.04772, bi_search=72.4081, bi_subSolve=1.6391, bi_maintain=5.75086, admm_maintain=1.77065, area1=5251.76, area23=1.89332, area4=14.2337, dual_obj=-142906, overall time=14099
i=193, infea=0.398042, nnz_a=28.7751, nnz_b=37.4409, uni_search=23.1642, uni_subSolve=2.264, uni_maintain=1.96699, bi_search=72.3542, bi_subSolve=1.63525, bi_maintain=5.7483, admm_maintain=2.47049, area1=5262.65, area23=1.89558, area4=14.5207, dual_obj=-142835, overall time=14213.3
i=194, infea=0.396617, nnz_a=28.8305, nnz_b=37.514, uni_search=23.2863, uni_subSolve=2.30364, uni_maintain=1.97507, bi_search=73.262, bi_subSolve=1.65704, bi_maintain=5.81625, admm_maintain=2.50762, area1=5273.45, area23=1.8978, area4=14.81, dual_obj=-142766, overall time=14328.8
i=195, infea=0.395256, nnz_a=28.8842, nnz_b=37.5901, uni_search=23.5818, uni_subSolve=2.35887, uni_maintain=2.04918, bi_search=74.7057, bi_subSolve=1.66739, bi_maintain=5.88079, admm_maintain=2.47547, area1=5284.15, area23=1.89989, area4=15.054, dual_obj=-142693, overall time=14446.2
i=196, infea=0.39387, nnz_a=28.936, nnz_b=37.6656, uni_search=24.0356, uni_subSolve=2.44469, uni_maintain=2.11921, bi_search=73.8132, bi_subSolve=1.64524, bi_maintain=5.76394, admm_maintain=1.94548, area1=5294.8, area23=1.9021, area4=15.3275, dual_obj=-142625, overall time=14562.7
i=197, infea=0.392507, nnz_a=28.9873, nnz_b=37.7403, uni_search=25.3563, uni_subSolve=2.97143, uni_maintain=2.6673, bi_search=79.5459, bi_subSolve=1.5925, bi_maintain=5.63163, admm_maintain=2.03893, area1=5305.39, area23=1.9041, area4=15.5789, dual_obj=-142553, overall time=14687.6
i=198, infea=0.391097, nnz_a=29.0411, nnz_b=37.8098, uni_search=23.9407, uni_subSolve=2.60714, uni_maintain=2.28313, bi_search=70.668, bi_subSolve=1.42458, bi_maintain=4.95017, admm_maintain=1.99026, area1=5316.12, area23=1.90613, area4=15.8347, dual_obj=-142482, overall time=14800
i=199, infea=0.389754, nnz_a=29.0907, nnz_b=37.8832, uni_search=23.882, uni_subSolve=2.59752, uni_maintain=2.27782, bi_search=69.4037, bi_subSolve=1.41925, bi_maintain=4.90724, admm_maintain=2.42751, area1=5326.83, area23=1.9083, area4=16.0901, dual_obj=-142409, p_obj=189176, heldout Acc=0.537016, overall time=14911.5
i=200, infea=0.388351, nnz_a=29.1405, nnz_b=37.959, uni_search=24.1299, uni_subSolve=2.66124, uni_maintain=2.34725, bi_search=71.7467, bi_subSolve=1.4445, bi_maintain=5.02937, admm_maintain=2.58011, area1=5337.44, area23=1.91021, area4=16.3361, dual_obj=-142337, overall time=15026.2
i=201, infea=0.386985, nnz_a=29.189, nnz_b=38.0314, uni_search=23.8102, uni_subSolve=2.58903, uni_maintain=2.27762, bi_search=67.2991, bi_subSolve=1.4019, bi_maintain=4.78962, admm_maintain=2.01292, area1=5348.03, area23=1.91209, area4=16.5792, dual_obj=-142265, overall time=15135
i=202, infea=0.385636, nnz_a=29.24, nnz_b=38.0985, uni_search=24.0495, uni_subSolve=2.63271, uni_maintain=2.28911, bi_search=73.216, bi_subSolve=1.47949, bi_maintain=5.13546, admm_maintain=2.51979, area1=5358.58, area23=1.914, area4=16.8394, dual_obj=-142196, overall time=15251.1
i=203, infea=0.384337, nnz_a=29.2892, nnz_b=38.1729, uni_search=23.8426, uni_subSolve=2.60644, uni_maintain=2.2828, bi_search=72.5081, bi_subSolve=1.46341, bi_maintain=5.08202, admm_maintain=2.17647, area1=5368.98, area23=1.91586, area4=17.0997, dual_obj=-142123, overall time=15365.8
i=204, infea=0.382998, nnz_a=29.3418, nnz_b=38.2472, uni_search=24.0654, uni_subSolve=2.66175, uni_maintain=2.36855, bi_search=68.9189, bi_subSolve=1.41483, bi_maintain=4.89129, admm_maintain=3.0319, area1=5379.33, area23=1.91788, area4=17.3404, dual_obj=-142056, overall time=15478
i=205, infea=0.381715, nnz_a=29.394, nnz_b=38.3168, uni_search=24.0265, uni_subSolve=2.64572, uni_maintain=2.3219, bi_search=73.2937, bi_subSolve=1.47327, bi_maintain=5.12147, admm_maintain=2.03816, area1=5389.91, area23=1.91962, area4=17.6087, dual_obj=-141992, overall time=15593.5
i=206, infea=0.380438, nnz_a=29.4415, nnz_b=38.3869, uni_search=23.9109, uni_subSolve=2.6571, uni_maintain=2.31768, bi_search=71.817, bi_subSolve=1.45581, bi_maintain=5.02589, admm_maintain=2.50448, area1=5400.46, area23=1.92145, area4=17.8397, dual_obj=-141924, overall time=15708.1
i=207, infea=0.379102, nnz_a=29.4902, nnz_b=38.4554, uni_search=23.8511, uni_subSolve=2.62583, uni_maintain=2.29614, bi_search=70.0677, bi_subSolve=1.44393, bi_maintain=4.94548, admm_maintain=2.04191, area1=5411.03, area23=1.92329, area4=18.1057, dual_obj=-141854, overall time=15819.9
i=208, infea=0.377865, nnz_a=29.5407, nnz_b=38.5231, uni_search=24.0714, uni_subSolve=2.69779, uni_maintain=2.38244, bi_search=74.3389, bi_subSolve=1.49026, bi_maintain=5.17447, admm_maintain=2.19558, area1=5421.39, area23=1.92503, area4=18.3619, dual_obj=-141788, overall time=15937
i=209, infea=0.376614, nnz_a=29.5875, nnz_b=38.5895, uni_search=23.9226, uni_subSolve=2.66607, uni_maintain=2.32026, bi_search=72.2097, bi_subSolve=1.46595, bi_maintain=5.0441, admm_maintain=2.77327, area1=5431.75, area23=1.92678, area4=18.5976, dual_obj=-141726, p_obj=181744, heldout Acc=0.539294, overall time=16052.1
i=210, infea=0.37536, nnz_a=29.6362, nnz_b=38.6563, uni_search=23.1316, uni_subSolve=2.3317, uni_maintain=2.08609, bi_search=63.0156, bi_subSolve=1.38536, bi_maintain=4.62811, admm_maintain=2.24802, area1=5442.26, area23=1.92844, area4=18.8299, dual_obj=-141653, overall time=16155.2
i=211, infea=0.374123, nnz_a=29.6839, nnz_b=38.7211, uni_search=23.3642, uni_subSolve=2.44471, uni_maintain=2.14683, bi_search=67.3131, bi_subSolve=1.51096, bi_maintain=5.10096, admm_maintain=2.25011, area1=5452.65, area23=1.93013, area4=19.0882, dual_obj=-141582, overall time=16263.9
i=212, infea=0.372883, nnz_a=29.7327, nnz_b=38.7859, uni_search=23.5954, uni_subSolve=2.47382, uni_maintain=2.23126, bi_search=61.5896, bi_subSolve=1.37833, bi_maintain=4.54492, admm_maintain=1.79036, area1=5462.92, area23=1.93175, area4=19.3394, dual_obj=-141520, overall time=16366
i=213, infea=0.371676, nnz_a=29.782, nnz_b=38.8489, uni_search=23.3936, uni_subSolve=2.42455, uni_maintain=2.21892, bi_search=61.3897, bi_subSolve=1.3783, bi_maintain=4.53699, admm_maintain=2.28196, area1=5473.38, area23=1.9335, area4=19.544, dual_obj=-141457, overall time=16468.1
i=214, infea=0.370424, nnz_a=29.8294, nnz_b=38.9128, uni_search=23.7188, uni_subSolve=2.53732, uni_maintain=2.29851, bi_search=63.5007, bi_subSolve=1.40104, bi_maintain=4.64485, admm_maintain=1.94805, area1=5484.2, area23=1.93494, area4=19.8442, dual_obj=-141388, overall time=16572.6
i=215, infea=0.369192, nnz_a=29.8772, nnz_b=38.979, uni_search=23.8715, uni_subSolve=2.53196, uni_maintain=2.32655, bi_search=58.2283, bi_subSolve=1.38979, bi_maintain=4.37425, admm_maintain=2.52954, area1=5494.58, area23=1.93652, area4=20.057, dual_obj=-141330, overall time=16672.4
i=216, infea=0.368005, nnz_a=29.9246, nnz_b=39.0418, uni_search=23.5457, uni_subSolve=2.50965, uni_maintain=2.24721, bi_search=63.023, bi_subSolve=1.40126, bi_maintain=4.62389, admm_maintain=2.05541, area1=5505.15, area23=1.93805, area4=20.331, dual_obj=-141265, overall time=16776.3
i=217, infea=0.366774, nnz_a=29.9751, nnz_b=39.1091, uni_search=23.5275, uni_subSolve=2.49339, uni_maintain=2.28147, bi_search=58.7797, bi_subSolve=1.36064, bi_maintain=4.40608, admm_maintain=1.76452, area1=5515.38, area23=1.93977, area4=20.5566, dual_obj=-141195, overall time=16875.2
i=218, infea=0.365591, nnz_a=30.0211, nnz_b=39.1768, uni_search=23.4773, uni_subSolve=2.5205, uni_maintain=2.23457, bi_search=63.12, bi_subSolve=1.4035, bi_maintain=4.62442, admm_maintain=1.85516, area1=5525.71, area23=1.94115, area4=20.7971, dual_obj=-141131, overall time=16978.9
i=219, infea=0.364374, nnz_a=30.0682, nnz_b=39.2372, uni_search=23.6567, uni_subSolve=2.55357, uni_maintain=2.31586, bi_search=59.7722, bi_subSolve=1.37221, bi_maintain=4.44946, admm_maintain=1.85443, area1=5536.15, area23=1.94265, area4=21.0307, dual_obj=-141061, p_obj=189043, heldout Acc=0.540433, overall time=17079.3
i=220, infea=0.363154, nnz_a=30.1159, nnz_b=39.3055, uni_search=22.943, uni_subSolve=2.54617, uni_maintain=2.0174, bi_search=61.7811, bi_subSolve=1.63484, bi_maintain=5.39235, admm_maintain=2.28964, area1=5546.6, area23=1.94417, area4=21.3051, dual_obj=-141001, overall time=17182.4
i=221, infea=0.361955, nnz_a=30.165, nnz_b=39.3719, uni_search=22.8603, uni_subSolve=2.52298, uni_maintain=1.97898, bi_search=63.6469, bi_subSolve=1.66489, bi_maintain=5.54336, admm_maintain=1.48142, area1=5557.07, area23=1.94551, area4=21.5719, dual_obj=-140931, overall time=17286.4
i=222, infea=0.36083, nnz_a=30.2146, nnz_b=39.4339, uni_search=22.6203, uni_subSolve=2.3628, uni_maintain=1.97066, bi_search=60.8429, bi_subSolve=1.3833, bi_maintain=4.48974, admm_maintain=1.67846, area1=5567.49, area23=1.94682, area4=21.8034, dual_obj=-140872, overall time=17385.9
i=223, infea=0.359686, nnz_a=30.2612, nnz_b=39.4964, uni_search=22.3432, uni_subSolve=2.30845, uni_maintain=1.91539, bi_search=65.1856, bi_subSolve=1.43437, bi_maintain=4.71209, admm_maintain=2.3813, area1=5577.84, area23=1.9482, area4=22.0625, dual_obj=-140807, overall time=17490.5
i=224, infea=0.358568, nnz_a=30.3104, nnz_b=39.5573, uni_search=22.6163, uni_subSolve=2.37487, uni_maintain=1.97346, bi_search=61.96, bi_subSolve=1.3922, bi_maintain=4.53063, admm_maintain=1.70569, area1=5588.23, area23=1.94965, area4=22.3132, dual_obj=-140742, overall time=17591.2
i=225, infea=0.357388, nnz_a=30.3572, nnz_b=39.6174, uni_search=22.354, uni_subSolve=2.29745, uni_maintain=1.91669, bi_search=60.098, bi_subSolve=1.41908, bi_maintain=4.5364, admm_maintain=2.57141, area1=5598.5, area23=1.9509, area4=22.566, dual_obj=-140676, overall time=17690.8
i=226, infea=0.356293, nnz_a=30.4035, nnz_b=39.6785, uni_search=23.5993, uni_subSolve=2.49707, uni_maintain=2.15173, bi_search=68.4656, bi_subSolve=1.63985, bi_maintain=5.47514, admm_maintain=2.01795, area1=5608.84, area23=1.95227, area4=22.8223, dual_obj=-140612, overall time=17801.2
i=227, infea=0.355202, nnz_a=30.4519, nnz_b=39.7395, uni_search=23.7045, uni_subSolve=2.53206, uni_maintain=2.16982, bi_search=66.1738, bi_subSolve=1.61755, bi_maintain=5.35585, admm_maintain=2.22255, area1=5619.3, area23=1.95358, area4=23.0999, dual_obj=-140553, overall time=17909.6
i=228, infea=0.354072, nnz_a=30.4962, nnz_b=39.7997, uni_search=22.1321, uni_subSolve=2.22543, uni_maintain=1.80984, bi_search=58.4848, bi_subSolve=1.49956, bi_maintain=4.80778, admm_maintain=1.61241, area1=5629.39, area23=1.95474, area4=23.349, dual_obj=-140491, overall time=18006.3
i=229, infea=0.352956, nnz_a=30.543, nnz_b=39.8551, uni_search=22.6733, uni_subSolve=2.29144, uni_maintain=1.86073, bi_search=73.5873, bi_subSolve=1.75008, bi_maintain=5.92384, admm_maintain=1.43145, area1=5639.73, area23=1.95622, area4=23.6568, dual_obj=-140426