#train_samples=11954
#test_samples=110
d=9496875
K=3039
lambda=8.3654e-05
running SSG on 11954 examples...

#pass=0-110, test_acc=0.0244875, time=136.6, testPredTime=107.156, p-obj=2.97555e+09

#pass=0-220, test_acc=0.035877, time=221.229, testPredTime=78.0717, p-obj=1.31255e+09

#pass=0-330, test_acc=0.0375854, time=277.077, testPredTime=54.7376, p-obj=8.88195e+08

#pass=0-440, test_acc=0.035877, time=353.363, testPredTime=65.4909, p-obj=6.48168e+08

#pass=0-550, test_acc=0.0335991, time=444.267, testPredTime=71.074, p-obj=5.0228e+08

#pass=0-660, test_acc=0.035877, time=568.531, testPredTime=92.4096, p-obj=5.03439e+08

#pass=0-770, test_acc=0.0427107, time=688.692, testPredTime=64.7726, p-obj=3.82824e+08

#pass=0-880, test_acc=0.0472665, time=764.81, testPredTime=73.7559, p-obj=3.34483e+08

#pass=0-990, test_acc=0.047836, time=850.992, testPredTime=70.565, p-obj=2.84963e+08

#pass=0-1100, test_acc=0.0501139, time=937.816, testPredTime=75.621, p-obj=2.30137e+08

#pass=0-1210, test_acc=0.0535308, time=1028.78, testPredTime=73.3012, p-obj=2.07908e+08

#pass=0-1320, test_acc=0.0535308, time=1113.35, testPredTime=89.7874, p-obj=1.84308e+08

#pass=0-1430, test_acc=0.0523918, time=1202.39, testPredTime=83.8518, p-obj=1.72451e+08

#pass=0-1540, test_acc=0.0535308, time=1294.35, testPredTime=85.7728, p-obj=1.64703e+08

#pass=0-1650, test_acc=0.059795, time=1396.37, testPredTime=73.3399, p-obj=1.54808e+08

#pass=0-1760, test_acc=0.0620729, time=1461.03, testPredTime=82.1279, p-obj=1.34979e+08

#pass=0-1870, test_acc=0.0649203, time=1544.07, testPredTime=73.5191, p-obj=1.30981e+08

#pass=0-1980, test_acc=0.0649203, time=1619.27, testPredTime=60.1075, p-obj=1.18217e+08

#pass=0-2090, test_acc=0.0666287, time=1687.66, testPredTime=58.1487, p-obj=1.1645e+08

#pass=0-2200, test_acc=0.0677677, time=1756.39, testPredTime=60.1779, p-obj=1.05082e+08

#pass=0-2310, test_acc=0.070615, time=1820.01, testPredTime=76.1306, p-obj=9.71791e+07

#pass=0-2420, test_acc=0.0746014, time=1932.15, testPredTime=107.515, p-obj=9.50092e+07

#pass=0-2530, test_acc=0.0797267, time=2025.75, testPredTime=83.7517, p-obj=8.57672e+07

#pass=0-2640, test_acc=0.0848519, time=2130.22, testPredTime=89.8751, p-obj=8.51378e+07

#pass=0-2750, test_acc=0.0859909, time=2222.56, testPredTime=94.2542, p-obj=7.91594e+07

#pass=0-2860, test_acc=0.0894077, time=2312.07, testPredTime=92.7122, p-obj=7.11979e+07

#pass=0-2970, test_acc=0.094533, time=2405.85, testPredTime=80.4196, p-obj=6.95019e+07

#pass=0-3080, test_acc=0.0951025, time=2496.03, testPredTime=84.9098, p-obj=6.9699e+07

#pass=0-3190, test_acc=0.0979499, time=2588.42, testPredTime=99.8596, p-obj=6.56259e+07

#pass=0-3300, test_acc=0.101936, time=2723.85, testPredTime=57.5347, p-obj=5.86007e+07

#pass=0-3410, test_acc=0.103075, time=2817.36, testPredTime=86.4351, p-obj=6.65564e+07

#pass=0-3520, test_acc=0.103645, time=2918, testPredTime=89.3491, p-obj=6.33622e+07

#pass=0-3630, test_acc=0.105353, time=3019.44, testPredTime=100.436, p-obj=5.44843e+07

#pass=0-3740, test_acc=0.105353, time=3153.33, testPredTime=105.1, p-obj=5.31715e+07

#pass=0-3850, test_acc=0.106492, time=3264.89, testPredTime=62.9222, p-obj=4.72046e+07

#pass=0-3960, test_acc=0.110478, time=3386.3, testPredTime=66.2712, p-obj=4.9308e+07

#pass=0-4070, test_acc=0.110478, time=3501.86, testPredTime=77.1463, p-obj=4.84437e+07

#pass=0-4180, test_acc=0.109909, time=3585.85, testPredTime=61.8833, p-obj=4.4293e+07

#pass=0-4290, test_acc=0.113326, time=3682.19, testPredTime=71.3331, p-obj=4.78349e+07

#pass=0-4400, test_acc=0.113895, time=3793.18, testPredTime=94.995, p-obj=4.08463e+07

#pass=0-4510, test_acc=0.114465, time=3885.9, testPredTime=90.9334, p-obj=3.95084e+07

#pass=0-4620, test_acc=0.117312, time=3990.7, testPredTime=100.584, p-obj=4.02522e+07

#pass=0-4730, test_acc=0.117312, time=4122.23, testPredTime=120.436, p-obj=4.37567e+07

#pass=0-4840, test_acc=0.120159, time=4209.23, testPredTime=81.8633, p-obj=4.00594e+07

#pass=0-4950, test_acc=0.123576, time=4337.68, testPredTime=101.722, p-obj=3.95593e+07

#pass=0-5060, test_acc=0.125854, time=4441.65, testPredTime=83.5521, p-obj=3.79278e+07

#pass=0-5170, test_acc=0.128132, time=4526.48, testPredTime=70.7236, p-obj=3.3528e+07

#pass=0-5280, test_acc=0.133257, time=4613.62, testPredTime=90.2249, p-obj=3.1828e+07

#pass=0-5390, test_acc=0.138383, time=4697.97, testPredTime=74.372, p-obj=2.88655e+07

#pass=0-5500, test_acc=0.140661, time=4804.91, testPredTime=123.592, p-obj=3.01188e+07

#pass=0-5610, test_acc=0.142938, time=4928.78, testPredTime=101.951, p-obj=3.16136e+07

#pass=0-5720, test_acc=0.145786, time=5044.68, testPredTime=105.007, p-obj=2.64855e+07

#pass=0-5830, test_acc=0.148633, time=5154.85, testPredTime=104.045, p-obj=2.54937e+07

#pass=0-5940, test_acc=0.151481, time=5244.08, testPredTime=56.4875, p-obj=2.85528e+07

#pass=0-6050, test_acc=0.154897, time=5357.76, testPredTime=106.507, p-obj=2.78242e+07

#pass=0-6160, test_acc=0.158314, time=5467.7, testPredTime=59.9417, p-obj=2.81014e+07

#pass=0-6270, test_acc=0.159453, time=5530.15, testPredTime=64.6892, p-obj=2.37621e+07

#pass=0-6380, test_acc=0.162301, time=5600.39, testPredTime=49.7451, p-obj=2.68004e+07

#pass=0-6490, test_acc=0.161731, time=5677.74, testPredTime=71.1859, p-obj=2.38712e+07

#pass=0-6600, test_acc=0.16287, time=5770.4, testPredTime=84.1955, p-obj=2.41629e+07

#pass=0-6710, test_acc=0.16344, time=5853.07, testPredTime=71.67, p-obj=2.30428e+07

#pass=0-6820, test_acc=0.167426, time=5933.57, testPredTime=46.9644, p-obj=2.11715e+07

#pass=0-6930, test_acc=0.167995, time=5995.01, testPredTime=46.61, p-obj=2.13427e+07

#pass=0-7040, test_acc=0.169134, time=6062.67, testPredTime=65.1283, p-obj=2.07441e+07

#pass=0-7150, test_acc=0.169704, time=6141.67, testPredTime=86.9318, p-obj=2.17055e+07

#pass=0-7260, test_acc=0.173121, time=6236.16, testPredTime=83.5301, p-obj=2.04971e+07

#pass=0-7370, test_acc=0.174829, time=6310.44, testPredTime=92.9545, p-obj=1.92039e+07

#pass=0-7480, test_acc=0.178815, time=6403.9, testPredTime=69.3972, p-obj=1.97306e+07

#pass=0-7590, test_acc=0.181663, time=6487.86, testPredTime=83.7493, p-obj=2.08204e+07

#pass=0-7700, test_acc=0.182232, time=6595.85, testPredTime=100.425, p-obj=2.18603e+07

#pass=0-7810, test_acc=0.183371, time=6708.85, testPredTime=99.6966, p-obj=1.91065e+07

#pass=0-7920, test_acc=0.186788, time=6802.03, testPredTime=76.7163, p-obj=1.74245e+07

#pass=0-8030, test_acc=0.187358, time=6876.22, testPredTime=78.5638, p-obj=1.83608e+07

#pass=0-8140, test_acc=0.190205, time=6986.86, testPredTime=95.1987, p-obj=1.87438e+07

#pass=0-8250, test_acc=0.192483, time=7100.89, testPredTime=105.687, p-obj=1.64265e+07

#pass=0-8360, test_acc=0.191913, time=7175.27, testPredTime=67.662, p-obj=1.95791e+07

#pass=0-8470, test_acc=0.191913, time=7263.28, testPredTime=66.6122, p-obj=1.57308e+07

#pass=0-8580, test_acc=0.191913, time=7323.04, testPredTime=92.3804, p-obj=1.59929e+07

#pass=0-8690, test_acc=0.19533, time=7411.9, testPredTime=78.1416, p-obj=1.61052e+07

#pass=0-8800, test_acc=0.1959, time=7512.41, testPredTime=106.89, p-obj=1.61852e+07

#pass=0-8910, test_acc=0.196469, time=7608.86, testPredTime=96.9046, p-obj=1.63953e+07

#pass=0-9020, test_acc=0.197039, time=7721.77, testPredTime=98.9767, p-obj=1.67777e+07

#pass=0-9130, test_acc=0.197039, time=7823.08, testPredTime=100.707, p-obj=1.45649e+07

#pass=0-9240, test_acc=0.197039, time=7915.54, testPredTime=82.3073, p-obj=1.59563e+07

#pass=0-9350, test_acc=0.198178, time=8006.6, testPredTime=77.0632, p-obj=1.48896e+07

#pass=0-9460, test_acc=0.201595, time=8101.96, testPredTime=99.4621, p-obj=1.52874e+07

#pass=0-9570, test_acc=0.203303, time=8205.93, testPredTime=89.9198, p-obj=1.42962e+07

#pass=0-9680, test_acc=0.205581, time=8313.4, testPredTime=103.597, p-obj=1.37016e+07

#pass=0-9790, test_acc=0.210137, time=8415.68, testPredTime=85.212, p-obj=1.42495e+07

#pass=0-9900, test_acc=0.214123, time=8522.37, testPredTime=115.595, p-obj=1.41653e+07

#pass=0-10010, test_acc=0.21697, time=8622.73, testPredTime=94.659, p-obj=1.30107e+07

#pass=0-10120, test_acc=0.220387, time=8720.5, testPredTime=95.0545, p-obj=1.24817e+07

#pass=0-10230, test_acc=0.222665, time=8836.85, testPredTime=95.4979, p-obj=1.22985e+07

#pass=0-10340, test_acc=0.223804, time=8938.7, testPredTime=103.829, p-obj=1.29959e+07

#pass=0-10450, test_acc=0.226651, time=9038.22, testPredTime=74.6168, p-obj=1.24262e+07

#pass=0-10560, test_acc=0.226651, time=9110.86, testPredTime=70.0011, p-obj=1.19858e+07

#pass=0-10670, test_acc=0.229499, time=9240.72, testPredTime=104.606, p-obj=1.17239e+07

#pass=0-10780, test_acc=0.231777, time=9406.3, testPredTime=118.968, p-obj=1.16737e+07

#pass=0-10890, test_acc=0.232916, time=9490.45, testPredTime=81.9656, p-obj=1.19592e+07

#pass=0-11000, test_acc=0.235194, time=9572.74, testPredTime=68.6803, p-obj=1.11947e+07

#pass=0-11110, test_acc=0.236902, time=9642.94, testPredTime=63.2113, p-obj=1.16698e+07

#pass=0-11220, test_acc=0.23918, time=9733.06, testPredTime=81.0664, p-obj=1.15397e+07

#pass=0-11330, test_acc=0.240888, time=9949.64, testPredTime=179.361, p-obj=1.17954e+07

#pass=0-11440, test_acc=0.241458, time=10151.4, testPredTime=182.723, p-obj=1.15108e+07

#pass=0-11550, test_acc=0.244305, time=10316.5, testPredTime=157.69, p-obj=1.0416e+07

#pass=0-11660, test_acc=0.243736, time=10460.2, testPredTime=101.594, p-obj=1.28505e+07

#pass=0-11770, test_acc=0.246583, time=10554.8, testPredTime=103.881, p-obj=1.14225e+07

#pass=0-11880, test_acc=0.248292, time=10689.2, testPredTime=107.549, p-obj=1.07204e+07

#pass=1-36, test_acc=0.251139, time=10831.4, testPredTime=129.482, p-obj=9.95906e+06

#pass=1-146, test_acc=0.253417, time=10950.4, testPredTime=125.871, p-obj=1.06603e+07

#pass=1-256, test_acc=0.253986, time=11113.4, testPredTime=129.484, p-obj=9.67873e+06

#pass=1-366, test_acc=0.254556, time=11197.8, testPredTime=77.3562, p-obj=9.54269e+06

#pass=1-476, test_acc=0.255695, time=11293.4, testPredTime=101.453, p-obj=1.14976e+07

#pass=1-586, test_acc=0.256834, time=11446.5, testPredTime=150.356, p-obj=9.9364e+06

#pass=1-696, test_acc=0.258542, time=11596.8, testPredTime=127.665, p-obj=1.0359e+07

#pass=1-806, test_acc=0.257973, time=11723.2, testPredTime=73.1027, p-obj=9.924e+06

#pass=1-916, test_acc=0.259681, time=11803.2, testPredTime=89.0572, p-obj=9.85228e+06

#pass=1-1026, test_acc=0.260251, time=11888.6, testPredTime=77.908, p-obj=9.1205e+06

#pass=1-1136, test_acc=0.259681, time=12009.9, testPredTime=92.0802, p-obj=8.93114e+06

#pass=1-1246, test_acc=0.263098, time=12118.9, testPredTime=131.823, p-obj=9.72364e+06

#pass=1-1356, test_acc=0.263667, time=12247.6, testPredTime=88.8418, p-obj=8.96139e+06

#pass=1-1466, test_acc=0.266515, time=12390.2, testPredTime=105.314, p-obj=8.86543e+06

#pass=1-1576, test_acc=0.267084, time=12557.9, testPredTime=132.561, p-obj=8.66225e+06

#pass=1-1686, test_acc=0.271071, time=12713.2, testPredTime=103.795, p-obj=8.60939e+06

#pass=1-1796, test_acc=0.27164, time=12813.7, testPredTime=82.5845, p-obj=8.52077e+06

#pass=1-1906, test_acc=0.271071, time=12914.9, testPredTime=81.4056, p-obj=7.64067e+06

#pass=1-2016, test_acc=0.27221, time=12992, testPredTime=83.5178, p-obj=8.12335e+06

#pass=1-2126, test_acc=0.27164, time=13074.2, testPredTime=59.9498, p-obj=8.38847e+06

#pass=1-2236, test_acc=0.270501, time=13148.7, testPredTime=60.8168, p-obj=7.73713e+06

#pass=1-2346, test_acc=0.271071, time=13232.1, testPredTime=69.0699, p-obj=8.08737e+06

#pass=1-2456, test_acc=0.272779, time=13427.3, testPredTime=118.886, p-obj=7.61021e+06

#pass=1-2566, test_acc=0.276765, time=13528.9, testPredTime=109.473, p-obj=7.71281e+06

#pass=1-2676, test_acc=0.276765, time=13660.8, testPredTime=108.169, p-obj=7.95465e+06

#pass=1-2786, test_acc=0.277904, time=13797.2, testPredTime=109.816, p-obj=8.13842e+06

#pass=1-2896, test_acc=0.279043, time=13936.9, testPredTime=144.443, p-obj=8.14684e+06

#pass=1-3006, test_acc=0.279043, time=14276.9, testPredTime=128.458, p-obj=7.57929e+06

#pass=1-3116, test_acc=0.280752, time=14413.2, testPredTime=96.2003, p-obj=7.99777e+06

#pass=1-3226, test_acc=0.28303, time=14537.5, testPredTime=96.9933, p-obj=7.33535e+06

#pass=1-3336, test_acc=0.28246, time=14690.3, testPredTime=119.323, p-obj=7.65125e+06

#pass=1-3446, test_acc=0.28246, time=14777.2, testPredTime=101.809, p-obj=6.90015e+06

#pass=1-3556, test_acc=0.287016, time=14899.8, testPredTime=100.512, p-obj=7.03118e+06

#pass=1-3666, test_acc=0.286446, time=15019.5, testPredTime=97.6721, p-obj=7.0352e+06

#pass=1-3776, test_acc=0.288724, time=15142.1, testPredTime=85.3808, p-obj=7.35397e+06

#pass=1-3886, test_acc=0.289863, time=15224.4, testPredTime=99.5544, p-obj=7.02082e+06

#pass=1-3996, test_acc=0.292141, time=15294.1, testPredTime=56.0599, p-obj=6.61027e+06

#pass=1-4106, test_acc=0.29328, time=15362.1, testPredTime=61.7069, p-obj=6.25936e+06

#pass=1-4216, test_acc=0.29328, time=15470.1, testPredTime=97.676, p-obj=6.63967e+06
